[2026-07-03T07:19:28.749+0000] {taskinstance.py:1159} INFO - Dependencies all met for dep_context=non-requeueable deps ti=<TaskInstance: sensor_bash.esperar_fichero manual__2026-07-03T07:19:27.571630+00:00 [queued]>
[2026-07-03T07:19:28.778+0000] {taskinstance.py:1159} INFO - Dependencies all met for dep_context=requeueable deps ti=<TaskInstance: sensor_bash.esperar_fichero manual__2026-07-03T07:19:27.571630+00:00 [queued]>
[2026-07-03T07:19:28.778+0000] {taskinstance.py:1361} INFO - Starting attempt 1 of 1
[2026-07-03T07:19:28.818+0000] {taskinstance.py:1382} INFO - Executing <Task(FileSensor): esperar_fichero> on 2026-07-03 07:19:27.571630+00:00
[2026-07-03T07:19:28.827+0000] {standard_task_runner.py:57} INFO - Started process 464 to run task
[2026-07-03T07:19:28.833+0000] {standard_task_runner.py:84} INFO - Running: ['***', 'tasks', 'run', 'sensor_bash', 'esperar_fichero', 'manual__2026-07-03T07:19:27.571630+00:00', '--job-id', '1962', '--raw', '--subdir', 'DAGS_FOLDER/sensores.py', '--cfg-path', '/tmp/tmpn11vcv80']
[2026-07-03T07:19:28.840+0000] {standard_task_runner.py:85} INFO - Job 1962: Subtask esperar_fichero
[2026-07-03T07:19:28.932+0000] {task_command.py:416} INFO - Running <TaskInstance: sensor_bash.esperar_fichero manual__2026-07-03T07:19:27.571630+00:00 [running]> on host c0b543ec2279
[2026-07-03T07:19:29.064+0000] {taskinstance.py:1662} INFO - Exporting env vars: AIRFLOW_CTX_DAG_OWNER='***' AIRFLOW_CTX_DAG_ID='sensor_bash' AIRFLOW_CTX_TASK_ID='esperar_fichero' AIRFLOW_CTX_EXECUTION_DATE='2026-07-03T07:19:27.571630+00:00' AIRFLOW_CTX_TRY_NUMBER='1' AIRFLOW_CTX_DAG_RUN_ID='manual__2026-07-03T07:19:27.571630+00:00'
[2026-07-03T07:19:29.104+0000] {taskinstance.py:1937} ERROR - Task failed with exception
Traceback (most recent call last):
  File "/home/airflow/.local/lib/python3.8/site-packages/airflow/sensors/base.py", line 257, in execute
    raise e
  File "/home/airflow/.local/lib/python3.8/site-packages/airflow/sensors/base.py", line 239, in execute
    poke_return = self.poke(context)
  File "/home/airflow/.local/lib/python3.8/site-packages/airflow/sensors/filesystem.py", line 61, in poke
    hook = FSHook(self.fs_conn_id)
  File "/home/airflow/.local/lib/python3.8/site-packages/airflow/hooks/filesystem.py", line 38, in __init__
    conn = self.get_connection(conn_id)
  File "/home/airflow/.local/lib/python3.8/site-packages/airflow/hooks/base.py", line 72, in get_connection
    conn = Connection.get_connection_from_secrets(conn_id)
  File "/home/airflow/.local/lib/python3.8/site-packages/airflow/models/connection.py", line 477, in get_connection_from_secrets
    raise AirflowNotFoundException(f"The conn_id `{conn_id}` isn't defined")
airflow.exceptions.AirflowNotFoundException: The conn_id `fs_default` isn't defined
[2026-07-03T07:19:29.110+0000] {taskinstance.py:1400} INFO - Marking task as FAILED. dag_id=sensor_bash, task_id=esperar_fichero, execution_date=20260703T071927, start_date=20260703T071928, end_date=20260703T071929
[2026-07-03T07:19:29.144+0000] {standard_task_runner.py:104} ERROR - Failed to execute job 1962 for task esperar_fichero (The conn_id `fs_default` isn't defined; 464)
[2026-07-03T07:19:29.167+0000] {local_task_job_runner.py:228} INFO - Task exited with return code 1
[2026-07-03T07:19:29.190+0000] {taskinstance.py:2778} INFO - 0 downstream tasks scheduled from follow-on schedule check
