[2026-07-02T12:12:14.691+0000] {taskinstance.py:1159} INFO - Dependencies all met for dep_context=non-requeueable deps ti=<TaskInstance: sensor_bash.esperar_fichero manual__2026-07-02T12:12:13.518274+00:00 [queued]>
[2026-07-02T12:12:14.705+0000] {taskinstance.py:1159} INFO - Dependencies all met for dep_context=requeueable deps ti=<TaskInstance: sensor_bash.esperar_fichero manual__2026-07-02T12:12:13.518274+00:00 [queued]>
[2026-07-02T12:12:14.706+0000] {taskinstance.py:1361} INFO - Starting attempt 1 of 1
[2026-07-02T12:12:14.737+0000] {taskinstance.py:1382} INFO - Executing <Task(BashSensor): esperar_fichero> on 2026-07-02 12:12:13.518274+00:00
[2026-07-02T12:12:14.743+0000] {standard_task_runner.py:57} INFO - Started process 254 to run task
[2026-07-02T12:12:14.753+0000] {standard_task_runner.py:84} INFO - Running: ['***', 'tasks', 'run', 'sensor_bash', 'esperar_fichero', 'manual__2026-07-02T12:12:13.518274+00:00', '--job-id', '1949', '--raw', '--subdir', 'DAGS_FOLDER/sensores.py', '--cfg-path', '/tmp/tmpl957h13o']
[2026-07-02T12:12:14.760+0000] {standard_task_runner.py:85} INFO - Job 1949: Subtask esperar_fichero
[2026-07-02T12:12:14.879+0000] {task_command.py:416} INFO - Running <TaskInstance: sensor_bash.esperar_fichero manual__2026-07-02T12:12:13.518274+00:00 [running]> on host abbf04f956ce
[2026-07-02T12:12:15.018+0000] {taskinstance.py:1662} INFO - Exporting env vars: AIRFLOW_CTX_DAG_OWNER='***' AIRFLOW_CTX_DAG_ID='sensor_bash' AIRFLOW_CTX_TASK_ID='esperar_fichero' AIRFLOW_CTX_EXECUTION_DATE='2026-07-02T12:12:13.518274+00:00' AIRFLOW_CTX_TRY_NUMBER='1' AIRFLOW_CTX_DAG_RUN_ID='manual__2026-07-02T12:12:13.518274+00:00'
[2026-07-02T12:12:15.036+0000] {bash.py:70} INFO - Tmp dir root location: /tmp
[2026-07-02T12:12:15.039+0000] {bash.py:78} INFO - Temporary script location: /tmp/***tmpe634ml_j//tmp/***tmpe634ml_j/esperar_fichero_3ygnmzr
[2026-07-02T12:12:15.039+0000] {bash.py:79} INFO - Running command: test -f /opt/***/dags/fichero.txt
[2026-07-02T12:12:15.054+0000] {bash.py:91} INFO - Output:
[2026-07-02T12:12:15.057+0000] {bash.py:95} INFO - Command exited with return code 1
[2026-07-02T12:12:15.058+0000] {bash.py:111} INFO - Non-zero return code and no retry code set, will retry later
[2026-07-02T12:12:15.112+0000] {taskinstance.py:1897} INFO - Rescheduling task, marking task as UP_FOR_RESCHEDULE
[2026-07-02T12:12:15.167+0000] {local_task_job_runner.py:228} INFO - Task exited with return code 0
[2026-07-02T12:12:15.194+0000] {taskinstance.py:2778} INFO - 0 downstream tasks scheduled from follow-on schedule check
[2026-07-02T12:12:20.360+0000] {taskinstance.py:1159} INFO - Dependencies all met for dep_context=non-requeueable deps ti=<TaskInstance: sensor_bash.esperar_fichero manual__2026-07-02T12:12:13.518274+00:00 [queued]>
[2026-07-02T12:12:20.372+0000] {taskinstance.py:1159} INFO - Dependencies all met for dep_context=requeueable deps ti=<TaskInstance: sensor_bash.esperar_fichero manual__2026-07-02T12:12:13.518274+00:00 [queued]>
[2026-07-02T12:12:20.372+0000] {taskinstance.py:1361} INFO - Starting attempt 1 of 1
[2026-07-02T12:12:20.388+0000] {taskinstance.py:1382} INFO - Executing <Task(BashSensor): esperar_fichero> on 2026-07-02 12:12:13.518274+00:00
[2026-07-02T12:12:20.392+0000] {standard_task_runner.py:57} INFO - Started process 272 to run task
[2026-07-02T12:12:20.397+0000] {standard_task_runner.py:84} INFO - Running: ['***', 'tasks', 'run', 'sensor_bash', 'esperar_fichero', 'manual__2026-07-02T12:12:13.518274+00:00', '--job-id', '1950', '--raw', '--subdir', 'DAGS_FOLDER/sensores.py', '--cfg-path', '/tmp/tmp9nnbmquv']
[2026-07-02T12:12:20.402+0000] {standard_task_runner.py:85} INFO - Job 1950: Subtask esperar_fichero
[2026-07-02T12:12:20.467+0000] {task_command.py:416} INFO - Running <TaskInstance: sensor_bash.esperar_fichero manual__2026-07-02T12:12:13.518274+00:00 [running]> on host abbf04f956ce
[2026-07-02T12:12:20.556+0000] {taskinstance.py:1662} INFO - Exporting env vars: AIRFLOW_CTX_DAG_OWNER='***' AIRFLOW_CTX_DAG_ID='sensor_bash' AIRFLOW_CTX_TASK_ID='esperar_fichero' AIRFLOW_CTX_EXECUTION_DATE='2026-07-02T12:12:13.518274+00:00' AIRFLOW_CTX_TRY_NUMBER='1' AIRFLOW_CTX_DAG_RUN_ID='manual__2026-07-02T12:12:13.518274+00:00'
[2026-07-02T12:12:20.569+0000] {bash.py:70} INFO - Tmp dir root location: /tmp
[2026-07-02T12:12:20.570+0000] {bash.py:78} INFO - Temporary script location: /tmp/***tmp6rc2otq9//tmp/***tmp6rc2otq9/esperar_ficherombn7tv6m
[2026-07-02T12:12:20.571+0000] {bash.py:79} INFO - Running command: test -f /opt/***/dags/fichero.txt
[2026-07-02T12:12:20.581+0000] {bash.py:91} INFO - Output:
[2026-07-02T12:12:20.585+0000] {bash.py:95} INFO - Command exited with return code 1
[2026-07-02T12:12:20.585+0000] {bash.py:111} INFO - Non-zero return code and no retry code set, will retry later
[2026-07-02T12:12:20.623+0000] {taskinstance.py:1897} INFO - Rescheduling task, marking task as UP_FOR_RESCHEDULE
[2026-07-02T12:12:20.650+0000] {local_task_job_runner.py:228} INFO - Task exited with return code 0
[2026-07-02T12:12:20.674+0000] {taskinstance.py:2778} INFO - 0 downstream tasks scheduled from follow-on schedule check
[2026-07-02T12:12:26.450+0000] {taskinstance.py:1159} INFO - Dependencies all met for dep_context=non-requeueable deps ti=<TaskInstance: sensor_bash.esperar_fichero manual__2026-07-02T12:12:13.518274+00:00 [queued]>
[2026-07-02T12:12:26.458+0000] {taskinstance.py:1159} INFO - Dependencies all met for dep_context=requeueable deps ti=<TaskInstance: sensor_bash.esperar_fichero manual__2026-07-02T12:12:13.518274+00:00 [queued]>
[2026-07-02T12:12:26.458+0000] {taskinstance.py:1361} INFO - Starting attempt 1 of 1
[2026-07-02T12:12:26.472+0000] {taskinstance.py:1382} INFO - Executing <Task(BashSensor): esperar_fichero> on 2026-07-02 12:12:13.518274+00:00
[2026-07-02T12:12:26.476+0000] {standard_task_runner.py:57} INFO - Started process 275 to run task
[2026-07-02T12:12:26.479+0000] {standard_task_runner.py:84} INFO - Running: ['***', 'tasks', 'run', 'sensor_bash', 'esperar_fichero', 'manual__2026-07-02T12:12:13.518274+00:00', '--job-id', '1951', '--raw', '--subdir', 'DAGS_FOLDER/sensores.py', '--cfg-path', '/tmp/tmppb4liqfh']
[2026-07-02T12:12:26.483+0000] {standard_task_runner.py:85} INFO - Job 1951: Subtask esperar_fichero
[2026-07-02T12:12:26.535+0000] {task_command.py:416} INFO - Running <TaskInstance: sensor_bash.esperar_fichero manual__2026-07-02T12:12:13.518274+00:00 [running]> on host abbf04f956ce
[2026-07-02T12:12:26.611+0000] {taskinstance.py:1662} INFO - Exporting env vars: AIRFLOW_CTX_DAG_OWNER='***' AIRFLOW_CTX_DAG_ID='sensor_bash' AIRFLOW_CTX_TASK_ID='esperar_fichero' AIRFLOW_CTX_EXECUTION_DATE='2026-07-02T12:12:13.518274+00:00' AIRFLOW_CTX_TRY_NUMBER='1' AIRFLOW_CTX_DAG_RUN_ID='manual__2026-07-02T12:12:13.518274+00:00'
[2026-07-02T12:12:26.620+0000] {bash.py:70} INFO - Tmp dir root location: /tmp
[2026-07-02T12:12:26.621+0000] {bash.py:78} INFO - Temporary script location: /tmp/***tmph4ed9q8q//tmp/***tmph4ed9q8q/esperar_ficherox6w0gjpb
[2026-07-02T12:12:26.621+0000] {bash.py:79} INFO - Running command: test -f /opt/***/dags/fichero.txt
[2026-07-02T12:12:26.630+0000] {bash.py:91} INFO - Output:
[2026-07-02T12:12:26.632+0000] {bash.py:95} INFO - Command exited with return code 1
[2026-07-02T12:12:26.633+0000] {bash.py:111} INFO - Non-zero return code and no retry code set, will retry later
[2026-07-02T12:12:26.654+0000] {taskinstance.py:1897} INFO - Rescheduling task, marking task as UP_FOR_RESCHEDULE
[2026-07-02T12:12:26.693+0000] {local_task_job_runner.py:228} INFO - Task exited with return code 0
[2026-07-02T12:12:26.708+0000] {taskinstance.py:2778} INFO - 0 downstream tasks scheduled from follow-on schedule check
[2026-07-02T12:12:32.547+0000] {taskinstance.py:1159} INFO - Dependencies all met for dep_context=non-requeueable deps ti=<TaskInstance: sensor_bash.esperar_fichero manual__2026-07-02T12:12:13.518274+00:00 [queued]>
[2026-07-02T12:12:32.556+0000] {taskinstance.py:1159} INFO - Dependencies all met for dep_context=requeueable deps ti=<TaskInstance: sensor_bash.esperar_fichero manual__2026-07-02T12:12:13.518274+00:00 [queued]>
[2026-07-02T12:12:32.556+0000] {taskinstance.py:1361} INFO - Starting attempt 1 of 1
[2026-07-02T12:12:32.569+0000] {taskinstance.py:1382} INFO - Executing <Task(BashSensor): esperar_fichero> on 2026-07-02 12:12:13.518274+00:00
[2026-07-02T12:12:32.573+0000] {standard_task_runner.py:57} INFO - Started process 283 to run task
[2026-07-02T12:12:32.577+0000] {standard_task_runner.py:84} INFO - Running: ['***', 'tasks', 'run', 'sensor_bash', 'esperar_fichero', 'manual__2026-07-02T12:12:13.518274+00:00', '--job-id', '1952', '--raw', '--subdir', 'DAGS_FOLDER/sensores.py', '--cfg-path', '/tmp/tmp4ki03__j']
[2026-07-02T12:12:32.579+0000] {standard_task_runner.py:85} INFO - Job 1952: Subtask esperar_fichero
[2026-07-02T12:12:32.629+0000] {task_command.py:416} INFO - Running <TaskInstance: sensor_bash.esperar_fichero manual__2026-07-02T12:12:13.518274+00:00 [running]> on host abbf04f956ce
[2026-07-02T12:12:32.702+0000] {taskinstance.py:1662} INFO - Exporting env vars: AIRFLOW_CTX_DAG_OWNER='***' AIRFLOW_CTX_DAG_ID='sensor_bash' AIRFLOW_CTX_TASK_ID='esperar_fichero' AIRFLOW_CTX_EXECUTION_DATE='2026-07-02T12:12:13.518274+00:00' AIRFLOW_CTX_TRY_NUMBER='1' AIRFLOW_CTX_DAG_RUN_ID='manual__2026-07-02T12:12:13.518274+00:00'
[2026-07-02T12:12:32.710+0000] {bash.py:70} INFO - Tmp dir root location: /tmp
[2026-07-02T12:12:32.711+0000] {bash.py:78} INFO - Temporary script location: /tmp/***tmprtw9q6kf//tmp/***tmprtw9q6kf/esperar_ficherox10jtn2s
[2026-07-02T12:12:32.712+0000] {bash.py:79} INFO - Running command: test -f /opt/***/dags/fichero.txt
[2026-07-02T12:12:32.725+0000] {bash.py:91} INFO - Output:
[2026-07-02T12:12:32.727+0000] {bash.py:95} INFO - Command exited with return code 1
[2026-07-02T12:12:32.728+0000] {bash.py:111} INFO - Non-zero return code and no retry code set, will retry later
[2026-07-02T12:12:32.748+0000] {taskinstance.py:1897} INFO - Rescheduling task, marking task as UP_FOR_RESCHEDULE
[2026-07-02T12:12:32.790+0000] {local_task_job_runner.py:228} INFO - Task exited with return code 0
[2026-07-02T12:12:32.805+0000] {taskinstance.py:2778} INFO - 0 downstream tasks scheduled from follow-on schedule check
[2026-07-02T12:12:38.541+0000] {taskinstance.py:1159} INFO - Dependencies all met for dep_context=non-requeueable deps ti=<TaskInstance: sensor_bash.esperar_fichero manual__2026-07-02T12:12:13.518274+00:00 [queued]>
[2026-07-02T12:12:38.549+0000] {taskinstance.py:1159} INFO - Dependencies all met for dep_context=requeueable deps ti=<TaskInstance: sensor_bash.esperar_fichero manual__2026-07-02T12:12:13.518274+00:00 [queued]>
[2026-07-02T12:12:38.549+0000] {taskinstance.py:1361} INFO - Starting attempt 1 of 1
[2026-07-02T12:12:38.562+0000] {taskinstance.py:1382} INFO - Executing <Task(BashSensor): esperar_fichero> on 2026-07-02 12:12:13.518274+00:00
[2026-07-02T12:12:38.566+0000] {standard_task_runner.py:57} INFO - Started process 293 to run task
[2026-07-02T12:12:38.570+0000] {standard_task_runner.py:84} INFO - Running: ['***', 'tasks', 'run', 'sensor_bash', 'esperar_fichero', 'manual__2026-07-02T12:12:13.518274+00:00', '--job-id', '1953', '--raw', '--subdir', 'DAGS_FOLDER/sensores.py', '--cfg-path', '/tmp/tmps_elovjz']
[2026-07-02T12:12:38.574+0000] {standard_task_runner.py:85} INFO - Job 1953: Subtask esperar_fichero
[2026-07-02T12:12:38.630+0000] {task_command.py:416} INFO - Running <TaskInstance: sensor_bash.esperar_fichero manual__2026-07-02T12:12:13.518274+00:00 [running]> on host abbf04f956ce
[2026-07-02T12:12:38.706+0000] {taskinstance.py:1662} INFO - Exporting env vars: AIRFLOW_CTX_DAG_OWNER='***' AIRFLOW_CTX_DAG_ID='sensor_bash' AIRFLOW_CTX_TASK_ID='esperar_fichero' AIRFLOW_CTX_EXECUTION_DATE='2026-07-02T12:12:13.518274+00:00' AIRFLOW_CTX_TRY_NUMBER='1' AIRFLOW_CTX_DAG_RUN_ID='manual__2026-07-02T12:12:13.518274+00:00'
[2026-07-02T12:12:38.715+0000] {bash.py:70} INFO - Tmp dir root location: /tmp
[2026-07-02T12:12:38.716+0000] {bash.py:78} INFO - Temporary script location: /tmp/***tmp2oqnc3go//tmp/***tmp2oqnc3go/esperar_ficherob28dlo4l
[2026-07-02T12:12:38.716+0000] {bash.py:79} INFO - Running command: test -f /opt/***/dags/fichero.txt
[2026-07-02T12:12:38.726+0000] {bash.py:91} INFO - Output:
[2026-07-02T12:12:38.728+0000] {bash.py:95} INFO - Command exited with return code 1
[2026-07-02T12:12:38.728+0000] {bash.py:111} INFO - Non-zero return code and no retry code set, will retry later
[2026-07-02T12:12:38.758+0000] {taskinstance.py:1897} INFO - Rescheduling task, marking task as UP_FOR_RESCHEDULE
[2026-07-02T12:12:38.783+0000] {local_task_job_runner.py:228} INFO - Task exited with return code 0
[2026-07-02T12:12:38.798+0000] {taskinstance.py:2778} INFO - 0 downstream tasks scheduled from follow-on schedule check
[2026-07-02T12:12:44.680+0000] {taskinstance.py:1159} INFO - Dependencies all met for dep_context=non-requeueable deps ti=<TaskInstance: sensor_bash.esperar_fichero manual__2026-07-02T12:12:13.518274+00:00 [queued]>
[2026-07-02T12:12:44.689+0000] {taskinstance.py:1159} INFO - Dependencies all met for dep_context=requeueable deps ti=<TaskInstance: sensor_bash.esperar_fichero manual__2026-07-02T12:12:13.518274+00:00 [queued]>
[2026-07-02T12:12:44.690+0000] {taskinstance.py:1361} INFO - Starting attempt 1 of 1
[2026-07-02T12:12:44.701+0000] {taskinstance.py:1382} INFO - Executing <Task(BashSensor): esperar_fichero> on 2026-07-02 12:12:13.518274+00:00
[2026-07-02T12:12:44.706+0000] {standard_task_runner.py:57} INFO - Started process 296 to run task
[2026-07-02T12:12:44.709+0000] {standard_task_runner.py:84} INFO - Running: ['***', 'tasks', 'run', 'sensor_bash', 'esperar_fichero', 'manual__2026-07-02T12:12:13.518274+00:00', '--job-id', '1954', '--raw', '--subdir', 'DAGS_FOLDER/sensores.py', '--cfg-path', '/tmp/tmpahrpic5k']
[2026-07-02T12:12:44.712+0000] {standard_task_runner.py:85} INFO - Job 1954: Subtask esperar_fichero
[2026-07-02T12:12:44.763+0000] {task_command.py:416} INFO - Running <TaskInstance: sensor_bash.esperar_fichero manual__2026-07-02T12:12:13.518274+00:00 [running]> on host abbf04f956ce
[2026-07-02T12:12:44.832+0000] {taskinstance.py:1662} INFO - Exporting env vars: AIRFLOW_CTX_DAG_OWNER='***' AIRFLOW_CTX_DAG_ID='sensor_bash' AIRFLOW_CTX_TASK_ID='esperar_fichero' AIRFLOW_CTX_EXECUTION_DATE='2026-07-02T12:12:13.518274+00:00' AIRFLOW_CTX_TRY_NUMBER='1' AIRFLOW_CTX_DAG_RUN_ID='manual__2026-07-02T12:12:13.518274+00:00'
[2026-07-02T12:12:44.842+0000] {bash.py:70} INFO - Tmp dir root location: /tmp
[2026-07-02T12:12:44.843+0000] {bash.py:78} INFO - Temporary script location: /tmp/***tmp9p9mut80//tmp/***tmp9p9mut80/esperar_ficherona4q5qx5
[2026-07-02T12:12:44.844+0000] {bash.py:79} INFO - Running command: test -f /opt/***/dags/fichero.txt
[2026-07-02T12:12:44.853+0000] {bash.py:91} INFO - Output:
[2026-07-02T12:12:44.855+0000] {bash.py:95} INFO - Command exited with return code 1
[2026-07-02T12:12:44.855+0000] {bash.py:111} INFO - Non-zero return code and no retry code set, will retry later
[2026-07-02T12:12:44.886+0000] {taskinstance.py:1897} INFO - Rescheduling task, marking task as UP_FOR_RESCHEDULE
[2026-07-02T12:12:44.922+0000] {local_task_job_runner.py:228} INFO - Task exited with return code 0
[2026-07-02T12:12:44.936+0000] {taskinstance.py:2778} INFO - 0 downstream tasks scheduled from follow-on schedule check
[2026-07-02T12:12:50.808+0000] {taskinstance.py:1159} INFO - Dependencies all met for dep_context=non-requeueable deps ti=<TaskInstance: sensor_bash.esperar_fichero manual__2026-07-02T12:12:13.518274+00:00 [queued]>
[2026-07-02T12:12:50.817+0000] {taskinstance.py:1159} INFO - Dependencies all met for dep_context=requeueable deps ti=<TaskInstance: sensor_bash.esperar_fichero manual__2026-07-02T12:12:13.518274+00:00 [queued]>
[2026-07-02T12:12:50.818+0000] {taskinstance.py:1361} INFO - Starting attempt 1 of 1
[2026-07-02T12:12:50.832+0000] {taskinstance.py:1382} INFO - Executing <Task(BashSensor): esperar_fichero> on 2026-07-02 12:12:13.518274+00:00
[2026-07-02T12:12:50.838+0000] {standard_task_runner.py:57} INFO - Started process 314 to run task
[2026-07-02T12:12:50.841+0000] {standard_task_runner.py:84} INFO - Running: ['***', 'tasks', 'run', 'sensor_bash', 'esperar_fichero', 'manual__2026-07-02T12:12:13.518274+00:00', '--job-id', '1955', '--raw', '--subdir', 'DAGS_FOLDER/sensores.py', '--cfg-path', '/tmp/tmp_8m1xo67']
[2026-07-02T12:12:50.843+0000] {standard_task_runner.py:85} INFO - Job 1955: Subtask esperar_fichero
[2026-07-02T12:12:50.890+0000] {task_command.py:416} INFO - Running <TaskInstance: sensor_bash.esperar_fichero manual__2026-07-02T12:12:13.518274+00:00 [running]> on host abbf04f956ce
[2026-07-02T12:12:50.957+0000] {taskinstance.py:1662} INFO - Exporting env vars: AIRFLOW_CTX_DAG_OWNER='***' AIRFLOW_CTX_DAG_ID='sensor_bash' AIRFLOW_CTX_TASK_ID='esperar_fichero' AIRFLOW_CTX_EXECUTION_DATE='2026-07-02T12:12:13.518274+00:00' AIRFLOW_CTX_TRY_NUMBER='1' AIRFLOW_CTX_DAG_RUN_ID='manual__2026-07-02T12:12:13.518274+00:00'
[2026-07-02T12:12:50.966+0000] {bash.py:70} INFO - Tmp dir root location: /tmp
[2026-07-02T12:12:50.967+0000] {bash.py:78} INFO - Temporary script location: /tmp/***tmpz3p2aoxb//tmp/***tmpz3p2aoxb/esperar_fichero1sk8ejre
[2026-07-02T12:12:50.968+0000] {bash.py:79} INFO - Running command: test -f /opt/***/dags/fichero.txt
[2026-07-02T12:12:50.978+0000] {bash.py:91} INFO - Output:
[2026-07-02T12:12:50.980+0000] {bash.py:95} INFO - Command exited with return code 1
[2026-07-02T12:12:50.980+0000] {bash.py:111} INFO - Non-zero return code and no retry code set, will retry later
[2026-07-02T12:12:50.980+0000] {taskinstance.py:1937} ERROR - Task failed with exception
Traceback (most recent call last):
  File "/home/airflow/.local/lib/python3.8/site-packages/airflow/sensors/base.py", line 274, in execute
    raise AirflowSensorTimeout(message)
airflow.exceptions.AirflowSensorTimeout: Sensor has timed out; run duration of 36.053833 seconds exceeds the specified timeout of 30.0.
[2026-07-02T12:12:50.990+0000] {taskinstance.py:1400} INFO - Immediate failure requested. Marking task as FAILED. dag_id=sensor_bash, task_id=esperar_fichero, execution_date=20260702T121213, start_date=20260702T121250, end_date=20260702T121250
[2026-07-02T12:12:51.011+0000] {standard_task_runner.py:104} ERROR - Failed to execute job 1955 for task esperar_fichero (Sensor has timed out; run duration of 36.053833 seconds exceeds the specified timeout of 30.0.; 314)
[2026-07-02T12:12:51.055+0000] {local_task_job_runner.py:228} INFO - Task exited with return code 1
[2026-07-02T12:12:51.069+0000] {taskinstance.py:2778} INFO - 0 downstream tasks scheduled from follow-on schedule check
