[2026-07-03T06:53:50.160+0000] {taskinstance.py:1159} INFO - Dependencies all met for dep_context=non-requeueable deps ti=<TaskInstance: sensor_bash.esperar_fichero scheduled__2026-07-02T00:00:00+00:00 [queued]>
[2026-07-03T06:53:50.260+0000] {taskinstance.py:1159} INFO - Dependencies all met for dep_context=requeueable deps ti=<TaskInstance: sensor_bash.esperar_fichero scheduled__2026-07-02T00:00:00+00:00 [queued]>
[2026-07-03T06:53:50.271+0000] {taskinstance.py:1361} INFO - Starting attempt 1 of 1
[2026-07-03T06:53:50.584+0000] {taskinstance.py:1382} INFO - Executing <Task(BashSensor): esperar_fichero> on 2026-07-02 00:00:00+00:00
[2026-07-03T06:53:50.685+0000] {standard_task_runner.py:57} INFO - Started process 499 to run task
[2026-07-03T06:53:50.773+0000] {standard_task_runner.py:84} INFO - Running: ['***', 'tasks', 'run', 'sensor_bash', 'esperar_fichero', 'scheduled__2026-07-02T00:00:00+00:00', '--job-id', '1956', '--raw', '--subdir', 'DAGS_FOLDER/sensores.py', '--cfg-path', '/tmp/tmpra2m83bt']
[2026-07-03T06:53:50.841+0000] {standard_task_runner.py:85} INFO - Job 1956: Subtask esperar_fichero
[2026-07-03T06:53:52.832+0000] {task_command.py:416} INFO - Running <TaskInstance: sensor_bash.esperar_fichero scheduled__2026-07-02T00:00:00+00:00 [running]> on host abbf04f956ce
[2026-07-03T06:53:54.205+0000] {taskinstance.py:1662} INFO - Exporting env vars: AIRFLOW_CTX_DAG_OWNER='***' AIRFLOW_CTX_DAG_ID='sensor_bash' AIRFLOW_CTX_TASK_ID='esperar_fichero' AIRFLOW_CTX_EXECUTION_DATE='2026-07-02T00:00:00+00:00' AIRFLOW_CTX_TRY_NUMBER='1' AIRFLOW_CTX_DAG_RUN_ID='scheduled__2026-07-02T00:00:00+00:00'
[2026-07-03T06:53:54.263+0000] {bash.py:70} INFO - Tmp dir root location: /tmp
[2026-07-03T06:53:54.268+0000] {bash.py:78} INFO - Temporary script location: /tmp/***tmpw1ilipd7//tmp/***tmpw1ilipd7/esperar_ficheroehnv2g3a
[2026-07-03T06:53:54.270+0000] {bash.py:79} INFO - Running command: test -f /opt/***/dags/fichero.txt
[2026-07-03T06:53:54.367+0000] {bash.py:91} INFO - Output:
[2026-07-03T06:53:54.386+0000] {bash.py:95} INFO - Command exited with return code 1
[2026-07-03T06:53:54.388+0000] {bash.py:111} INFO - Non-zero return code and no retry code set, will retry later
[2026-07-03T06:53:54.979+0000] {taskinstance.py:1897} INFO - Rescheduling task, marking task as UP_FOR_RESCHEDULE
[2026-07-03T06:53:55.045+0000] {local_task_job_runner.py:228} INFO - Task exited with return code 0
[2026-07-03T06:53:56.109+0000] {taskinstance.py:2778} INFO - 0 downstream tasks scheduled from follow-on schedule check
[2026-07-03T06:54:05.734+0000] {taskinstance.py:1159} INFO - Dependencies all met for dep_context=non-requeueable deps ti=<TaskInstance: sensor_bash.esperar_fichero scheduled__2026-07-02T00:00:00+00:00 [queued]>
[2026-07-03T06:54:05.830+0000] {taskinstance.py:1159} INFO - Dependencies all met for dep_context=requeueable deps ti=<TaskInstance: sensor_bash.esperar_fichero scheduled__2026-07-02T00:00:00+00:00 [queued]>
[2026-07-03T06:54:05.831+0000] {taskinstance.py:1361} INFO - Starting attempt 1 of 1
[2026-07-03T06:54:06.214+0000] {taskinstance.py:1382} INFO - Executing <Task(BashSensor): esperar_fichero> on 2026-07-02 00:00:00+00:00
[2026-07-03T06:54:06.248+0000] {standard_task_runner.py:57} INFO - Started process 505 to run task
[2026-07-03T06:54:06.287+0000] {standard_task_runner.py:84} INFO - Running: ['***', 'tasks', 'run', 'sensor_bash', 'esperar_fichero', 'scheduled__2026-07-02T00:00:00+00:00', '--job-id', '1959', '--raw', '--subdir', 'DAGS_FOLDER/sensores.py', '--cfg-path', '/tmp/tmpy8s3atzm']
[2026-07-03T06:54:06.319+0000] {standard_task_runner.py:85} INFO - Job 1959: Subtask esperar_fichero
[2026-07-03T06:54:07.012+0000] {task_command.py:416} INFO - Running <TaskInstance: sensor_bash.esperar_fichero scheduled__2026-07-02T00:00:00+00:00 [running]> on host abbf04f956ce
[2026-07-03T06:54:08.625+0000] {taskinstance.py:1662} INFO - Exporting env vars: AIRFLOW_CTX_DAG_OWNER='***' AIRFLOW_CTX_DAG_ID='sensor_bash' AIRFLOW_CTX_TASK_ID='esperar_fichero' AIRFLOW_CTX_EXECUTION_DATE='2026-07-02T00:00:00+00:00' AIRFLOW_CTX_TRY_NUMBER='1' AIRFLOW_CTX_DAG_RUN_ID='scheduled__2026-07-02T00:00:00+00:00'
[2026-07-03T06:54:08.714+0000] {bash.py:70} INFO - Tmp dir root location: /tmp
[2026-07-03T06:54:08.766+0000] {bash.py:78} INFO - Temporary script location: /tmp/***tmpv989502i//tmp/***tmpv989502i/esperar_ficherot6txukhv
[2026-07-03T06:54:08.767+0000] {bash.py:79} INFO - Running command: test -f /opt/***/dags/fichero.txt
[2026-07-03T06:54:08.887+0000] {bash.py:91} INFO - Output:
[2026-07-03T06:54:08.907+0000] {bash.py:95} INFO - Command exited with return code 1
[2026-07-03T06:54:08.920+0000] {bash.py:111} INFO - Non-zero return code and no retry code set, will retry later
[2026-07-03T06:54:12.289+0000] {taskinstance.py:1897} INFO - Rescheduling task, marking task as UP_FOR_RESCHEDULE
[2026-07-03T06:54:12.607+0000] {local_task_job_runner.py:228} INFO - Task exited with return code 0
[2026-07-03T06:54:12.829+0000] {taskinstance.py:2778} INFO - 0 downstream tasks scheduled from follow-on schedule check
[2026-07-03T06:54:22.020+0000] {taskinstance.py:1159} INFO - Dependencies all met for dep_context=non-requeueable deps ti=<TaskInstance: sensor_bash.esperar_fichero scheduled__2026-07-02T00:00:00+00:00 [queued]>
[2026-07-03T06:54:22.112+0000] {taskinstance.py:1159} INFO - Dependencies all met for dep_context=requeueable deps ti=<TaskInstance: sensor_bash.esperar_fichero scheduled__2026-07-02T00:00:00+00:00 [queued]>
[2026-07-03T06:54:22.113+0000] {taskinstance.py:1361} INFO - Starting attempt 1 of 1
[2026-07-03T06:54:23.031+0000] {taskinstance.py:1382} INFO - Executing <Task(BashSensor): esperar_fichero> on 2026-07-02 00:00:00+00:00
[2026-07-03T06:54:23.162+0000] {standard_task_runner.py:57} INFO - Started process 536 to run task
[2026-07-03T06:54:23.182+0000] {standard_task_runner.py:84} INFO - Running: ['***', 'tasks', 'run', 'sensor_bash', 'esperar_fichero', 'scheduled__2026-07-02T00:00:00+00:00', '--job-id', '1960', '--raw', '--subdir', 'DAGS_FOLDER/sensores.py', '--cfg-path', '/tmp/tmpj8tzhob8']
[2026-07-03T06:54:23.212+0000] {standard_task_runner.py:85} INFO - Job 1960: Subtask esperar_fichero
[2026-07-03T06:54:23.861+0000] {task_command.py:416} INFO - Running <TaskInstance: sensor_bash.esperar_fichero scheduled__2026-07-02T00:00:00+00:00 [running]> on host abbf04f956ce
[2026-07-03T06:54:24.584+0000] {taskinstance.py:1662} INFO - Exporting env vars: AIRFLOW_CTX_DAG_OWNER='***' AIRFLOW_CTX_DAG_ID='sensor_bash' AIRFLOW_CTX_TASK_ID='esperar_fichero' AIRFLOW_CTX_EXECUTION_DATE='2026-07-02T00:00:00+00:00' AIRFLOW_CTX_TRY_NUMBER='1' AIRFLOW_CTX_DAG_RUN_ID='scheduled__2026-07-02T00:00:00+00:00'
[2026-07-03T06:54:24.643+0000] {bash.py:70} INFO - Tmp dir root location: /tmp
[2026-07-03T06:54:24.659+0000] {bash.py:78} INFO - Temporary script location: /tmp/***tmp5f6ne95b//tmp/***tmp5f6ne95b/esperar_ficheroufn9fius
[2026-07-03T06:54:24.660+0000] {bash.py:79} INFO - Running command: test -f /opt/***/dags/fichero.txt
[2026-07-03T06:54:25.012+0000] {bash.py:91} INFO - Output:
[2026-07-03T06:54:25.029+0000] {bash.py:95} INFO - Command exited with return code 1
[2026-07-03T06:54:25.030+0000] {bash.py:111} INFO - Non-zero return code and no retry code set, will retry later
[2026-07-03T06:54:25.034+0000] {taskinstance.py:1937} ERROR - Task failed with exception
Traceback (most recent call last):
  File "/home/airflow/.local/lib/python3.8/site-packages/airflow/sensors/base.py", line 274, in execute
    raise AirflowSensorTimeout(message)
airflow.exceptions.AirflowSensorTimeout: Sensor has timed out; run duration of 31.461932 seconds exceeds the specified timeout of 30.0.
[2026-07-03T06:54:25.087+0000] {taskinstance.py:1400} INFO - Immediate failure requested. Marking task as FAILED. dag_id=sensor_bash, task_id=esperar_fichero, execution_date=20260702T000000, start_date=20260703T065422, end_date=20260703T065425
[2026-07-03T06:54:25.551+0000] {standard_task_runner.py:104} ERROR - Failed to execute job 1960 for task esperar_fichero (Sensor has timed out; run duration of 31.461932 seconds exceeds the specified timeout of 30.0.; 536)
[2026-07-03T06:54:25.626+0000] {local_task_job_runner.py:228} INFO - Task exited with return code 1
[2026-07-03T06:54:25.720+0000] {taskinstance.py:2778} INFO - 0 downstream tasks scheduled from follow-on schedule check
