[2026-07-06T06:24:24.645+0000] {taskinstance.py:1159} INFO - Dependencies all met for dep_context=non-requeueable deps ti=<TaskInstance: retries_dag.connection_error scheduled__2026-07-05T06:23:59.134424+00:00 [queued]>
[2026-07-06T06:24:24.789+0000] {taskinstance.py:1159} INFO - Dependencies all met for dep_context=requeueable deps ti=<TaskInstance: retries_dag.connection_error scheduled__2026-07-05T06:23:59.134424+00:00 [queued]>
[2026-07-06T06:24:24.801+0000] {taskinstance.py:1361} INFO - Starting attempt 2 of 4
[2026-07-06T06:24:25.054+0000] {taskinstance.py:1382} INFO - Executing <Task(_PythonDecoratedOperator): connection_error> on 2026-07-05 06:23:59.134424+00:00
[2026-07-06T06:24:25.132+0000] {standard_task_runner.py:57} INFO - Started process 4339 to run task
[2026-07-06T06:24:25.160+0000] {standard_task_runner.py:84} INFO - Running: ['***', 'tasks', 'run', 'retries_dag', 'connection_error', 'scheduled__2026-07-05T06:23:59.134424+00:00', '--job-id', '1996', '--raw', '--subdir', 'DAGS_FOLDER/retries.py', '--cfg-path', '/tmp/tmp2h8atojr']
[2026-07-06T06:24:25.191+0000] {standard_task_runner.py:85} INFO - Job 1996: Subtask connection_error
[2026-07-06T06:24:25.602+0000] {task_command.py:416} INFO - Running <TaskInstance: retries_dag.connection_error scheduled__2026-07-05T06:23:59.134424+00:00 [running]> on host 05cbd3a46764
[2026-07-06T06:24:26.264+0000] {taskinstance.py:1662} INFO - Exporting env vars: AIRFLOW_CTX_DAG_OWNER='***' AIRFLOW_CTX_DAG_ID='retries_dag' AIRFLOW_CTX_TASK_ID='connection_error' AIRFLOW_CTX_EXECUTION_DATE='2026-07-05T06:23:59.134424+00:00' AIRFLOW_CTX_TRY_NUMBER='2' AIRFLOW_CTX_DAG_RUN_ID='scheduled__2026-07-05T06:23:59.134424+00:00'
[2026-07-06T06:24:26.339+0000] {taskinstance.py:1937} ERROR - Task failed with exception
Traceback (most recent call last):
  File "/home/airflow/.local/lib/python3.8/site-packages/airflow/decorators/base.py", line 221, in execute
    return_value = super().execute(context)
  File "/home/airflow/.local/lib/python3.8/site-packages/airflow/operators/python.py", line 192, in execute
    return_value = self.execute_callable()
  File "/home/airflow/.local/lib/python3.8/site-packages/airflow/operators/python.py", line 209, in execute_callable
    return self.python_callable(*self.op_args, **self.op_kwargs)
  File "/opt/airflow/dags/retries.py", line 17, in connection_error
    BaseHook.get_connection("connection_v")
  File "/home/airflow/.local/lib/python3.8/site-packages/airflow/hooks/base.py", line 72, in get_connection
    conn = Connection.get_connection_from_secrets(conn_id)
  File "/home/airflow/.local/lib/python3.8/site-packages/airflow/models/connection.py", line 477, in get_connection_from_secrets
    raise AirflowNotFoundException(f"The conn_id `{conn_id}` isn't defined")
airflow.exceptions.AirflowNotFoundException: The conn_id `connection_v` isn't defined
[2026-07-06T06:24:26.361+0000] {taskinstance.py:1400} INFO - Marking task as UP_FOR_RETRY. dag_id=retries_dag, task_id=connection_error, execution_date=20260705T062359, start_date=20260706T062424, end_date=20260706T062426
[2026-07-06T06:24:26.463+0000] {standard_task_runner.py:104} ERROR - Failed to execute job 1996 for task connection_error (The conn_id `connection_v` isn't defined; 4339)
[2026-07-06T06:24:26.519+0000] {local_task_job_runner.py:228} INFO - Task exited with return code 1
[2026-07-06T06:24:26.609+0000] {taskinstance.py:2778} INFO - 0 downstream tasks scheduled from follow-on schedule check
