[2026-07-06T06:25:07.091+0000] {taskinstance.py:1159} INFO - Dependencies all met for dep_context=non-requeueable deps ti=<TaskInstance: retries_dag.connection_error scheduled__2026-07-05T06:24:44.594622+00:00 [queued]>
[2026-07-06T06:25:07.151+0000] {taskinstance.py:1159} INFO - Dependencies all met for dep_context=requeueable deps ti=<TaskInstance: retries_dag.connection_error scheduled__2026-07-05T06:24:44.594622+00:00 [queued]>
[2026-07-06T06:25:07.157+0000] {taskinstance.py:1361} INFO - Starting attempt 3 of 4
[2026-07-06T06:25:07.252+0000] {taskinstance.py:1382} INFO - Executing <Task(_PythonDecoratedOperator): connection_error> on 2026-07-05 06:24:44.594622+00:00
[2026-07-06T06:25:07.328+0000] {standard_task_runner.py:57} INFO - Started process 4434 to run task
[2026-07-06T06:25:07.348+0000] {standard_task_runner.py:84} INFO - Running: ['***', 'tasks', 'run', 'retries_dag', 'connection_error', 'scheduled__2026-07-05T06:24:44.594622+00:00', '--job-id', '2005', '--raw', '--subdir', 'DAGS_FOLDER/retries.py', '--cfg-path', '/tmp/tmpvo3k0lvx']
[2026-07-06T06:25:07.366+0000] {standard_task_runner.py:85} INFO - Job 2005: Subtask connection_error
[2026-07-06T06:25:07.667+0000] {task_command.py:416} INFO - Running <TaskInstance: retries_dag.connection_error scheduled__2026-07-05T06:24:44.594622+00:00 [running]> on host 05cbd3a46764
[2026-07-06T06:25:09.600+0000] {taskinstance.py:1662} INFO - Exporting env vars: AIRFLOW_CTX_DAG_OWNER='***' AIRFLOW_CTX_DAG_ID='retries_dag' AIRFLOW_CTX_TASK_ID='connection_error' AIRFLOW_CTX_EXECUTION_DATE='2026-07-05T06:24:44.594622+00:00' AIRFLOW_CTX_TRY_NUMBER='3' AIRFLOW_CTX_DAG_RUN_ID='scheduled__2026-07-05T06:24:44.594622+00:00'
[2026-07-06T06:25:09.720+0000] {taskinstance.py:1937} ERROR - Task failed with exception
Traceback (most recent call last):
  File "/home/airflow/.local/lib/python3.8/site-packages/airflow/decorators/base.py", line 221, in execute
    return_value = super().execute(context)
  File "/home/airflow/.local/lib/python3.8/site-packages/airflow/operators/python.py", line 192, in execute
    return_value = self.execute_callable()
  File "/home/airflow/.local/lib/python3.8/site-packages/airflow/operators/python.py", line 209, in execute_callable
    return self.python_callable(*self.op_args, **self.op_kwargs)
  File "/opt/airflow/dags/retries.py", line 17, in connection_error
    BaseHook.get_connection("connection_v")
  File "/home/airflow/.local/lib/python3.8/site-packages/airflow/hooks/base.py", line 72, in get_connection
    conn = Connection.get_connection_from_secrets(conn_id)
  File "/home/airflow/.local/lib/python3.8/site-packages/airflow/models/connection.py", line 477, in get_connection_from_secrets
    raise AirflowNotFoundException(f"The conn_id `{conn_id}` isn't defined")
airflow.exceptions.AirflowNotFoundException: The conn_id `connection_v` isn't defined
[2026-07-06T06:25:09.768+0000] {taskinstance.py:1400} INFO - Marking task as UP_FOR_RETRY. dag_id=retries_dag, task_id=connection_error, execution_date=20260705T062444, start_date=20260706T062507, end_date=20260706T062509
[2026-07-06T06:25:09.916+0000] {standard_task_runner.py:104} ERROR - Failed to execute job 2005 for task connection_error (The conn_id `connection_v` isn't defined; 4434)
[2026-07-06T06:25:10.006+0000] {local_task_job_runner.py:228} INFO - Task exited with return code 1
[2026-07-06T06:25:10.124+0000] {taskinstance.py:2778} INFO - 0 downstream tasks scheduled from follow-on schedule check
