[2026-07-03T06:53:42.499+0000] {processor.py:157} INFO - Started process (PID=487) to work on /opt/airflow/dags/dag1.py
[2026-07-03T06:53:42.510+0000] {processor.py:829} INFO - Processing file /opt/airflow/dags/dag1.py for tasks to queue
[2026-07-03T06:53:42.513+0000] {logging_mixin.py:154} INFO - [2026-07-03T06:53:42.512+0000] {dagbag.py:536} INFO - Filling up the DagBag from /opt/airflow/dags/dag1.py
[2026-07-03T06:53:42.624+0000] {processor.py:839} INFO - DAG(s) dict_keys(['prueba1']) retrieved from /opt/airflow/dags/dag1.py
[2026-07-03T06:53:42.905+0000] {logging_mixin.py:154} INFO - [2026-07-03T06:53:42.904+0000] {dag.py:2941} INFO - Sync 1 DAGs
[2026-07-03T06:53:43.127+0000] {logging_mixin.py:154} INFO - [2026-07-03T06:53:43.126+0000] {dag.py:3722} INFO - Setting next_dagrun for prueba1 to 2026-07-03T05:00:00+00:00, run_after=2026-07-03T06:00:00+00:00
[2026-07-03T06:53:43.864+0000] {processor.py:179} INFO - Processing /opt/airflow/dags/dag1.py took 1.386 seconds
[2026-07-03T06:54:14.892+0000] {processor.py:157} INFO - Started process (PID=522) to work on /opt/airflow/dags/dag1.py
[2026-07-03T06:54:14.930+0000] {processor.py:829} INFO - Processing file /opt/airflow/dags/dag1.py for tasks to queue
[2026-07-03T06:54:14.934+0000] {logging_mixin.py:154} INFO - [2026-07-03T06:54:14.932+0000] {dagbag.py:536} INFO - Filling up the DagBag from /opt/airflow/dags/dag1.py
[2026-07-03T06:54:15.060+0000] {processor.py:839} INFO - DAG(s) dict_keys(['prueba1']) retrieved from /opt/airflow/dags/dag1.py
[2026-07-03T06:54:15.361+0000] {logging_mixin.py:154} INFO - [2026-07-03T06:54:15.350+0000] {dag.py:2941} INFO - Sync 1 DAGs
[2026-07-03T06:54:15.609+0000] {logging_mixin.py:154} INFO - [2026-07-03T06:54:15.608+0000] {dag.py:3722} INFO - Setting next_dagrun for prueba1 to 2026-07-03T05:00:00+00:00, run_after=2026-07-03T06:00:00+00:00
[2026-07-03T06:54:17.491+0000] {processor.py:179} INFO - Processing /opt/airflow/dags/dag1.py took 2.634 seconds
[2026-07-03T06:54:48.313+0000] {processor.py:157} INFO - Started process (PID=546) to work on /opt/airflow/dags/dag1.py
[2026-07-03T06:54:48.331+0000] {processor.py:829} INFO - Processing file /opt/airflow/dags/dag1.py for tasks to queue
[2026-07-03T06:54:48.338+0000] {logging_mixin.py:154} INFO - [2026-07-03T06:54:48.336+0000] {dagbag.py:536} INFO - Filling up the DagBag from /opt/airflow/dags/dag1.py
[2026-07-03T06:54:48.530+0000] {processor.py:839} INFO - DAG(s) dict_keys(['prueba1']) retrieved from /opt/airflow/dags/dag1.py
[2026-07-03T06:54:48.763+0000] {logging_mixin.py:154} INFO - [2026-07-03T06:54:48.762+0000] {dag.py:2941} INFO - Sync 1 DAGs
[2026-07-03T06:54:48.980+0000] {logging_mixin.py:154} INFO - [2026-07-03T06:54:48.979+0000] {dag.py:3722} INFO - Setting next_dagrun for prueba1 to 2026-07-03T05:00:00+00:00, run_after=2026-07-03T06:00:00+00:00
[2026-07-03T06:54:49.132+0000] {processor.py:179} INFO - Processing /opt/airflow/dags/dag1.py took 0.863 seconds
[2026-07-03T06:55:20.032+0000] {processor.py:157} INFO - Started process (PID=575) to work on /opt/airflow/dags/dag1.py
[2026-07-03T06:55:20.044+0000] {processor.py:829} INFO - Processing file /opt/airflow/dags/dag1.py for tasks to queue
[2026-07-03T06:55:20.046+0000] {logging_mixin.py:154} INFO - [2026-07-03T06:55:20.046+0000] {dagbag.py:536} INFO - Filling up the DagBag from /opt/airflow/dags/dag1.py
[2026-07-03T06:55:20.143+0000] {processor.py:839} INFO - DAG(s) dict_keys(['prueba1']) retrieved from /opt/airflow/dags/dag1.py
[2026-07-03T06:55:20.362+0000] {logging_mixin.py:154} INFO - [2026-07-03T06:55:20.362+0000] {dag.py:2941} INFO - Sync 1 DAGs
[2026-07-03T06:55:20.515+0000] {logging_mixin.py:154} INFO - [2026-07-03T06:55:20.510+0000] {dag.py:3722} INFO - Setting next_dagrun for prueba1 to 2026-07-03T05:00:00+00:00, run_after=2026-07-03T06:00:00+00:00
[2026-07-03T06:55:20.618+0000] {processor.py:179} INFO - Processing /opt/airflow/dags/dag1.py took 0.593 seconds
[2026-07-03T06:55:51.268+0000] {processor.py:157} INFO - Started process (PID=602) to work on /opt/airflow/dags/dag1.py
[2026-07-03T06:55:51.275+0000] {processor.py:829} INFO - Processing file /opt/airflow/dags/dag1.py for tasks to queue
[2026-07-03T06:55:51.277+0000] {logging_mixin.py:154} INFO - [2026-07-03T06:55:51.277+0000] {dagbag.py:536} INFO - Filling up the DagBag from /opt/airflow/dags/dag1.py
[2026-07-03T06:55:51.394+0000] {processor.py:839} INFO - DAG(s) dict_keys(['prueba1']) retrieved from /opt/airflow/dags/dag1.py
[2026-07-03T06:55:52.407+0000] {logging_mixin.py:154} INFO - [2026-07-03T06:55:52.406+0000] {dag.py:2941} INFO - Sync 1 DAGs
[2026-07-03T06:55:52.844+0000] {logging_mixin.py:154} INFO - [2026-07-03T06:55:52.844+0000] {dag.py:3722} INFO - Setting next_dagrun for prueba1 to 2026-07-03T05:00:00+00:00, run_after=2026-07-03T06:00:00+00:00
[2026-07-03T06:55:53.028+0000] {processor.py:179} INFO - Processing /opt/airflow/dags/dag1.py took 1.791 seconds
[2026-07-03T06:56:26.350+0000] {processor.py:157} INFO - Started process (PID=627) to work on /opt/airflow/dags/dag1.py
[2026-07-03T06:56:26.363+0000] {processor.py:829} INFO - Processing file /opt/airflow/dags/dag1.py for tasks to queue
[2026-07-03T06:56:26.366+0000] {logging_mixin.py:154} INFO - [2026-07-03T06:56:26.365+0000] {dagbag.py:536} INFO - Filling up the DagBag from /opt/airflow/dags/dag1.py
[2026-07-03T06:56:26.493+0000] {processor.py:839} INFO - DAG(s) dict_keys(['prueba1']) retrieved from /opt/airflow/dags/dag1.py
[2026-07-03T06:56:28.005+0000] {logging_mixin.py:154} INFO - [2026-07-03T06:56:27.977+0000] {dag.py:2941} INFO - Sync 1 DAGs
[2026-07-03T06:56:28.421+0000] {logging_mixin.py:154} INFO - [2026-07-03T06:56:28.421+0000] {dag.py:3722} INFO - Setting next_dagrun for prueba1 to 2026-07-03T05:00:00+00:00, run_after=2026-07-03T06:00:00+00:00
[2026-07-03T06:56:28.706+0000] {processor.py:179} INFO - Processing /opt/airflow/dags/dag1.py took 2.388 seconds
[2026-07-03T06:56:59.439+0000] {processor.py:157} INFO - Started process (PID=653) to work on /opt/airflow/dags/dag1.py
[2026-07-03T06:56:59.455+0000] {processor.py:829} INFO - Processing file /opt/airflow/dags/dag1.py for tasks to queue
[2026-07-03T06:56:59.457+0000] {logging_mixin.py:154} INFO - [2026-07-03T06:56:59.456+0000] {dagbag.py:536} INFO - Filling up the DagBag from /opt/airflow/dags/dag1.py
[2026-07-03T06:56:59.583+0000] {processor.py:839} INFO - DAG(s) dict_keys(['prueba1']) retrieved from /opt/airflow/dags/dag1.py
[2026-07-03T06:56:59.816+0000] {logging_mixin.py:154} INFO - [2026-07-03T06:56:59.815+0000] {dag.py:2941} INFO - Sync 1 DAGs
[2026-07-03T06:57:00.123+0000] {logging_mixin.py:154} INFO - [2026-07-03T06:57:00.112+0000] {dag.py:3722} INFO - Setting next_dagrun for prueba1 to 2026-07-03T05:00:00+00:00, run_after=2026-07-03T06:00:00+00:00
[2026-07-03T06:57:00.368+0000] {processor.py:179} INFO - Processing /opt/airflow/dags/dag1.py took 0.962 seconds
[2026-07-03T06:57:33.741+0000] {processor.py:157} INFO - Started process (PID=674) to work on /opt/airflow/dags/dag1.py
[2026-07-03T06:57:33.744+0000] {processor.py:829} INFO - Processing file /opt/airflow/dags/dag1.py for tasks to queue
[2026-07-03T06:57:33.755+0000] {logging_mixin.py:154} INFO - [2026-07-03T06:57:33.749+0000] {dagbag.py:536} INFO - Filling up the DagBag from /opt/airflow/dags/dag1.py
[2026-07-03T06:57:34.042+0000] {processor.py:839} INFO - DAG(s) dict_keys(['prueba1']) retrieved from /opt/airflow/dags/dag1.py
[2026-07-03T06:57:35.424+0000] {logging_mixin.py:154} INFO - [2026-07-03T06:57:35.423+0000] {dag.py:2941} INFO - Sync 1 DAGs
[2026-07-03T06:57:35.710+0000] {logging_mixin.py:154} INFO - [2026-07-03T06:57:35.710+0000] {dag.py:3722} INFO - Setting next_dagrun for prueba1 to 2026-07-03T05:00:00+00:00, run_after=2026-07-03T06:00:00+00:00
[2026-07-03T06:57:35.913+0000] {processor.py:179} INFO - Processing /opt/airflow/dags/dag1.py took 2.235 seconds
[2026-07-03T06:58:06.669+0000] {processor.py:157} INFO - Started process (PID=703) to work on /opt/airflow/dags/dag1.py
[2026-07-03T06:58:06.672+0000] {processor.py:829} INFO - Processing file /opt/airflow/dags/dag1.py for tasks to queue
[2026-07-03T06:58:06.682+0000] {logging_mixin.py:154} INFO - [2026-07-03T06:58:06.682+0000] {dagbag.py:536} INFO - Filling up the DagBag from /opt/airflow/dags/dag1.py
[2026-07-03T06:58:06.762+0000] {processor.py:839} INFO - DAG(s) dict_keys(['prueba1']) retrieved from /opt/airflow/dags/dag1.py
[2026-07-03T06:58:06.976+0000] {logging_mixin.py:154} INFO - [2026-07-03T06:58:06.975+0000] {dag.py:2941} INFO - Sync 1 DAGs
[2026-07-03T06:58:07.168+0000] {logging_mixin.py:154} INFO - [2026-07-03T06:58:07.167+0000] {dag.py:3722} INFO - Setting next_dagrun for prueba1 to 2026-07-03T05:00:00+00:00, run_after=2026-07-03T06:00:00+00:00
[2026-07-03T06:58:07.311+0000] {processor.py:179} INFO - Processing /opt/airflow/dags/dag1.py took 0.685 seconds
[2026-07-03T06:58:38.003+0000] {processor.py:157} INFO - Started process (PID=730) to work on /opt/airflow/dags/dag1.py
[2026-07-03T06:58:38.006+0000] {processor.py:829} INFO - Processing file /opt/airflow/dags/dag1.py for tasks to queue
[2026-07-03T06:58:38.009+0000] {logging_mixin.py:154} INFO - [2026-07-03T06:58:38.008+0000] {dagbag.py:536} INFO - Filling up the DagBag from /opt/airflow/dags/dag1.py
[2026-07-03T06:58:38.084+0000] {processor.py:839} INFO - DAG(s) dict_keys(['prueba1']) retrieved from /opt/airflow/dags/dag1.py
[2026-07-03T06:58:38.339+0000] {logging_mixin.py:154} INFO - [2026-07-03T06:58:38.338+0000] {dag.py:2941} INFO - Sync 1 DAGs
[2026-07-03T06:58:38.481+0000] {logging_mixin.py:154} INFO - [2026-07-03T06:58:38.471+0000] {dag.py:3722} INFO - Setting next_dagrun for prueba1 to 2026-07-03T05:00:00+00:00, run_after=2026-07-03T06:00:00+00:00
[2026-07-03T06:58:38.566+0000] {processor.py:179} INFO - Processing /opt/airflow/dags/dag1.py took 0.580 seconds
[2026-07-03T06:59:09.380+0000] {processor.py:157} INFO - Started process (PID=757) to work on /opt/airflow/dags/dag1.py
[2026-07-03T06:59:09.383+0000] {processor.py:829} INFO - Processing file /opt/airflow/dags/dag1.py for tasks to queue
[2026-07-03T06:59:09.385+0000] {logging_mixin.py:154} INFO - [2026-07-03T06:59:09.384+0000] {dagbag.py:536} INFO - Filling up the DagBag from /opt/airflow/dags/dag1.py
[2026-07-03T06:59:09.425+0000] {processor.py:839} INFO - DAG(s) dict_keys(['prueba1']) retrieved from /opt/airflow/dags/dag1.py
[2026-07-03T06:59:09.522+0000] {logging_mixin.py:154} INFO - [2026-07-03T06:59:09.521+0000] {dag.py:2941} INFO - Sync 1 DAGs
[2026-07-03T06:59:09.590+0000] {logging_mixin.py:154} INFO - [2026-07-03T06:59:09.589+0000] {dag.py:3722} INFO - Setting next_dagrun for prueba1 to 2026-07-03T05:00:00+00:00, run_after=2026-07-03T06:00:00+00:00
[2026-07-03T06:59:09.639+0000] {processor.py:179} INFO - Processing /opt/airflow/dags/dag1.py took 0.269 seconds
[2026-07-03T06:59:40.199+0000] {processor.py:157} INFO - Started process (PID=784) to work on /opt/airflow/dags/dag1.py
[2026-07-03T06:59:40.202+0000] {processor.py:829} INFO - Processing file /opt/airflow/dags/dag1.py for tasks to queue
[2026-07-03T06:59:40.204+0000] {logging_mixin.py:154} INFO - [2026-07-03T06:59:40.203+0000] {dagbag.py:536} INFO - Filling up the DagBag from /opt/airflow/dags/dag1.py
[2026-07-03T06:59:40.255+0000] {processor.py:839} INFO - DAG(s) dict_keys(['prueba1']) retrieved from /opt/airflow/dags/dag1.py
[2026-07-03T06:59:40.409+0000] {logging_mixin.py:154} INFO - [2026-07-03T06:59:40.409+0000] {dag.py:2941} INFO - Sync 1 DAGs
[2026-07-03T06:59:40.530+0000] {logging_mixin.py:154} INFO - [2026-07-03T06:59:40.519+0000] {dag.py:3722} INFO - Setting next_dagrun for prueba1 to 2026-07-03T05:00:00+00:00, run_after=2026-07-03T06:00:00+00:00
[2026-07-03T06:59:40.642+0000] {processor.py:179} INFO - Processing /opt/airflow/dags/dag1.py took 0.462 seconds
[2026-07-03T07:00:10.728+0000] {processor.py:157} INFO - Started process (PID=811) to work on /opt/airflow/dags/dag1.py
[2026-07-03T07:00:10.731+0000] {processor.py:829} INFO - Processing file /opt/airflow/dags/dag1.py for tasks to queue
[2026-07-03T07:00:10.733+0000] {logging_mixin.py:154} INFO - [2026-07-03T07:00:10.732+0000] {dagbag.py:536} INFO - Filling up the DagBag from /opt/airflow/dags/dag1.py
[2026-07-03T07:00:10.754+0000] {processor.py:839} INFO - DAG(s) dict_keys(['prueba1']) retrieved from /opt/airflow/dags/dag1.py
[2026-07-03T07:00:10.840+0000] {logging_mixin.py:154} INFO - [2026-07-03T07:00:10.840+0000] {dag.py:2941} INFO - Sync 1 DAGs
[2026-07-03T07:00:10.922+0000] {logging_mixin.py:154} INFO - [2026-07-03T07:00:10.922+0000] {dag.py:3722} INFO - Setting next_dagrun for prueba1 to 2026-07-03T06:00:00+00:00, run_after=2026-07-03T07:00:00+00:00
[2026-07-03T07:00:10.974+0000] {processor.py:179} INFO - Processing /opt/airflow/dags/dag1.py took 0.251 seconds
[2026-07-03T07:00:41.400+0000] {processor.py:157} INFO - Started process (PID=838) to work on /opt/airflow/dags/dag1.py
[2026-07-03T07:00:41.440+0000] {processor.py:829} INFO - Processing file /opt/airflow/dags/dag1.py for tasks to queue
[2026-07-03T07:00:41.450+0000] {logging_mixin.py:154} INFO - [2026-07-03T07:00:41.449+0000] {dagbag.py:536} INFO - Filling up the DagBag from /opt/airflow/dags/dag1.py
[2026-07-03T07:00:41.549+0000] {processor.py:839} INFO - DAG(s) dict_keys(['prueba1']) retrieved from /opt/airflow/dags/dag1.py
[2026-07-03T07:00:41.785+0000] {logging_mixin.py:154} INFO - [2026-07-03T07:00:41.785+0000] {dag.py:2941} INFO - Sync 1 DAGs
[2026-07-03T07:00:42.096+0000] {logging_mixin.py:154} INFO - [2026-07-03T07:00:42.095+0000] {dag.py:3722} INFO - Setting next_dagrun for prueba1 to 2026-07-03T06:00:00+00:00, run_after=2026-07-03T07:00:00+00:00
[2026-07-03T07:00:42.277+0000] {processor.py:179} INFO - Processing /opt/airflow/dags/dag1.py took 0.939 seconds
[2026-07-03T07:01:12.913+0000] {processor.py:157} INFO - Started process (PID=858) to work on /opt/airflow/dags/dag1.py
[2026-07-03T07:01:12.915+0000] {processor.py:829} INFO - Processing file /opt/airflow/dags/dag1.py for tasks to queue
[2026-07-03T07:01:12.917+0000] {logging_mixin.py:154} INFO - [2026-07-03T07:01:12.916+0000] {dagbag.py:536} INFO - Filling up the DagBag from /opt/airflow/dags/dag1.py
[2026-07-03T07:01:12.942+0000] {processor.py:839} INFO - DAG(s) dict_keys(['prueba1']) retrieved from /opt/airflow/dags/dag1.py
[2026-07-03T07:01:12.984+0000] {logging_mixin.py:154} INFO - [2026-07-03T07:01:12.984+0000] {dag.py:2941} INFO - Sync 1 DAGs
[2026-07-03T07:01:13.026+0000] {logging_mixin.py:154} INFO - [2026-07-03T07:01:13.026+0000] {dag.py:3722} INFO - Setting next_dagrun for prueba1 to 2026-07-03T06:00:00+00:00, run_after=2026-07-03T07:00:00+00:00
[2026-07-03T07:01:13.055+0000] {processor.py:179} INFO - Processing /opt/airflow/dags/dag1.py took 0.152 seconds
[2026-07-03T07:01:43.284+0000] {processor.py:157} INFO - Started process (PID=885) to work on /opt/airflow/dags/dag1.py
[2026-07-03T07:01:43.287+0000] {processor.py:829} INFO - Processing file /opt/airflow/dags/dag1.py for tasks to queue
[2026-07-03T07:01:43.288+0000] {logging_mixin.py:154} INFO - [2026-07-03T07:01:43.288+0000] {dagbag.py:536} INFO - Filling up the DagBag from /opt/airflow/dags/dag1.py
[2026-07-03T07:01:43.301+0000] {processor.py:839} INFO - DAG(s) dict_keys(['prueba1']) retrieved from /opt/airflow/dags/dag1.py
[2026-07-03T07:01:43.336+0000] {logging_mixin.py:154} INFO - [2026-07-03T07:01:43.335+0000] {dag.py:2941} INFO - Sync 1 DAGs
[2026-07-03T07:01:43.362+0000] {logging_mixin.py:154} INFO - [2026-07-03T07:01:43.362+0000] {dag.py:3722} INFO - Setting next_dagrun for prueba1 to 2026-07-03T06:00:00+00:00, run_after=2026-07-03T07:00:00+00:00
[2026-07-03T07:01:43.382+0000] {processor.py:179} INFO - Processing /opt/airflow/dags/dag1.py took 0.104 seconds
[2026-07-03T07:02:13.581+0000] {processor.py:157} INFO - Started process (PID=912) to work on /opt/airflow/dags/dag1.py
[2026-07-03T07:02:13.582+0000] {processor.py:829} INFO - Processing file /opt/airflow/dags/dag1.py for tasks to queue
[2026-07-03T07:02:13.583+0000] {logging_mixin.py:154} INFO - [2026-07-03T07:02:13.583+0000] {dagbag.py:536} INFO - Filling up the DagBag from /opt/airflow/dags/dag1.py
[2026-07-03T07:02:13.601+0000] {processor.py:839} INFO - DAG(s) dict_keys(['prueba1']) retrieved from /opt/airflow/dags/dag1.py
[2026-07-03T07:02:13.637+0000] {logging_mixin.py:154} INFO - [2026-07-03T07:02:13.636+0000] {dag.py:2941} INFO - Sync 1 DAGs
[2026-07-03T07:02:13.660+0000] {logging_mixin.py:154} INFO - [2026-07-03T07:02:13.660+0000] {dag.py:3722} INFO - Setting next_dagrun for prueba1 to 2026-07-03T06:00:00+00:00, run_after=2026-07-03T07:00:00+00:00
[2026-07-03T07:02:13.682+0000] {processor.py:179} INFO - Processing /opt/airflow/dags/dag1.py took 0.106 seconds
[2026-07-03T07:02:43.990+0000] {processor.py:157} INFO - Started process (PID=939) to work on /opt/airflow/dags/dag1.py
[2026-07-03T07:02:44.001+0000] {processor.py:829} INFO - Processing file /opt/airflow/dags/dag1.py for tasks to queue
[2026-07-03T07:02:44.002+0000] {logging_mixin.py:154} INFO - [2026-07-03T07:02:44.001+0000] {dagbag.py:536} INFO - Filling up the DagBag from /opt/airflow/dags/dag1.py
[2026-07-03T07:02:44.013+0000] {processor.py:839} INFO - DAG(s) dict_keys(['prueba1']) retrieved from /opt/airflow/dags/dag1.py
[2026-07-03T07:02:44.051+0000] {logging_mixin.py:154} INFO - [2026-07-03T07:02:44.051+0000] {dag.py:2941} INFO - Sync 1 DAGs
[2026-07-03T07:02:44.080+0000] {logging_mixin.py:154} INFO - [2026-07-03T07:02:44.080+0000] {dag.py:3722} INFO - Setting next_dagrun for prueba1 to 2026-07-03T06:00:00+00:00, run_after=2026-07-03T07:00:00+00:00
[2026-07-03T07:02:44.111+0000] {processor.py:179} INFO - Processing /opt/airflow/dags/dag1.py took 0.124 seconds
[2026-07-03T07:03:14.262+0000] {processor.py:157} INFO - Started process (PID=966) to work on /opt/airflow/dags/dag1.py
[2026-07-03T07:03:14.263+0000] {processor.py:829} INFO - Processing file /opt/airflow/dags/dag1.py for tasks to queue
[2026-07-03T07:03:14.263+0000] {logging_mixin.py:154} INFO - [2026-07-03T07:03:14.263+0000] {dagbag.py:536} INFO - Filling up the DagBag from /opt/airflow/dags/dag1.py
[2026-07-03T07:03:14.277+0000] {processor.py:839} INFO - DAG(s) dict_keys(['prueba1']) retrieved from /opt/airflow/dags/dag1.py
[2026-07-03T07:03:14.315+0000] {logging_mixin.py:154} INFO - [2026-07-03T07:03:14.315+0000] {dag.py:2941} INFO - Sync 1 DAGs
[2026-07-03T07:03:14.351+0000] {logging_mixin.py:154} INFO - [2026-07-03T07:03:14.351+0000] {dag.py:3722} INFO - Setting next_dagrun for prueba1 to 2026-07-03T06:00:00+00:00, run_after=2026-07-03T07:00:00+00:00
[2026-07-03T07:03:14.387+0000] {processor.py:179} INFO - Processing /opt/airflow/dags/dag1.py took 0.128 seconds
[2026-07-03T07:03:44.595+0000] {processor.py:157} INFO - Started process (PID=993) to work on /opt/airflow/dags/dag1.py
[2026-07-03T07:03:44.599+0000] {processor.py:829} INFO - Processing file /opt/airflow/dags/dag1.py for tasks to queue
[2026-07-03T07:03:44.600+0000] {logging_mixin.py:154} INFO - [2026-07-03T07:03:44.600+0000] {dagbag.py:536} INFO - Filling up the DagBag from /opt/airflow/dags/dag1.py
[2026-07-03T07:03:44.614+0000] {processor.py:839} INFO - DAG(s) dict_keys(['prueba1']) retrieved from /opt/airflow/dags/dag1.py
[2026-07-03T07:03:44.652+0000] {logging_mixin.py:154} INFO - [2026-07-03T07:03:44.651+0000] {dag.py:2941} INFO - Sync 1 DAGs
[2026-07-03T07:03:44.682+0000] {logging_mixin.py:154} INFO - [2026-07-03T07:03:44.682+0000] {dag.py:3722} INFO - Setting next_dagrun for prueba1 to 2026-07-03T06:00:00+00:00, run_after=2026-07-03T07:00:00+00:00
[2026-07-03T07:03:44.711+0000] {processor.py:179} INFO - Processing /opt/airflow/dags/dag1.py took 0.121 seconds
[2026-07-03T07:04:14.924+0000] {processor.py:157} INFO - Started process (PID=1020) to work on /opt/airflow/dags/dag1.py
[2026-07-03T07:04:14.925+0000] {processor.py:829} INFO - Processing file /opt/airflow/dags/dag1.py for tasks to queue
[2026-07-03T07:04:14.925+0000] {logging_mixin.py:154} INFO - [2026-07-03T07:04:14.925+0000] {dagbag.py:536} INFO - Filling up the DagBag from /opt/airflow/dags/dag1.py
[2026-07-03T07:04:14.935+0000] {processor.py:839} INFO - DAG(s) dict_keys(['prueba1']) retrieved from /opt/airflow/dags/dag1.py
[2026-07-03T07:04:14.964+0000] {logging_mixin.py:154} INFO - [2026-07-03T07:04:14.963+0000] {dag.py:2941} INFO - Sync 1 DAGs
[2026-07-03T07:04:14.985+0000] {logging_mixin.py:154} INFO - [2026-07-03T07:04:14.984+0000] {dag.py:3722} INFO - Setting next_dagrun for prueba1 to 2026-07-03T06:00:00+00:00, run_after=2026-07-03T07:00:00+00:00
[2026-07-03T07:04:15.004+0000] {processor.py:179} INFO - Processing /opt/airflow/dags/dag1.py took 0.083 seconds
[2026-07-03T07:04:45.292+0000] {processor.py:157} INFO - Started process (PID=1047) to work on /opt/airflow/dags/dag1.py
[2026-07-03T07:04:45.303+0000] {processor.py:829} INFO - Processing file /opt/airflow/dags/dag1.py for tasks to queue
[2026-07-03T07:04:45.304+0000] {logging_mixin.py:154} INFO - [2026-07-03T07:04:45.304+0000] {dagbag.py:536} INFO - Filling up the DagBag from /opt/airflow/dags/dag1.py
[2026-07-03T07:04:45.317+0000] {processor.py:839} INFO - DAG(s) dict_keys(['prueba1']) retrieved from /opt/airflow/dags/dag1.py
[2026-07-03T07:04:45.345+0000] {logging_mixin.py:154} INFO - [2026-07-03T07:04:45.345+0000] {dag.py:2941} INFO - Sync 1 DAGs
[2026-07-03T07:04:45.367+0000] {logging_mixin.py:154} INFO - [2026-07-03T07:04:45.366+0000] {dag.py:3722} INFO - Setting next_dagrun for prueba1 to 2026-07-03T06:00:00+00:00, run_after=2026-07-03T07:00:00+00:00
[2026-07-03T07:04:45.385+0000] {processor.py:179} INFO - Processing /opt/airflow/dags/dag1.py took 0.096 seconds
[2026-07-03T07:05:15.580+0000] {processor.py:157} INFO - Started process (PID=1074) to work on /opt/airflow/dags/dag1.py
[2026-07-03T07:05:15.581+0000] {processor.py:829} INFO - Processing file /opt/airflow/dags/dag1.py for tasks to queue
[2026-07-03T07:05:15.582+0000] {logging_mixin.py:154} INFO - [2026-07-03T07:05:15.581+0000] {dagbag.py:536} INFO - Filling up the DagBag from /opt/airflow/dags/dag1.py
[2026-07-03T07:05:15.594+0000] {processor.py:839} INFO - DAG(s) dict_keys(['prueba1']) retrieved from /opt/airflow/dags/dag1.py
[2026-07-03T07:05:15.625+0000] {logging_mixin.py:154} INFO - [2026-07-03T07:05:15.625+0000] {dag.py:2941} INFO - Sync 1 DAGs
[2026-07-03T07:05:15.647+0000] {logging_mixin.py:154} INFO - [2026-07-03T07:05:15.647+0000] {dag.py:3722} INFO - Setting next_dagrun for prueba1 to 2026-07-03T06:00:00+00:00, run_after=2026-07-03T07:00:00+00:00
[2026-07-03T07:05:15.673+0000] {processor.py:179} INFO - Processing /opt/airflow/dags/dag1.py took 0.097 seconds
[2026-07-03T07:05:45.970+0000] {processor.py:157} INFO - Started process (PID=1101) to work on /opt/airflow/dags/dag1.py
[2026-07-03T07:05:45.981+0000] {processor.py:829} INFO - Processing file /opt/airflow/dags/dag1.py for tasks to queue
[2026-07-03T07:05:45.982+0000] {logging_mixin.py:154} INFO - [2026-07-03T07:05:45.982+0000] {dagbag.py:536} INFO - Filling up the DagBag from /opt/airflow/dags/dag1.py
[2026-07-03T07:05:45.996+0000] {processor.py:839} INFO - DAG(s) dict_keys(['prueba1']) retrieved from /opt/airflow/dags/dag1.py
[2026-07-03T07:05:46.026+0000] {logging_mixin.py:154} INFO - [2026-07-03T07:05:46.026+0000] {dag.py:2941} INFO - Sync 1 DAGs
[2026-07-03T07:05:46.050+0000] {logging_mixin.py:154} INFO - [2026-07-03T07:05:46.050+0000] {dag.py:3722} INFO - Setting next_dagrun for prueba1 to 2026-07-03T06:00:00+00:00, run_after=2026-07-03T07:00:00+00:00
[2026-07-03T07:05:46.081+0000] {processor.py:179} INFO - Processing /opt/airflow/dags/dag1.py took 0.114 seconds
[2026-07-03T07:06:16.282+0000] {processor.py:157} INFO - Started process (PID=1128) to work on /opt/airflow/dags/dag1.py
[2026-07-03T07:06:16.283+0000] {processor.py:829} INFO - Processing file /opt/airflow/dags/dag1.py for tasks to queue
[2026-07-03T07:06:16.284+0000] {logging_mixin.py:154} INFO - [2026-07-03T07:06:16.283+0000] {dagbag.py:536} INFO - Filling up the DagBag from /opt/airflow/dags/dag1.py
[2026-07-03T07:06:16.297+0000] {processor.py:839} INFO - DAG(s) dict_keys(['prueba1']) retrieved from /opt/airflow/dags/dag1.py
[2026-07-03T07:06:16.327+0000] {logging_mixin.py:154} INFO - [2026-07-03T07:06:16.327+0000] {dag.py:2941} INFO - Sync 1 DAGs
[2026-07-03T07:06:16.352+0000] {logging_mixin.py:154} INFO - [2026-07-03T07:06:16.352+0000] {dag.py:3722} INFO - Setting next_dagrun for prueba1 to 2026-07-03T06:00:00+00:00, run_after=2026-07-03T07:00:00+00:00
[2026-07-03T07:06:16.372+0000] {processor.py:179} INFO - Processing /opt/airflow/dags/dag1.py took 0.095 seconds
[2026-07-03T07:06:46.668+0000] {processor.py:157} INFO - Started process (PID=1155) to work on /opt/airflow/dags/dag1.py
[2026-07-03T07:06:46.680+0000] {processor.py:829} INFO - Processing file /opt/airflow/dags/dag1.py for tasks to queue
[2026-07-03T07:06:46.681+0000] {logging_mixin.py:154} INFO - [2026-07-03T07:06:46.681+0000] {dagbag.py:536} INFO - Filling up the DagBag from /opt/airflow/dags/dag1.py
[2026-07-03T07:06:46.695+0000] {processor.py:839} INFO - DAG(s) dict_keys(['prueba1']) retrieved from /opt/airflow/dags/dag1.py
[2026-07-03T07:06:46.726+0000] {logging_mixin.py:154} INFO - [2026-07-03T07:06:46.725+0000] {dag.py:2941} INFO - Sync 1 DAGs
[2026-07-03T07:06:46.749+0000] {logging_mixin.py:154} INFO - [2026-07-03T07:06:46.749+0000] {dag.py:3722} INFO - Setting next_dagrun for prueba1 to 2026-07-03T06:00:00+00:00, run_after=2026-07-03T07:00:00+00:00
[2026-07-03T07:06:46.786+0000] {processor.py:179} INFO - Processing /opt/airflow/dags/dag1.py took 0.121 seconds
[2026-07-03T07:07:16.956+0000] {processor.py:157} INFO - Started process (PID=1182) to work on /opt/airflow/dags/dag1.py
[2026-07-03T07:07:16.957+0000] {processor.py:829} INFO - Processing file /opt/airflow/dags/dag1.py for tasks to queue
[2026-07-03T07:07:16.958+0000] {logging_mixin.py:154} INFO - [2026-07-03T07:07:16.958+0000] {dagbag.py:536} INFO - Filling up the DagBag from /opt/airflow/dags/dag1.py
[2026-07-03T07:07:16.970+0000] {processor.py:839} INFO - DAG(s) dict_keys(['prueba1']) retrieved from /opt/airflow/dags/dag1.py
[2026-07-03T07:07:17.004+0000] {logging_mixin.py:154} INFO - [2026-07-03T07:07:17.004+0000] {dag.py:2941} INFO - Sync 1 DAGs
[2026-07-03T07:07:17.030+0000] {logging_mixin.py:154} INFO - [2026-07-03T07:07:17.030+0000] {dag.py:3722} INFO - Setting next_dagrun for prueba1 to 2026-07-03T06:00:00+00:00, run_after=2026-07-03T07:00:00+00:00
[2026-07-03T07:07:17.061+0000] {processor.py:179} INFO - Processing /opt/airflow/dags/dag1.py took 0.109 seconds
[2026-07-03T07:07:47.271+0000] {processor.py:157} INFO - Started process (PID=1209) to work on /opt/airflow/dags/dag1.py
[2026-07-03T07:07:47.277+0000] {processor.py:829} INFO - Processing file /opt/airflow/dags/dag1.py for tasks to queue
[2026-07-03T07:07:47.278+0000] {logging_mixin.py:154} INFO - [2026-07-03T07:07:47.277+0000] {dagbag.py:536} INFO - Filling up the DagBag from /opt/airflow/dags/dag1.py
[2026-07-03T07:07:47.290+0000] {processor.py:839} INFO - DAG(s) dict_keys(['prueba1']) retrieved from /opt/airflow/dags/dag1.py
[2026-07-03T07:07:47.323+0000] {logging_mixin.py:154} INFO - [2026-07-03T07:07:47.323+0000] {dag.py:2941} INFO - Sync 1 DAGs
[2026-07-03T07:07:47.347+0000] {logging_mixin.py:154} INFO - [2026-07-03T07:07:47.346+0000] {dag.py:3722} INFO - Setting next_dagrun for prueba1 to 2026-07-03T06:00:00+00:00, run_after=2026-07-03T07:00:00+00:00
[2026-07-03T07:07:47.366+0000] {processor.py:179} INFO - Processing /opt/airflow/dags/dag1.py took 0.099 seconds
[2026-07-03T07:08:17.630+0000] {processor.py:157} INFO - Started process (PID=1236) to work on /opt/airflow/dags/dag1.py
[2026-07-03T07:08:17.631+0000] {processor.py:829} INFO - Processing file /opt/airflow/dags/dag1.py for tasks to queue
[2026-07-03T07:08:17.632+0000] {logging_mixin.py:154} INFO - [2026-07-03T07:08:17.632+0000] {dagbag.py:536} INFO - Filling up the DagBag from /opt/airflow/dags/dag1.py
[2026-07-03T07:08:17.647+0000] {processor.py:839} INFO - DAG(s) dict_keys(['prueba1']) retrieved from /opt/airflow/dags/dag1.py
[2026-07-03T07:08:17.681+0000] {logging_mixin.py:154} INFO - [2026-07-03T07:08:17.680+0000] {dag.py:2941} INFO - Sync 1 DAGs
[2026-07-03T07:08:17.710+0000] {logging_mixin.py:154} INFO - [2026-07-03T07:08:17.710+0000] {dag.py:3722} INFO - Setting next_dagrun for prueba1 to 2026-07-03T06:00:00+00:00, run_after=2026-07-03T07:00:00+00:00
[2026-07-03T07:08:17.735+0000] {processor.py:179} INFO - Processing /opt/airflow/dags/dag1.py took 0.109 seconds
[2026-07-03T07:08:48.013+0000] {processor.py:157} INFO - Started process (PID=1263) to work on /opt/airflow/dags/dag1.py
[2026-07-03T07:08:48.018+0000] {processor.py:829} INFO - Processing file /opt/airflow/dags/dag1.py for tasks to queue
[2026-07-03T07:08:48.019+0000] {logging_mixin.py:154} INFO - [2026-07-03T07:08:48.019+0000] {dagbag.py:536} INFO - Filling up the DagBag from /opt/airflow/dags/dag1.py
[2026-07-03T07:08:48.031+0000] {processor.py:839} INFO - DAG(s) dict_keys(['prueba1']) retrieved from /opt/airflow/dags/dag1.py
[2026-07-03T07:08:48.062+0000] {logging_mixin.py:154} INFO - [2026-07-03T07:08:48.062+0000] {dag.py:2941} INFO - Sync 1 DAGs
[2026-07-03T07:08:48.086+0000] {logging_mixin.py:154} INFO - [2026-07-03T07:08:48.086+0000] {dag.py:3722} INFO - Setting next_dagrun for prueba1 to 2026-07-03T06:00:00+00:00, run_after=2026-07-03T07:00:00+00:00
[2026-07-03T07:08:48.110+0000] {processor.py:179} INFO - Processing /opt/airflow/dags/dag1.py took 0.101 seconds
[2026-07-03T07:09:18.356+0000] {processor.py:157} INFO - Started process (PID=1290) to work on /opt/airflow/dags/dag1.py
[2026-07-03T07:09:18.357+0000] {processor.py:829} INFO - Processing file /opt/airflow/dags/dag1.py for tasks to queue
[2026-07-03T07:09:18.358+0000] {logging_mixin.py:154} INFO - [2026-07-03T07:09:18.357+0000] {dagbag.py:536} INFO - Filling up the DagBag from /opt/airflow/dags/dag1.py
[2026-07-03T07:09:18.371+0000] {processor.py:839} INFO - DAG(s) dict_keys(['prueba1']) retrieved from /opt/airflow/dags/dag1.py
[2026-07-03T07:09:18.404+0000] {logging_mixin.py:154} INFO - [2026-07-03T07:09:18.403+0000] {dag.py:2941} INFO - Sync 1 DAGs
[2026-07-03T07:09:18.427+0000] {logging_mixin.py:154} INFO - [2026-07-03T07:09:18.426+0000] {dag.py:3722} INFO - Setting next_dagrun for prueba1 to 2026-07-03T06:00:00+00:00, run_after=2026-07-03T07:00:00+00:00
[2026-07-03T07:09:18.457+0000] {processor.py:179} INFO - Processing /opt/airflow/dags/dag1.py took 0.105 seconds
[2026-07-03T07:09:48.616+0000] {processor.py:157} INFO - Started process (PID=1317) to work on /opt/airflow/dags/dag1.py
[2026-07-03T07:09:48.617+0000] {processor.py:829} INFO - Processing file /opt/airflow/dags/dag1.py for tasks to queue
[2026-07-03T07:09:48.618+0000] {logging_mixin.py:154} INFO - [2026-07-03T07:09:48.618+0000] {dagbag.py:536} INFO - Filling up the DagBag from /opt/airflow/dags/dag1.py
[2026-07-03T07:09:48.631+0000] {processor.py:839} INFO - DAG(s) dict_keys(['prueba1']) retrieved from /opt/airflow/dags/dag1.py
[2026-07-03T07:09:48.660+0000] {logging_mixin.py:154} INFO - [2026-07-03T07:09:48.660+0000] {dag.py:2941} INFO - Sync 1 DAGs
[2026-07-03T07:09:48.681+0000] {logging_mixin.py:154} INFO - [2026-07-03T07:09:48.681+0000] {dag.py:3722} INFO - Setting next_dagrun for prueba1 to 2026-07-03T06:00:00+00:00, run_after=2026-07-03T07:00:00+00:00
[2026-07-03T07:09:48.701+0000] {processor.py:179} INFO - Processing /opt/airflow/dags/dag1.py took 0.088 seconds
[2026-07-03T07:10:18.966+0000] {processor.py:157} INFO - Started process (PID=1344) to work on /opt/airflow/dags/dag1.py
[2026-07-03T07:10:18.967+0000] {processor.py:829} INFO - Processing file /opt/airflow/dags/dag1.py for tasks to queue
[2026-07-03T07:10:18.968+0000] {logging_mixin.py:154} INFO - [2026-07-03T07:10:18.968+0000] {dagbag.py:536} INFO - Filling up the DagBag from /opt/airflow/dags/dag1.py
[2026-07-03T07:10:18.981+0000] {processor.py:839} INFO - DAG(s) dict_keys(['prueba1']) retrieved from /opt/airflow/dags/dag1.py
[2026-07-03T07:10:19.012+0000] {logging_mixin.py:154} INFO - [2026-07-03T07:10:19.012+0000] {dag.py:2941} INFO - Sync 1 DAGs
[2026-07-03T07:10:19.039+0000] {logging_mixin.py:154} INFO - [2026-07-03T07:10:19.039+0000] {dag.py:3722} INFO - Setting next_dagrun for prueba1 to 2026-07-03T06:00:00+00:00, run_after=2026-07-03T07:00:00+00:00
[2026-07-03T07:10:19.078+0000] {processor.py:179} INFO - Processing /opt/airflow/dags/dag1.py took 0.115 seconds
[2026-07-03T07:10:49.290+0000] {processor.py:157} INFO - Started process (PID=1364) to work on /opt/airflow/dags/dag1.py
[2026-07-03T07:10:49.291+0000] {processor.py:829} INFO - Processing file /opt/airflow/dags/dag1.py for tasks to queue
[2026-07-03T07:10:49.292+0000] {logging_mixin.py:154} INFO - [2026-07-03T07:10:49.292+0000] {dagbag.py:536} INFO - Filling up the DagBag from /opt/airflow/dags/dag1.py
[2026-07-03T07:10:49.303+0000] {processor.py:839} INFO - DAG(s) dict_keys(['prueba1']) retrieved from /opt/airflow/dags/dag1.py
[2026-07-03T07:10:49.373+0000] {logging_mixin.py:154} INFO - [2026-07-03T07:10:49.372+0000] {dag.py:2941} INFO - Sync 1 DAGs
[2026-07-03T07:10:49.416+0000] {logging_mixin.py:154} INFO - [2026-07-03T07:10:49.415+0000] {dag.py:3722} INFO - Setting next_dagrun for prueba1 to 2026-07-03T06:00:00+00:00, run_after=2026-07-03T07:00:00+00:00
[2026-07-03T07:10:49.454+0000] {processor.py:179} INFO - Processing /opt/airflow/dags/dag1.py took 0.169 seconds
[2026-07-03T07:11:19.727+0000] {processor.py:157} INFO - Started process (PID=1391) to work on /opt/airflow/dags/dag1.py
[2026-07-03T07:11:19.728+0000] {processor.py:829} INFO - Processing file /opt/airflow/dags/dag1.py for tasks to queue
[2026-07-03T07:11:19.729+0000] {logging_mixin.py:154} INFO - [2026-07-03T07:11:19.729+0000] {dagbag.py:536} INFO - Filling up the DagBag from /opt/airflow/dags/dag1.py
[2026-07-03T07:11:19.742+0000] {processor.py:839} INFO - DAG(s) dict_keys(['prueba1']) retrieved from /opt/airflow/dags/dag1.py
[2026-07-03T07:11:19.770+0000] {logging_mixin.py:154} INFO - [2026-07-03T07:11:19.769+0000] {dag.py:2941} INFO - Sync 1 DAGs
[2026-07-03T07:11:19.794+0000] {logging_mixin.py:154} INFO - [2026-07-03T07:11:19.794+0000] {dag.py:3722} INFO - Setting next_dagrun for prueba1 to 2026-07-03T06:00:00+00:00, run_after=2026-07-03T07:00:00+00:00
[2026-07-03T07:11:19.822+0000] {processor.py:179} INFO - Processing /opt/airflow/dags/dag1.py took 0.100 seconds
[2026-07-03T07:11:50.022+0000] {processor.py:157} INFO - Started process (PID=1418) to work on /opt/airflow/dags/dag1.py
[2026-07-03T07:11:50.033+0000] {processor.py:829} INFO - Processing file /opt/airflow/dags/dag1.py for tasks to queue
[2026-07-03T07:11:50.034+0000] {logging_mixin.py:154} INFO - [2026-07-03T07:11:50.034+0000] {dagbag.py:536} INFO - Filling up the DagBag from /opt/airflow/dags/dag1.py
[2026-07-03T07:11:50.044+0000] {processor.py:839} INFO - DAG(s) dict_keys(['prueba1']) retrieved from /opt/airflow/dags/dag1.py
[2026-07-03T07:11:50.070+0000] {logging_mixin.py:154} INFO - [2026-07-03T07:11:50.070+0000] {dag.py:2941} INFO - Sync 1 DAGs
[2026-07-03T07:11:50.097+0000] {logging_mixin.py:154} INFO - [2026-07-03T07:11:50.096+0000] {dag.py:3722} INFO - Setting next_dagrun for prueba1 to 2026-07-03T06:00:00+00:00, run_after=2026-07-03T07:00:00+00:00
[2026-07-03T07:11:50.120+0000] {processor.py:179} INFO - Processing /opt/airflow/dags/dag1.py took 0.101 seconds
[2026-07-03T07:12:20.268+0000] {processor.py:157} INFO - Started process (PID=1445) to work on /opt/airflow/dags/dag1.py
[2026-07-03T07:12:20.268+0000] {processor.py:829} INFO - Processing file /opt/airflow/dags/dag1.py for tasks to queue
[2026-07-03T07:12:20.269+0000] {logging_mixin.py:154} INFO - [2026-07-03T07:12:20.269+0000] {dagbag.py:536} INFO - Filling up the DagBag from /opt/airflow/dags/dag1.py
[2026-07-03T07:12:20.280+0000] {processor.py:839} INFO - DAG(s) dict_keys(['prueba1']) retrieved from /opt/airflow/dags/dag1.py
[2026-07-03T07:12:20.308+0000] {logging_mixin.py:154} INFO - [2026-07-03T07:12:20.308+0000] {dag.py:2941} INFO - Sync 1 DAGs
[2026-07-03T07:12:20.331+0000] {logging_mixin.py:154} INFO - [2026-07-03T07:12:20.331+0000] {dag.py:3722} INFO - Setting next_dagrun for prueba1 to 2026-07-03T06:00:00+00:00, run_after=2026-07-03T07:00:00+00:00
[2026-07-03T07:12:20.350+0000] {processor.py:179} INFO - Processing /opt/airflow/dags/dag1.py took 0.085 seconds
[2026-07-03T07:12:50.606+0000] {processor.py:157} INFO - Started process (PID=1472) to work on /opt/airflow/dags/dag1.py
[2026-07-03T07:12:50.609+0000] {processor.py:829} INFO - Processing file /opt/airflow/dags/dag1.py for tasks to queue
[2026-07-03T07:12:50.610+0000] {logging_mixin.py:154} INFO - [2026-07-03T07:12:50.609+0000] {dagbag.py:536} INFO - Filling up the DagBag from /opt/airflow/dags/dag1.py
[2026-07-03T07:12:50.621+0000] {processor.py:839} INFO - DAG(s) dict_keys(['prueba1']) retrieved from /opt/airflow/dags/dag1.py
[2026-07-03T07:12:50.655+0000] {logging_mixin.py:154} INFO - [2026-07-03T07:12:50.655+0000] {dag.py:2941} INFO - Sync 1 DAGs
[2026-07-03T07:12:50.679+0000] {logging_mixin.py:154} INFO - [2026-07-03T07:12:50.678+0000] {dag.py:3722} INFO - Setting next_dagrun for prueba1 to 2026-07-03T06:00:00+00:00, run_after=2026-07-03T07:00:00+00:00
[2026-07-03T07:12:50.699+0000] {processor.py:179} INFO - Processing /opt/airflow/dags/dag1.py took 0.096 seconds
[2026-07-03T07:13:20.996+0000] {processor.py:157} INFO - Started process (PID=1499) to work on /opt/airflow/dags/dag1.py
[2026-07-03T07:13:20.997+0000] {processor.py:829} INFO - Processing file /opt/airflow/dags/dag1.py for tasks to queue
[2026-07-03T07:13:20.998+0000] {logging_mixin.py:154} INFO - [2026-07-03T07:13:20.998+0000] {dagbag.py:536} INFO - Filling up the DagBag from /opt/airflow/dags/dag1.py
[2026-07-03T07:13:21.020+0000] {processor.py:839} INFO - DAG(s) dict_keys(['prueba1']) retrieved from /opt/airflow/dags/dag1.py
[2026-07-03T07:13:21.078+0000] {logging_mixin.py:154} INFO - [2026-07-03T07:13:21.078+0000] {dag.py:2941} INFO - Sync 1 DAGs
[2026-07-03T07:13:21.111+0000] {logging_mixin.py:154} INFO - [2026-07-03T07:13:21.111+0000] {dag.py:3722} INFO - Setting next_dagrun for prueba1 to 2026-07-03T06:00:00+00:00, run_after=2026-07-03T07:00:00+00:00
[2026-07-03T07:13:21.130+0000] {processor.py:179} INFO - Processing /opt/airflow/dags/dag1.py took 0.140 seconds
[2026-07-03T07:14:21.437+0000] {processor.py:157} INFO - Started process (PID=180) to work on /opt/airflow/dags/dag1.py
[2026-07-03T07:14:21.440+0000] {processor.py:829} INFO - Processing file /opt/airflow/dags/dag1.py for tasks to queue
[2026-07-03T07:14:21.444+0000] {logging_mixin.py:154} INFO - [2026-07-03T07:14:21.443+0000] {dagbag.py:536} INFO - Filling up the DagBag from /opt/airflow/dags/dag1.py
[2026-07-03T07:14:21.476+0000] {processor.py:839} INFO - DAG(s) dict_keys(['prueba1']) retrieved from /opt/airflow/dags/dag1.py
[2026-07-03T07:14:21.505+0000] {logging_mixin.py:154} INFO - [2026-07-03T07:14:21.504+0000] {dag.py:2941} INFO - Sync 1 DAGs
[2026-07-03T07:14:21.572+0000] {logging_mixin.py:154} INFO - [2026-07-03T07:14:21.571+0000] {dag.py:3722} INFO - Setting next_dagrun for prueba1 to 2026-07-03T06:00:00+00:00, run_after=2026-07-03T07:00:00+00:00
[2026-07-03T07:14:21.640+0000] {processor.py:179} INFO - Processing /opt/airflow/dags/dag1.py took 0.214 seconds
[2026-07-03T07:14:52.008+0000] {processor.py:157} INFO - Started process (PID=203) to work on /opt/airflow/dags/dag1.py
[2026-07-03T07:14:52.009+0000] {processor.py:829} INFO - Processing file /opt/airflow/dags/dag1.py for tasks to queue
[2026-07-03T07:14:52.010+0000] {logging_mixin.py:154} INFO - [2026-07-03T07:14:52.010+0000] {dagbag.py:536} INFO - Filling up the DagBag from /opt/airflow/dags/dag1.py
[2026-07-03T07:14:52.019+0000] {processor.py:839} INFO - DAG(s) dict_keys(['prueba1']) retrieved from /opt/airflow/dags/dag1.py
[2026-07-03T07:14:52.045+0000] {logging_mixin.py:154} INFO - [2026-07-03T07:14:52.044+0000] {dag.py:2941} INFO - Sync 1 DAGs
[2026-07-03T07:14:52.066+0000] {logging_mixin.py:154} INFO - [2026-07-03T07:14:52.065+0000] {dag.py:3722} INFO - Setting next_dagrun for prueba1 to 2026-07-03T06:00:00+00:00, run_after=2026-07-03T07:00:00+00:00
[2026-07-03T07:14:52.082+0000] {processor.py:179} INFO - Processing /opt/airflow/dags/dag1.py took 0.076 seconds
[2026-07-03T07:15:22.398+0000] {processor.py:157} INFO - Started process (PID=231) to work on /opt/airflow/dags/dag1.py
[2026-07-03T07:15:22.399+0000] {processor.py:829} INFO - Processing file /opt/airflow/dags/dag1.py for tasks to queue
[2026-07-03T07:15:22.400+0000] {logging_mixin.py:154} INFO - [2026-07-03T07:15:22.399+0000] {dagbag.py:536} INFO - Filling up the DagBag from /opt/airflow/dags/dag1.py
[2026-07-03T07:15:22.408+0000] {processor.py:839} INFO - DAG(s) dict_keys(['prueba1']) retrieved from /opt/airflow/dags/dag1.py
[2026-07-03T07:15:22.434+0000] {logging_mixin.py:154} INFO - [2026-07-03T07:15:22.433+0000] {dag.py:2941} INFO - Sync 1 DAGs
[2026-07-03T07:15:22.453+0000] {logging_mixin.py:154} INFO - [2026-07-03T07:15:22.453+0000] {dag.py:3722} INFO - Setting next_dagrun for prueba1 to 2026-07-03T06:00:00+00:00, run_after=2026-07-03T07:00:00+00:00
[2026-07-03T07:15:22.469+0000] {processor.py:179} INFO - Processing /opt/airflow/dags/dag1.py took 0.074 seconds
[2026-07-03T07:15:52.766+0000] {processor.py:157} INFO - Started process (PID=256) to work on /opt/airflow/dags/dag1.py
[2026-07-03T07:15:52.767+0000] {processor.py:829} INFO - Processing file /opt/airflow/dags/dag1.py for tasks to queue
[2026-07-03T07:15:52.768+0000] {logging_mixin.py:154} INFO - [2026-07-03T07:15:52.768+0000] {dagbag.py:536} INFO - Filling up the DagBag from /opt/airflow/dags/dag1.py
[2026-07-03T07:15:52.779+0000] {processor.py:839} INFO - DAG(s) dict_keys(['prueba1']) retrieved from /opt/airflow/dags/dag1.py
[2026-07-03T07:15:52.806+0000] {logging_mixin.py:154} INFO - [2026-07-03T07:15:52.806+0000] {dag.py:2941} INFO - Sync 1 DAGs
[2026-07-03T07:15:52.828+0000] {logging_mixin.py:154} INFO - [2026-07-03T07:15:52.828+0000] {dag.py:3722} INFO - Setting next_dagrun for prueba1 to 2026-07-03T06:00:00+00:00, run_after=2026-07-03T07:00:00+00:00
[2026-07-03T07:15:52.847+0000] {processor.py:179} INFO - Processing /opt/airflow/dags/dag1.py took 0.084 seconds
[2026-07-03T07:16:23.163+0000] {processor.py:157} INFO - Started process (PID=285) to work on /opt/airflow/dags/dag1.py
[2026-07-03T07:16:23.165+0000] {processor.py:829} INFO - Processing file /opt/airflow/dags/dag1.py for tasks to queue
[2026-07-03T07:16:23.165+0000] {logging_mixin.py:154} INFO - [2026-07-03T07:16:23.165+0000] {dagbag.py:536} INFO - Filling up the DagBag from /opt/airflow/dags/dag1.py
[2026-07-03T07:16:23.175+0000] {processor.py:839} INFO - DAG(s) dict_keys(['prueba1']) retrieved from /opt/airflow/dags/dag1.py
[2026-07-03T07:16:23.202+0000] {logging_mixin.py:154} INFO - [2026-07-03T07:16:23.202+0000] {dag.py:2941} INFO - Sync 1 DAGs
[2026-07-03T07:16:23.223+0000] {logging_mixin.py:154} INFO - [2026-07-03T07:16:23.222+0000] {dag.py:3722} INFO - Setting next_dagrun for prueba1 to 2026-07-03T06:00:00+00:00, run_after=2026-07-03T07:00:00+00:00
[2026-07-03T07:16:23.242+0000] {processor.py:179} INFO - Processing /opt/airflow/dags/dag1.py took 0.082 seconds
[2026-07-03T07:16:53.552+0000] {processor.py:157} INFO - Started process (PID=313) to work on /opt/airflow/dags/dag1.py
[2026-07-03T07:16:53.554+0000] {processor.py:829} INFO - Processing file /opt/airflow/dags/dag1.py for tasks to queue
[2026-07-03T07:16:53.554+0000] {logging_mixin.py:154} INFO - [2026-07-03T07:16:53.554+0000] {dagbag.py:536} INFO - Filling up the DagBag from /opt/airflow/dags/dag1.py
[2026-07-03T07:16:53.569+0000] {processor.py:839} INFO - DAG(s) dict_keys(['prueba1']) retrieved from /opt/airflow/dags/dag1.py
[2026-07-03T07:16:53.603+0000] {logging_mixin.py:154} INFO - [2026-07-03T07:16:53.603+0000] {dag.py:2941} INFO - Sync 1 DAGs
[2026-07-03T07:16:53.629+0000] {logging_mixin.py:154} INFO - [2026-07-03T07:16:53.629+0000] {dag.py:3722} INFO - Setting next_dagrun for prueba1 to 2026-07-03T06:00:00+00:00, run_after=2026-07-03T07:00:00+00:00
[2026-07-03T07:16:53.651+0000] {processor.py:179} INFO - Processing /opt/airflow/dags/dag1.py took 0.103 seconds
[2026-07-03T07:17:23.979+0000] {processor.py:157} INFO - Started process (PID=340) to work on /opt/airflow/dags/dag1.py
[2026-07-03T07:17:23.980+0000] {processor.py:829} INFO - Processing file /opt/airflow/dags/dag1.py for tasks to queue
[2026-07-03T07:17:23.981+0000] {logging_mixin.py:154} INFO - [2026-07-03T07:17:23.981+0000] {dagbag.py:536} INFO - Filling up the DagBag from /opt/airflow/dags/dag1.py
[2026-07-03T07:17:23.993+0000] {processor.py:839} INFO - DAG(s) dict_keys(['prueba1']) retrieved from /opt/airflow/dags/dag1.py
[2026-07-03T07:17:24.021+0000] {logging_mixin.py:154} INFO - [2026-07-03T07:17:24.020+0000] {dag.py:2941} INFO - Sync 1 DAGs
[2026-07-03T07:17:24.043+0000] {logging_mixin.py:154} INFO - [2026-07-03T07:17:24.043+0000] {dag.py:3722} INFO - Setting next_dagrun for prueba1 to 2026-07-03T06:00:00+00:00, run_after=2026-07-03T07:00:00+00:00
[2026-07-03T07:17:24.061+0000] {processor.py:179} INFO - Processing /opt/airflow/dags/dag1.py took 0.086 seconds
[2026-07-03T07:17:54.247+0000] {processor.py:157} INFO - Started process (PID=367) to work on /opt/airflow/dags/dag1.py
[2026-07-03T07:17:54.248+0000] {processor.py:829} INFO - Processing file /opt/airflow/dags/dag1.py for tasks to queue
[2026-07-03T07:17:54.249+0000] {logging_mixin.py:154} INFO - [2026-07-03T07:17:54.249+0000] {dagbag.py:536} INFO - Filling up the DagBag from /opt/airflow/dags/dag1.py
[2026-07-03T07:17:54.259+0000] {processor.py:839} INFO - DAG(s) dict_keys(['prueba1']) retrieved from /opt/airflow/dags/dag1.py
[2026-07-03T07:17:54.289+0000] {logging_mixin.py:154} INFO - [2026-07-03T07:17:54.288+0000] {dag.py:2941} INFO - Sync 1 DAGs
[2026-07-03T07:17:54.313+0000] {logging_mixin.py:154} INFO - [2026-07-03T07:17:54.313+0000] {dag.py:3722} INFO - Setting next_dagrun for prueba1 to 2026-07-03T06:00:00+00:00, run_after=2026-07-03T07:00:00+00:00
[2026-07-03T07:17:54.336+0000] {processor.py:179} INFO - Processing /opt/airflow/dags/dag1.py took 0.092 seconds
[2026-07-03T07:18:24.647+0000] {processor.py:157} INFO - Started process (PID=394) to work on /opt/airflow/dags/dag1.py
[2026-07-03T07:18:24.648+0000] {processor.py:829} INFO - Processing file /opt/airflow/dags/dag1.py for tasks to queue
[2026-07-03T07:18:24.649+0000] {logging_mixin.py:154} INFO - [2026-07-03T07:18:24.649+0000] {dagbag.py:536} INFO - Filling up the DagBag from /opt/airflow/dags/dag1.py
[2026-07-03T07:18:24.659+0000] {processor.py:839} INFO - DAG(s) dict_keys(['prueba1']) retrieved from /opt/airflow/dags/dag1.py
[2026-07-03T07:18:24.685+0000] {logging_mixin.py:154} INFO - [2026-07-03T07:18:24.685+0000] {dag.py:2941} INFO - Sync 1 DAGs
[2026-07-03T07:18:24.706+0000] {logging_mixin.py:154} INFO - [2026-07-03T07:18:24.706+0000] {dag.py:3722} INFO - Setting next_dagrun for prueba1 to 2026-07-03T06:00:00+00:00, run_after=2026-07-03T07:00:00+00:00
[2026-07-03T07:18:24.725+0000] {processor.py:179} INFO - Processing /opt/airflow/dags/dag1.py took 0.082 seconds
[2026-07-03T07:18:54.922+0000] {processor.py:157} INFO - Started process (PID=419) to work on /opt/airflow/dags/dag1.py
[2026-07-03T07:18:54.923+0000] {processor.py:829} INFO - Processing file /opt/airflow/dags/dag1.py for tasks to queue
[2026-07-03T07:18:54.924+0000] {logging_mixin.py:154} INFO - [2026-07-03T07:18:54.923+0000] {dagbag.py:536} INFO - Filling up the DagBag from /opt/airflow/dags/dag1.py
[2026-07-03T07:18:54.934+0000] {processor.py:839} INFO - DAG(s) dict_keys(['prueba1']) retrieved from /opt/airflow/dags/dag1.py
[2026-07-03T07:18:54.964+0000] {logging_mixin.py:154} INFO - [2026-07-03T07:18:54.964+0000] {dag.py:2941} INFO - Sync 1 DAGs
[2026-07-03T07:18:54.989+0000] {logging_mixin.py:154} INFO - [2026-07-03T07:18:54.988+0000] {dag.py:3722} INFO - Setting next_dagrun for prueba1 to 2026-07-03T06:00:00+00:00, run_after=2026-07-03T07:00:00+00:00
[2026-07-03T07:18:55.019+0000] {processor.py:179} INFO - Processing /opt/airflow/dags/dag1.py took 0.101 seconds
[2026-07-03T07:19:25.482+0000] {processor.py:157} INFO - Started process (PID=451) to work on /opt/airflow/dags/dag1.py
[2026-07-03T07:19:25.488+0000] {processor.py:829} INFO - Processing file /opt/airflow/dags/dag1.py for tasks to queue
[2026-07-03T07:19:25.495+0000] {logging_mixin.py:154} INFO - [2026-07-03T07:19:25.494+0000] {dagbag.py:536} INFO - Filling up the DagBag from /opt/airflow/dags/dag1.py
[2026-07-03T07:19:25.551+0000] {processor.py:839} INFO - DAG(s) dict_keys(['prueba1']) retrieved from /opt/airflow/dags/dag1.py
[2026-07-03T07:19:25.651+0000] {logging_mixin.py:154} INFO - [2026-07-03T07:19:25.650+0000] {dag.py:2941} INFO - Sync 1 DAGs
[2026-07-03T07:19:25.732+0000] {logging_mixin.py:154} INFO - [2026-07-03T07:19:25.731+0000] {dag.py:3722} INFO - Setting next_dagrun for prueba1 to 2026-07-03T06:00:00+00:00, run_after=2026-07-03T07:00:00+00:00
[2026-07-03T07:19:25.808+0000] {processor.py:179} INFO - Processing /opt/airflow/dags/dag1.py took 0.381 seconds
[2026-07-03T07:19:56.445+0000] {processor.py:157} INFO - Started process (PID=480) to work on /opt/airflow/dags/dag1.py
[2026-07-03T07:19:56.449+0000] {processor.py:829} INFO - Processing file /opt/airflow/dags/dag1.py for tasks to queue
[2026-07-03T07:19:56.461+0000] {logging_mixin.py:154} INFO - [2026-07-03T07:19:56.458+0000] {dagbag.py:536} INFO - Filling up the DagBag from /opt/airflow/dags/dag1.py
[2026-07-03T07:19:56.534+0000] {processor.py:839} INFO - DAG(s) dict_keys(['prueba1']) retrieved from /opt/airflow/dags/dag1.py
[2026-07-03T07:19:56.686+0000] {logging_mixin.py:154} INFO - [2026-07-03T07:19:56.684+0000] {dag.py:2941} INFO - Sync 1 DAGs
[2026-07-03T07:19:56.792+0000] {logging_mixin.py:154} INFO - [2026-07-03T07:19:56.791+0000] {dag.py:3722} INFO - Setting next_dagrun for prueba1 to 2026-07-03T06:00:00+00:00, run_after=2026-07-03T07:00:00+00:00
[2026-07-03T07:19:56.821+0000] {processor.py:179} INFO - Processing /opt/airflow/dags/dag1.py took 0.396 seconds
[2026-07-03T07:20:27.042+0000] {processor.py:157} INFO - Started process (PID=507) to work on /opt/airflow/dags/dag1.py
[2026-07-03T07:20:27.043+0000] {processor.py:829} INFO - Processing file /opt/airflow/dags/dag1.py for tasks to queue
[2026-07-03T07:20:27.044+0000] {logging_mixin.py:154} INFO - [2026-07-03T07:20:27.043+0000] {dagbag.py:536} INFO - Filling up the DagBag from /opt/airflow/dags/dag1.py
[2026-07-03T07:20:27.055+0000] {processor.py:839} INFO - DAG(s) dict_keys(['prueba1']) retrieved from /opt/airflow/dags/dag1.py
[2026-07-03T07:20:27.089+0000] {logging_mixin.py:154} INFO - [2026-07-03T07:20:27.089+0000] {dag.py:2941} INFO - Sync 1 DAGs
[2026-07-03T07:20:27.118+0000] {logging_mixin.py:154} INFO - [2026-07-03T07:20:27.118+0000] {dag.py:3722} INFO - Setting next_dagrun for prueba1 to 2026-07-03T06:00:00+00:00, run_after=2026-07-03T07:00:00+00:00
[2026-07-03T07:20:27.142+0000] {processor.py:179} INFO - Processing /opt/airflow/dags/dag1.py took 0.103 seconds
[2026-07-03T07:20:57.400+0000] {processor.py:157} INFO - Started process (PID=534) to work on /opt/airflow/dags/dag1.py
[2026-07-03T07:20:57.402+0000] {processor.py:829} INFO - Processing file /opt/airflow/dags/dag1.py for tasks to queue
[2026-07-03T07:20:57.403+0000] {logging_mixin.py:154} INFO - [2026-07-03T07:20:57.403+0000] {dagbag.py:536} INFO - Filling up the DagBag from /opt/airflow/dags/dag1.py
[2026-07-03T07:20:57.417+0000] {processor.py:839} INFO - DAG(s) dict_keys(['prueba1']) retrieved from /opt/airflow/dags/dag1.py
[2026-07-03T07:20:57.453+0000] {logging_mixin.py:154} INFO - [2026-07-03T07:20:57.453+0000] {dag.py:2941} INFO - Sync 1 DAGs
[2026-07-03T07:20:57.484+0000] {logging_mixin.py:154} INFO - [2026-07-03T07:20:57.484+0000] {dag.py:3722} INFO - Setting next_dagrun for prueba1 to 2026-07-03T06:00:00+00:00, run_after=2026-07-03T07:00:00+00:00
[2026-07-03T07:20:57.514+0000] {processor.py:179} INFO - Processing /opt/airflow/dags/dag1.py took 0.118 seconds
[2026-07-03T07:21:27.772+0000] {processor.py:157} INFO - Started process (PID=561) to work on /opt/airflow/dags/dag1.py
[2026-07-03T07:21:27.773+0000] {processor.py:829} INFO - Processing file /opt/airflow/dags/dag1.py for tasks to queue
[2026-07-03T07:21:27.773+0000] {logging_mixin.py:154} INFO - [2026-07-03T07:21:27.773+0000] {dagbag.py:536} INFO - Filling up the DagBag from /opt/airflow/dags/dag1.py
[2026-07-03T07:21:27.785+0000] {processor.py:839} INFO - DAG(s) dict_keys(['prueba1']) retrieved from /opt/airflow/dags/dag1.py
[2026-07-03T07:21:27.818+0000] {logging_mixin.py:154} INFO - [2026-07-03T07:21:27.818+0000] {dag.py:2941} INFO - Sync 1 DAGs
[2026-07-03T07:21:27.847+0000] {logging_mixin.py:154} INFO - [2026-07-03T07:21:27.847+0000] {dag.py:3722} INFO - Setting next_dagrun for prueba1 to 2026-07-03T06:00:00+00:00, run_after=2026-07-03T07:00:00+00:00
[2026-07-03T07:21:27.869+0000] {processor.py:179} INFO - Processing /opt/airflow/dags/dag1.py took 0.100 seconds
[2026-07-03T07:21:58.172+0000] {processor.py:157} INFO - Started process (PID=588) to work on /opt/airflow/dags/dag1.py
[2026-07-03T07:21:58.175+0000] {processor.py:829} INFO - Processing file /opt/airflow/dags/dag1.py for tasks to queue
[2026-07-03T07:21:58.176+0000] {logging_mixin.py:154} INFO - [2026-07-03T07:21:58.176+0000] {dagbag.py:536} INFO - Filling up the DagBag from /opt/airflow/dags/dag1.py
[2026-07-03T07:21:58.204+0000] {processor.py:839} INFO - DAG(s) dict_keys(['prueba1']) retrieved from /opt/airflow/dags/dag1.py
[2026-07-03T07:21:58.282+0000] {logging_mixin.py:154} INFO - [2026-07-03T07:21:58.281+0000] {dag.py:2941} INFO - Sync 1 DAGs
[2026-07-03T07:21:58.356+0000] {logging_mixin.py:154} INFO - [2026-07-03T07:21:58.355+0000] {dag.py:3722} INFO - Setting next_dagrun for prueba1 to 2026-07-03T06:00:00+00:00, run_after=2026-07-03T07:00:00+00:00
[2026-07-03T07:21:58.411+0000] {processor.py:179} INFO - Processing /opt/airflow/dags/dag1.py took 0.245 seconds
[2026-07-03T07:22:28.633+0000] {processor.py:157} INFO - Started process (PID=617) to work on /opt/airflow/dags/dag1.py
[2026-07-03T07:22:28.633+0000] {processor.py:829} INFO - Processing file /opt/airflow/dags/dag1.py for tasks to queue
[2026-07-03T07:22:28.634+0000] {logging_mixin.py:154} INFO - [2026-07-03T07:22:28.634+0000] {dagbag.py:536} INFO - Filling up the DagBag from /opt/airflow/dags/dag1.py
[2026-07-03T07:22:28.686+0000] {processor.py:839} INFO - DAG(s) dict_keys(['prueba1']) retrieved from /opt/airflow/dags/dag1.py
[2026-07-03T07:22:28.731+0000] {logging_mixin.py:154} INFO - [2026-07-03T07:22:28.731+0000] {dag.py:2941} INFO - Sync 1 DAGs
[2026-07-03T07:22:28.757+0000] {logging_mixin.py:154} INFO - [2026-07-03T07:22:28.757+0000] {dag.py:3722} INFO - Setting next_dagrun for prueba1 to 2026-07-03T06:00:00+00:00, run_after=2026-07-03T07:00:00+00:00
[2026-07-03T07:22:28.776+0000] {processor.py:179} INFO - Processing /opt/airflow/dags/dag1.py took 0.147 seconds
[2026-07-03T07:22:59.057+0000] {processor.py:157} INFO - Started process (PID=644) to work on /opt/airflow/dags/dag1.py
[2026-07-03T07:22:59.062+0000] {processor.py:829} INFO - Processing file /opt/airflow/dags/dag1.py for tasks to queue
[2026-07-03T07:22:59.063+0000] {logging_mixin.py:154} INFO - [2026-07-03T07:22:59.063+0000] {dagbag.py:536} INFO - Filling up the DagBag from /opt/airflow/dags/dag1.py
[2026-07-03T07:22:59.073+0000] {processor.py:839} INFO - DAG(s) dict_keys(['prueba1']) retrieved from /opt/airflow/dags/dag1.py
[2026-07-03T07:22:59.104+0000] {logging_mixin.py:154} INFO - [2026-07-03T07:22:59.104+0000] {dag.py:2941} INFO - Sync 1 DAGs
[2026-07-03T07:22:59.129+0000] {logging_mixin.py:154} INFO - [2026-07-03T07:22:59.128+0000] {dag.py:3722} INFO - Setting next_dagrun for prueba1 to 2026-07-03T06:00:00+00:00, run_after=2026-07-03T07:00:00+00:00
[2026-07-03T07:22:59.159+0000] {processor.py:179} INFO - Processing /opt/airflow/dags/dag1.py took 0.106 seconds
[2026-07-03T07:23:29.527+0000] {processor.py:157} INFO - Started process (PID=677) to work on /opt/airflow/dags/dag1.py
[2026-07-03T07:23:29.529+0000] {processor.py:829} INFO - Processing file /opt/airflow/dags/dag1.py for tasks to queue
[2026-07-03T07:23:29.532+0000] {logging_mixin.py:154} INFO - [2026-07-03T07:23:29.531+0000] {dagbag.py:536} INFO - Filling up the DagBag from /opt/airflow/dags/dag1.py
[2026-07-03T07:23:29.614+0000] {processor.py:839} INFO - DAG(s) dict_keys(['prueba1']) retrieved from /opt/airflow/dags/dag1.py
[2026-07-03T07:23:29.864+0000] {logging_mixin.py:154} INFO - [2026-07-03T07:23:29.863+0000] {dag.py:2941} INFO - Sync 1 DAGs
[2026-07-03T07:23:29.986+0000] {logging_mixin.py:154} INFO - [2026-07-03T07:23:29.986+0000] {dag.py:3722} INFO - Setting next_dagrun for prueba1 to 2026-07-03T06:00:00+00:00, run_after=2026-07-03T07:00:00+00:00
[2026-07-03T07:23:30.039+0000] {processor.py:179} INFO - Processing /opt/airflow/dags/dag1.py took 0.542 seconds
[2026-07-03T07:24:00.240+0000] {processor.py:157} INFO - Started process (PID=698) to work on /opt/airflow/dags/dag1.py
[2026-07-03T07:24:00.243+0000] {processor.py:829} INFO - Processing file /opt/airflow/dags/dag1.py for tasks to queue
[2026-07-03T07:24:00.244+0000] {logging_mixin.py:154} INFO - [2026-07-03T07:24:00.244+0000] {dagbag.py:536} INFO - Filling up the DagBag from /opt/airflow/dags/dag1.py
[2026-07-03T07:24:00.255+0000] {processor.py:839} INFO - DAG(s) dict_keys(['prueba1']) retrieved from /opt/airflow/dags/dag1.py
[2026-07-03T07:24:00.288+0000] {logging_mixin.py:154} INFO - [2026-07-03T07:24:00.288+0000] {dag.py:2941} INFO - Sync 1 DAGs
[2026-07-03T07:24:00.311+0000] {logging_mixin.py:154} INFO - [2026-07-03T07:24:00.311+0000] {dag.py:3722} INFO - Setting next_dagrun for prueba1 to 2026-07-03T06:00:00+00:00, run_after=2026-07-03T07:00:00+00:00
[2026-07-03T07:24:00.343+0000] {processor.py:179} INFO - Processing /opt/airflow/dags/dag1.py took 0.105 seconds
[2026-07-03T07:24:30.611+0000] {processor.py:157} INFO - Started process (PID=725) to work on /opt/airflow/dags/dag1.py
[2026-07-03T07:24:30.612+0000] {processor.py:829} INFO - Processing file /opt/airflow/dags/dag1.py for tasks to queue
[2026-07-03T07:24:30.614+0000] {logging_mixin.py:154} INFO - [2026-07-03T07:24:30.613+0000] {dagbag.py:536} INFO - Filling up the DagBag from /opt/airflow/dags/dag1.py
[2026-07-03T07:24:30.636+0000] {processor.py:839} INFO - DAG(s) dict_keys(['prueba1']) retrieved from /opt/airflow/dags/dag1.py
[2026-07-03T07:24:30.693+0000] {logging_mixin.py:154} INFO - [2026-07-03T07:24:30.692+0000] {dag.py:2941} INFO - Sync 1 DAGs
[2026-07-03T07:24:30.734+0000] {logging_mixin.py:154} INFO - [2026-07-03T07:24:30.733+0000] {dag.py:3722} INFO - Setting next_dagrun for prueba1 to 2026-07-03T06:00:00+00:00, run_after=2026-07-03T07:00:00+00:00
[2026-07-03T07:24:30.768+0000] {processor.py:179} INFO - Processing /opt/airflow/dags/dag1.py took 0.164 seconds
[2026-07-03T07:25:00.986+0000] {processor.py:157} INFO - Started process (PID=752) to work on /opt/airflow/dags/dag1.py
[2026-07-03T07:25:00.994+0000] {processor.py:829} INFO - Processing file /opt/airflow/dags/dag1.py for tasks to queue
[2026-07-03T07:25:00.996+0000] {logging_mixin.py:154} INFO - [2026-07-03T07:25:00.995+0000] {dagbag.py:536} INFO - Filling up the DagBag from /opt/airflow/dags/dag1.py
[2026-07-03T07:25:01.021+0000] {processor.py:839} INFO - DAG(s) dict_keys(['prueba1']) retrieved from /opt/airflow/dags/dag1.py
[2026-07-03T07:25:01.072+0000] {logging_mixin.py:154} INFO - [2026-07-03T07:25:01.071+0000] {dag.py:2941} INFO - Sync 1 DAGs
[2026-07-03T07:25:01.101+0000] {logging_mixin.py:154} INFO - [2026-07-03T07:25:01.101+0000] {dag.py:3722} INFO - Setting next_dagrun for prueba1 to 2026-07-03T06:00:00+00:00, run_after=2026-07-03T07:00:00+00:00
[2026-07-03T07:25:01.127+0000] {processor.py:179} INFO - Processing /opt/airflow/dags/dag1.py took 0.149 seconds
[2026-07-03T07:25:31.333+0000] {processor.py:157} INFO - Started process (PID=779) to work on /opt/airflow/dags/dag1.py
[2026-07-03T07:25:31.339+0000] {processor.py:829} INFO - Processing file /opt/airflow/dags/dag1.py for tasks to queue
[2026-07-03T07:25:31.340+0000] {logging_mixin.py:154} INFO - [2026-07-03T07:25:31.339+0000] {dagbag.py:536} INFO - Filling up the DagBag from /opt/airflow/dags/dag1.py
[2026-07-03T07:25:31.352+0000] {processor.py:839} INFO - DAG(s) dict_keys(['prueba1']) retrieved from /opt/airflow/dags/dag1.py
[2026-07-03T07:25:31.380+0000] {logging_mixin.py:154} INFO - [2026-07-03T07:25:31.380+0000] {dag.py:2941} INFO - Sync 1 DAGs
[2026-07-03T07:25:31.404+0000] {logging_mixin.py:154} INFO - [2026-07-03T07:25:31.404+0000] {dag.py:3722} INFO - Setting next_dagrun for prueba1 to 2026-07-03T06:00:00+00:00, run_after=2026-07-03T07:00:00+00:00
[2026-07-03T07:25:31.435+0000] {processor.py:179} INFO - Processing /opt/airflow/dags/dag1.py took 0.104 seconds
[2026-07-03T07:26:01.695+0000] {processor.py:157} INFO - Started process (PID=806) to work on /opt/airflow/dags/dag1.py
[2026-07-03T07:26:01.699+0000] {processor.py:829} INFO - Processing file /opt/airflow/dags/dag1.py for tasks to queue
[2026-07-03T07:26:01.700+0000] {logging_mixin.py:154} INFO - [2026-07-03T07:26:01.699+0000] {dagbag.py:536} INFO - Filling up the DagBag from /opt/airflow/dags/dag1.py
[2026-07-03T07:26:01.710+0000] {processor.py:839} INFO - DAG(s) dict_keys(['prueba1']) retrieved from /opt/airflow/dags/dag1.py
[2026-07-03T07:26:01.738+0000] {logging_mixin.py:154} INFO - [2026-07-03T07:26:01.737+0000] {dag.py:2941} INFO - Sync 1 DAGs
[2026-07-03T07:26:01.764+0000] {logging_mixin.py:154} INFO - [2026-07-03T07:26:01.764+0000] {dag.py:3722} INFO - Setting next_dagrun for prueba1 to 2026-07-03T06:00:00+00:00, run_after=2026-07-03T07:00:00+00:00
[2026-07-03T07:26:01.794+0000] {processor.py:179} INFO - Processing /opt/airflow/dags/dag1.py took 0.103 seconds
[2026-07-03T07:26:32.059+0000] {processor.py:157} INFO - Started process (PID=833) to work on /opt/airflow/dags/dag1.py
[2026-07-03T07:26:32.060+0000] {processor.py:829} INFO - Processing file /opt/airflow/dags/dag1.py for tasks to queue
[2026-07-03T07:26:32.061+0000] {logging_mixin.py:154} INFO - [2026-07-03T07:26:32.061+0000] {dagbag.py:536} INFO - Filling up the DagBag from /opt/airflow/dags/dag1.py
[2026-07-03T07:26:32.072+0000] {processor.py:839} INFO - DAG(s) dict_keys(['prueba1']) retrieved from /opt/airflow/dags/dag1.py
[2026-07-03T07:26:32.109+0000] {logging_mixin.py:154} INFO - [2026-07-03T07:26:32.109+0000] {dag.py:2941} INFO - Sync 1 DAGs
[2026-07-03T07:26:32.145+0000] {logging_mixin.py:154} INFO - [2026-07-03T07:26:32.145+0000] {dag.py:3722} INFO - Setting next_dagrun for prueba1 to 2026-07-03T06:00:00+00:00, run_after=2026-07-03T07:00:00+00:00
[2026-07-03T07:26:32.178+0000] {processor.py:179} INFO - Processing /opt/airflow/dags/dag1.py took 0.122 seconds
[2026-07-03T07:27:02.445+0000] {processor.py:157} INFO - Started process (PID=862) to work on /opt/airflow/dags/dag1.py
[2026-07-03T07:27:02.446+0000] {processor.py:829} INFO - Processing file /opt/airflow/dags/dag1.py for tasks to queue
[2026-07-03T07:27:02.446+0000] {logging_mixin.py:154} INFO - [2026-07-03T07:27:02.446+0000] {dagbag.py:536} INFO - Filling up the DagBag from /opt/airflow/dags/dag1.py
[2026-07-03T07:27:02.457+0000] {processor.py:839} INFO - DAG(s) dict_keys(['prueba1']) retrieved from /opt/airflow/dags/dag1.py
[2026-07-03T07:27:02.486+0000] {logging_mixin.py:154} INFO - [2026-07-03T07:27:02.486+0000] {dag.py:2941} INFO - Sync 1 DAGs
[2026-07-03T07:27:02.512+0000] {logging_mixin.py:154} INFO - [2026-07-03T07:27:02.512+0000] {dag.py:3722} INFO - Setting next_dagrun for prueba1 to 2026-07-03T06:00:00+00:00, run_after=2026-07-03T07:00:00+00:00
[2026-07-03T07:27:02.536+0000] {processor.py:179} INFO - Processing /opt/airflow/dags/dag1.py took 0.095 seconds
[2026-07-03T07:27:32.818+0000] {processor.py:157} INFO - Started process (PID=889) to work on /opt/airflow/dags/dag1.py
[2026-07-03T07:27:32.819+0000] {processor.py:829} INFO - Processing file /opt/airflow/dags/dag1.py for tasks to queue
[2026-07-03T07:27:32.820+0000] {logging_mixin.py:154} INFO - [2026-07-03T07:27:32.820+0000] {dagbag.py:536} INFO - Filling up the DagBag from /opt/airflow/dags/dag1.py
[2026-07-03T07:27:32.834+0000] {processor.py:839} INFO - DAG(s) dict_keys(['prueba1']) retrieved from /opt/airflow/dags/dag1.py
[2026-07-03T07:27:32.866+0000] {logging_mixin.py:154} INFO - [2026-07-03T07:27:32.866+0000] {dag.py:2941} INFO - Sync 1 DAGs
[2026-07-03T07:27:32.890+0000] {logging_mixin.py:154} INFO - [2026-07-03T07:27:32.890+0000] {dag.py:3722} INFO - Setting next_dagrun for prueba1 to 2026-07-03T06:00:00+00:00, run_after=2026-07-03T07:00:00+00:00
[2026-07-03T07:27:32.917+0000] {processor.py:179} INFO - Processing /opt/airflow/dags/dag1.py took 0.103 seconds
[2026-07-03T07:28:03.188+0000] {processor.py:157} INFO - Started process (PID=921) to work on /opt/airflow/dags/dag1.py
[2026-07-03T07:28:03.188+0000] {processor.py:829} INFO - Processing file /opt/airflow/dags/dag1.py for tasks to queue
[2026-07-03T07:28:03.189+0000] {logging_mixin.py:154} INFO - [2026-07-03T07:28:03.189+0000] {dagbag.py:536} INFO - Filling up the DagBag from /opt/airflow/dags/dag1.py
[2026-07-03T07:28:03.204+0000] {processor.py:839} INFO - DAG(s) dict_keys(['prueba1']) retrieved from /opt/airflow/dags/dag1.py
[2026-07-03T07:28:03.242+0000] {logging_mixin.py:154} INFO - [2026-07-03T07:28:03.241+0000] {dag.py:2941} INFO - Sync 1 DAGs
[2026-07-03T07:28:03.270+0000] {logging_mixin.py:154} INFO - [2026-07-03T07:28:03.270+0000] {dag.py:3722} INFO - Setting next_dagrun for prueba1 to 2026-07-03T06:00:00+00:00, run_after=2026-07-03T07:00:00+00:00
[2026-07-03T07:28:03.294+0000] {processor.py:179} INFO - Processing /opt/airflow/dags/dag1.py took 0.109 seconds
[2026-07-03T07:28:33.611+0000] {processor.py:157} INFO - Started process (PID=950) to work on /opt/airflow/dags/dag1.py
[2026-07-03T07:28:33.612+0000] {processor.py:829} INFO - Processing file /opt/airflow/dags/dag1.py for tasks to queue
[2026-07-03T07:28:33.613+0000] {logging_mixin.py:154} INFO - [2026-07-03T07:28:33.613+0000] {dagbag.py:536} INFO - Filling up the DagBag from /opt/airflow/dags/dag1.py
[2026-07-03T07:28:33.625+0000] {processor.py:839} INFO - DAG(s) dict_keys(['prueba1']) retrieved from /opt/airflow/dags/dag1.py
[2026-07-03T07:28:33.660+0000] {logging_mixin.py:154} INFO - [2026-07-03T07:28:33.660+0000] {dag.py:2941} INFO - Sync 1 DAGs
[2026-07-03T07:28:33.693+0000] {logging_mixin.py:154} INFO - [2026-07-03T07:28:33.692+0000] {dag.py:3722} INFO - Setting next_dagrun for prueba1 to 2026-07-03T06:00:00+00:00, run_after=2026-07-03T07:00:00+00:00
[2026-07-03T07:28:33.714+0000] {processor.py:179} INFO - Processing /opt/airflow/dags/dag1.py took 0.107 seconds
[2026-07-03T07:29:03.974+0000] {processor.py:157} INFO - Started process (PID=977) to work on /opt/airflow/dags/dag1.py
[2026-07-03T07:29:03.975+0000] {processor.py:829} INFO - Processing file /opt/airflow/dags/dag1.py for tasks to queue
[2026-07-03T07:29:03.976+0000] {logging_mixin.py:154} INFO - [2026-07-03T07:29:03.976+0000] {dagbag.py:536} INFO - Filling up the DagBag from /opt/airflow/dags/dag1.py
[2026-07-03T07:29:03.989+0000] {processor.py:839} INFO - DAG(s) dict_keys(['prueba1']) retrieved from /opt/airflow/dags/dag1.py
[2026-07-03T07:29:04.021+0000] {logging_mixin.py:154} INFO - [2026-07-03T07:29:04.021+0000] {dag.py:2941} INFO - Sync 1 DAGs
[2026-07-03T07:29:04.048+0000] {logging_mixin.py:154} INFO - [2026-07-03T07:29:04.047+0000] {dag.py:3722} INFO - Setting next_dagrun for prueba1 to 2026-07-03T06:00:00+00:00, run_after=2026-07-03T07:00:00+00:00
[2026-07-03T07:29:04.078+0000] {processor.py:179} INFO - Processing /opt/airflow/dags/dag1.py took 0.109 seconds
[2026-07-03T07:29:34.387+0000] {processor.py:157} INFO - Started process (PID=1005) to work on /opt/airflow/dags/dag1.py
[2026-07-03T07:29:34.388+0000] {processor.py:829} INFO - Processing file /opt/airflow/dags/dag1.py for tasks to queue
[2026-07-03T07:29:34.389+0000] {logging_mixin.py:154} INFO - [2026-07-03T07:29:34.389+0000] {dagbag.py:536} INFO - Filling up the DagBag from /opt/airflow/dags/dag1.py
[2026-07-03T07:29:34.399+0000] {processor.py:839} INFO - DAG(s) dict_keys(['prueba1']) retrieved from /opt/airflow/dags/dag1.py
[2026-07-03T07:29:34.425+0000] {logging_mixin.py:154} INFO - [2026-07-03T07:29:34.424+0000] {dag.py:2941} INFO - Sync 1 DAGs
[2026-07-03T07:29:34.445+0000] {logging_mixin.py:154} INFO - [2026-07-03T07:29:34.445+0000] {dag.py:3722} INFO - Setting next_dagrun for prueba1 to 2026-07-03T06:00:00+00:00, run_after=2026-07-03T07:00:00+00:00
[2026-07-03T07:29:34.466+0000] {processor.py:179} INFO - Processing /opt/airflow/dags/dag1.py took 0.082 seconds
[2026-07-03T07:30:04.743+0000] {processor.py:157} INFO - Started process (PID=1032) to work on /opt/airflow/dags/dag1.py
[2026-07-03T07:30:04.744+0000] {processor.py:829} INFO - Processing file /opt/airflow/dags/dag1.py for tasks to queue
[2026-07-03T07:30:04.745+0000] {logging_mixin.py:154} INFO - [2026-07-03T07:30:04.744+0000] {dagbag.py:536} INFO - Filling up the DagBag from /opt/airflow/dags/dag1.py
[2026-07-03T07:30:04.754+0000] {processor.py:839} INFO - DAG(s) dict_keys(['prueba1']) retrieved from /opt/airflow/dags/dag1.py
[2026-07-03T07:30:04.779+0000] {logging_mixin.py:154} INFO - [2026-07-03T07:30:04.779+0000] {dag.py:2941} INFO - Sync 1 DAGs
[2026-07-03T07:30:04.802+0000] {logging_mixin.py:154} INFO - [2026-07-03T07:30:04.802+0000] {dag.py:3722} INFO - Setting next_dagrun for prueba1 to 2026-07-03T06:00:00+00:00, run_after=2026-07-03T07:00:00+00:00
[2026-07-03T07:30:04.824+0000] {processor.py:179} INFO - Processing /opt/airflow/dags/dag1.py took 0.083 seconds
[2026-07-03T07:30:35.107+0000] {processor.py:157} INFO - Started process (PID=1059) to work on /opt/airflow/dags/dag1.py
[2026-07-03T07:30:35.112+0000] {processor.py:829} INFO - Processing file /opt/airflow/dags/dag1.py for tasks to queue
[2026-07-03T07:30:35.113+0000] {logging_mixin.py:154} INFO - [2026-07-03T07:30:35.113+0000] {dagbag.py:536} INFO - Filling up the DagBag from /opt/airflow/dags/dag1.py
[2026-07-03T07:30:35.125+0000] {processor.py:839} INFO - DAG(s) dict_keys(['prueba1']) retrieved from /opt/airflow/dags/dag1.py
[2026-07-03T07:30:35.157+0000] {logging_mixin.py:154} INFO - [2026-07-03T07:30:35.157+0000] {dag.py:2941} INFO - Sync 1 DAGs
[2026-07-03T07:30:35.184+0000] {logging_mixin.py:154} INFO - [2026-07-03T07:30:35.184+0000] {dag.py:3722} INFO - Setting next_dagrun for prueba1 to 2026-07-03T06:00:00+00:00, run_after=2026-07-03T07:00:00+00:00
[2026-07-03T07:30:35.205+0000] {processor.py:179} INFO - Processing /opt/airflow/dags/dag1.py took 0.101 seconds
[2026-07-03T07:31:05.505+0000] {processor.py:157} INFO - Started process (PID=1086) to work on /opt/airflow/dags/dag1.py
[2026-07-03T07:31:05.506+0000] {processor.py:829} INFO - Processing file /opt/airflow/dags/dag1.py for tasks to queue
[2026-07-03T07:31:05.507+0000] {logging_mixin.py:154} INFO - [2026-07-03T07:31:05.506+0000] {dagbag.py:536} INFO - Filling up the DagBag from /opt/airflow/dags/dag1.py
[2026-07-03T07:31:05.519+0000] {processor.py:839} INFO - DAG(s) dict_keys(['prueba1']) retrieved from /opt/airflow/dags/dag1.py
[2026-07-03T07:31:05.552+0000] {logging_mixin.py:154} INFO - [2026-07-03T07:31:05.552+0000] {dag.py:2941} INFO - Sync 1 DAGs
[2026-07-03T07:31:05.575+0000] {logging_mixin.py:154} INFO - [2026-07-03T07:31:05.575+0000] {dag.py:3722} INFO - Setting next_dagrun for prueba1 to 2026-07-03T06:00:00+00:00, run_after=2026-07-03T07:00:00+00:00
[2026-07-03T07:31:05.596+0000] {processor.py:179} INFO - Processing /opt/airflow/dags/dag1.py took 0.093 seconds
[2026-07-03T07:31:35.938+0000] {processor.py:157} INFO - Started process (PID=1118) to work on /opt/airflow/dags/dag1.py
[2026-07-03T07:31:35.942+0000] {processor.py:829} INFO - Processing file /opt/airflow/dags/dag1.py for tasks to queue
[2026-07-03T07:31:35.943+0000] {logging_mixin.py:154} INFO - [2026-07-03T07:31:35.942+0000] {dagbag.py:536} INFO - Filling up the DagBag from /opt/airflow/dags/dag1.py
[2026-07-03T07:31:35.956+0000] {processor.py:839} INFO - DAG(s) dict_keys(['prueba1']) retrieved from /opt/airflow/dags/dag1.py
[2026-07-03T07:31:35.996+0000] {logging_mixin.py:154} INFO - [2026-07-03T07:31:35.996+0000] {dag.py:2941} INFO - Sync 1 DAGs
[2026-07-03T07:31:36.026+0000] {logging_mixin.py:154} INFO - [2026-07-03T07:31:36.026+0000] {dag.py:3722} INFO - Setting next_dagrun for prueba1 to 2026-07-03T06:00:00+00:00, run_after=2026-07-03T07:00:00+00:00
[2026-07-03T07:31:36.046+0000] {processor.py:179} INFO - Processing /opt/airflow/dags/dag1.py took 0.112 seconds
[2026-07-03T07:32:06.335+0000] {processor.py:157} INFO - Started process (PID=1138) to work on /opt/airflow/dags/dag1.py
[2026-07-03T07:32:06.335+0000] {processor.py:829} INFO - Processing file /opt/airflow/dags/dag1.py for tasks to queue
[2026-07-03T07:32:06.336+0000] {logging_mixin.py:154} INFO - [2026-07-03T07:32:06.336+0000] {dagbag.py:536} INFO - Filling up the DagBag from /opt/airflow/dags/dag1.py
[2026-07-03T07:32:06.351+0000] {processor.py:839} INFO - DAG(s) dict_keys(['prueba1']) retrieved from /opt/airflow/dags/dag1.py
[2026-07-03T07:32:06.384+0000] {logging_mixin.py:154} INFO - [2026-07-03T07:32:06.384+0000] {dag.py:2941} INFO - Sync 1 DAGs
[2026-07-03T07:32:06.410+0000] {logging_mixin.py:154} INFO - [2026-07-03T07:32:06.410+0000] {dag.py:3722} INFO - Setting next_dagrun for prueba1 to 2026-07-03T06:00:00+00:00, run_after=2026-07-03T07:00:00+00:00
[2026-07-03T07:32:06.437+0000] {processor.py:179} INFO - Processing /opt/airflow/dags/dag1.py took 0.109 seconds
[2026-07-03T07:32:36.740+0000] {processor.py:157} INFO - Started process (PID=1165) to work on /opt/airflow/dags/dag1.py
[2026-07-03T07:32:36.746+0000] {processor.py:829} INFO - Processing file /opt/airflow/dags/dag1.py for tasks to queue
[2026-07-03T07:32:36.753+0000] {logging_mixin.py:154} INFO - [2026-07-03T07:32:36.752+0000] {dagbag.py:536} INFO - Filling up the DagBag from /opt/airflow/dags/dag1.py
[2026-07-03T07:32:36.777+0000] {processor.py:839} INFO - DAG(s) dict_keys(['prueba1']) retrieved from /opt/airflow/dags/dag1.py
[2026-07-03T07:32:36.831+0000] {logging_mixin.py:154} INFO - [2026-07-03T07:32:36.831+0000] {dag.py:2941} INFO - Sync 1 DAGs
[2026-07-03T07:32:36.879+0000] {logging_mixin.py:154} INFO - [2026-07-03T07:32:36.879+0000] {dag.py:3722} INFO - Setting next_dagrun for prueba1 to 2026-07-03T06:00:00+00:00, run_after=2026-07-03T07:00:00+00:00
[2026-07-03T07:32:36.909+0000] {processor.py:179} INFO - Processing /opt/airflow/dags/dag1.py took 0.174 seconds
[2026-07-03T07:33:07.104+0000] {processor.py:157} INFO - Started process (PID=1192) to work on /opt/airflow/dags/dag1.py
[2026-07-03T07:33:07.105+0000] {processor.py:829} INFO - Processing file /opt/airflow/dags/dag1.py for tasks to queue
[2026-07-03T07:33:07.106+0000] {logging_mixin.py:154} INFO - [2026-07-03T07:33:07.106+0000] {dagbag.py:536} INFO - Filling up the DagBag from /opt/airflow/dags/dag1.py
[2026-07-03T07:33:07.116+0000] {processor.py:839} INFO - DAG(s) dict_keys(['prueba1']) retrieved from /opt/airflow/dags/dag1.py
[2026-07-03T07:33:07.151+0000] {logging_mixin.py:154} INFO - [2026-07-03T07:33:07.151+0000] {dag.py:2941} INFO - Sync 1 DAGs
[2026-07-03T07:33:07.179+0000] {logging_mixin.py:154} INFO - [2026-07-03T07:33:07.179+0000] {dag.py:3722} INFO - Setting next_dagrun for prueba1 to 2026-07-03T06:00:00+00:00, run_after=2026-07-03T07:00:00+00:00
[2026-07-03T07:33:07.200+0000] {processor.py:179} INFO - Processing /opt/airflow/dags/dag1.py took 0.099 seconds
[2026-07-03T07:33:37.488+0000] {processor.py:157} INFO - Started process (PID=1219) to work on /opt/airflow/dags/dag1.py
[2026-07-03T07:33:37.489+0000] {processor.py:829} INFO - Processing file /opt/airflow/dags/dag1.py for tasks to queue
[2026-07-03T07:33:37.490+0000] {logging_mixin.py:154} INFO - [2026-07-03T07:33:37.490+0000] {dagbag.py:536} INFO - Filling up the DagBag from /opt/airflow/dags/dag1.py
[2026-07-03T07:33:37.500+0000] {processor.py:839} INFO - DAG(s) dict_keys(['prueba1']) retrieved from /opt/airflow/dags/dag1.py
[2026-07-03T07:33:37.531+0000] {logging_mixin.py:154} INFO - [2026-07-03T07:33:37.531+0000] {dag.py:2941} INFO - Sync 1 DAGs
[2026-07-03T07:33:37.553+0000] {logging_mixin.py:154} INFO - [2026-07-03T07:33:37.553+0000] {dag.py:3722} INFO - Setting next_dagrun for prueba1 to 2026-07-03T06:00:00+00:00, run_after=2026-07-03T07:00:00+00:00
[2026-07-03T07:33:37.596+0000] {processor.py:179} INFO - Processing /opt/airflow/dags/dag1.py took 0.111 seconds
[2026-07-03T07:34:07.791+0000] {processor.py:157} INFO - Started process (PID=1246) to work on /opt/airflow/dags/dag1.py
[2026-07-03T07:34:07.792+0000] {processor.py:829} INFO - Processing file /opt/airflow/dags/dag1.py for tasks to queue
[2026-07-03T07:34:07.793+0000] {logging_mixin.py:154} INFO - [2026-07-03T07:34:07.792+0000] {dagbag.py:536} INFO - Filling up the DagBag from /opt/airflow/dags/dag1.py
[2026-07-03T07:34:07.802+0000] {processor.py:839} INFO - DAG(s) dict_keys(['prueba1']) retrieved from /opt/airflow/dags/dag1.py
[2026-07-03T07:34:07.832+0000] {logging_mixin.py:154} INFO - [2026-07-03T07:34:07.831+0000] {dag.py:2941} INFO - Sync 1 DAGs
[2026-07-03T07:34:07.855+0000] {logging_mixin.py:154} INFO - [2026-07-03T07:34:07.854+0000] {dag.py:3722} INFO - Setting next_dagrun for prueba1 to 2026-07-03T06:00:00+00:00, run_after=2026-07-03T07:00:00+00:00
[2026-07-03T07:34:07.875+0000] {processor.py:179} INFO - Processing /opt/airflow/dags/dag1.py took 0.087 seconds
[2026-07-03T07:34:38.198+0000] {processor.py:157} INFO - Started process (PID=1273) to work on /opt/airflow/dags/dag1.py
[2026-07-03T07:34:38.202+0000] {processor.py:829} INFO - Processing file /opt/airflow/dags/dag1.py for tasks to queue
[2026-07-03T07:34:38.203+0000] {logging_mixin.py:154} INFO - [2026-07-03T07:34:38.203+0000] {dagbag.py:536} INFO - Filling up the DagBag from /opt/airflow/dags/dag1.py
[2026-07-03T07:34:38.219+0000] {processor.py:839} INFO - DAG(s) dict_keys(['prueba1']) retrieved from /opt/airflow/dags/dag1.py
[2026-07-03T07:34:38.253+0000] {logging_mixin.py:154} INFO - [2026-07-03T07:34:38.252+0000] {dag.py:2941} INFO - Sync 1 DAGs
[2026-07-03T07:34:38.280+0000] {logging_mixin.py:154} INFO - [2026-07-03T07:34:38.279+0000] {dag.py:3722} INFO - Setting next_dagrun for prueba1 to 2026-07-03T06:00:00+00:00, run_after=2026-07-03T07:00:00+00:00
[2026-07-03T07:34:38.306+0000] {processor.py:179} INFO - Processing /opt/airflow/dags/dag1.py took 0.114 seconds
[2026-07-03T07:35:08.620+0000] {processor.py:157} INFO - Started process (PID=1300) to work on /opt/airflow/dags/dag1.py
[2026-07-03T07:35:08.620+0000] {processor.py:829} INFO - Processing file /opt/airflow/dags/dag1.py for tasks to queue
[2026-07-03T07:35:08.621+0000] {logging_mixin.py:154} INFO - [2026-07-03T07:35:08.621+0000] {dagbag.py:536} INFO - Filling up the DagBag from /opt/airflow/dags/dag1.py
[2026-07-03T07:35:08.631+0000] {processor.py:839} INFO - DAG(s) dict_keys(['prueba1']) retrieved from /opt/airflow/dags/dag1.py
[2026-07-03T07:35:08.656+0000] {logging_mixin.py:154} INFO - [2026-07-03T07:35:08.656+0000] {dag.py:2941} INFO - Sync 1 DAGs
[2026-07-03T07:35:08.679+0000] {logging_mixin.py:154} INFO - [2026-07-03T07:35:08.679+0000] {dag.py:3722} INFO - Setting next_dagrun for prueba1 to 2026-07-03T06:00:00+00:00, run_after=2026-07-03T07:00:00+00:00
[2026-07-03T07:35:08.709+0000] {processor.py:179} INFO - Processing /opt/airflow/dags/dag1.py took 0.092 seconds
