[2026-07-03T06:53:40.446+0000] {processor.py:157} INFO - Started process (PID=478) to work on /opt/airflow/dags/fichero.py
[2026-07-03T06:53:40.459+0000] {processor.py:829} INFO - Processing file /opt/airflow/dags/fichero.py for tasks to queue
[2026-07-03T06:53:40.473+0000] {logging_mixin.py:154} INFO - [2026-07-03T06:53:40.461+0000] {dagbag.py:536} INFO - Filling up the DagBag from /opt/airflow/dags/fichero.py
[2026-07-03T06:53:40.614+0000] {processor.py:839} INFO - DAG(s) dict_keys(['fichero_dag']) retrieved from /opt/airflow/dags/fichero.py
[2026-07-03T06:53:41.002+0000] {logging_mixin.py:154} INFO - [2026-07-03T06:53:41.001+0000] {dag.py:2941} INFO - Sync 1 DAGs
[2026-07-03T06:53:42.042+0000] {logging_mixin.py:154} INFO - [2026-07-03T06:53:42.041+0000] {dag.py:3722} INFO - Setting next_dagrun for fichero_dag to 2026-07-03T00:00:00+00:00, run_after=2026-07-04T00:00:00+00:00
[2026-07-03T06:53:42.323+0000] {processor.py:179} INFO - Processing /opt/airflow/dags/fichero.py took 1.922 seconds
[2026-07-03T06:54:13.438+0000] {processor.py:157} INFO - Started process (PID=517) to work on /opt/airflow/dags/fichero.py
[2026-07-03T06:54:13.452+0000] {processor.py:829} INFO - Processing file /opt/airflow/dags/fichero.py for tasks to queue
[2026-07-03T06:54:13.465+0000] {logging_mixin.py:154} INFO - [2026-07-03T06:54:13.454+0000] {dagbag.py:536} INFO - Filling up the DagBag from /opt/airflow/dags/fichero.py
[2026-07-03T06:54:13.582+0000] {processor.py:839} INFO - DAG(s) dict_keys(['fichero_dag']) retrieved from /opt/airflow/dags/fichero.py
[2026-07-03T06:54:13.852+0000] {logging_mixin.py:154} INFO - [2026-07-03T06:54:13.851+0000] {dag.py:2941} INFO - Sync 1 DAGs
[2026-07-03T06:54:14.149+0000] {logging_mixin.py:154} INFO - [2026-07-03T06:54:14.147+0000] {dag.py:3722} INFO - Setting next_dagrun for fichero_dag to 2026-07-03T00:00:00+00:00, run_after=2026-07-04T00:00:00+00:00
[2026-07-03T06:54:14.540+0000] {processor.py:179} INFO - Processing /opt/airflow/dags/fichero.py took 1.135 seconds
[2026-07-03T06:54:45.291+0000] {processor.py:157} INFO - Started process (PID=538) to work on /opt/airflow/dags/fichero.py
[2026-07-03T06:54:45.295+0000] {processor.py:829} INFO - Processing file /opt/airflow/dags/fichero.py for tasks to queue
[2026-07-03T06:54:45.299+0000] {logging_mixin.py:154} INFO - [2026-07-03T06:54:45.297+0000] {dagbag.py:536} INFO - Filling up the DagBag from /opt/airflow/dags/fichero.py
[2026-07-03T06:54:45.358+0000] {processor.py:839} INFO - DAG(s) dict_keys(['fichero_dag']) retrieved from /opt/airflow/dags/fichero.py
[2026-07-03T06:54:45.611+0000] {logging_mixin.py:154} INFO - [2026-07-03T06:54:45.610+0000] {dag.py:2941} INFO - Sync 1 DAGs
[2026-07-03T06:54:45.805+0000] {logging_mixin.py:154} INFO - [2026-07-03T06:54:45.805+0000] {dag.py:3722} INFO - Setting next_dagrun for fichero_dag to 2026-07-03T00:00:00+00:00, run_after=2026-07-04T00:00:00+00:00
[2026-07-03T06:54:45.972+0000] {processor.py:179} INFO - Processing /opt/airflow/dags/fichero.py took 0.700 seconds
[2026-07-03T06:55:16.204+0000] {processor.py:157} INFO - Started process (PID=565) to work on /opt/airflow/dags/fichero.py
[2026-07-03T06:55:16.206+0000] {processor.py:829} INFO - Processing file /opt/airflow/dags/fichero.py for tasks to queue
[2026-07-03T06:55:16.217+0000] {logging_mixin.py:154} INFO - [2026-07-03T06:55:16.216+0000] {dagbag.py:536} INFO - Filling up the DagBag from /opt/airflow/dags/fichero.py
[2026-07-03T06:55:16.302+0000] {processor.py:839} INFO - DAG(s) dict_keys(['fichero_dag']) retrieved from /opt/airflow/dags/fichero.py
[2026-07-03T06:55:16.527+0000] {logging_mixin.py:154} INFO - [2026-07-03T06:55:16.526+0000] {dag.py:2941} INFO - Sync 1 DAGs
[2026-07-03T06:55:16.767+0000] {logging_mixin.py:154} INFO - [2026-07-03T06:55:16.766+0000] {dag.py:3722} INFO - Setting next_dagrun for fichero_dag to 2026-07-03T00:00:00+00:00, run_after=2026-07-04T00:00:00+00:00
[2026-07-03T06:55:16.943+0000] {processor.py:179} INFO - Processing /opt/airflow/dags/fichero.py took 0.771 seconds
[2026-07-03T06:55:49.460+0000] {processor.py:157} INFO - Started process (PID=592) to work on /opt/airflow/dags/fichero.py
[2026-07-03T06:55:49.468+0000] {processor.py:829} INFO - Processing file /opt/airflow/dags/fichero.py for tasks to queue
[2026-07-03T06:55:49.472+0000] {logging_mixin.py:154} INFO - [2026-07-03T06:55:49.471+0000] {dagbag.py:536} INFO - Filling up the DagBag from /opt/airflow/dags/fichero.py
[2026-07-03T06:55:49.568+0000] {processor.py:839} INFO - DAG(s) dict_keys(['fichero_dag']) retrieved from /opt/airflow/dags/fichero.py
[2026-07-03T06:55:49.902+0000] {logging_mixin.py:154} INFO - [2026-07-03T06:55:49.901+0000] {dag.py:2941} INFO - Sync 1 DAGs
[2026-07-03T06:55:50.101+0000] {logging_mixin.py:154} INFO - [2026-07-03T06:55:50.100+0000] {dag.py:3722} INFO - Setting next_dagrun for fichero_dag to 2026-07-03T00:00:00+00:00, run_after=2026-07-04T00:00:00+00:00
[2026-07-03T06:55:50.344+0000] {processor.py:179} INFO - Processing /opt/airflow/dags/fichero.py took 1.582 seconds
[2026-07-03T06:56:23.265+0000] {processor.py:157} INFO - Started process (PID=619) to work on /opt/airflow/dags/fichero.py
[2026-07-03T06:56:23.373+0000] {processor.py:829} INFO - Processing file /opt/airflow/dags/fichero.py for tasks to queue
[2026-07-03T06:56:23.507+0000] {logging_mixin.py:154} INFO - [2026-07-03T06:56:23.453+0000] {dagbag.py:536} INFO - Filling up the DagBag from /opt/airflow/dags/fichero.py
[2026-07-03T06:56:25.430+0000] {processor.py:839} INFO - DAG(s) dict_keys(['fichero_dag']) retrieved from /opt/airflow/dags/fichero.py
[2026-07-03T06:56:25.704+0000] {logging_mixin.py:154} INFO - [2026-07-03T06:56:25.704+0000] {dag.py:2941} INFO - Sync 1 DAGs
[2026-07-03T06:56:25.929+0000] {logging_mixin.py:154} INFO - [2026-07-03T06:56:25.918+0000] {dag.py:3722} INFO - Setting next_dagrun for fichero_dag to 2026-07-03T00:00:00+00:00, run_after=2026-07-04T00:00:00+00:00
[2026-07-03T06:56:27.581+0000] {processor.py:179} INFO - Processing /opt/airflow/dags/fichero.py took 5.630 seconds
[2026-07-03T06:56:58.313+0000] {processor.py:157} INFO - Started process (PID=648) to work on /opt/airflow/dags/fichero.py
[2026-07-03T06:56:58.315+0000] {processor.py:829} INFO - Processing file /opt/airflow/dags/fichero.py for tasks to queue
[2026-07-03T06:56:58.328+0000] {logging_mixin.py:154} INFO - [2026-07-03T06:56:58.326+0000] {dagbag.py:536} INFO - Filling up the DagBag from /opt/airflow/dags/fichero.py
[2026-07-03T06:56:58.425+0000] {processor.py:839} INFO - DAG(s) dict_keys(['fichero_dag']) retrieved from /opt/airflow/dags/fichero.py
[2026-07-03T06:56:58.629+0000] {logging_mixin.py:154} INFO - [2026-07-03T06:56:58.620+0000] {dag.py:2941} INFO - Sync 1 DAGs
[2026-07-03T06:56:59.095+0000] {logging_mixin.py:154} INFO - [2026-07-03T06:56:59.094+0000] {dag.py:3722} INFO - Setting next_dagrun for fichero_dag to 2026-07-03T00:00:00+00:00, run_after=2026-07-04T00:00:00+00:00
[2026-07-03T06:56:59.343+0000] {processor.py:179} INFO - Processing /opt/airflow/dags/fichero.py took 1.061 seconds
[2026-07-03T06:57:32.080+0000] {processor.py:157} INFO - Started process (PID=669) to work on /opt/airflow/dags/fichero.py
[2026-07-03T06:57:32.150+0000] {processor.py:829} INFO - Processing file /opt/airflow/dags/fichero.py for tasks to queue
[2026-07-03T06:57:32.228+0000] {logging_mixin.py:154} INFO - [2026-07-03T06:57:32.184+0000] {dagbag.py:536} INFO - Filling up the DagBag from /opt/airflow/dags/fichero.py
[2026-07-03T06:57:33.122+0000] {processor.py:839} INFO - DAG(s) dict_keys(['fichero_dag']) retrieved from /opt/airflow/dags/fichero.py
[2026-07-03T06:57:33.711+0000] {logging_mixin.py:154} INFO - [2026-07-03T06:57:33.710+0000] {dag.py:2941} INFO - Sync 1 DAGs
[2026-07-03T06:57:34.241+0000] {logging_mixin.py:154} INFO - [2026-07-03T06:57:34.234+0000] {dag.py:3722} INFO - Setting next_dagrun for fichero_dag to 2026-07-03T00:00:00+00:00, run_after=2026-07-04T00:00:00+00:00
[2026-07-03T06:57:34.747+0000] {processor.py:179} INFO - Processing /opt/airflow/dags/fichero.py took 2.944 seconds
[2026-07-03T06:58:05.394+0000] {processor.py:157} INFO - Started process (PID=698) to work on /opt/airflow/dags/fichero.py
[2026-07-03T06:58:05.396+0000] {processor.py:829} INFO - Processing file /opt/airflow/dags/fichero.py for tasks to queue
[2026-07-03T06:58:05.399+0000] {logging_mixin.py:154} INFO - [2026-07-03T06:58:05.398+0000] {dagbag.py:536} INFO - Filling up the DagBag from /opt/airflow/dags/fichero.py
[2026-07-03T06:58:05.459+0000] {processor.py:839} INFO - DAG(s) dict_keys(['fichero_dag']) retrieved from /opt/airflow/dags/fichero.py
[2026-07-03T06:58:05.610+0000] {logging_mixin.py:154} INFO - [2026-07-03T06:58:05.609+0000] {dag.py:2941} INFO - Sync 1 DAGs
[2026-07-03T06:58:05.783+0000] {logging_mixin.py:154} INFO - [2026-07-03T06:58:05.783+0000] {dag.py:3722} INFO - Setting next_dagrun for fichero_dag to 2026-07-03T00:00:00+00:00, run_after=2026-07-04T00:00:00+00:00
[2026-07-03T06:58:05.902+0000] {processor.py:179} INFO - Processing /opt/airflow/dags/fichero.py took 0.525 seconds
[2026-07-03T06:58:36.701+0000] {processor.py:157} INFO - Started process (PID=725) to work on /opt/airflow/dags/fichero.py
[2026-07-03T06:58:36.703+0000] {processor.py:829} INFO - Processing file /opt/airflow/dags/fichero.py for tasks to queue
[2026-07-03T06:58:36.705+0000] {logging_mixin.py:154} INFO - [2026-07-03T06:58:36.705+0000] {dagbag.py:536} INFO - Filling up the DagBag from /opt/airflow/dags/fichero.py
[2026-07-03T06:58:36.748+0000] {processor.py:839} INFO - DAG(s) dict_keys(['fichero_dag']) retrieved from /opt/airflow/dags/fichero.py
[2026-07-03T06:58:36.898+0000] {logging_mixin.py:154} INFO - [2026-07-03T06:58:36.898+0000] {dag.py:2941} INFO - Sync 1 DAGs
[2026-07-03T06:58:36.992+0000] {logging_mixin.py:154} INFO - [2026-07-03T06:58:36.991+0000] {dag.py:3722} INFO - Setting next_dagrun for fichero_dag to 2026-07-03T00:00:00+00:00, run_after=2026-07-04T00:00:00+00:00
[2026-07-03T06:58:37.072+0000] {processor.py:179} INFO - Processing /opt/airflow/dags/fichero.py took 0.388 seconds
[2026-07-03T06:59:07.340+0000] {processor.py:157} INFO - Started process (PID=752) to work on /opt/airflow/dags/fichero.py
[2026-07-03T06:59:07.345+0000] {processor.py:829} INFO - Processing file /opt/airflow/dags/fichero.py for tasks to queue
[2026-07-03T06:59:07.346+0000] {logging_mixin.py:154} INFO - [2026-07-03T06:59:07.346+0000] {dagbag.py:536} INFO - Filling up the DagBag from /opt/airflow/dags/fichero.py
[2026-07-03T06:59:07.356+0000] {processor.py:839} INFO - DAG(s) dict_keys(['fichero_dag']) retrieved from /opt/airflow/dags/fichero.py
[2026-07-03T06:59:07.382+0000] {logging_mixin.py:154} INFO - [2026-07-03T06:59:07.382+0000] {dag.py:2941} INFO - Sync 1 DAGs
[2026-07-03T06:59:07.403+0000] {logging_mixin.py:154} INFO - [2026-07-03T06:59:07.403+0000] {dag.py:3722} INFO - Setting next_dagrun for fichero_dag to 2026-07-03T00:00:00+00:00, run_after=2026-07-04T00:00:00+00:00
[2026-07-03T06:59:07.431+0000] {processor.py:179} INFO - Processing /opt/airflow/dags/fichero.py took 0.094 seconds
[2026-07-03T06:59:38.138+0000] {processor.py:157} INFO - Started process (PID=779) to work on /opt/airflow/dags/fichero.py
[2026-07-03T06:59:38.140+0000] {processor.py:829} INFO - Processing file /opt/airflow/dags/fichero.py for tasks to queue
[2026-07-03T06:59:38.142+0000] {logging_mixin.py:154} INFO - [2026-07-03T06:59:38.141+0000] {dagbag.py:536} INFO - Filling up the DagBag from /opt/airflow/dags/fichero.py
[2026-07-03T06:59:38.173+0000] {processor.py:839} INFO - DAG(s) dict_keys(['fichero_dag']) retrieved from /opt/airflow/dags/fichero.py
[2026-07-03T06:59:38.257+0000] {logging_mixin.py:154} INFO - [2026-07-03T06:59:38.257+0000] {dag.py:2941} INFO - Sync 1 DAGs
[2026-07-03T06:59:38.315+0000] {logging_mixin.py:154} INFO - [2026-07-03T06:59:38.315+0000] {dag.py:3722} INFO - Setting next_dagrun for fichero_dag to 2026-07-03T00:00:00+00:00, run_after=2026-07-04T00:00:00+00:00
[2026-07-03T06:59:38.351+0000] {processor.py:179} INFO - Processing /opt/airflow/dags/fichero.py took 0.222 seconds
[2026-07-03T07:00:08.587+0000] {processor.py:157} INFO - Started process (PID=806) to work on /opt/airflow/dags/fichero.py
[2026-07-03T07:00:08.588+0000] {processor.py:829} INFO - Processing file /opt/airflow/dags/fichero.py for tasks to queue
[2026-07-03T07:00:08.590+0000] {logging_mixin.py:154} INFO - [2026-07-03T07:00:08.589+0000] {dagbag.py:536} INFO - Filling up the DagBag from /opt/airflow/dags/fichero.py
[2026-07-03T07:00:08.605+0000] {processor.py:839} INFO - DAG(s) dict_keys(['fichero_dag']) retrieved from /opt/airflow/dags/fichero.py
[2026-07-03T07:00:08.652+0000] {logging_mixin.py:154} INFO - [2026-07-03T07:00:08.652+0000] {dag.py:2941} INFO - Sync 1 DAGs
[2026-07-03T07:00:08.699+0000] {logging_mixin.py:154} INFO - [2026-07-03T07:00:08.699+0000] {dag.py:3722} INFO - Setting next_dagrun for fichero_dag to 2026-07-03T00:00:00+00:00, run_after=2026-07-04T00:00:00+00:00
[2026-07-03T07:00:08.732+0000] {processor.py:179} INFO - Processing /opt/airflow/dags/fichero.py took 0.151 seconds
[2026-07-03T07:00:39.259+0000] {processor.py:157} INFO - Started process (PID=833) to work on /opt/airflow/dags/fichero.py
[2026-07-03T07:00:39.264+0000] {processor.py:829} INFO - Processing file /opt/airflow/dags/fichero.py for tasks to queue
[2026-07-03T07:00:39.272+0000] {logging_mixin.py:154} INFO - [2026-07-03T07:00:39.267+0000] {dagbag.py:536} INFO - Filling up the DagBag from /opt/airflow/dags/fichero.py
[2026-07-03T07:00:39.310+0000] {processor.py:839} INFO - DAG(s) dict_keys(['fichero_dag']) retrieved from /opt/airflow/dags/fichero.py
[2026-07-03T07:00:39.396+0000] {logging_mixin.py:154} INFO - [2026-07-03T07:00:39.395+0000] {dag.py:2941} INFO - Sync 1 DAGs
[2026-07-03T07:00:39.483+0000] {logging_mixin.py:154} INFO - [2026-07-03T07:00:39.482+0000] {dag.py:3722} INFO - Setting next_dagrun for fichero_dag to 2026-07-03T00:00:00+00:00, run_after=2026-07-04T00:00:00+00:00
[2026-07-03T07:00:39.546+0000] {processor.py:179} INFO - Processing /opt/airflow/dags/fichero.py took 0.306 seconds
[2026-07-03T07:01:09.866+0000] {processor.py:157} INFO - Started process (PID=853) to work on /opt/airflow/dags/fichero.py
[2026-07-03T07:01:09.868+0000] {processor.py:829} INFO - Processing file /opt/airflow/dags/fichero.py for tasks to queue
[2026-07-03T07:01:09.869+0000] {logging_mixin.py:154} INFO - [2026-07-03T07:01:09.868+0000] {dagbag.py:536} INFO - Filling up the DagBag from /opt/airflow/dags/fichero.py
[2026-07-03T07:01:09.883+0000] {processor.py:839} INFO - DAG(s) dict_keys(['fichero_dag']) retrieved from /opt/airflow/dags/fichero.py
[2026-07-03T07:01:09.919+0000] {logging_mixin.py:154} INFO - [2026-07-03T07:01:09.919+0000] {dag.py:2941} INFO - Sync 1 DAGs
[2026-07-03T07:01:09.942+0000] {logging_mixin.py:154} INFO - [2026-07-03T07:01:09.942+0000] {dag.py:3722} INFO - Setting next_dagrun for fichero_dag to 2026-07-03T00:00:00+00:00, run_after=2026-07-04T00:00:00+00:00
[2026-07-03T07:01:09.963+0000] {processor.py:179} INFO - Processing /opt/airflow/dags/fichero.py took 0.104 seconds
[2026-07-03T07:01:40.227+0000] {processor.py:157} INFO - Started process (PID=880) to work on /opt/airflow/dags/fichero.py
[2026-07-03T07:01:40.228+0000] {processor.py:829} INFO - Processing file /opt/airflow/dags/fichero.py for tasks to queue
[2026-07-03T07:01:40.229+0000] {logging_mixin.py:154} INFO - [2026-07-03T07:01:40.228+0000] {dagbag.py:536} INFO - Filling up the DagBag from /opt/airflow/dags/fichero.py
[2026-07-03T07:01:40.238+0000] {processor.py:839} INFO - DAG(s) dict_keys(['fichero_dag']) retrieved from /opt/airflow/dags/fichero.py
[2026-07-03T07:01:40.271+0000] {logging_mixin.py:154} INFO - [2026-07-03T07:01:40.271+0000] {dag.py:2941} INFO - Sync 1 DAGs
[2026-07-03T07:01:40.295+0000] {logging_mixin.py:154} INFO - [2026-07-03T07:01:40.295+0000] {dag.py:3722} INFO - Setting next_dagrun for fichero_dag to 2026-07-03T00:00:00+00:00, run_after=2026-07-04T00:00:00+00:00
[2026-07-03T07:01:40.316+0000] {processor.py:179} INFO - Processing /opt/airflow/dags/fichero.py took 0.092 seconds
[2026-07-03T07:02:10.558+0000] {processor.py:157} INFO - Started process (PID=907) to work on /opt/airflow/dags/fichero.py
[2026-07-03T07:02:10.563+0000] {processor.py:829} INFO - Processing file /opt/airflow/dags/fichero.py for tasks to queue
[2026-07-03T07:02:10.564+0000] {logging_mixin.py:154} INFO - [2026-07-03T07:02:10.564+0000] {dagbag.py:536} INFO - Filling up the DagBag from /opt/airflow/dags/fichero.py
[2026-07-03T07:02:10.573+0000] {processor.py:839} INFO - DAG(s) dict_keys(['fichero_dag']) retrieved from /opt/airflow/dags/fichero.py
[2026-07-03T07:02:10.602+0000] {logging_mixin.py:154} INFO - [2026-07-03T07:02:10.602+0000] {dag.py:2941} INFO - Sync 1 DAGs
[2026-07-03T07:02:10.628+0000] {logging_mixin.py:154} INFO - [2026-07-03T07:02:10.628+0000] {dag.py:3722} INFO - Setting next_dagrun for fichero_dag to 2026-07-03T00:00:00+00:00, run_after=2026-07-04T00:00:00+00:00
[2026-07-03T07:02:10.649+0000] {processor.py:179} INFO - Processing /opt/airflow/dags/fichero.py took 0.093 seconds
[2026-07-03T07:02:40.863+0000] {processor.py:157} INFO - Started process (PID=934) to work on /opt/airflow/dags/fichero.py
[2026-07-03T07:02:40.864+0000] {processor.py:829} INFO - Processing file /opt/airflow/dags/fichero.py for tasks to queue
[2026-07-03T07:02:40.865+0000] {logging_mixin.py:154} INFO - [2026-07-03T07:02:40.864+0000] {dagbag.py:536} INFO - Filling up the DagBag from /opt/airflow/dags/fichero.py
[2026-07-03T07:02:40.874+0000] {processor.py:839} INFO - DAG(s) dict_keys(['fichero_dag']) retrieved from /opt/airflow/dags/fichero.py
[2026-07-03T07:02:40.904+0000] {logging_mixin.py:154} INFO - [2026-07-03T07:02:40.904+0000] {dag.py:2941} INFO - Sync 1 DAGs
[2026-07-03T07:02:40.935+0000] {logging_mixin.py:154} INFO - [2026-07-03T07:02:40.935+0000] {dag.py:3722} INFO - Setting next_dagrun for fichero_dag to 2026-07-03T00:00:00+00:00, run_after=2026-07-04T00:00:00+00:00
[2026-07-03T07:02:40.975+0000] {processor.py:179} INFO - Processing /opt/airflow/dags/fichero.py took 0.115 seconds
[2026-07-03T07:03:11.156+0000] {processor.py:157} INFO - Started process (PID=961) to work on /opt/airflow/dags/fichero.py
[2026-07-03T07:03:11.167+0000] {processor.py:829} INFO - Processing file /opt/airflow/dags/fichero.py for tasks to queue
[2026-07-03T07:03:11.168+0000] {logging_mixin.py:154} INFO - [2026-07-03T07:03:11.168+0000] {dagbag.py:536} INFO - Filling up the DagBag from /opt/airflow/dags/fichero.py
[2026-07-03T07:03:11.180+0000] {processor.py:839} INFO - DAG(s) dict_keys(['fichero_dag']) retrieved from /opt/airflow/dags/fichero.py
[2026-07-03T07:03:11.205+0000] {logging_mixin.py:154} INFO - [2026-07-03T07:03:11.205+0000] {dag.py:2941} INFO - Sync 1 DAGs
[2026-07-03T07:03:11.229+0000] {logging_mixin.py:154} INFO - [2026-07-03T07:03:11.229+0000] {dag.py:3722} INFO - Setting next_dagrun for fichero_dag to 2026-07-03T00:00:00+00:00, run_after=2026-07-04T00:00:00+00:00
[2026-07-03T07:03:11.253+0000] {processor.py:179} INFO - Processing /opt/airflow/dags/fichero.py took 0.100 seconds
[2026-07-03T07:03:41.544+0000] {processor.py:157} INFO - Started process (PID=988) to work on /opt/airflow/dags/fichero.py
[2026-07-03T07:03:41.544+0000] {processor.py:829} INFO - Processing file /opt/airflow/dags/fichero.py for tasks to queue
[2026-07-03T07:03:41.545+0000] {logging_mixin.py:154} INFO - [2026-07-03T07:03:41.545+0000] {dagbag.py:536} INFO - Filling up the DagBag from /opt/airflow/dags/fichero.py
[2026-07-03T07:03:41.555+0000] {processor.py:839} INFO - DAG(s) dict_keys(['fichero_dag']) retrieved from /opt/airflow/dags/fichero.py
[2026-07-03T07:03:41.583+0000] {logging_mixin.py:154} INFO - [2026-07-03T07:03:41.582+0000] {dag.py:2941} INFO - Sync 1 DAGs
[2026-07-03T07:03:41.605+0000] {logging_mixin.py:154} INFO - [2026-07-03T07:03:41.605+0000] {dag.py:3722} INFO - Setting next_dagrun for fichero_dag to 2026-07-03T00:00:00+00:00, run_after=2026-07-04T00:00:00+00:00
[2026-07-03T07:03:41.626+0000] {processor.py:179} INFO - Processing /opt/airflow/dags/fichero.py took 0.085 seconds
[2026-07-03T07:04:11.860+0000] {processor.py:157} INFO - Started process (PID=1015) to work on /opt/airflow/dags/fichero.py
[2026-07-03T07:04:11.861+0000] {processor.py:829} INFO - Processing file /opt/airflow/dags/fichero.py for tasks to queue
[2026-07-03T07:04:11.862+0000] {logging_mixin.py:154} INFO - [2026-07-03T07:04:11.861+0000] {dagbag.py:536} INFO - Filling up the DagBag from /opt/airflow/dags/fichero.py
[2026-07-03T07:04:11.872+0000] {processor.py:839} INFO - DAG(s) dict_keys(['fichero_dag']) retrieved from /opt/airflow/dags/fichero.py
[2026-07-03T07:04:11.897+0000] {logging_mixin.py:154} INFO - [2026-07-03T07:04:11.897+0000] {dag.py:2941} INFO - Sync 1 DAGs
[2026-07-03T07:04:11.916+0000] {logging_mixin.py:154} INFO - [2026-07-03T07:04:11.916+0000] {dag.py:3722} INFO - Setting next_dagrun for fichero_dag to 2026-07-03T00:00:00+00:00, run_after=2026-07-04T00:00:00+00:00
[2026-07-03T07:04:11.935+0000] {processor.py:179} INFO - Processing /opt/airflow/dags/fichero.py took 0.078 seconds
[2026-07-03T07:04:42.172+0000] {processor.py:157} INFO - Started process (PID=1042) to work on /opt/airflow/dags/fichero.py
[2026-07-03T07:04:42.173+0000] {processor.py:829} INFO - Processing file /opt/airflow/dags/fichero.py for tasks to queue
[2026-07-03T07:04:42.174+0000] {logging_mixin.py:154} INFO - [2026-07-03T07:04:42.174+0000] {dagbag.py:536} INFO - Filling up the DagBag from /opt/airflow/dags/fichero.py
[2026-07-03T07:04:42.185+0000] {processor.py:839} INFO - DAG(s) dict_keys(['fichero_dag']) retrieved from /opt/airflow/dags/fichero.py
[2026-07-03T07:04:42.216+0000] {logging_mixin.py:154} INFO - [2026-07-03T07:04:42.216+0000] {dag.py:2941} INFO - Sync 1 DAGs
[2026-07-03T07:04:42.235+0000] {logging_mixin.py:154} INFO - [2026-07-03T07:04:42.235+0000] {dag.py:3722} INFO - Setting next_dagrun for fichero_dag to 2026-07-03T00:00:00+00:00, run_after=2026-07-04T00:00:00+00:00
[2026-07-03T07:04:42.251+0000] {processor.py:179} INFO - Processing /opt/airflow/dags/fichero.py took 0.082 seconds
[2026-07-03T07:05:12.539+0000] {processor.py:157} INFO - Started process (PID=1069) to work on /opt/airflow/dags/fichero.py
[2026-07-03T07:05:12.550+0000] {processor.py:829} INFO - Processing file /opt/airflow/dags/fichero.py for tasks to queue
[2026-07-03T07:05:12.551+0000] {logging_mixin.py:154} INFO - [2026-07-03T07:05:12.551+0000] {dagbag.py:536} INFO - Filling up the DagBag from /opt/airflow/dags/fichero.py
[2026-07-03T07:05:12.560+0000] {processor.py:839} INFO - DAG(s) dict_keys(['fichero_dag']) retrieved from /opt/airflow/dags/fichero.py
[2026-07-03T07:05:12.592+0000] {logging_mixin.py:154} INFO - [2026-07-03T07:05:12.591+0000] {dag.py:2941} INFO - Sync 1 DAGs
[2026-07-03T07:05:12.615+0000] {logging_mixin.py:154} INFO - [2026-07-03T07:05:12.615+0000] {dag.py:3722} INFO - Setting next_dagrun for fichero_dag to 2026-07-03T00:00:00+00:00, run_after=2026-07-04T00:00:00+00:00
[2026-07-03T07:05:12.646+0000] {processor.py:179} INFO - Processing /opt/airflow/dags/fichero.py took 0.110 seconds
[2026-07-03T07:05:42.856+0000] {processor.py:157} INFO - Started process (PID=1096) to work on /opt/airflow/dags/fichero.py
[2026-07-03T07:05:42.857+0000] {processor.py:829} INFO - Processing file /opt/airflow/dags/fichero.py for tasks to queue
[2026-07-03T07:05:42.857+0000] {logging_mixin.py:154} INFO - [2026-07-03T07:05:42.857+0000] {dagbag.py:536} INFO - Filling up the DagBag from /opt/airflow/dags/fichero.py
[2026-07-03T07:05:42.867+0000] {processor.py:839} INFO - DAG(s) dict_keys(['fichero_dag']) retrieved from /opt/airflow/dags/fichero.py
[2026-07-03T07:05:42.898+0000] {logging_mixin.py:154} INFO - [2026-07-03T07:05:42.898+0000] {dag.py:2941} INFO - Sync 1 DAGs
[2026-07-03T07:05:42.923+0000] {logging_mixin.py:154} INFO - [2026-07-03T07:05:42.923+0000] {dag.py:3722} INFO - Setting next_dagrun for fichero_dag to 2026-07-03T00:00:00+00:00, run_after=2026-07-04T00:00:00+00:00
[2026-07-03T07:05:42.952+0000] {processor.py:179} INFO - Processing /opt/airflow/dags/fichero.py took 0.099 seconds
[2026-07-03T07:06:13.230+0000] {processor.py:157} INFO - Started process (PID=1123) to work on /opt/airflow/dags/fichero.py
[2026-07-03T07:06:13.231+0000] {processor.py:829} INFO - Processing file /opt/airflow/dags/fichero.py for tasks to queue
[2026-07-03T07:06:13.232+0000] {logging_mixin.py:154} INFO - [2026-07-03T07:06:13.232+0000] {dagbag.py:536} INFO - Filling up the DagBag from /opt/airflow/dags/fichero.py
[2026-07-03T07:06:13.244+0000] {processor.py:839} INFO - DAG(s) dict_keys(['fichero_dag']) retrieved from /opt/airflow/dags/fichero.py
[2026-07-03T07:06:13.273+0000] {logging_mixin.py:154} INFO - [2026-07-03T07:06:13.273+0000] {dag.py:2941} INFO - Sync 1 DAGs
[2026-07-03T07:06:13.295+0000] {logging_mixin.py:154} INFO - [2026-07-03T07:06:13.295+0000] {dag.py:3722} INFO - Setting next_dagrun for fichero_dag to 2026-07-03T00:00:00+00:00, run_after=2026-07-04T00:00:00+00:00
[2026-07-03T07:06:13.324+0000] {processor.py:179} INFO - Processing /opt/airflow/dags/fichero.py took 0.099 seconds
[2026-07-03T07:06:43.544+0000] {processor.py:157} INFO - Started process (PID=1150) to work on /opt/airflow/dags/fichero.py
[2026-07-03T07:06:43.545+0000] {processor.py:829} INFO - Processing file /opt/airflow/dags/fichero.py for tasks to queue
[2026-07-03T07:06:43.546+0000] {logging_mixin.py:154} INFO - [2026-07-03T07:06:43.546+0000] {dagbag.py:536} INFO - Filling up the DagBag from /opt/airflow/dags/fichero.py
[2026-07-03T07:06:43.557+0000] {processor.py:839} INFO - DAG(s) dict_keys(['fichero_dag']) retrieved from /opt/airflow/dags/fichero.py
[2026-07-03T07:06:43.589+0000] {logging_mixin.py:154} INFO - [2026-07-03T07:06:43.589+0000] {dag.py:2941} INFO - Sync 1 DAGs
[2026-07-03T07:06:43.610+0000] {logging_mixin.py:154} INFO - [2026-07-03T07:06:43.610+0000] {dag.py:3722} INFO - Setting next_dagrun for fichero_dag to 2026-07-03T00:00:00+00:00, run_after=2026-07-04T00:00:00+00:00
[2026-07-03T07:06:43.636+0000] {processor.py:179} INFO - Processing /opt/airflow/dags/fichero.py took 0.095 seconds
[2026-07-03T07:07:13.935+0000] {processor.py:157} INFO - Started process (PID=1177) to work on /opt/airflow/dags/fichero.py
[2026-07-03T07:07:13.946+0000] {processor.py:829} INFO - Processing file /opt/airflow/dags/fichero.py for tasks to queue
[2026-07-03T07:07:13.947+0000] {logging_mixin.py:154} INFO - [2026-07-03T07:07:13.947+0000] {dagbag.py:536} INFO - Filling up the DagBag from /opt/airflow/dags/fichero.py
[2026-07-03T07:07:13.957+0000] {processor.py:839} INFO - DAG(s) dict_keys(['fichero_dag']) retrieved from /opt/airflow/dags/fichero.py
[2026-07-03T07:07:13.981+0000] {logging_mixin.py:154} INFO - [2026-07-03T07:07:13.981+0000] {dag.py:2941} INFO - Sync 1 DAGs
[2026-07-03T07:07:14.000+0000] {logging_mixin.py:154} INFO - [2026-07-03T07:07:14.000+0000] {dag.py:3722} INFO - Setting next_dagrun for fichero_dag to 2026-07-03T00:00:00+00:00, run_after=2026-07-04T00:00:00+00:00
[2026-07-03T07:07:14.020+0000] {processor.py:179} INFO - Processing /opt/airflow/dags/fichero.py took 0.088 seconds
[2026-07-03T07:07:44.250+0000] {processor.py:157} INFO - Started process (PID=1204) to work on /opt/airflow/dags/fichero.py
[2026-07-03T07:07:44.251+0000] {processor.py:829} INFO - Processing file /opt/airflow/dags/fichero.py for tasks to queue
[2026-07-03T07:07:44.252+0000] {logging_mixin.py:154} INFO - [2026-07-03T07:07:44.252+0000] {dagbag.py:536} INFO - Filling up the DagBag from /opt/airflow/dags/fichero.py
[2026-07-03T07:07:44.273+0000] {processor.py:839} INFO - DAG(s) dict_keys(['fichero_dag']) retrieved from /opt/airflow/dags/fichero.py
[2026-07-03T07:07:44.325+0000] {logging_mixin.py:154} INFO - [2026-07-03T07:07:44.324+0000] {dag.py:2941} INFO - Sync 1 DAGs
[2026-07-03T07:07:44.361+0000] {logging_mixin.py:154} INFO - [2026-07-03T07:07:44.361+0000] {dag.py:3722} INFO - Setting next_dagrun for fichero_dag to 2026-07-03T00:00:00+00:00, run_after=2026-07-04T00:00:00+00:00
[2026-07-03T07:07:44.388+0000] {processor.py:179} INFO - Processing /opt/airflow/dags/fichero.py took 0.144 seconds
[2026-07-03T07:08:14.551+0000] {processor.py:157} INFO - Started process (PID=1231) to work on /opt/airflow/dags/fichero.py
[2026-07-03T07:08:14.562+0000] {processor.py:829} INFO - Processing file /opt/airflow/dags/fichero.py for tasks to queue
[2026-07-03T07:08:14.564+0000] {logging_mixin.py:154} INFO - [2026-07-03T07:08:14.563+0000] {dagbag.py:536} INFO - Filling up the DagBag from /opt/airflow/dags/fichero.py
[2026-07-03T07:08:14.573+0000] {processor.py:839} INFO - DAG(s) dict_keys(['fichero_dag']) retrieved from /opt/airflow/dags/fichero.py
[2026-07-03T07:08:14.603+0000] {logging_mixin.py:154} INFO - [2026-07-03T07:08:14.603+0000] {dag.py:2941} INFO - Sync 1 DAGs
[2026-07-03T07:08:14.626+0000] {logging_mixin.py:154} INFO - [2026-07-03T07:08:14.625+0000] {dag.py:3722} INFO - Setting next_dagrun for fichero_dag to 2026-07-03T00:00:00+00:00, run_after=2026-07-04T00:00:00+00:00
[2026-07-03T07:08:14.649+0000] {processor.py:179} INFO - Processing /opt/airflow/dags/fichero.py took 0.100 seconds
[2026-07-03T07:08:44.936+0000] {processor.py:157} INFO - Started process (PID=1258) to work on /opt/airflow/dags/fichero.py
[2026-07-03T07:08:44.937+0000] {processor.py:829} INFO - Processing file /opt/airflow/dags/fichero.py for tasks to queue
[2026-07-03T07:08:44.938+0000] {logging_mixin.py:154} INFO - [2026-07-03T07:08:44.938+0000] {dagbag.py:536} INFO - Filling up the DagBag from /opt/airflow/dags/fichero.py
[2026-07-03T07:08:44.948+0000] {processor.py:839} INFO - DAG(s) dict_keys(['fichero_dag']) retrieved from /opt/airflow/dags/fichero.py
[2026-07-03T07:08:44.976+0000] {logging_mixin.py:154} INFO - [2026-07-03T07:08:44.976+0000] {dag.py:2941} INFO - Sync 1 DAGs
[2026-07-03T07:08:45.005+0000] {logging_mixin.py:154} INFO - [2026-07-03T07:08:45.005+0000] {dag.py:3722} INFO - Setting next_dagrun for fichero_dag to 2026-07-03T00:00:00+00:00, run_after=2026-07-04T00:00:00+00:00
[2026-07-03T07:08:45.039+0000] {processor.py:179} INFO - Processing /opt/airflow/dags/fichero.py took 0.107 seconds
[2026-07-03T07:09:15.293+0000] {processor.py:157} INFO - Started process (PID=1285) to work on /opt/airflow/dags/fichero.py
[2026-07-03T07:09:15.295+0000] {processor.py:829} INFO - Processing file /opt/airflow/dags/fichero.py for tasks to queue
[2026-07-03T07:09:15.297+0000] {logging_mixin.py:154} INFO - [2026-07-03T07:09:15.296+0000] {dagbag.py:536} INFO - Filling up the DagBag from /opt/airflow/dags/fichero.py
[2026-07-03T07:09:15.325+0000] {processor.py:839} INFO - DAG(s) dict_keys(['fichero_dag']) retrieved from /opt/airflow/dags/fichero.py
[2026-07-03T07:09:15.388+0000] {logging_mixin.py:154} INFO - [2026-07-03T07:09:15.387+0000] {dag.py:2941} INFO - Sync 1 DAGs
[2026-07-03T07:09:15.434+0000] {logging_mixin.py:154} INFO - [2026-07-03T07:09:15.434+0000] {dag.py:3722} INFO - Setting next_dagrun for fichero_dag to 2026-07-03T00:00:00+00:00, run_after=2026-07-04T00:00:00+00:00
[2026-07-03T07:09:15.466+0000] {processor.py:179} INFO - Processing /opt/airflow/dags/fichero.py took 0.180 seconds
[2026-07-03T07:09:45.524+0000] {processor.py:157} INFO - Started process (PID=1305) to work on /opt/airflow/dags/fichero.py
[2026-07-03T07:09:45.525+0000] {processor.py:829} INFO - Processing file /opt/airflow/dags/fichero.py for tasks to queue
[2026-07-03T07:09:45.526+0000] {logging_mixin.py:154} INFO - [2026-07-03T07:09:45.525+0000] {dagbag.py:536} INFO - Filling up the DagBag from /opt/airflow/dags/fichero.py
[2026-07-03T07:09:45.535+0000] {processor.py:839} INFO - DAG(s) dict_keys(['fichero_dag']) retrieved from /opt/airflow/dags/fichero.py
[2026-07-03T07:09:45.563+0000] {logging_mixin.py:154} INFO - [2026-07-03T07:09:45.563+0000] {dag.py:2941} INFO - Sync 1 DAGs
[2026-07-03T07:09:45.585+0000] {logging_mixin.py:154} INFO - [2026-07-03T07:09:45.585+0000] {dag.py:3722} INFO - Setting next_dagrun for fichero_dag to 2026-07-03T00:00:00+00:00, run_after=2026-07-04T00:00:00+00:00
[2026-07-03T07:09:45.607+0000] {processor.py:179} INFO - Processing /opt/airflow/dags/fichero.py took 0.086 seconds
[2026-07-03T07:10:15.884+0000] {processor.py:157} INFO - Started process (PID=1332) to work on /opt/airflow/dags/fichero.py
[2026-07-03T07:10:15.895+0000] {processor.py:829} INFO - Processing file /opt/airflow/dags/fichero.py for tasks to queue
[2026-07-03T07:10:15.896+0000] {logging_mixin.py:154} INFO - [2026-07-03T07:10:15.895+0000] {dagbag.py:536} INFO - Filling up the DagBag from /opt/airflow/dags/fichero.py
[2026-07-03T07:10:15.905+0000] {processor.py:839} INFO - DAG(s) dict_keys(['fichero_dag']) retrieved from /opt/airflow/dags/fichero.py
[2026-07-03T07:10:15.933+0000] {logging_mixin.py:154} INFO - [2026-07-03T07:10:15.933+0000] {dag.py:2941} INFO - Sync 1 DAGs
[2026-07-03T07:10:15.956+0000] {logging_mixin.py:154} INFO - [2026-07-03T07:10:15.956+0000] {dag.py:3722} INFO - Setting next_dagrun for fichero_dag to 2026-07-03T00:00:00+00:00, run_after=2026-07-04T00:00:00+00:00
[2026-07-03T07:10:15.984+0000] {processor.py:179} INFO - Processing /opt/airflow/dags/fichero.py took 0.104 seconds
[2026-07-03T07:10:46.250+0000] {processor.py:157} INFO - Started process (PID=1359) to work on /opt/airflow/dags/fichero.py
[2026-07-03T07:10:46.252+0000] {processor.py:829} INFO - Processing file /opt/airflow/dags/fichero.py for tasks to queue
[2026-07-03T07:10:46.253+0000] {logging_mixin.py:154} INFO - [2026-07-03T07:10:46.252+0000] {dagbag.py:536} INFO - Filling up the DagBag from /opt/airflow/dags/fichero.py
[2026-07-03T07:10:46.264+0000] {processor.py:839} INFO - DAG(s) dict_keys(['fichero_dag']) retrieved from /opt/airflow/dags/fichero.py
[2026-07-03T07:10:46.292+0000] {logging_mixin.py:154} INFO - [2026-07-03T07:10:46.292+0000] {dag.py:2941} INFO - Sync 1 DAGs
[2026-07-03T07:10:46.319+0000] {logging_mixin.py:154} INFO - [2026-07-03T07:10:46.319+0000] {dag.py:3722} INFO - Setting next_dagrun for fichero_dag to 2026-07-03T00:00:00+00:00, run_after=2026-07-04T00:00:00+00:00
[2026-07-03T07:10:46.339+0000] {processor.py:179} INFO - Processing /opt/airflow/dags/fichero.py took 0.093 seconds
[2026-07-03T07:11:16.638+0000] {processor.py:157} INFO - Started process (PID=1386) to work on /opt/airflow/dags/fichero.py
[2026-07-03T07:11:16.649+0000] {processor.py:829} INFO - Processing file /opt/airflow/dags/fichero.py for tasks to queue
[2026-07-03T07:11:16.650+0000] {logging_mixin.py:154} INFO - [2026-07-03T07:11:16.650+0000] {dagbag.py:536} INFO - Filling up the DagBag from /opt/airflow/dags/fichero.py
[2026-07-03T07:11:16.659+0000] {processor.py:839} INFO - DAG(s) dict_keys(['fichero_dag']) retrieved from /opt/airflow/dags/fichero.py
[2026-07-03T07:11:16.685+0000] {logging_mixin.py:154} INFO - [2026-07-03T07:11:16.685+0000] {dag.py:2941} INFO - Sync 1 DAGs
[2026-07-03T07:11:16.706+0000] {logging_mixin.py:154} INFO - [2026-07-03T07:11:16.706+0000] {dag.py:3722} INFO - Setting next_dagrun for fichero_dag to 2026-07-03T00:00:00+00:00, run_after=2026-07-04T00:00:00+00:00
[2026-07-03T07:11:16.724+0000] {processor.py:179} INFO - Processing /opt/airflow/dags/fichero.py took 0.089 seconds
[2026-07-03T07:11:46.987+0000] {processor.py:157} INFO - Started process (PID=1413) to work on /opt/airflow/dags/fichero.py
[2026-07-03T07:11:46.988+0000] {processor.py:829} INFO - Processing file /opt/airflow/dags/fichero.py for tasks to queue
[2026-07-03T07:11:46.989+0000] {logging_mixin.py:154} INFO - [2026-07-03T07:11:46.989+0000] {dagbag.py:536} INFO - Filling up the DagBag from /opt/airflow/dags/fichero.py
[2026-07-03T07:11:47.004+0000] {processor.py:839} INFO - DAG(s) dict_keys(['fichero_dag']) retrieved from /opt/airflow/dags/fichero.py
[2026-07-03T07:11:47.033+0000] {logging_mixin.py:154} INFO - [2026-07-03T07:11:47.032+0000] {dag.py:2941} INFO - Sync 1 DAGs
[2026-07-03T07:11:47.067+0000] {logging_mixin.py:154} INFO - [2026-07-03T07:11:47.067+0000] {dag.py:3722} INFO - Setting next_dagrun for fichero_dag to 2026-07-03T00:00:00+00:00, run_after=2026-07-04T00:00:00+00:00
[2026-07-03T07:11:47.105+0000] {processor.py:179} INFO - Processing /opt/airflow/dags/fichero.py took 0.123 seconds
[2026-07-03T07:12:17.182+0000] {processor.py:157} INFO - Started process (PID=1440) to work on /opt/airflow/dags/fichero.py
[2026-07-03T07:12:17.184+0000] {processor.py:829} INFO - Processing file /opt/airflow/dags/fichero.py for tasks to queue
[2026-07-03T07:12:17.185+0000] {logging_mixin.py:154} INFO - [2026-07-03T07:12:17.184+0000] {dagbag.py:536} INFO - Filling up the DagBag from /opt/airflow/dags/fichero.py
[2026-07-03T07:12:17.195+0000] {processor.py:839} INFO - DAG(s) dict_keys(['fichero_dag']) retrieved from /opt/airflow/dags/fichero.py
[2026-07-03T07:12:17.224+0000] {logging_mixin.py:154} INFO - [2026-07-03T07:12:17.223+0000] {dag.py:2941} INFO - Sync 1 DAGs
[2026-07-03T07:12:17.245+0000] {logging_mixin.py:154} INFO - [2026-07-03T07:12:17.245+0000] {dag.py:3722} INFO - Setting next_dagrun for fichero_dag to 2026-07-03T00:00:00+00:00, run_after=2026-07-04T00:00:00+00:00
[2026-07-03T07:12:17.271+0000] {processor.py:179} INFO - Processing /opt/airflow/dags/fichero.py took 0.092 seconds
[2026-07-03T07:12:47.523+0000] {processor.py:157} INFO - Started process (PID=1467) to work on /opt/airflow/dags/fichero.py
[2026-07-03T07:12:47.523+0000] {processor.py:829} INFO - Processing file /opt/airflow/dags/fichero.py for tasks to queue
[2026-07-03T07:12:47.524+0000] {logging_mixin.py:154} INFO - [2026-07-03T07:12:47.524+0000] {dagbag.py:536} INFO - Filling up the DagBag from /opt/airflow/dags/fichero.py
[2026-07-03T07:12:47.536+0000] {processor.py:839} INFO - DAG(s) dict_keys(['fichero_dag']) retrieved from /opt/airflow/dags/fichero.py
[2026-07-03T07:12:47.563+0000] {logging_mixin.py:154} INFO - [2026-07-03T07:12:47.563+0000] {dag.py:2941} INFO - Sync 1 DAGs
[2026-07-03T07:12:47.583+0000] {logging_mixin.py:154} INFO - [2026-07-03T07:12:47.583+0000] {dag.py:3722} INFO - Setting next_dagrun for fichero_dag to 2026-07-03T00:00:00+00:00, run_after=2026-07-04T00:00:00+00:00
[2026-07-03T07:12:47.601+0000] {processor.py:179} INFO - Processing /opt/airflow/dags/fichero.py took 0.084 seconds
[2026-07-03T07:13:17.880+0000] {processor.py:157} INFO - Started process (PID=1494) to work on /opt/airflow/dags/fichero.py
[2026-07-03T07:13:17.891+0000] {processor.py:829} INFO - Processing file /opt/airflow/dags/fichero.py for tasks to queue
[2026-07-03T07:13:17.892+0000] {logging_mixin.py:154} INFO - [2026-07-03T07:13:17.891+0000] {dagbag.py:536} INFO - Filling up the DagBag from /opt/airflow/dags/fichero.py
[2026-07-03T07:13:17.902+0000] {processor.py:839} INFO - DAG(s) dict_keys(['fichero_dag']) retrieved from /opt/airflow/dags/fichero.py
[2026-07-03T07:13:17.927+0000] {logging_mixin.py:154} INFO - [2026-07-03T07:13:17.927+0000] {dag.py:2941} INFO - Sync 1 DAGs
[2026-07-03T07:13:17.951+0000] {logging_mixin.py:154} INFO - [2026-07-03T07:13:17.951+0000] {dag.py:3722} INFO - Setting next_dagrun for fichero_dag to 2026-07-03T00:00:00+00:00, run_after=2026-07-04T00:00:00+00:00
[2026-07-03T07:13:17.975+0000] {processor.py:179} INFO - Processing /opt/airflow/dags/fichero.py took 0.099 seconds
[2026-07-03T07:14:21.044+0000] {processor.py:157} INFO - Started process (PID=175) to work on /opt/airflow/dags/fichero.py
[2026-07-03T07:14:21.049+0000] {processor.py:829} INFO - Processing file /opt/airflow/dags/fichero.py for tasks to queue
[2026-07-03T07:14:21.052+0000] {logging_mixin.py:154} INFO - [2026-07-03T07:14:21.051+0000] {dagbag.py:536} INFO - Filling up the DagBag from /opt/airflow/dags/fichero.py
[2026-07-03T07:14:21.124+0000] {processor.py:839} INFO - DAG(s) dict_keys(['fichero_dag']) retrieved from /opt/airflow/dags/fichero.py
[2026-07-03T07:14:21.287+0000] {logging_mixin.py:154} INFO - [2026-07-03T07:14:21.287+0000] {dag.py:2941} INFO - Sync 1 DAGs
[2026-07-03T07:14:21.381+0000] {logging_mixin.py:154} INFO - [2026-07-03T07:14:21.381+0000] {dag.py:3722} INFO - Setting next_dagrun for fichero_dag to 2026-07-03T00:00:00+00:00, run_after=2026-07-04T00:00:00+00:00
[2026-07-03T07:14:21.428+0000] {processor.py:179} INFO - Processing /opt/airflow/dags/fichero.py took 0.398 seconds
[2026-07-03T07:14:51.878+0000] {processor.py:157} INFO - Started process (PID=196) to work on /opt/airflow/dags/fichero.py
[2026-07-03T07:14:51.879+0000] {processor.py:829} INFO - Processing file /opt/airflow/dags/fichero.py for tasks to queue
[2026-07-03T07:14:51.880+0000] {logging_mixin.py:154} INFO - [2026-07-03T07:14:51.879+0000] {dagbag.py:536} INFO - Filling up the DagBag from /opt/airflow/dags/fichero.py
[2026-07-03T07:14:51.893+0000] {processor.py:839} INFO - DAG(s) dict_keys(['fichero_dag']) retrieved from /opt/airflow/dags/fichero.py
[2026-07-03T07:14:51.939+0000] {logging_mixin.py:154} INFO - [2026-07-03T07:14:51.939+0000] {dag.py:2941} INFO - Sync 1 DAGs
[2026-07-03T07:14:51.966+0000] {logging_mixin.py:154} INFO - [2026-07-03T07:14:51.965+0000] {dag.py:3722} INFO - Setting next_dagrun for fichero_dag to 2026-07-03T00:00:00+00:00, run_after=2026-07-04T00:00:00+00:00
[2026-07-03T07:14:51.985+0000] {processor.py:179} INFO - Processing /opt/airflow/dags/fichero.py took 0.111 seconds
[2026-07-03T07:15:22.276+0000] {processor.py:157} INFO - Started process (PID=224) to work on /opt/airflow/dags/fichero.py
[2026-07-03T07:15:22.282+0000] {processor.py:829} INFO - Processing file /opt/airflow/dags/fichero.py for tasks to queue
[2026-07-03T07:15:22.283+0000] {logging_mixin.py:154} INFO - [2026-07-03T07:15:22.283+0000] {dagbag.py:536} INFO - Filling up the DagBag from /opt/airflow/dags/fichero.py
[2026-07-03T07:15:22.299+0000] {processor.py:839} INFO - DAG(s) dict_keys(['fichero_dag']) retrieved from /opt/airflow/dags/fichero.py
[2026-07-03T07:15:22.333+0000] {logging_mixin.py:154} INFO - [2026-07-03T07:15:22.332+0000] {dag.py:2941} INFO - Sync 1 DAGs
[2026-07-03T07:15:22.357+0000] {logging_mixin.py:154} INFO - [2026-07-03T07:15:22.357+0000] {dag.py:3722} INFO - Setting next_dagrun for fichero_dag to 2026-07-03T00:00:00+00:00, run_after=2026-07-04T00:00:00+00:00
[2026-07-03T07:15:22.378+0000] {processor.py:179} INFO - Processing /opt/airflow/dags/fichero.py took 0.105 seconds
[2026-07-03T07:15:52.667+0000] {processor.py:157} INFO - Started process (PID=251) to work on /opt/airflow/dags/fichero.py
[2026-07-03T07:15:52.668+0000] {processor.py:829} INFO - Processing file /opt/airflow/dags/fichero.py for tasks to queue
[2026-07-03T07:15:52.669+0000] {logging_mixin.py:154} INFO - [2026-07-03T07:15:52.669+0000] {dagbag.py:536} INFO - Filling up the DagBag from /opt/airflow/dags/fichero.py
[2026-07-03T07:15:52.682+0000] {processor.py:839} INFO - DAG(s) dict_keys(['fichero_dag']) retrieved from /opt/airflow/dags/fichero.py
[2026-07-03T07:15:52.721+0000] {logging_mixin.py:154} INFO - [2026-07-03T07:15:52.721+0000] {dag.py:2941} INFO - Sync 1 DAGs
[2026-07-03T07:15:52.746+0000] {logging_mixin.py:154} INFO - [2026-07-03T07:15:52.746+0000] {dag.py:3722} INFO - Setting next_dagrun for fichero_dag to 2026-07-03T00:00:00+00:00, run_after=2026-07-04T00:00:00+00:00
[2026-07-03T07:15:52.765+0000] {processor.py:179} INFO - Processing /opt/airflow/dags/fichero.py took 0.103 seconds
[2026-07-03T07:16:23.039+0000] {processor.py:157} INFO - Started process (PID=278) to work on /opt/airflow/dags/fichero.py
[2026-07-03T07:16:23.040+0000] {processor.py:829} INFO - Processing file /opt/airflow/dags/fichero.py for tasks to queue
[2026-07-03T07:16:23.041+0000] {logging_mixin.py:154} INFO - [2026-07-03T07:16:23.041+0000] {dagbag.py:536} INFO - Filling up the DagBag from /opt/airflow/dags/fichero.py
[2026-07-03T07:16:23.054+0000] {processor.py:839} INFO - DAG(s) dict_keys(['fichero_dag']) retrieved from /opt/airflow/dags/fichero.py
[2026-07-03T07:16:23.087+0000] {logging_mixin.py:154} INFO - [2026-07-03T07:16:23.087+0000] {dag.py:2941} INFO - Sync 1 DAGs
[2026-07-03T07:16:23.111+0000] {logging_mixin.py:154} INFO - [2026-07-03T07:16:23.111+0000] {dag.py:3722} INFO - Setting next_dagrun for fichero_dag to 2026-07-03T00:00:00+00:00, run_after=2026-07-04T00:00:00+00:00
[2026-07-03T07:16:23.138+0000] {processor.py:179} INFO - Processing /opt/airflow/dags/fichero.py took 0.104 seconds
[2026-07-03T07:16:53.426+0000] {processor.py:157} INFO - Started process (PID=306) to work on /opt/airflow/dags/fichero.py
[2026-07-03T07:16:53.427+0000] {processor.py:829} INFO - Processing file /opt/airflow/dags/fichero.py for tasks to queue
[2026-07-03T07:16:53.428+0000] {logging_mixin.py:154} INFO - [2026-07-03T07:16:53.428+0000] {dagbag.py:536} INFO - Filling up the DagBag from /opt/airflow/dags/fichero.py
[2026-07-03T07:16:53.441+0000] {processor.py:839} INFO - DAG(s) dict_keys(['fichero_dag']) retrieved from /opt/airflow/dags/fichero.py
[2026-07-03T07:16:53.471+0000] {logging_mixin.py:154} INFO - [2026-07-03T07:16:53.470+0000] {dag.py:2941} INFO - Sync 1 DAGs
[2026-07-03T07:16:53.502+0000] {logging_mixin.py:154} INFO - [2026-07-03T07:16:53.501+0000] {dag.py:3722} INFO - Setting next_dagrun for fichero_dag to 2026-07-03T00:00:00+00:00, run_after=2026-07-04T00:00:00+00:00
[2026-07-03T07:16:53.526+0000] {processor.py:179} INFO - Processing /opt/airflow/dags/fichero.py took 0.104 seconds
[2026-07-03T07:17:23.847+0000] {processor.py:157} INFO - Started process (PID=333) to work on /opt/airflow/dags/fichero.py
[2026-07-03T07:17:23.850+0000] {processor.py:829} INFO - Processing file /opt/airflow/dags/fichero.py for tasks to queue
[2026-07-03T07:17:23.851+0000] {logging_mixin.py:154} INFO - [2026-07-03T07:17:23.851+0000] {dagbag.py:536} INFO - Filling up the DagBag from /opt/airflow/dags/fichero.py
[2026-07-03T07:17:23.865+0000] {processor.py:839} INFO - DAG(s) dict_keys(['fichero_dag']) retrieved from /opt/airflow/dags/fichero.py
[2026-07-03T07:17:23.900+0000] {logging_mixin.py:154} INFO - [2026-07-03T07:17:23.899+0000] {dag.py:2941} INFO - Sync 1 DAGs
[2026-07-03T07:17:23.925+0000] {logging_mixin.py:154} INFO - [2026-07-03T07:17:23.924+0000] {dag.py:3722} INFO - Setting next_dagrun for fichero_dag to 2026-07-03T00:00:00+00:00, run_after=2026-07-04T00:00:00+00:00
[2026-07-03T07:17:23.954+0000] {processor.py:179} INFO - Processing /opt/airflow/dags/fichero.py took 0.111 seconds
[2026-07-03T07:17:54.152+0000] {processor.py:157} INFO - Started process (PID=360) to work on /opt/airflow/dags/fichero.py
[2026-07-03T07:17:54.153+0000] {processor.py:829} INFO - Processing file /opt/airflow/dags/fichero.py for tasks to queue
[2026-07-03T07:17:54.154+0000] {logging_mixin.py:154} INFO - [2026-07-03T07:17:54.154+0000] {dagbag.py:536} INFO - Filling up the DagBag from /opt/airflow/dags/fichero.py
[2026-07-03T07:17:54.165+0000] {processor.py:839} INFO - DAG(s) dict_keys(['fichero_dag']) retrieved from /opt/airflow/dags/fichero.py
[2026-07-03T07:17:54.192+0000] {logging_mixin.py:154} INFO - [2026-07-03T07:17:54.192+0000] {dag.py:2941} INFO - Sync 1 DAGs
[2026-07-03T07:17:54.213+0000] {logging_mixin.py:154} INFO - [2026-07-03T07:17:54.213+0000] {dag.py:3722} INFO - Setting next_dagrun for fichero_dag to 2026-07-03T00:00:00+00:00, run_after=2026-07-04T00:00:00+00:00
[2026-07-03T07:17:54.233+0000] {processor.py:179} INFO - Processing /opt/airflow/dags/fichero.py took 0.084 seconds
[2026-07-03T07:18:24.526+0000] {processor.py:157} INFO - Started process (PID=387) to work on /opt/airflow/dags/fichero.py
[2026-07-03T07:18:24.530+0000] {processor.py:829} INFO - Processing file /opt/airflow/dags/fichero.py for tasks to queue
[2026-07-03T07:18:24.531+0000] {logging_mixin.py:154} INFO - [2026-07-03T07:18:24.531+0000] {dagbag.py:536} INFO - Filling up the DagBag from /opt/airflow/dags/fichero.py
[2026-07-03T07:18:24.541+0000] {processor.py:839} INFO - DAG(s) dict_keys(['fichero_dag']) retrieved from /opt/airflow/dags/fichero.py
[2026-07-03T07:18:24.568+0000] {logging_mixin.py:154} INFO - [2026-07-03T07:18:24.568+0000] {dag.py:2941} INFO - Sync 1 DAGs
[2026-07-03T07:18:24.592+0000] {logging_mixin.py:154} INFO - [2026-07-03T07:18:24.592+0000] {dag.py:3722} INFO - Setting next_dagrun for fichero_dag to 2026-07-03T00:00:00+00:00, run_after=2026-07-04T00:00:00+00:00
[2026-07-03T07:18:24.622+0000] {processor.py:179} INFO - Processing /opt/airflow/dags/fichero.py took 0.099 seconds
[2026-07-03T07:18:54.915+0000] {processor.py:157} INFO - Started process (PID=416) to work on /opt/airflow/dags/fichero.py
[2026-07-03T07:18:54.921+0000] {processor.py:829} INFO - Processing file /opt/airflow/dags/fichero.py for tasks to queue
[2026-07-03T07:18:54.922+0000] {logging_mixin.py:154} INFO - [2026-07-03T07:18:54.921+0000] {dagbag.py:536} INFO - Filling up the DagBag from /opt/airflow/dags/fichero.py
[2026-07-03T07:18:54.933+0000] {processor.py:839} INFO - DAG(s) dict_keys(['fichero_dag']) retrieved from /opt/airflow/dags/fichero.py
[2026-07-03T07:18:54.964+0000] {logging_mixin.py:154} INFO - [2026-07-03T07:18:54.964+0000] {dag.py:2941} INFO - Sync 1 DAGs
[2026-07-03T07:18:54.989+0000] {logging_mixin.py:154} INFO - [2026-07-03T07:18:54.989+0000] {dag.py:3722} INFO - Setting next_dagrun for fichero_dag to 2026-07-03T00:00:00+00:00, run_after=2026-07-04T00:00:00+00:00
[2026-07-03T07:18:55.019+0000] {processor.py:179} INFO - Processing /opt/airflow/dags/fichero.py took 0.108 seconds
[2026-07-03T07:19:25.350+0000] {processor.py:157} INFO - Started process (PID=448) to work on /opt/airflow/dags/fichero.py
[2026-07-03T07:19:25.354+0000] {processor.py:829} INFO - Processing file /opt/airflow/dags/fichero.py for tasks to queue
[2026-07-03T07:19:25.365+0000] {logging_mixin.py:154} INFO - [2026-07-03T07:19:25.357+0000] {dagbag.py:536} INFO - Filling up the DagBag from /opt/airflow/dags/fichero.py
[2026-07-03T07:19:25.443+0000] {processor.py:839} INFO - DAG(s) dict_keys(['fichero_dag']) retrieved from /opt/airflow/dags/fichero.py
[2026-07-03T07:19:25.579+0000] {logging_mixin.py:154} INFO - [2026-07-03T07:19:25.579+0000] {dag.py:2941} INFO - Sync 1 DAGs
[2026-07-03T07:19:25.666+0000] {logging_mixin.py:154} INFO - [2026-07-03T07:19:25.665+0000] {dag.py:3722} INFO - Setting next_dagrun for fichero_dag to 2026-07-03T00:00:00+00:00, run_after=2026-07-04T00:00:00+00:00
[2026-07-03T07:19:25.725+0000] {processor.py:179} INFO - Processing /opt/airflow/dags/fichero.py took 0.418 seconds
[2026-07-03T07:19:56.422+0000] {processor.py:157} INFO - Started process (PID=477) to work on /opt/airflow/dags/fichero.py
[2026-07-03T07:19:56.435+0000] {processor.py:829} INFO - Processing file /opt/airflow/dags/fichero.py for tasks to queue
[2026-07-03T07:19:56.439+0000] {logging_mixin.py:154} INFO - [2026-07-03T07:19:56.438+0000] {dagbag.py:536} INFO - Filling up the DagBag from /opt/airflow/dags/fichero.py
[2026-07-03T07:19:56.548+0000] {processor.py:839} INFO - DAG(s) dict_keys(['fichero_dag']) retrieved from /opt/airflow/dags/fichero.py
[2026-07-03T07:19:56.681+0000] {logging_mixin.py:154} INFO - [2026-07-03T07:19:56.680+0000] {dag.py:2941} INFO - Sync 1 DAGs
[2026-07-03T07:19:56.793+0000] {logging_mixin.py:154} INFO - [2026-07-03T07:19:56.793+0000] {dag.py:3722} INFO - Setting next_dagrun for fichero_dag to 2026-07-03T00:00:00+00:00, run_after=2026-07-04T00:00:00+00:00
[2026-07-03T07:19:56.829+0000] {processor.py:179} INFO - Processing /opt/airflow/dags/fichero.py took 0.446 seconds
[2026-07-03T07:20:27.037+0000] {processor.py:157} INFO - Started process (PID=504) to work on /opt/airflow/dags/fichero.py
[2026-07-03T07:20:27.038+0000] {processor.py:829} INFO - Processing file /opt/airflow/dags/fichero.py for tasks to queue
[2026-07-03T07:20:27.039+0000] {logging_mixin.py:154} INFO - [2026-07-03T07:20:27.039+0000] {dagbag.py:536} INFO - Filling up the DagBag from /opt/airflow/dags/fichero.py
[2026-07-03T07:20:27.049+0000] {processor.py:839} INFO - DAG(s) dict_keys(['fichero_dag']) retrieved from /opt/airflow/dags/fichero.py
[2026-07-03T07:20:27.084+0000] {logging_mixin.py:154} INFO - [2026-07-03T07:20:27.083+0000] {dag.py:2941} INFO - Sync 1 DAGs
[2026-07-03T07:20:27.109+0000] {logging_mixin.py:154} INFO - [2026-07-03T07:20:27.109+0000] {dag.py:3722} INFO - Setting next_dagrun for fichero_dag to 2026-07-03T00:00:00+00:00, run_after=2026-07-04T00:00:00+00:00
[2026-07-03T07:20:27.134+0000] {processor.py:179} INFO - Processing /opt/airflow/dags/fichero.py took 0.101 seconds
[2026-07-03T07:20:57.382+0000] {processor.py:157} INFO - Started process (PID=531) to work on /opt/airflow/dags/fichero.py
[2026-07-03T07:20:57.389+0000] {processor.py:829} INFO - Processing file /opt/airflow/dags/fichero.py for tasks to queue
[2026-07-03T07:20:57.390+0000] {logging_mixin.py:154} INFO - [2026-07-03T07:20:57.389+0000] {dagbag.py:536} INFO - Filling up the DagBag from /opt/airflow/dags/fichero.py
[2026-07-03T07:20:57.403+0000] {processor.py:839} INFO - DAG(s) dict_keys(['fichero_dag']) retrieved from /opt/airflow/dags/fichero.py
[2026-07-03T07:20:57.440+0000] {logging_mixin.py:154} INFO - [2026-07-03T07:20:57.439+0000] {dag.py:2941} INFO - Sync 1 DAGs
[2026-07-03T07:20:57.469+0000] {logging_mixin.py:154} INFO - [2026-07-03T07:20:57.469+0000] {dag.py:3722} INFO - Setting next_dagrun for fichero_dag to 2026-07-03T00:00:00+00:00, run_after=2026-07-04T00:00:00+00:00
[2026-07-03T07:20:57.497+0000] {processor.py:179} INFO - Processing /opt/airflow/dags/fichero.py took 0.118 seconds
[2026-07-03T07:21:27.764+0000] {processor.py:157} INFO - Started process (PID=558) to work on /opt/airflow/dags/fichero.py
[2026-07-03T07:21:27.765+0000] {processor.py:829} INFO - Processing file /opt/airflow/dags/fichero.py for tasks to queue
[2026-07-03T07:21:27.766+0000] {logging_mixin.py:154} INFO - [2026-07-03T07:21:27.765+0000] {dagbag.py:536} INFO - Filling up the DagBag from /opt/airflow/dags/fichero.py
[2026-07-03T07:21:27.777+0000] {processor.py:839} INFO - DAG(s) dict_keys(['fichero_dag']) retrieved from /opt/airflow/dags/fichero.py
[2026-07-03T07:21:27.811+0000] {logging_mixin.py:154} INFO - [2026-07-03T07:21:27.811+0000] {dag.py:2941} INFO - Sync 1 DAGs
[2026-07-03T07:21:27.838+0000] {logging_mixin.py:154} INFO - [2026-07-03T07:21:27.838+0000] {dag.py:3722} INFO - Setting next_dagrun for fichero_dag to 2026-07-03T00:00:00+00:00, run_after=2026-07-04T00:00:00+00:00
[2026-07-03T07:21:27.861+0000] {processor.py:179} INFO - Processing /opt/airflow/dags/fichero.py took 0.100 seconds
[2026-07-03T07:21:58.162+0000] {processor.py:157} INFO - Started process (PID=585) to work on /opt/airflow/dags/fichero.py
[2026-07-03T07:21:58.174+0000] {processor.py:829} INFO - Processing file /opt/airflow/dags/fichero.py for tasks to queue
[2026-07-03T07:21:58.176+0000] {logging_mixin.py:154} INFO - [2026-07-03T07:21:58.176+0000] {dagbag.py:536} INFO - Filling up the DagBag from /opt/airflow/dags/fichero.py
[2026-07-03T07:21:58.201+0000] {processor.py:839} INFO - DAG(s) dict_keys(['fichero_dag']) retrieved from /opt/airflow/dags/fichero.py
[2026-07-03T07:21:58.277+0000] {logging_mixin.py:154} INFO - [2026-07-03T07:21:58.276+0000] {dag.py:2941} INFO - Sync 1 DAGs
[2026-07-03T07:21:58.331+0000] {logging_mixin.py:154} INFO - [2026-07-03T07:21:58.331+0000] {dag.py:3722} INFO - Setting next_dagrun for fichero_dag to 2026-07-03T00:00:00+00:00, run_after=2026-07-04T00:00:00+00:00
[2026-07-03T07:21:58.391+0000] {processor.py:179} INFO - Processing /opt/airflow/dags/fichero.py took 0.243 seconds
[2026-07-03T07:22:28.625+0000] {processor.py:157} INFO - Started process (PID=614) to work on /opt/airflow/dags/fichero.py
[2026-07-03T07:22:28.626+0000] {processor.py:829} INFO - Processing file /opt/airflow/dags/fichero.py for tasks to queue
[2026-07-03T07:22:28.627+0000] {logging_mixin.py:154} INFO - [2026-07-03T07:22:28.627+0000] {dagbag.py:536} INFO - Filling up the DagBag from /opt/airflow/dags/fichero.py
[2026-07-03T07:22:28.640+0000] {processor.py:839} INFO - DAG(s) dict_keys(['fichero_dag']) retrieved from /opt/airflow/dags/fichero.py
[2026-07-03T07:22:28.720+0000] {logging_mixin.py:154} INFO - [2026-07-03T07:22:28.719+0000] {dag.py:2941} INFO - Sync 1 DAGs
[2026-07-03T07:22:28.746+0000] {logging_mixin.py:154} INFO - [2026-07-03T07:22:28.746+0000] {dag.py:3722} INFO - Setting next_dagrun for fichero_dag to 2026-07-03T00:00:00+00:00, run_after=2026-07-04T00:00:00+00:00
[2026-07-03T07:22:28.775+0000] {processor.py:179} INFO - Processing /opt/airflow/dags/fichero.py took 0.155 seconds
[2026-07-03T07:22:59.052+0000] {processor.py:157} INFO - Started process (PID=641) to work on /opt/airflow/dags/fichero.py
[2026-07-03T07:22:59.062+0000] {processor.py:829} INFO - Processing file /opt/airflow/dags/fichero.py for tasks to queue
[2026-07-03T07:22:59.063+0000] {logging_mixin.py:154} INFO - [2026-07-03T07:22:59.063+0000] {dagbag.py:536} INFO - Filling up the DagBag from /opt/airflow/dags/fichero.py
[2026-07-03T07:22:59.074+0000] {processor.py:839} INFO - DAG(s) dict_keys(['fichero_dag']) retrieved from /opt/airflow/dags/fichero.py
[2026-07-03T07:22:59.104+0000] {logging_mixin.py:154} INFO - [2026-07-03T07:22:59.104+0000] {dag.py:2941} INFO - Sync 1 DAGs
[2026-07-03T07:22:59.128+0000] {logging_mixin.py:154} INFO - [2026-07-03T07:22:59.128+0000] {dag.py:3722} INFO - Setting next_dagrun for fichero_dag to 2026-07-03T00:00:00+00:00, run_after=2026-07-04T00:00:00+00:00
[2026-07-03T07:22:59.159+0000] {processor.py:179} INFO - Processing /opt/airflow/dags/fichero.py took 0.111 seconds
[2026-07-03T07:23:29.470+0000] {processor.py:157} INFO - Started process (PID=674) to work on /opt/airflow/dags/fichero.py
[2026-07-03T07:23:29.482+0000] {processor.py:829} INFO - Processing file /opt/airflow/dags/fichero.py for tasks to queue
[2026-07-03T07:23:29.485+0000] {logging_mixin.py:154} INFO - [2026-07-03T07:23:29.484+0000] {dagbag.py:536} INFO - Filling up the DagBag from /opt/airflow/dags/fichero.py
[2026-07-03T07:23:29.571+0000] {processor.py:839} INFO - DAG(s) dict_keys(['fichero_dag']) retrieved from /opt/airflow/dags/fichero.py
[2026-07-03T07:23:29.830+0000] {logging_mixin.py:154} INFO - [2026-07-03T07:23:29.829+0000] {dag.py:2941} INFO - Sync 1 DAGs
[2026-07-03T07:23:29.979+0000] {logging_mixin.py:154} INFO - [2026-07-03T07:23:29.978+0000] {dag.py:3722} INFO - Setting next_dagrun for fichero_dag to 2026-07-03T00:00:00+00:00, run_after=2026-07-04T00:00:00+00:00
[2026-07-03T07:23:30.027+0000] {processor.py:179} INFO - Processing /opt/airflow/dags/fichero.py took 0.576 seconds
[2026-07-03T07:24:00.233+0000] {processor.py:157} INFO - Started process (PID=695) to work on /opt/airflow/dags/fichero.py
[2026-07-03T07:24:00.243+0000] {processor.py:829} INFO - Processing file /opt/airflow/dags/fichero.py for tasks to queue
[2026-07-03T07:24:00.244+0000] {logging_mixin.py:154} INFO - [2026-07-03T07:24:00.244+0000] {dagbag.py:536} INFO - Filling up the DagBag from /opt/airflow/dags/fichero.py
[2026-07-03T07:24:00.255+0000] {processor.py:839} INFO - DAG(s) dict_keys(['fichero_dag']) retrieved from /opt/airflow/dags/fichero.py
[2026-07-03T07:24:00.288+0000] {logging_mixin.py:154} INFO - [2026-07-03T07:24:00.288+0000] {dag.py:2941} INFO - Sync 1 DAGs
[2026-07-03T07:24:00.311+0000] {logging_mixin.py:154} INFO - [2026-07-03T07:24:00.311+0000] {dag.py:3722} INFO - Setting next_dagrun for fichero_dag to 2026-07-03T00:00:00+00:00, run_after=2026-07-04T00:00:00+00:00
[2026-07-03T07:24:00.343+0000] {processor.py:179} INFO - Processing /opt/airflow/dags/fichero.py took 0.114 seconds
[2026-07-03T07:24:30.598+0000] {processor.py:157} INFO - Started process (PID=722) to work on /opt/airflow/dags/fichero.py
[2026-07-03T07:24:30.600+0000] {processor.py:829} INFO - Processing file /opt/airflow/dags/fichero.py for tasks to queue
[2026-07-03T07:24:30.601+0000] {logging_mixin.py:154} INFO - [2026-07-03T07:24:30.600+0000] {dagbag.py:536} INFO - Filling up the DagBag from /opt/airflow/dags/fichero.py
[2026-07-03T07:24:30.621+0000] {processor.py:839} INFO - DAG(s) dict_keys(['fichero_dag']) retrieved from /opt/airflow/dags/fichero.py
[2026-07-03T07:24:30.683+0000] {logging_mixin.py:154} INFO - [2026-07-03T07:24:30.682+0000] {dag.py:2941} INFO - Sync 1 DAGs
[2026-07-03T07:24:30.729+0000] {logging_mixin.py:154} INFO - [2026-07-03T07:24:30.729+0000] {dag.py:3722} INFO - Setting next_dagrun for fichero_dag to 2026-07-03T00:00:00+00:00, run_after=2026-07-04T00:00:00+00:00
[2026-07-03T07:24:30.767+0000] {processor.py:179} INFO - Processing /opt/airflow/dags/fichero.py took 0.173 seconds
[2026-07-03T07:25:00.976+0000] {processor.py:157} INFO - Started process (PID=749) to work on /opt/airflow/dags/fichero.py
[2026-07-03T07:25:00.977+0000] {processor.py:829} INFO - Processing file /opt/airflow/dags/fichero.py for tasks to queue
[2026-07-03T07:25:00.979+0000] {logging_mixin.py:154} INFO - [2026-07-03T07:25:00.978+0000] {dagbag.py:536} INFO - Filling up the DagBag from /opt/airflow/dags/fichero.py
[2026-07-03T07:25:01.014+0000] {processor.py:839} INFO - DAG(s) dict_keys(['fichero_dag']) retrieved from /opt/airflow/dags/fichero.py
[2026-07-03T07:25:01.072+0000] {logging_mixin.py:154} INFO - [2026-07-03T07:25:01.071+0000] {dag.py:2941} INFO - Sync 1 DAGs
[2026-07-03T07:25:01.101+0000] {logging_mixin.py:154} INFO - [2026-07-03T07:25:01.101+0000] {dag.py:3722} INFO - Setting next_dagrun for fichero_dag to 2026-07-03T00:00:00+00:00, run_after=2026-07-04T00:00:00+00:00
[2026-07-03T07:25:01.127+0000] {processor.py:179} INFO - Processing /opt/airflow/dags/fichero.py took 0.162 seconds
[2026-07-03T07:25:31.327+0000] {processor.py:157} INFO - Started process (PID=776) to work on /opt/airflow/dags/fichero.py
[2026-07-03T07:25:31.339+0000] {processor.py:829} INFO - Processing file /opt/airflow/dags/fichero.py for tasks to queue
[2026-07-03T07:25:31.340+0000] {logging_mixin.py:154} INFO - [2026-07-03T07:25:31.339+0000] {dagbag.py:536} INFO - Filling up the DagBag from /opt/airflow/dags/fichero.py
[2026-07-03T07:25:31.352+0000] {processor.py:839} INFO - DAG(s) dict_keys(['fichero_dag']) retrieved from /opt/airflow/dags/fichero.py
[2026-07-03T07:25:31.380+0000] {logging_mixin.py:154} INFO - [2026-07-03T07:25:31.380+0000] {dag.py:2941} INFO - Sync 1 DAGs
[2026-07-03T07:25:31.404+0000] {logging_mixin.py:154} INFO - [2026-07-03T07:25:31.404+0000] {dag.py:3722} INFO - Setting next_dagrun for fichero_dag to 2026-07-03T00:00:00+00:00, run_after=2026-07-04T00:00:00+00:00
[2026-07-03T07:25:31.435+0000] {processor.py:179} INFO - Processing /opt/airflow/dags/fichero.py took 0.111 seconds
[2026-07-03T07:26:01.688+0000] {processor.py:157} INFO - Started process (PID=803) to work on /opt/airflow/dags/fichero.py
[2026-07-03T07:26:01.699+0000] {processor.py:829} INFO - Processing file /opt/airflow/dags/fichero.py for tasks to queue
[2026-07-03T07:26:01.700+0000] {logging_mixin.py:154} INFO - [2026-07-03T07:26:01.699+0000] {dagbag.py:536} INFO - Filling up the DagBag from /opt/airflow/dags/fichero.py
[2026-07-03T07:26:01.709+0000] {processor.py:839} INFO - DAG(s) dict_keys(['fichero_dag']) retrieved from /opt/airflow/dags/fichero.py
[2026-07-03T07:26:01.736+0000] {logging_mixin.py:154} INFO - [2026-07-03T07:26:01.736+0000] {dag.py:2941} INFO - Sync 1 DAGs
[2026-07-03T07:26:01.764+0000] {logging_mixin.py:154} INFO - [2026-07-03T07:26:01.764+0000] {dag.py:3722} INFO - Setting next_dagrun for fichero_dag to 2026-07-03T00:00:00+00:00, run_after=2026-07-04T00:00:00+00:00
[2026-07-03T07:26:01.794+0000] {processor.py:179} INFO - Processing /opt/airflow/dags/fichero.py took 0.111 seconds
[2026-07-03T07:26:32.052+0000] {processor.py:157} INFO - Started process (PID=830) to work on /opt/airflow/dags/fichero.py
[2026-07-03T07:26:32.055+0000] {processor.py:829} INFO - Processing file /opt/airflow/dags/fichero.py for tasks to queue
[2026-07-03T07:26:32.056+0000] {logging_mixin.py:154} INFO - [2026-07-03T07:26:32.056+0000] {dagbag.py:536} INFO - Filling up the DagBag from /opt/airflow/dags/fichero.py
[2026-07-03T07:26:32.067+0000] {processor.py:839} INFO - DAG(s) dict_keys(['fichero_dag']) retrieved from /opt/airflow/dags/fichero.py
[2026-07-03T07:26:32.106+0000] {logging_mixin.py:154} INFO - [2026-07-03T07:26:32.106+0000] {dag.py:2941} INFO - Sync 1 DAGs
[2026-07-03T07:26:32.138+0000] {logging_mixin.py:154} INFO - [2026-07-03T07:26:32.138+0000] {dag.py:3722} INFO - Setting next_dagrun for fichero_dag to 2026-07-03T00:00:00+00:00, run_after=2026-07-04T00:00:00+00:00
[2026-07-03T07:26:32.177+0000] {processor.py:179} INFO - Processing /opt/airflow/dags/fichero.py took 0.129 seconds
[2026-07-03T07:27:02.440+0000] {processor.py:157} INFO - Started process (PID=859) to work on /opt/airflow/dags/fichero.py
[2026-07-03T07:27:02.441+0000] {processor.py:829} INFO - Processing file /opt/airflow/dags/fichero.py for tasks to queue
[2026-07-03T07:27:02.442+0000] {logging_mixin.py:154} INFO - [2026-07-03T07:27:02.441+0000] {dagbag.py:536} INFO - Filling up the DagBag from /opt/airflow/dags/fichero.py
[2026-07-03T07:27:02.452+0000] {processor.py:839} INFO - DAG(s) dict_keys(['fichero_dag']) retrieved from /opt/airflow/dags/fichero.py
[2026-07-03T07:27:02.481+0000] {logging_mixin.py:154} INFO - [2026-07-03T07:27:02.481+0000] {dag.py:2941} INFO - Sync 1 DAGs
[2026-07-03T07:27:02.506+0000] {logging_mixin.py:154} INFO - [2026-07-03T07:27:02.506+0000] {dag.py:3722} INFO - Setting next_dagrun for fichero_dag to 2026-07-03T00:00:00+00:00, run_after=2026-07-04T00:00:00+00:00
[2026-07-03T07:27:02.536+0000] {processor.py:179} INFO - Processing /opt/airflow/dags/fichero.py took 0.101 seconds
[2026-07-03T07:27:32.810+0000] {processor.py:157} INFO - Started process (PID=886) to work on /opt/airflow/dags/fichero.py
[2026-07-03T07:27:32.812+0000] {processor.py:829} INFO - Processing file /opt/airflow/dags/fichero.py for tasks to queue
[2026-07-03T07:27:32.813+0000] {logging_mixin.py:154} INFO - [2026-07-03T07:27:32.812+0000] {dagbag.py:536} INFO - Filling up the DagBag from /opt/airflow/dags/fichero.py
[2026-07-03T07:27:32.828+0000] {processor.py:839} INFO - DAG(s) dict_keys(['fichero_dag']) retrieved from /opt/airflow/dags/fichero.py
[2026-07-03T07:27:32.860+0000] {logging_mixin.py:154} INFO - [2026-07-03T07:27:32.860+0000] {dag.py:2941} INFO - Sync 1 DAGs
[2026-07-03T07:27:32.884+0000] {logging_mixin.py:154} INFO - [2026-07-03T07:27:32.884+0000] {dag.py:3722} INFO - Setting next_dagrun for fichero_dag to 2026-07-03T00:00:00+00:00, run_after=2026-07-04T00:00:00+00:00
[2026-07-03T07:27:32.917+0000] {processor.py:179} INFO - Processing /opt/airflow/dags/fichero.py took 0.112 seconds
[2026-07-03T07:28:03.142+0000] {processor.py:157} INFO - Started process (PID=916) to work on /opt/airflow/dags/fichero.py
[2026-07-03T07:28:03.143+0000] {processor.py:829} INFO - Processing file /opt/airflow/dags/fichero.py for tasks to queue
[2026-07-03T07:28:03.144+0000] {logging_mixin.py:154} INFO - [2026-07-03T07:28:03.144+0000] {dagbag.py:536} INFO - Filling up the DagBag from /opt/airflow/dags/fichero.py
[2026-07-03T07:28:03.158+0000] {processor.py:839} INFO - DAG(s) dict_keys(['fichero_dag']) retrieved from /opt/airflow/dags/fichero.py
[2026-07-03T07:28:03.190+0000] {logging_mixin.py:154} INFO - [2026-07-03T07:28:03.190+0000] {dag.py:2941} INFO - Sync 1 DAGs
[2026-07-03T07:28:03.220+0000] {logging_mixin.py:154} INFO - [2026-07-03T07:28:03.220+0000] {dag.py:3722} INFO - Setting next_dagrun for fichero_dag to 2026-07-03T00:00:00+00:00, run_after=2026-07-04T00:00:00+00:00
[2026-07-03T07:28:03.244+0000] {processor.py:179} INFO - Processing /opt/airflow/dags/fichero.py took 0.107 seconds
[2026-07-03T07:28:33.593+0000] {processor.py:157} INFO - Started process (PID=947) to work on /opt/airflow/dags/fichero.py
[2026-07-03T07:28:33.600+0000] {processor.py:829} INFO - Processing file /opt/airflow/dags/fichero.py for tasks to queue
[2026-07-03T07:28:33.601+0000] {logging_mixin.py:154} INFO - [2026-07-03T07:28:33.600+0000] {dagbag.py:536} INFO - Filling up the DagBag from /opt/airflow/dags/fichero.py
[2026-07-03T07:28:33.611+0000] {processor.py:839} INFO - DAG(s) dict_keys(['fichero_dag']) retrieved from /opt/airflow/dags/fichero.py
[2026-07-03T07:28:33.644+0000] {logging_mixin.py:154} INFO - [2026-07-03T07:28:33.644+0000] {dag.py:2941} INFO - Sync 1 DAGs
[2026-07-03T07:28:33.672+0000] {logging_mixin.py:154} INFO - [2026-07-03T07:28:33.671+0000] {dag.py:3722} INFO - Setting next_dagrun for fichero_dag to 2026-07-03T00:00:00+00:00, run_after=2026-07-04T00:00:00+00:00
[2026-07-03T07:28:33.697+0000] {processor.py:179} INFO - Processing /opt/airflow/dags/fichero.py took 0.106 seconds
[2026-07-03T07:29:03.967+0000] {processor.py:157} INFO - Started process (PID=974) to work on /opt/airflow/dags/fichero.py
[2026-07-03T07:29:03.968+0000] {processor.py:829} INFO - Processing file /opt/airflow/dags/fichero.py for tasks to queue
[2026-07-03T07:29:03.969+0000] {logging_mixin.py:154} INFO - [2026-07-03T07:29:03.969+0000] {dagbag.py:536} INFO - Filling up the DagBag from /opt/airflow/dags/fichero.py
[2026-07-03T07:29:03.983+0000] {processor.py:839} INFO - DAG(s) dict_keys(['fichero_dag']) retrieved from /opt/airflow/dags/fichero.py
[2026-07-03T07:29:04.019+0000] {logging_mixin.py:154} INFO - [2026-07-03T07:29:04.019+0000] {dag.py:2941} INFO - Sync 1 DAGs
[2026-07-03T07:29:04.046+0000] {logging_mixin.py:154} INFO - [2026-07-03T07:29:04.046+0000] {dag.py:3722} INFO - Setting next_dagrun for fichero_dag to 2026-07-03T00:00:00+00:00, run_after=2026-07-04T00:00:00+00:00
[2026-07-03T07:29:04.077+0000] {processor.py:179} INFO - Processing /opt/airflow/dags/fichero.py took 0.116 seconds
[2026-07-03T07:29:34.382+0000] {processor.py:157} INFO - Started process (PID=1002) to work on /opt/airflow/dags/fichero.py
[2026-07-03T07:29:34.383+0000] {processor.py:829} INFO - Processing file /opt/airflow/dags/fichero.py for tasks to queue
[2026-07-03T07:29:34.384+0000] {logging_mixin.py:154} INFO - [2026-07-03T07:29:34.384+0000] {dagbag.py:536} INFO - Filling up the DagBag from /opt/airflow/dags/fichero.py
[2026-07-03T07:29:34.394+0000] {processor.py:839} INFO - DAG(s) dict_keys(['fichero_dag']) retrieved from /opt/airflow/dags/fichero.py
[2026-07-03T07:29:34.421+0000] {logging_mixin.py:154} INFO - [2026-07-03T07:29:34.421+0000] {dag.py:2941} INFO - Sync 1 DAGs
[2026-07-03T07:29:34.442+0000] {logging_mixin.py:154} INFO - [2026-07-03T07:29:34.442+0000] {dag.py:3722} INFO - Setting next_dagrun for fichero_dag to 2026-07-03T00:00:00+00:00, run_after=2026-07-04T00:00:00+00:00
[2026-07-03T07:29:34.462+0000] {processor.py:179} INFO - Processing /opt/airflow/dags/fichero.py took 0.085 seconds
[2026-07-03T07:30:04.739+0000] {processor.py:157} INFO - Started process (PID=1029) to work on /opt/airflow/dags/fichero.py
[2026-07-03T07:30:04.740+0000] {processor.py:829} INFO - Processing file /opt/airflow/dags/fichero.py for tasks to queue
[2026-07-03T07:30:04.740+0000] {logging_mixin.py:154} INFO - [2026-07-03T07:30:04.740+0000] {dagbag.py:536} INFO - Filling up the DagBag from /opt/airflow/dags/fichero.py
[2026-07-03T07:30:04.751+0000] {processor.py:839} INFO - DAG(s) dict_keys(['fichero_dag']) retrieved from /opt/airflow/dags/fichero.py
[2026-07-03T07:30:04.779+0000] {logging_mixin.py:154} INFO - [2026-07-03T07:30:04.779+0000] {dag.py:2941} INFO - Sync 1 DAGs
[2026-07-03T07:30:04.802+0000] {logging_mixin.py:154} INFO - [2026-07-03T07:30:04.802+0000] {dag.py:3722} INFO - Setting next_dagrun for fichero_dag to 2026-07-03T00:00:00+00:00, run_after=2026-07-04T00:00:00+00:00
[2026-07-03T07:30:04.824+0000] {processor.py:179} INFO - Processing /opt/airflow/dags/fichero.py took 0.089 seconds
[2026-07-03T07:30:35.102+0000] {processor.py:157} INFO - Started process (PID=1056) to work on /opt/airflow/dags/fichero.py
[2026-07-03T07:30:35.112+0000] {processor.py:829} INFO - Processing file /opt/airflow/dags/fichero.py for tasks to queue
[2026-07-03T07:30:35.113+0000] {logging_mixin.py:154} INFO - [2026-07-03T07:30:35.113+0000] {dagbag.py:536} INFO - Filling up the DagBag from /opt/airflow/dags/fichero.py
[2026-07-03T07:30:35.125+0000] {processor.py:839} INFO - DAG(s) dict_keys(['fichero_dag']) retrieved from /opt/airflow/dags/fichero.py
[2026-07-03T07:30:35.157+0000] {logging_mixin.py:154} INFO - [2026-07-03T07:30:35.157+0000] {dag.py:2941} INFO - Sync 1 DAGs
[2026-07-03T07:30:35.184+0000] {logging_mixin.py:154} INFO - [2026-07-03T07:30:35.184+0000] {dag.py:3722} INFO - Setting next_dagrun for fichero_dag to 2026-07-03T00:00:00+00:00, run_after=2026-07-04T00:00:00+00:00
[2026-07-03T07:30:35.205+0000] {processor.py:179} INFO - Processing /opt/airflow/dags/fichero.py took 0.107 seconds
[2026-07-03T07:31:05.500+0000] {processor.py:157} INFO - Started process (PID=1083) to work on /opt/airflow/dags/fichero.py
[2026-07-03T07:31:05.501+0000] {processor.py:829} INFO - Processing file /opt/airflow/dags/fichero.py for tasks to queue
[2026-07-03T07:31:05.502+0000] {logging_mixin.py:154} INFO - [2026-07-03T07:31:05.502+0000] {dagbag.py:536} INFO - Filling up the DagBag from /opt/airflow/dags/fichero.py
[2026-07-03T07:31:05.512+0000] {processor.py:839} INFO - DAG(s) dict_keys(['fichero_dag']) retrieved from /opt/airflow/dags/fichero.py
[2026-07-03T07:31:05.548+0000] {logging_mixin.py:154} INFO - [2026-07-03T07:31:05.548+0000] {dag.py:2941} INFO - Sync 1 DAGs
[2026-07-03T07:31:05.572+0000] {logging_mixin.py:154} INFO - [2026-07-03T07:31:05.571+0000] {dag.py:3722} INFO - Setting next_dagrun for fichero_dag to 2026-07-03T00:00:00+00:00, run_after=2026-07-04T00:00:00+00:00
[2026-07-03T07:31:05.592+0000] {processor.py:179} INFO - Processing /opt/airflow/dags/fichero.py took 0.095 seconds
[2026-07-03T07:31:35.931+0000] {processor.py:157} INFO - Started process (PID=1115) to work on /opt/airflow/dags/fichero.py
[2026-07-03T07:31:35.942+0000] {processor.py:829} INFO - Processing file /opt/airflow/dags/fichero.py for tasks to queue
[2026-07-03T07:31:35.943+0000] {logging_mixin.py:154} INFO - [2026-07-03T07:31:35.942+0000] {dagbag.py:536} INFO - Filling up the DagBag from /opt/airflow/dags/fichero.py
[2026-07-03T07:31:35.956+0000] {processor.py:839} INFO - DAG(s) dict_keys(['fichero_dag']) retrieved from /opt/airflow/dags/fichero.py
[2026-07-03T07:31:35.990+0000] {logging_mixin.py:154} INFO - [2026-07-03T07:31:35.990+0000] {dag.py:2941} INFO - Sync 1 DAGs
[2026-07-03T07:31:36.019+0000] {logging_mixin.py:154} INFO - [2026-07-03T07:31:36.019+0000] {dag.py:3722} INFO - Setting next_dagrun for fichero_dag to 2026-07-03T00:00:00+00:00, run_after=2026-07-04T00:00:00+00:00
[2026-07-03T07:31:36.047+0000] {processor.py:179} INFO - Processing /opt/airflow/dags/fichero.py took 0.121 seconds
[2026-07-03T07:32:06.326+0000] {processor.py:157} INFO - Started process (PID=1135) to work on /opt/airflow/dags/fichero.py
[2026-07-03T07:32:06.327+0000] {processor.py:829} INFO - Processing file /opt/airflow/dags/fichero.py for tasks to queue
[2026-07-03T07:32:06.328+0000] {logging_mixin.py:154} INFO - [2026-07-03T07:32:06.327+0000] {dagbag.py:536} INFO - Filling up the DagBag from /opt/airflow/dags/fichero.py
[2026-07-03T07:32:06.342+0000] {processor.py:839} INFO - DAG(s) dict_keys(['fichero_dag']) retrieved from /opt/airflow/dags/fichero.py
[2026-07-03T07:32:06.378+0000] {logging_mixin.py:154} INFO - [2026-07-03T07:32:06.377+0000] {dag.py:2941} INFO - Sync 1 DAGs
[2026-07-03T07:32:06.404+0000] {logging_mixin.py:154} INFO - [2026-07-03T07:32:06.404+0000] {dag.py:3722} INFO - Setting next_dagrun for fichero_dag to 2026-07-03T00:00:00+00:00, run_after=2026-07-04T00:00:00+00:00
[2026-07-03T07:32:06.437+0000] {processor.py:179} INFO - Processing /opt/airflow/dags/fichero.py took 0.116 seconds
[2026-07-03T07:32:36.726+0000] {processor.py:157} INFO - Started process (PID=1162) to work on /opt/airflow/dags/fichero.py
[2026-07-03T07:32:36.737+0000] {processor.py:829} INFO - Processing file /opt/airflow/dags/fichero.py for tasks to queue
[2026-07-03T07:32:36.738+0000] {logging_mixin.py:154} INFO - [2026-07-03T07:32:36.737+0000] {dagbag.py:536} INFO - Filling up the DagBag from /opt/airflow/dags/fichero.py
[2026-07-03T07:32:36.766+0000] {processor.py:839} INFO - DAG(s) dict_keys(['fichero_dag']) retrieved from /opt/airflow/dags/fichero.py
[2026-07-03T07:32:36.826+0000] {logging_mixin.py:154} INFO - [2026-07-03T07:32:36.826+0000] {dag.py:2941} INFO - Sync 1 DAGs
[2026-07-03T07:32:36.873+0000] {logging_mixin.py:154} INFO - [2026-07-03T07:32:36.872+0000] {dag.py:3722} INFO - Setting next_dagrun for fichero_dag to 2026-07-03T00:00:00+00:00, run_after=2026-07-04T00:00:00+00:00
[2026-07-03T07:32:36.909+0000] {processor.py:179} INFO - Processing /opt/airflow/dags/fichero.py took 0.190 seconds
[2026-07-03T07:33:07.100+0000] {processor.py:157} INFO - Started process (PID=1189) to work on /opt/airflow/dags/fichero.py
[2026-07-03T07:33:07.101+0000] {processor.py:829} INFO - Processing file /opt/airflow/dags/fichero.py for tasks to queue
[2026-07-03T07:33:07.102+0000] {logging_mixin.py:154} INFO - [2026-07-03T07:33:07.101+0000] {dagbag.py:536} INFO - Filling up the DagBag from /opt/airflow/dags/fichero.py
[2026-07-03T07:33:07.112+0000] {processor.py:839} INFO - DAG(s) dict_keys(['fichero_dag']) retrieved from /opt/airflow/dags/fichero.py
[2026-07-03T07:33:07.146+0000] {logging_mixin.py:154} INFO - [2026-07-03T07:33:07.146+0000] {dag.py:2941} INFO - Sync 1 DAGs
[2026-07-03T07:33:07.172+0000] {logging_mixin.py:154} INFO - [2026-07-03T07:33:07.172+0000] {dag.py:3722} INFO - Setting next_dagrun for fichero_dag to 2026-07-03T00:00:00+00:00, run_after=2026-07-04T00:00:00+00:00
[2026-07-03T07:33:07.194+0000] {processor.py:179} INFO - Processing /opt/airflow/dags/fichero.py took 0.097 seconds
[2026-07-03T07:33:37.483+0000] {processor.py:157} INFO - Started process (PID=1216) to work on /opt/airflow/dags/fichero.py
[2026-07-03T07:33:37.484+0000] {processor.py:829} INFO - Processing file /opt/airflow/dags/fichero.py for tasks to queue
[2026-07-03T07:33:37.486+0000] {logging_mixin.py:154} INFO - [2026-07-03T07:33:37.485+0000] {dagbag.py:536} INFO - Filling up the DagBag from /opt/airflow/dags/fichero.py
[2026-07-03T07:33:37.496+0000] {processor.py:839} INFO - DAG(s) dict_keys(['fichero_dag']) retrieved from /opt/airflow/dags/fichero.py
[2026-07-03T07:33:37.529+0000] {logging_mixin.py:154} INFO - [2026-07-03T07:33:37.529+0000] {dag.py:2941} INFO - Sync 1 DAGs
[2026-07-03T07:33:37.551+0000] {logging_mixin.py:154} INFO - [2026-07-03T07:33:37.551+0000] {dag.py:3722} INFO - Setting next_dagrun for fichero_dag to 2026-07-03T00:00:00+00:00, run_after=2026-07-04T00:00:00+00:00
[2026-07-03T07:33:37.595+0000] {processor.py:179} INFO - Processing /opt/airflow/dags/fichero.py took 0.116 seconds
[2026-07-03T07:34:07.785+0000] {processor.py:157} INFO - Started process (PID=1243) to work on /opt/airflow/dags/fichero.py
[2026-07-03T07:34:07.786+0000] {processor.py:829} INFO - Processing file /opt/airflow/dags/fichero.py for tasks to queue
[2026-07-03T07:34:07.787+0000] {logging_mixin.py:154} INFO - [2026-07-03T07:34:07.787+0000] {dagbag.py:536} INFO - Filling up the DagBag from /opt/airflow/dags/fichero.py
[2026-07-03T07:34:07.796+0000] {processor.py:839} INFO - DAG(s) dict_keys(['fichero_dag']) retrieved from /opt/airflow/dags/fichero.py
[2026-07-03T07:34:07.826+0000] {logging_mixin.py:154} INFO - [2026-07-03T07:34:07.826+0000] {dag.py:2941} INFO - Sync 1 DAGs
[2026-07-03T07:34:07.849+0000] {logging_mixin.py:154} INFO - [2026-07-03T07:34:07.848+0000] {dag.py:3722} INFO - Setting next_dagrun for fichero_dag to 2026-07-03T00:00:00+00:00, run_after=2026-07-04T00:00:00+00:00
[2026-07-03T07:34:07.869+0000] {processor.py:179} INFO - Processing /opt/airflow/dags/fichero.py took 0.087 seconds
[2026-07-03T07:34:38.184+0000] {processor.py:157} INFO - Started process (PID=1270) to work on /opt/airflow/dags/fichero.py
[2026-07-03T07:34:38.195+0000] {processor.py:829} INFO - Processing file /opt/airflow/dags/fichero.py for tasks to queue
[2026-07-03T07:34:38.196+0000] {logging_mixin.py:154} INFO - [2026-07-03T07:34:38.196+0000] {dagbag.py:536} INFO - Filling up the DagBag from /opt/airflow/dags/fichero.py
[2026-07-03T07:34:38.214+0000] {processor.py:839} INFO - DAG(s) dict_keys(['fichero_dag']) retrieved from /opt/airflow/dags/fichero.py
[2026-07-03T07:34:38.250+0000] {logging_mixin.py:154} INFO - [2026-07-03T07:34:38.250+0000] {dag.py:2941} INFO - Sync 1 DAGs
[2026-07-03T07:34:38.279+0000] {logging_mixin.py:154} INFO - [2026-07-03T07:34:38.279+0000] {dag.py:3722} INFO - Setting next_dagrun for fichero_dag to 2026-07-03T00:00:00+00:00, run_after=2026-07-04T00:00:00+00:00
[2026-07-03T07:34:38.307+0000] {processor.py:179} INFO - Processing /opt/airflow/dags/fichero.py took 0.128 seconds
[2026-07-03T07:35:08.614+0000] {processor.py:157} INFO - Started process (PID=1297) to work on /opt/airflow/dags/fichero.py
[2026-07-03T07:35:08.615+0000] {processor.py:829} INFO - Processing file /opt/airflow/dags/fichero.py for tasks to queue
[2026-07-03T07:35:08.616+0000] {logging_mixin.py:154} INFO - [2026-07-03T07:35:08.616+0000] {dagbag.py:536} INFO - Filling up the DagBag from /opt/airflow/dags/fichero.py
[2026-07-03T07:35:08.627+0000] {processor.py:839} INFO - DAG(s) dict_keys(['fichero_dag']) retrieved from /opt/airflow/dags/fichero.py
[2026-07-03T07:35:08.654+0000] {logging_mixin.py:154} INFO - [2026-07-03T07:35:08.654+0000] {dag.py:2941} INFO - Sync 1 DAGs
[2026-07-03T07:35:08.682+0000] {logging_mixin.py:154} INFO - [2026-07-03T07:35:08.681+0000] {dag.py:3722} INFO - Setting next_dagrun for fichero_dag to 2026-07-03T00:00:00+00:00, run_after=2026-07-04T00:00:00+00:00
[2026-07-03T07:35:08.709+0000] {processor.py:179} INFO - Processing /opt/airflow/dags/fichero.py took 0.099 seconds
