[2026-07-03T06:53:42.994+0000] {processor.py:157} INFO - Started process (PID=490) to work on /opt/airflow/dags/prueba.py
[2026-07-03T06:53:42.997+0000] {processor.py:829} INFO - Processing file /opt/airflow/dags/prueba.py for tasks to queue
[2026-07-03T06:53:43.010+0000] {logging_mixin.py:154} INFO - [2026-07-03T06:53:43.009+0000] {dagbag.py:536} INFO - Filling up the DagBag from /opt/airflow/dags/prueba.py
[2026-07-03T06:53:43.116+0000] {processor.py:839} INFO - DAG(s) dict_keys(['demo']) retrieved from /opt/airflow/dags/prueba.py
[2026-07-03T06:53:43.571+0000] {logging_mixin.py:154} INFO - [2026-07-03T06:53:43.570+0000] {dag.py:2941} INFO - Sync 1 DAGs
[2026-07-03T06:53:43.892+0000] {logging_mixin.py:154} INFO - [2026-07-03T06:53:43.892+0000] {dag.py:3722} INFO - Setting next_dagrun for demo to 2024-08-11T00:00:00+00:00, run_after=2024-08-12T00:00:00+00:00
[2026-07-03T06:53:44.415+0000] {processor.py:179} INFO - Processing /opt/airflow/dags/prueba.py took 1.458 seconds
[2026-07-03T06:54:17.790+0000] {processor.py:157} INFO - Started process (PID=530) to work on /opt/airflow/dags/prueba.py
[2026-07-03T06:54:17.845+0000] {processor.py:829} INFO - Processing file /opt/airflow/dags/prueba.py for tasks to queue
[2026-07-03T06:54:17.849+0000] {logging_mixin.py:154} INFO - [2026-07-03T06:54:17.847+0000] {dagbag.py:536} INFO - Filling up the DagBag from /opt/airflow/dags/prueba.py
[2026-07-03T06:54:17.961+0000] {processor.py:839} INFO - DAG(s) dict_keys(['demo']) retrieved from /opt/airflow/dags/prueba.py
[2026-07-03T06:54:18.233+0000] {logging_mixin.py:154} INFO - [2026-07-03T06:54:18.232+0000] {dag.py:2941} INFO - Sync 1 DAGs
[2026-07-03T06:54:18.457+0000] {logging_mixin.py:154} INFO - [2026-07-03T06:54:18.456+0000] {dag.py:3722} INFO - Setting next_dagrun for demo to 2024-08-11T00:00:00+00:00, run_after=2024-08-12T00:00:00+00:00
[2026-07-03T06:54:18.983+0000] {processor.py:179} INFO - Processing /opt/airflow/dags/prueba.py took 1.245 seconds
[2026-07-03T06:54:49.343+0000] {processor.py:157} INFO - Started process (PID=554) to work on /opt/airflow/dags/prueba.py
[2026-07-03T06:54:49.347+0000] {processor.py:829} INFO - Processing file /opt/airflow/dags/prueba.py for tasks to queue
[2026-07-03T06:54:49.350+0000] {logging_mixin.py:154} INFO - [2026-07-03T06:54:49.349+0000] {dagbag.py:536} INFO - Filling up the DagBag from /opt/airflow/dags/prueba.py
[2026-07-03T06:54:49.479+0000] {processor.py:839} INFO - DAG(s) dict_keys(['demo']) retrieved from /opt/airflow/dags/prueba.py
[2026-07-03T06:54:49.768+0000] {logging_mixin.py:154} INFO - [2026-07-03T06:54:49.767+0000] {dag.py:2941} INFO - Sync 1 DAGs
[2026-07-03T06:54:50.050+0000] {logging_mixin.py:154} INFO - [2026-07-03T06:54:50.049+0000] {dag.py:3722} INFO - Setting next_dagrun for demo to 2024-08-11T00:00:00+00:00, run_after=2024-08-12T00:00:00+00:00
[2026-07-03T06:54:50.262+0000] {processor.py:179} INFO - Processing /opt/airflow/dags/prueba.py took 0.953 seconds
[2026-07-03T06:55:20.729+0000] {processor.py:157} INFO - Started process (PID=580) to work on /opt/airflow/dags/prueba.py
[2026-07-03T06:55:20.732+0000] {processor.py:829} INFO - Processing file /opt/airflow/dags/prueba.py for tasks to queue
[2026-07-03T06:55:20.735+0000] {logging_mixin.py:154} INFO - [2026-07-03T06:55:20.734+0000] {dagbag.py:536} INFO - Filling up the DagBag from /opt/airflow/dags/prueba.py
[2026-07-03T06:55:20.818+0000] {processor.py:839} INFO - DAG(s) dict_keys(['demo']) retrieved from /opt/airflow/dags/prueba.py
[2026-07-03T06:55:21.055+0000] {logging_mixin.py:154} INFO - [2026-07-03T06:55:21.046+0000] {dag.py:2941} INFO - Sync 1 DAGs
[2026-07-03T06:55:21.205+0000] {logging_mixin.py:154} INFO - [2026-07-03T06:55:21.204+0000] {dag.py:3722} INFO - Setting next_dagrun for demo to 2024-08-11T00:00:00+00:00, run_after=2024-08-12T00:00:00+00:00
[2026-07-03T06:55:21.324+0000] {processor.py:179} INFO - Processing /opt/airflow/dags/prueba.py took 0.623 seconds
[2026-07-03T06:55:52.473+0000] {processor.py:157} INFO - Started process (PID=605) to work on /opt/airflow/dags/prueba.py
[2026-07-03T06:55:52.524+0000] {processor.py:829} INFO - Processing file /opt/airflow/dags/prueba.py for tasks to queue
[2026-07-03T06:55:52.567+0000] {logging_mixin.py:154} INFO - [2026-07-03T06:55:52.536+0000] {dagbag.py:536} INFO - Filling up the DagBag from /opt/airflow/dags/prueba.py
[2026-07-03T06:55:52.990+0000] {processor.py:839} INFO - DAG(s) dict_keys(['demo']) retrieved from /opt/airflow/dags/prueba.py
[2026-07-03T06:55:53.239+0000] {logging_mixin.py:154} INFO - [2026-07-03T06:55:53.239+0000] {dag.py:2941} INFO - Sync 1 DAGs
[2026-07-03T06:55:53.394+0000] {logging_mixin.py:154} INFO - [2026-07-03T06:55:53.394+0000] {dag.py:3722} INFO - Setting next_dagrun for demo to 2024-08-11T00:00:00+00:00, run_after=2024-08-12T00:00:00+00:00
[2026-07-03T06:55:53.516+0000] {processor.py:179} INFO - Processing /opt/airflow/dags/prueba.py took 1.945 seconds
[2026-07-03T06:56:29.827+0000] {processor.py:157} INFO - Started process (PID=632) to work on /opt/airflow/dags/prueba.py
[2026-07-03T06:56:29.829+0000] {processor.py:829} INFO - Processing file /opt/airflow/dags/prueba.py for tasks to queue
[2026-07-03T06:56:29.842+0000] {logging_mixin.py:154} INFO - [2026-07-03T06:56:29.841+0000] {dagbag.py:536} INFO - Filling up the DagBag from /opt/airflow/dags/prueba.py
[2026-07-03T06:56:29.921+0000] {processor.py:839} INFO - DAG(s) dict_keys(['demo']) retrieved from /opt/airflow/dags/prueba.py
[2026-07-03T06:56:30.739+0000] {logging_mixin.py:154} INFO - [2026-07-03T06:56:30.737+0000] {dag.py:2941} INFO - Sync 1 DAGs
[2026-07-03T06:56:31.469+0000] {logging_mixin.py:154} INFO - [2026-07-03T06:56:31.468+0000] {dag.py:3722} INFO - Setting next_dagrun for demo to 2024-08-11T00:00:00+00:00, run_after=2024-08-12T00:00:00+00:00
[2026-07-03T06:56:31.719+0000] {processor.py:179} INFO - Processing /opt/airflow/dags/prueba.py took 1.922 seconds
[2026-07-03T06:57:02.521+0000] {processor.py:157} INFO - Started process (PID=661) to work on /opt/airflow/dags/prueba.py
[2026-07-03T06:57:02.549+0000] {processor.py:829} INFO - Processing file /opt/airflow/dags/prueba.py for tasks to queue
[2026-07-03T06:57:02.554+0000] {logging_mixin.py:154} INFO - [2026-07-03T06:57:02.552+0000] {dagbag.py:536} INFO - Filling up the DagBag from /opt/airflow/dags/prueba.py
[2026-07-03T06:57:02.681+0000] {processor.py:839} INFO - DAG(s) dict_keys(['demo']) retrieved from /opt/airflow/dags/prueba.py
[2026-07-03T06:57:03.554+0000] {logging_mixin.py:154} INFO - [2026-07-03T06:57:03.552+0000] {dag.py:2941} INFO - Sync 1 DAGs
[2026-07-03T06:57:04.202+0000] {logging_mixin.py:154} INFO - [2026-07-03T06:57:04.200+0000] {dag.py:3722} INFO - Setting next_dagrun for demo to 2024-08-11T00:00:00+00:00, run_after=2024-08-12T00:00:00+00:00
[2026-07-03T06:57:04.568+0000] {processor.py:179} INFO - Processing /opt/airflow/dags/prueba.py took 2.056 seconds
[2026-07-03T06:57:34.963+0000] {processor.py:157} INFO - Started process (PID=679) to work on /opt/airflow/dags/prueba.py
[2026-07-03T06:57:34.937+0000] {processor.py:829} INFO - Processing file /opt/airflow/dags/prueba.py for tasks to queue
[2026-07-03T06:57:34.944+0000] {logging_mixin.py:154} INFO - [2026-07-03T06:57:34.941+0000] {dagbag.py:536} INFO - Filling up the DagBag from /opt/airflow/dags/prueba.py
[2026-07-03T06:57:35.027+0000] {processor.py:839} INFO - DAG(s) dict_keys(['demo']) retrieved from /opt/airflow/dags/prueba.py
[2026-07-03T06:57:35.638+0000] {logging_mixin.py:154} INFO - [2026-07-03T06:57:35.637+0000] {dag.py:2941} INFO - Sync 1 DAGs
[2026-07-03T06:57:35.830+0000] {logging_mixin.py:154} INFO - [2026-07-03T06:57:35.830+0000] {dag.py:3722} INFO - Setting next_dagrun for demo to 2024-08-11T00:00:00+00:00, run_after=2024-08-12T00:00:00+00:00
[2026-07-03T06:57:35.990+0000] {processor.py:179} INFO - Processing /opt/airflow/dags/prueba.py took 1.089 seconds
[2026-07-03T06:58:06.686+0000] {processor.py:157} INFO - Started process (PID=706) to work on /opt/airflow/dags/prueba.py
[2026-07-03T06:58:06.690+0000] {processor.py:829} INFO - Processing file /opt/airflow/dags/prueba.py for tasks to queue
[2026-07-03T06:58:06.702+0000] {logging_mixin.py:154} INFO - [2026-07-03T06:58:06.701+0000] {dagbag.py:536} INFO - Filling up the DagBag from /opt/airflow/dags/prueba.py
[2026-07-03T06:58:06.790+0000] {processor.py:839} INFO - DAG(s) dict_keys(['demo']) retrieved from /opt/airflow/dags/prueba.py
[2026-07-03T06:58:07.019+0000] {logging_mixin.py:154} INFO - [2026-07-03T06:58:07.019+0000] {dag.py:2941} INFO - Sync 1 DAGs
[2026-07-03T06:58:07.180+0000] {logging_mixin.py:154} INFO - [2026-07-03T06:58:07.179+0000] {dag.py:3722} INFO - Setting next_dagrun for demo to 2024-08-11T00:00:00+00:00, run_after=2024-08-12T00:00:00+00:00
[2026-07-03T06:58:07.312+0000] {processor.py:179} INFO - Processing /opt/airflow/dags/prueba.py took 0.644 seconds
[2026-07-03T06:58:38.057+0000] {processor.py:157} INFO - Started process (PID=733) to work on /opt/airflow/dags/prueba.py
[2026-07-03T06:58:38.060+0000] {processor.py:829} INFO - Processing file /opt/airflow/dags/prueba.py for tasks to queue
[2026-07-03T06:58:38.071+0000] {logging_mixin.py:154} INFO - [2026-07-03T06:58:38.070+0000] {dagbag.py:536} INFO - Filling up the DagBag from /opt/airflow/dags/prueba.py
[2026-07-03T06:58:38.122+0000] {processor.py:839} INFO - DAG(s) dict_keys(['demo']) retrieved from /opt/airflow/dags/prueba.py
[2026-07-03T06:58:38.324+0000] {logging_mixin.py:154} INFO - [2026-07-03T06:58:38.323+0000] {dag.py:2941} INFO - Sync 1 DAGs
[2026-07-03T06:58:38.458+0000] {logging_mixin.py:154} INFO - [2026-07-03T06:58:38.457+0000] {dag.py:3722} INFO - Setting next_dagrun for demo to 2024-08-11T00:00:00+00:00, run_after=2024-08-12T00:00:00+00:00
[2026-07-03T06:58:38.554+0000] {processor.py:179} INFO - Processing /opt/airflow/dags/prueba.py took 0.517 seconds
[2026-07-03T06:59:09.404+0000] {processor.py:157} INFO - Started process (PID=760) to work on /opt/airflow/dags/prueba.py
[2026-07-03T06:59:09.406+0000] {processor.py:829} INFO - Processing file /opt/airflow/dags/prueba.py for tasks to queue
[2026-07-03T06:59:09.409+0000] {logging_mixin.py:154} INFO - [2026-07-03T06:59:09.408+0000] {dagbag.py:536} INFO - Filling up the DagBag from /opt/airflow/dags/prueba.py
[2026-07-03T06:59:09.443+0000] {processor.py:839} INFO - DAG(s) dict_keys(['demo']) retrieved from /opt/airflow/dags/prueba.py
[2026-07-03T06:59:09.536+0000] {logging_mixin.py:154} INFO - [2026-07-03T06:59:09.535+0000] {dag.py:2941} INFO - Sync 1 DAGs
[2026-07-03T06:59:09.604+0000] {logging_mixin.py:154} INFO - [2026-07-03T06:59:09.604+0000] {dag.py:3722} INFO - Setting next_dagrun for demo to 2024-08-11T00:00:00+00:00, run_after=2024-08-12T00:00:00+00:00
[2026-07-03T06:59:09.652+0000] {processor.py:179} INFO - Processing /opt/airflow/dags/prueba.py took 0.264 seconds
[2026-07-03T06:59:40.208+0000] {processor.py:157} INFO - Started process (PID=786) to work on /opt/airflow/dags/prueba.py
[2026-07-03T06:59:40.212+0000] {processor.py:829} INFO - Processing file /opt/airflow/dags/prueba.py for tasks to queue
[2026-07-03T06:59:40.214+0000] {logging_mixin.py:154} INFO - [2026-07-03T06:59:40.213+0000] {dagbag.py:536} INFO - Filling up the DagBag from /opt/airflow/dags/prueba.py
[2026-07-03T06:59:40.262+0000] {processor.py:839} INFO - DAG(s) dict_keys(['demo']) retrieved from /opt/airflow/dags/prueba.py
[2026-07-03T06:59:40.419+0000] {logging_mixin.py:154} INFO - [2026-07-03T06:59:40.419+0000] {dag.py:2941} INFO - Sync 1 DAGs
[2026-07-03T06:59:40.527+0000] {logging_mixin.py:154} INFO - [2026-07-03T06:59:40.527+0000] {dag.py:3722} INFO - Setting next_dagrun for demo to 2024-08-11T00:00:00+00:00, run_after=2024-08-12T00:00:00+00:00
[2026-07-03T06:59:40.619+0000] {processor.py:179} INFO - Processing /opt/airflow/dags/prueba.py took 0.435 seconds
[2026-07-03T07:00:10.741+0000] {processor.py:157} INFO - Started process (PID=814) to work on /opt/airflow/dags/prueba.py
[2026-07-03T07:00:10.743+0000] {processor.py:829} INFO - Processing file /opt/airflow/dags/prueba.py for tasks to queue
[2026-07-03T07:00:10.745+0000] {logging_mixin.py:154} INFO - [2026-07-03T07:00:10.744+0000] {dagbag.py:536} INFO - Filling up the DagBag from /opt/airflow/dags/prueba.py
[2026-07-03T07:00:10.774+0000] {processor.py:839} INFO - DAG(s) dict_keys(['demo']) retrieved from /opt/airflow/dags/prueba.py
[2026-07-03T07:00:10.865+0000] {logging_mixin.py:154} INFO - [2026-07-03T07:00:10.865+0000] {dag.py:2941} INFO - Sync 1 DAGs
[2026-07-03T07:00:10.951+0000] {logging_mixin.py:154} INFO - [2026-07-03T07:00:10.950+0000] {dag.py:3722} INFO - Setting next_dagrun for demo to 2024-08-11T00:00:00+00:00, run_after=2024-08-12T00:00:00+00:00
[2026-07-03T07:00:11.005+0000] {processor.py:179} INFO - Processing /opt/airflow/dags/prueba.py took 0.271 seconds
[2026-07-03T07:00:41.661+0000] {processor.py:157} INFO - Started process (PID=841) to work on /opt/airflow/dags/prueba.py
[2026-07-03T07:00:41.674+0000] {processor.py:829} INFO - Processing file /opt/airflow/dags/prueba.py for tasks to queue
[2026-07-03T07:00:41.681+0000] {logging_mixin.py:154} INFO - [2026-07-03T07:00:41.678+0000] {dagbag.py:536} INFO - Filling up the DagBag from /opt/airflow/dags/prueba.py
[2026-07-03T07:00:41.791+0000] {processor.py:839} INFO - DAG(s) dict_keys(['demo']) retrieved from /opt/airflow/dags/prueba.py
[2026-07-03T07:00:42.211+0000] {logging_mixin.py:154} INFO - [2026-07-03T07:00:42.211+0000] {dag.py:2941} INFO - Sync 1 DAGs
[2026-07-03T07:00:42.485+0000] {logging_mixin.py:154} INFO - [2026-07-03T07:00:42.485+0000] {dag.py:3722} INFO - Setting next_dagrun for demo to 2024-08-11T00:00:00+00:00, run_after=2024-08-12T00:00:00+00:00
[2026-07-03T07:00:42.630+0000] {processor.py:179} INFO - Processing /opt/airflow/dags/prueba.py took 1.040 seconds
[2026-07-03T07:01:12.930+0000] {processor.py:157} INFO - Started process (PID=861) to work on /opt/airflow/dags/prueba.py
[2026-07-03T07:01:12.932+0000] {processor.py:829} INFO - Processing file /opt/airflow/dags/prueba.py for tasks to queue
[2026-07-03T07:01:12.934+0000] {logging_mixin.py:154} INFO - [2026-07-03T07:01:12.933+0000] {dagbag.py:536} INFO - Filling up the DagBag from /opt/airflow/dags/prueba.py
[2026-07-03T07:01:12.955+0000] {processor.py:839} INFO - DAG(s) dict_keys(['demo']) retrieved from /opt/airflow/dags/prueba.py
[2026-07-03T07:01:12.997+0000] {logging_mixin.py:154} INFO - [2026-07-03T07:01:12.997+0000] {dag.py:2941} INFO - Sync 1 DAGs
[2026-07-03T07:01:13.032+0000] {logging_mixin.py:154} INFO - [2026-07-03T07:01:13.032+0000] {dag.py:3722} INFO - Setting next_dagrun for demo to 2024-08-11T00:00:00+00:00, run_after=2024-08-12T00:00:00+00:00
[2026-07-03T07:01:13.060+0000] {processor.py:179} INFO - Processing /opt/airflow/dags/prueba.py took 0.140 seconds
[2026-07-03T07:01:43.289+0000] {processor.py:157} INFO - Started process (PID=888) to work on /opt/airflow/dags/prueba.py
[2026-07-03T07:01:43.292+0000] {processor.py:829} INFO - Processing file /opt/airflow/dags/prueba.py for tasks to queue
[2026-07-03T07:01:43.293+0000] {logging_mixin.py:154} INFO - [2026-07-03T07:01:43.293+0000] {dagbag.py:536} INFO - Filling up the DagBag from /opt/airflow/dags/prueba.py
[2026-07-03T07:01:43.308+0000] {processor.py:839} INFO - DAG(s) dict_keys(['demo']) retrieved from /opt/airflow/dags/prueba.py
[2026-07-03T07:01:43.346+0000] {logging_mixin.py:154} INFO - [2026-07-03T07:01:43.346+0000] {dag.py:2941} INFO - Sync 1 DAGs
[2026-07-03T07:01:43.369+0000] {logging_mixin.py:154} INFO - [2026-07-03T07:01:43.369+0000] {dag.py:3722} INFO - Setting next_dagrun for demo to 2024-08-11T00:00:00+00:00, run_after=2024-08-12T00:00:00+00:00
[2026-07-03T07:01:43.390+0000] {processor.py:179} INFO - Processing /opt/airflow/dags/prueba.py took 0.105 seconds
[2026-07-03T07:02:13.588+0000] {processor.py:157} INFO - Started process (PID=915) to work on /opt/airflow/dags/prueba.py
[2026-07-03T07:02:13.590+0000] {processor.py:829} INFO - Processing file /opt/airflow/dags/prueba.py for tasks to queue
[2026-07-03T07:02:13.591+0000] {logging_mixin.py:154} INFO - [2026-07-03T07:02:13.591+0000] {dagbag.py:536} INFO - Filling up the DagBag from /opt/airflow/dags/prueba.py
[2026-07-03T07:02:13.611+0000] {processor.py:839} INFO - DAG(s) dict_keys(['demo']) retrieved from /opt/airflow/dags/prueba.py
[2026-07-03T07:02:13.646+0000] {logging_mixin.py:154} INFO - [2026-07-03T07:02:13.646+0000] {dag.py:2941} INFO - Sync 1 DAGs
[2026-07-03T07:02:13.672+0000] {logging_mixin.py:154} INFO - [2026-07-03T07:02:13.672+0000] {dag.py:3722} INFO - Setting next_dagrun for demo to 2024-08-11T00:00:00+00:00, run_after=2024-08-12T00:00:00+00:00
[2026-07-03T07:02:13.692+0000] {processor.py:179} INFO - Processing /opt/airflow/dags/prueba.py took 0.109 seconds
[2026-07-03T07:02:43.996+0000] {processor.py:157} INFO - Started process (PID=942) to work on /opt/airflow/dags/prueba.py
[2026-07-03T07:02:44.001+0000] {processor.py:829} INFO - Processing file /opt/airflow/dags/prueba.py for tasks to queue
[2026-07-03T07:02:44.002+0000] {logging_mixin.py:154} INFO - [2026-07-03T07:02:44.001+0000] {dagbag.py:536} INFO - Filling up the DagBag from /opt/airflow/dags/prueba.py
[2026-07-03T07:02:44.013+0000] {processor.py:839} INFO - DAG(s) dict_keys(['demo']) retrieved from /opt/airflow/dags/prueba.py
[2026-07-03T07:02:44.051+0000] {logging_mixin.py:154} INFO - [2026-07-03T07:02:44.051+0000] {dag.py:2941} INFO - Sync 1 DAGs
[2026-07-03T07:02:44.079+0000] {logging_mixin.py:154} INFO - [2026-07-03T07:02:44.079+0000] {dag.py:3722} INFO - Setting next_dagrun for demo to 2024-08-11T00:00:00+00:00, run_after=2024-08-12T00:00:00+00:00
[2026-07-03T07:02:44.110+0000] {processor.py:179} INFO - Processing /opt/airflow/dags/prueba.py took 0.118 seconds
[2026-07-03T07:03:14.269+0000] {processor.py:157} INFO - Started process (PID=969) to work on /opt/airflow/dags/prueba.py
[2026-07-03T07:03:14.270+0000] {processor.py:829} INFO - Processing file /opt/airflow/dags/prueba.py for tasks to queue
[2026-07-03T07:03:14.271+0000] {logging_mixin.py:154} INFO - [2026-07-03T07:03:14.271+0000] {dagbag.py:536} INFO - Filling up the DagBag from /opt/airflow/dags/prueba.py
[2026-07-03T07:03:14.285+0000] {processor.py:839} INFO - DAG(s) dict_keys(['demo']) retrieved from /opt/airflow/dags/prueba.py
[2026-07-03T07:03:14.321+0000] {logging_mixin.py:154} INFO - [2026-07-03T07:03:14.321+0000] {dag.py:2941} INFO - Sync 1 DAGs
[2026-07-03T07:03:14.357+0000] {logging_mixin.py:154} INFO - [2026-07-03T07:03:14.357+0000] {dag.py:3722} INFO - Setting next_dagrun for demo to 2024-08-11T00:00:00+00:00, run_after=2024-08-12T00:00:00+00:00
[2026-07-03T07:03:14.389+0000] {processor.py:179} INFO - Processing /opt/airflow/dags/prueba.py took 0.125 seconds
[2026-07-03T07:03:44.603+0000] {processor.py:157} INFO - Started process (PID=996) to work on /opt/airflow/dags/prueba.py
[2026-07-03T07:03:44.605+0000] {processor.py:829} INFO - Processing file /opt/airflow/dags/prueba.py for tasks to queue
[2026-07-03T07:03:44.606+0000] {logging_mixin.py:154} INFO - [2026-07-03T07:03:44.605+0000] {dagbag.py:536} INFO - Filling up the DagBag from /opt/airflow/dags/prueba.py
[2026-07-03T07:03:44.620+0000] {processor.py:839} INFO - DAG(s) dict_keys(['demo']) retrieved from /opt/airflow/dags/prueba.py
[2026-07-03T07:03:44.656+0000] {logging_mixin.py:154} INFO - [2026-07-03T07:03:44.655+0000] {dag.py:2941} INFO - Sync 1 DAGs
[2026-07-03T07:03:44.684+0000] {logging_mixin.py:154} INFO - [2026-07-03T07:03:44.684+0000] {dag.py:3722} INFO - Setting next_dagrun for demo to 2024-08-11T00:00:00+00:00, run_after=2024-08-12T00:00:00+00:00
[2026-07-03T07:03:44.713+0000] {processor.py:179} INFO - Processing /opt/airflow/dags/prueba.py took 0.116 seconds
[2026-07-03T07:04:14.930+0000] {processor.py:157} INFO - Started process (PID=1023) to work on /opt/airflow/dags/prueba.py
[2026-07-03T07:04:14.931+0000] {processor.py:829} INFO - Processing file /opt/airflow/dags/prueba.py for tasks to queue
[2026-07-03T07:04:14.932+0000] {logging_mixin.py:154} INFO - [2026-07-03T07:04:14.932+0000] {dagbag.py:536} INFO - Filling up the DagBag from /opt/airflow/dags/prueba.py
[2026-07-03T07:04:14.942+0000] {processor.py:839} INFO - DAG(s) dict_keys(['demo']) retrieved from /opt/airflow/dags/prueba.py
[2026-07-03T07:04:14.971+0000] {logging_mixin.py:154} INFO - [2026-07-03T07:04:14.970+0000] {dag.py:2941} INFO - Sync 1 DAGs
[2026-07-03T07:04:14.991+0000] {logging_mixin.py:154} INFO - [2026-07-03T07:04:14.990+0000] {dag.py:3722} INFO - Setting next_dagrun for demo to 2024-08-11T00:00:00+00:00, run_after=2024-08-12T00:00:00+00:00
[2026-07-03T07:04:15.009+0000] {processor.py:179} INFO - Processing /opt/airflow/dags/prueba.py took 0.082 seconds
[2026-07-03T07:04:45.300+0000] {processor.py:157} INFO - Started process (PID=1050) to work on /opt/airflow/dags/prueba.py
[2026-07-03T07:04:45.303+0000] {processor.py:829} INFO - Processing file /opt/airflow/dags/prueba.py for tasks to queue
[2026-07-03T07:04:45.304+0000] {logging_mixin.py:154} INFO - [2026-07-03T07:04:45.304+0000] {dagbag.py:536} INFO - Filling up the DagBag from /opt/airflow/dags/prueba.py
[2026-07-03T07:04:45.317+0000] {processor.py:839} INFO - DAG(s) dict_keys(['demo']) retrieved from /opt/airflow/dags/prueba.py
[2026-07-03T07:04:45.345+0000] {logging_mixin.py:154} INFO - [2026-07-03T07:04:45.345+0000] {dag.py:2941} INFO - Sync 1 DAGs
[2026-07-03T07:04:45.366+0000] {logging_mixin.py:154} INFO - [2026-07-03T07:04:45.366+0000] {dag.py:3722} INFO - Setting next_dagrun for demo to 2024-08-11T00:00:00+00:00, run_after=2024-08-12T00:00:00+00:00
[2026-07-03T07:04:45.384+0000] {processor.py:179} INFO - Processing /opt/airflow/dags/prueba.py took 0.088 seconds
[2026-07-03T07:05:15.575+0000] {processor.py:157} INFO - Started process (PID=1077) to work on /opt/airflow/dags/prueba.py
[2026-07-03T07:05:15.576+0000] {processor.py:829} INFO - Processing file /opt/airflow/dags/prueba.py for tasks to queue
[2026-07-03T07:05:15.577+0000] {logging_mixin.py:154} INFO - [2026-07-03T07:05:15.577+0000] {dagbag.py:536} INFO - Filling up the DagBag from /opt/airflow/dags/prueba.py
[2026-07-03T07:05:15.588+0000] {processor.py:839} INFO - DAG(s) dict_keys(['demo']) retrieved from /opt/airflow/dags/prueba.py
[2026-07-03T07:05:15.621+0000] {logging_mixin.py:154} INFO - [2026-07-03T07:05:15.621+0000] {dag.py:2941} INFO - Sync 1 DAGs
[2026-07-03T07:05:15.643+0000] {logging_mixin.py:154} INFO - [2026-07-03T07:05:15.643+0000] {dag.py:3722} INFO - Setting next_dagrun for demo to 2024-08-11T00:00:00+00:00, run_after=2024-08-12T00:00:00+00:00
[2026-07-03T07:05:15.672+0000] {processor.py:179} INFO - Processing /opt/airflow/dags/prueba.py took 0.100 seconds
[2026-07-03T07:05:45.976+0000] {processor.py:157} INFO - Started process (PID=1104) to work on /opt/airflow/dags/prueba.py
[2026-07-03T07:05:45.981+0000] {processor.py:829} INFO - Processing file /opt/airflow/dags/prueba.py for tasks to queue
[2026-07-03T07:05:45.982+0000] {logging_mixin.py:154} INFO - [2026-07-03T07:05:45.982+0000] {dagbag.py:536} INFO - Filling up the DagBag from /opt/airflow/dags/prueba.py
[2026-07-03T07:05:45.996+0000] {processor.py:839} INFO - DAG(s) dict_keys(['demo']) retrieved from /opt/airflow/dags/prueba.py
[2026-07-03T07:05:46.031+0000] {logging_mixin.py:154} INFO - [2026-07-03T07:05:46.030+0000] {dag.py:2941} INFO - Sync 1 DAGs
[2026-07-03T07:05:46.054+0000] {logging_mixin.py:154} INFO - [2026-07-03T07:05:46.054+0000] {dag.py:3722} INFO - Setting next_dagrun for demo to 2024-08-11T00:00:00+00:00, run_after=2024-08-12T00:00:00+00:00
[2026-07-03T07:05:46.083+0000] {processor.py:179} INFO - Processing /opt/airflow/dags/prueba.py took 0.110 seconds
[2026-07-03T07:06:16.288+0000] {processor.py:157} INFO - Started process (PID=1131) to work on /opt/airflow/dags/prueba.py
[2026-07-03T07:06:16.289+0000] {processor.py:829} INFO - Processing file /opt/airflow/dags/prueba.py for tasks to queue
[2026-07-03T07:06:16.290+0000] {logging_mixin.py:154} INFO - [2026-07-03T07:06:16.290+0000] {dagbag.py:536} INFO - Filling up the DagBag from /opt/airflow/dags/prueba.py
[2026-07-03T07:06:16.304+0000] {processor.py:839} INFO - DAG(s) dict_keys(['demo']) retrieved from /opt/airflow/dags/prueba.py
[2026-07-03T07:06:16.337+0000] {logging_mixin.py:154} INFO - [2026-07-03T07:06:16.337+0000] {dag.py:2941} INFO - Sync 1 DAGs
[2026-07-03T07:06:16.360+0000] {logging_mixin.py:154} INFO - [2026-07-03T07:06:16.359+0000] {dag.py:3722} INFO - Setting next_dagrun for demo to 2024-08-11T00:00:00+00:00, run_after=2024-08-12T00:00:00+00:00
[2026-07-03T07:06:16.380+0000] {processor.py:179} INFO - Processing /opt/airflow/dags/prueba.py took 0.097 seconds
[2026-07-03T07:06:46.675+0000] {processor.py:157} INFO - Started process (PID=1158) to work on /opt/airflow/dags/prueba.py
[2026-07-03T07:06:46.680+0000] {processor.py:829} INFO - Processing file /opt/airflow/dags/prueba.py for tasks to queue
[2026-07-03T07:06:46.681+0000] {logging_mixin.py:154} INFO - [2026-07-03T07:06:46.681+0000] {dagbag.py:536} INFO - Filling up the DagBag from /opt/airflow/dags/prueba.py
[2026-07-03T07:06:46.695+0000] {processor.py:839} INFO - DAG(s) dict_keys(['demo']) retrieved from /opt/airflow/dags/prueba.py
[2026-07-03T07:06:46.724+0000] {logging_mixin.py:154} INFO - [2026-07-03T07:06:46.724+0000] {dag.py:2941} INFO - Sync 1 DAGs
[2026-07-03T07:06:46.749+0000] {logging_mixin.py:154} INFO - [2026-07-03T07:06:46.749+0000] {dag.py:3722} INFO - Setting next_dagrun for demo to 2024-08-11T00:00:00+00:00, run_after=2024-08-12T00:00:00+00:00
[2026-07-03T07:06:46.784+0000] {processor.py:179} INFO - Processing /opt/airflow/dags/prueba.py took 0.112 seconds
[2026-07-03T07:07:16.963+0000] {processor.py:157} INFO - Started process (PID=1185) to work on /opt/airflow/dags/prueba.py
[2026-07-03T07:07:16.964+0000] {processor.py:829} INFO - Processing file /opt/airflow/dags/prueba.py for tasks to queue
[2026-07-03T07:07:16.965+0000] {logging_mixin.py:154} INFO - [2026-07-03T07:07:16.965+0000] {dagbag.py:536} INFO - Filling up the DagBag from /opt/airflow/dags/prueba.py
[2026-07-03T07:07:16.981+0000] {processor.py:839} INFO - DAG(s) dict_keys(['demo']) retrieved from /opt/airflow/dags/prueba.py
[2026-07-03T07:07:17.013+0000] {logging_mixin.py:154} INFO - [2026-07-03T07:07:17.013+0000] {dag.py:2941} INFO - Sync 1 DAGs
[2026-07-03T07:07:17.036+0000] {logging_mixin.py:154} INFO - [2026-07-03T07:07:17.036+0000] {dag.py:3722} INFO - Setting next_dagrun for demo to 2024-08-11T00:00:00+00:00, run_after=2024-08-12T00:00:00+00:00
[2026-07-03T07:07:17.062+0000] {processor.py:179} INFO - Processing /opt/airflow/dags/prueba.py took 0.103 seconds
[2026-07-03T07:07:47.288+0000] {processor.py:157} INFO - Started process (PID=1212) to work on /opt/airflow/dags/prueba.py
[2026-07-03T07:07:47.290+0000] {processor.py:829} INFO - Processing file /opt/airflow/dags/prueba.py for tasks to queue
[2026-07-03T07:07:47.291+0000] {logging_mixin.py:154} INFO - [2026-07-03T07:07:47.291+0000] {dagbag.py:536} INFO - Filling up the DagBag from /opt/airflow/dags/prueba.py
[2026-07-03T07:07:47.305+0000] {processor.py:839} INFO - DAG(s) dict_keys(['demo']) retrieved from /opt/airflow/dags/prueba.py
[2026-07-03T07:07:47.336+0000] {logging_mixin.py:154} INFO - [2026-07-03T07:07:47.335+0000] {dag.py:2941} INFO - Sync 1 DAGs
[2026-07-03T07:07:47.360+0000] {logging_mixin.py:154} INFO - [2026-07-03T07:07:47.360+0000] {dag.py:3722} INFO - Setting next_dagrun for demo to 2024-08-11T00:00:00+00:00, run_after=2024-08-12T00:00:00+00:00
[2026-07-03T07:07:47.381+0000] {processor.py:179} INFO - Processing /opt/airflow/dags/prueba.py took 0.097 seconds
[2026-07-03T07:08:17.639+0000] {processor.py:157} INFO - Started process (PID=1239) to work on /opt/airflow/dags/prueba.py
[2026-07-03T07:08:17.640+0000] {processor.py:829} INFO - Processing file /opt/airflow/dags/prueba.py for tasks to queue
[2026-07-03T07:08:17.641+0000] {logging_mixin.py:154} INFO - [2026-07-03T07:08:17.641+0000] {dagbag.py:536} INFO - Filling up the DagBag from /opt/airflow/dags/prueba.py
[2026-07-03T07:08:17.654+0000] {processor.py:839} INFO - DAG(s) dict_keys(['demo']) retrieved from /opt/airflow/dags/prueba.py
[2026-07-03T07:08:17.687+0000] {logging_mixin.py:154} INFO - [2026-07-03T07:08:17.687+0000] {dag.py:2941} INFO - Sync 1 DAGs
[2026-07-03T07:08:17.717+0000] {logging_mixin.py:154} INFO - [2026-07-03T07:08:17.717+0000] {dag.py:3722} INFO - Setting next_dagrun for demo to 2024-08-11T00:00:00+00:00, run_after=2024-08-12T00:00:00+00:00
[2026-07-03T07:08:17.741+0000] {processor.py:179} INFO - Processing /opt/airflow/dags/prueba.py took 0.107 seconds
[2026-07-03T07:08:48.018+0000] {processor.py:157} INFO - Started process (PID=1266) to work on /opt/airflow/dags/prueba.py
[2026-07-03T07:08:48.020+0000] {processor.py:829} INFO - Processing file /opt/airflow/dags/prueba.py for tasks to queue
[2026-07-03T07:08:48.020+0000] {logging_mixin.py:154} INFO - [2026-07-03T07:08:48.020+0000] {dagbag.py:536} INFO - Filling up the DagBag from /opt/airflow/dags/prueba.py
[2026-07-03T07:08:48.032+0000] {processor.py:839} INFO - DAG(s) dict_keys(['demo']) retrieved from /opt/airflow/dags/prueba.py
[2026-07-03T07:08:48.062+0000] {logging_mixin.py:154} INFO - [2026-07-03T07:08:48.062+0000] {dag.py:2941} INFO - Sync 1 DAGs
[2026-07-03T07:08:48.086+0000] {logging_mixin.py:154} INFO - [2026-07-03T07:08:48.086+0000] {dag.py:3722} INFO - Setting next_dagrun for demo to 2024-08-11T00:00:00+00:00, run_after=2024-08-12T00:00:00+00:00
[2026-07-03T07:08:48.110+0000] {processor.py:179} INFO - Processing /opt/airflow/dags/prueba.py took 0.095 seconds
[2026-07-03T07:09:18.364+0000] {processor.py:157} INFO - Started process (PID=1293) to work on /opt/airflow/dags/prueba.py
[2026-07-03T07:09:18.365+0000] {processor.py:829} INFO - Processing file /opt/airflow/dags/prueba.py for tasks to queue
[2026-07-03T07:09:18.366+0000] {logging_mixin.py:154} INFO - [2026-07-03T07:09:18.366+0000] {dagbag.py:536} INFO - Filling up the DagBag from /opt/airflow/dags/prueba.py
[2026-07-03T07:09:18.381+0000] {processor.py:839} INFO - DAG(s) dict_keys(['demo']) retrieved from /opt/airflow/dags/prueba.py
[2026-07-03T07:09:18.410+0000] {logging_mixin.py:154} INFO - [2026-07-03T07:09:18.410+0000] {dag.py:2941} INFO - Sync 1 DAGs
[2026-07-03T07:09:18.434+0000] {logging_mixin.py:154} INFO - [2026-07-03T07:09:18.434+0000] {dag.py:3722} INFO - Setting next_dagrun for demo to 2024-08-11T00:00:00+00:00, run_after=2024-08-12T00:00:00+00:00
[2026-07-03T07:09:18.460+0000] {processor.py:179} INFO - Processing /opt/airflow/dags/prueba.py took 0.100 seconds
[2026-07-03T07:09:48.622+0000] {processor.py:157} INFO - Started process (PID=1320) to work on /opt/airflow/dags/prueba.py
[2026-07-03T07:09:48.624+0000] {processor.py:829} INFO - Processing file /opt/airflow/dags/prueba.py for tasks to queue
[2026-07-03T07:09:48.625+0000] {logging_mixin.py:154} INFO - [2026-07-03T07:09:48.624+0000] {dagbag.py:536} INFO - Filling up the DagBag from /opt/airflow/dags/prueba.py
[2026-07-03T07:09:48.638+0000] {processor.py:839} INFO - DAG(s) dict_keys(['demo']) retrieved from /opt/airflow/dags/prueba.py
[2026-07-03T07:09:48.664+0000] {logging_mixin.py:154} INFO - [2026-07-03T07:09:48.664+0000] {dag.py:2941} INFO - Sync 1 DAGs
[2026-07-03T07:09:48.685+0000] {logging_mixin.py:154} INFO - [2026-07-03T07:09:48.685+0000] {dag.py:3722} INFO - Setting next_dagrun for demo to 2024-08-11T00:00:00+00:00, run_after=2024-08-12T00:00:00+00:00
[2026-07-03T07:09:48.707+0000] {processor.py:179} INFO - Processing /opt/airflow/dags/prueba.py took 0.088 seconds
[2026-07-03T07:10:18.975+0000] {processor.py:157} INFO - Started process (PID=1347) to work on /opt/airflow/dags/prueba.py
[2026-07-03T07:10:18.977+0000] {processor.py:829} INFO - Processing file /opt/airflow/dags/prueba.py for tasks to queue
[2026-07-03T07:10:18.978+0000] {logging_mixin.py:154} INFO - [2026-07-03T07:10:18.977+0000] {dagbag.py:536} INFO - Filling up the DagBag from /opt/airflow/dags/prueba.py
[2026-07-03T07:10:18.993+0000] {processor.py:839} INFO - DAG(s) dict_keys(['demo']) retrieved from /opt/airflow/dags/prueba.py
[2026-07-03T07:10:19.024+0000] {logging_mixin.py:154} INFO - [2026-07-03T07:10:19.024+0000] {dag.py:2941} INFO - Sync 1 DAGs
[2026-07-03T07:10:19.060+0000] {logging_mixin.py:154} INFO - [2026-07-03T07:10:19.059+0000] {dag.py:3722} INFO - Setting next_dagrun for demo to 2024-08-11T00:00:00+00:00, run_after=2024-08-12T00:00:00+00:00
[2026-07-03T07:10:19.082+0000] {processor.py:179} INFO - Processing /opt/airflow/dags/prueba.py took 0.112 seconds
[2026-07-03T07:10:49.299+0000] {processor.py:157} INFO - Started process (PID=1367) to work on /opt/airflow/dags/prueba.py
[2026-07-03T07:10:49.300+0000] {processor.py:829} INFO - Processing file /opt/airflow/dags/prueba.py for tasks to queue
[2026-07-03T07:10:49.303+0000] {logging_mixin.py:154} INFO - [2026-07-03T07:10:49.302+0000] {dagbag.py:536} INFO - Filling up the DagBag from /opt/airflow/dags/prueba.py
[2026-07-03T07:10:49.328+0000] {processor.py:839} INFO - DAG(s) dict_keys(['demo']) retrieved from /opt/airflow/dags/prueba.py
[2026-07-03T07:10:49.389+0000] {logging_mixin.py:154} INFO - [2026-07-03T07:10:49.389+0000] {dag.py:2941} INFO - Sync 1 DAGs
[2026-07-03T07:10:49.433+0000] {logging_mixin.py:154} INFO - [2026-07-03T07:10:49.432+0000] {dag.py:3722} INFO - Setting next_dagrun for demo to 2024-08-11T00:00:00+00:00, run_after=2024-08-12T00:00:00+00:00
[2026-07-03T07:10:49.464+0000] {processor.py:179} INFO - Processing /opt/airflow/dags/prueba.py took 0.171 seconds
[2026-07-03T07:11:19.734+0000] {processor.py:157} INFO - Started process (PID=1394) to work on /opt/airflow/dags/prueba.py
[2026-07-03T07:11:19.735+0000] {processor.py:829} INFO - Processing file /opt/airflow/dags/prueba.py for tasks to queue
[2026-07-03T07:11:19.737+0000] {logging_mixin.py:154} INFO - [2026-07-03T07:11:19.736+0000] {dagbag.py:536} INFO - Filling up the DagBag from /opt/airflow/dags/prueba.py
[2026-07-03T07:11:19.748+0000] {processor.py:839} INFO - DAG(s) dict_keys(['demo']) retrieved from /opt/airflow/dags/prueba.py
[2026-07-03T07:11:19.775+0000] {logging_mixin.py:154} INFO - [2026-07-03T07:11:19.775+0000] {dag.py:2941} INFO - Sync 1 DAGs
[2026-07-03T07:11:19.797+0000] {logging_mixin.py:154} INFO - [2026-07-03T07:11:19.797+0000] {dag.py:3722} INFO - Setting next_dagrun for demo to 2024-08-11T00:00:00+00:00, run_after=2024-08-12T00:00:00+00:00
[2026-07-03T07:11:19.824+0000] {processor.py:179} INFO - Processing /opt/airflow/dags/prueba.py took 0.094 seconds
[2026-07-03T07:11:50.029+0000] {processor.py:157} INFO - Started process (PID=1421) to work on /opt/airflow/dags/prueba.py
[2026-07-03T07:11:50.033+0000] {processor.py:829} INFO - Processing file /opt/airflow/dags/prueba.py for tasks to queue
[2026-07-03T07:11:50.034+0000] {logging_mixin.py:154} INFO - [2026-07-03T07:11:50.034+0000] {dagbag.py:536} INFO - Filling up the DagBag from /opt/airflow/dags/prueba.py
[2026-07-03T07:11:50.044+0000] {processor.py:839} INFO - DAG(s) dict_keys(['demo']) retrieved from /opt/airflow/dags/prueba.py
[2026-07-03T07:11:50.070+0000] {logging_mixin.py:154} INFO - [2026-07-03T07:11:50.070+0000] {dag.py:2941} INFO - Sync 1 DAGs
[2026-07-03T07:11:50.096+0000] {logging_mixin.py:154} INFO - [2026-07-03T07:11:50.096+0000] {dag.py:3722} INFO - Setting next_dagrun for demo to 2024-08-11T00:00:00+00:00, run_after=2024-08-12T00:00:00+00:00
[2026-07-03T07:11:50.119+0000] {processor.py:179} INFO - Processing /opt/airflow/dags/prueba.py took 0.092 seconds
[2026-07-03T07:12:20.274+0000] {processor.py:157} INFO - Started process (PID=1448) to work on /opt/airflow/dags/prueba.py
[2026-07-03T07:12:20.275+0000] {processor.py:829} INFO - Processing file /opt/airflow/dags/prueba.py for tasks to queue
[2026-07-03T07:12:20.275+0000] {logging_mixin.py:154} INFO - [2026-07-03T07:12:20.275+0000] {dagbag.py:536} INFO - Filling up the DagBag from /opt/airflow/dags/prueba.py
[2026-07-03T07:12:20.287+0000] {processor.py:839} INFO - DAG(s) dict_keys(['demo']) retrieved from /opt/airflow/dags/prueba.py
[2026-07-03T07:12:20.314+0000] {logging_mixin.py:154} INFO - [2026-07-03T07:12:20.314+0000] {dag.py:2941} INFO - Sync 1 DAGs
[2026-07-03T07:12:20.339+0000] {logging_mixin.py:154} INFO - [2026-07-03T07:12:20.339+0000] {dag.py:3722} INFO - Setting next_dagrun for demo to 2024-08-11T00:00:00+00:00, run_after=2024-08-12T00:00:00+00:00
[2026-07-03T07:12:20.361+0000] {processor.py:179} INFO - Processing /opt/airflow/dags/prueba.py took 0.091 seconds
[2026-07-03T07:12:50.623+0000] {processor.py:157} INFO - Started process (PID=1475) to work on /opt/airflow/dags/prueba.py
[2026-07-03T07:12:50.624+0000] {processor.py:829} INFO - Processing file /opt/airflow/dags/prueba.py for tasks to queue
[2026-07-03T07:12:50.625+0000] {logging_mixin.py:154} INFO - [2026-07-03T07:12:50.624+0000] {dagbag.py:536} INFO - Filling up the DagBag from /opt/airflow/dags/prueba.py
[2026-07-03T07:12:50.636+0000] {processor.py:839} INFO - DAG(s) dict_keys(['demo']) retrieved from /opt/airflow/dags/prueba.py
[2026-07-03T07:12:50.666+0000] {logging_mixin.py:154} INFO - [2026-07-03T07:12:50.666+0000] {dag.py:2941} INFO - Sync 1 DAGs
[2026-07-03T07:12:50.690+0000] {logging_mixin.py:154} INFO - [2026-07-03T07:12:50.689+0000] {dag.py:3722} INFO - Setting next_dagrun for demo to 2024-08-11T00:00:00+00:00, run_after=2024-08-12T00:00:00+00:00
[2026-07-03T07:12:50.710+0000] {processor.py:179} INFO - Processing /opt/airflow/dags/prueba.py took 0.090 seconds
[2026-07-03T07:13:21.010+0000] {processor.py:157} INFO - Started process (PID=1502) to work on /opt/airflow/dags/prueba.py
[2026-07-03T07:13:21.011+0000] {processor.py:829} INFO - Processing file /opt/airflow/dags/prueba.py for tasks to queue
[2026-07-03T07:13:21.012+0000] {logging_mixin.py:154} INFO - [2026-07-03T07:13:21.012+0000] {dagbag.py:536} INFO - Filling up the DagBag from /opt/airflow/dags/prueba.py
[2026-07-03T07:13:21.035+0000] {processor.py:839} INFO - DAG(s) dict_keys(['demo']) retrieved from /opt/airflow/dags/prueba.py
[2026-07-03T07:13:21.092+0000] {logging_mixin.py:154} INFO - [2026-07-03T07:13:21.092+0000] {dag.py:2941} INFO - Sync 1 DAGs
[2026-07-03T07:13:21.121+0000] {logging_mixin.py:154} INFO - [2026-07-03T07:13:21.120+0000] {dag.py:3722} INFO - Setting next_dagrun for demo to 2024-08-11T00:00:00+00:00, run_after=2024-08-12T00:00:00+00:00
[2026-07-03T07:13:21.142+0000] {processor.py:179} INFO - Processing /opt/airflow/dags/prueba.py took 0.138 seconds
[2026-07-03T07:14:21.512+0000] {processor.py:157} INFO - Started process (PID=185) to work on /opt/airflow/dags/prueba.py
[2026-07-03T07:14:21.516+0000] {processor.py:829} INFO - Processing file /opt/airflow/dags/prueba.py for tasks to queue
[2026-07-03T07:14:21.518+0000] {logging_mixin.py:154} INFO - [2026-07-03T07:14:21.517+0000] {dagbag.py:536} INFO - Filling up the DagBag from /opt/airflow/dags/prueba.py
[2026-07-03T07:14:21.545+0000] {processor.py:839} INFO - DAG(s) dict_keys(['demo']) retrieved from /opt/airflow/dags/prueba.py
[2026-07-03T07:14:21.576+0000] {logging_mixin.py:154} INFO - [2026-07-03T07:14:21.575+0000] {dag.py:2941} INFO - Sync 1 DAGs
[2026-07-03T07:14:21.653+0000] {logging_mixin.py:154} INFO - [2026-07-03T07:14:21.652+0000] {dag.py:3722} INFO - Setting next_dagrun for demo to 2024-08-11T00:00:00+00:00, run_after=2024-08-12T00:00:00+00:00
[2026-07-03T07:14:21.703+0000] {processor.py:179} INFO - Processing /opt/airflow/dags/prueba.py took 0.202 seconds
[2026-07-03T07:14:52.110+0000] {processor.py:157} INFO - Started process (PID=208) to work on /opt/airflow/dags/prueba.py
[2026-07-03T07:14:52.111+0000] {processor.py:829} INFO - Processing file /opt/airflow/dags/prueba.py for tasks to queue
[2026-07-03T07:14:52.112+0000] {logging_mixin.py:154} INFO - [2026-07-03T07:14:52.112+0000] {dagbag.py:536} INFO - Filling up the DagBag from /opt/airflow/dags/prueba.py
[2026-07-03T07:14:52.122+0000] {processor.py:839} INFO - DAG(s) dict_keys(['demo']) retrieved from /opt/airflow/dags/prueba.py
[2026-07-03T07:14:52.150+0000] {logging_mixin.py:154} INFO - [2026-07-03T07:14:52.150+0000] {dag.py:2941} INFO - Sync 1 DAGs
[2026-07-03T07:14:52.173+0000] {logging_mixin.py:154} INFO - [2026-07-03T07:14:52.173+0000] {dag.py:3722} INFO - Setting next_dagrun for demo to 2024-08-11T00:00:00+00:00, run_after=2024-08-12T00:00:00+00:00
[2026-07-03T07:14:52.192+0000] {processor.py:179} INFO - Processing /opt/airflow/dags/prueba.py took 0.087 seconds
[2026-07-03T07:15:22.495+0000] {processor.py:157} INFO - Started process (PID=236) to work on /opt/airflow/dags/prueba.py
[2026-07-03T07:15:22.497+0000] {processor.py:829} INFO - Processing file /opt/airflow/dags/prueba.py for tasks to queue
[2026-07-03T07:15:22.497+0000] {logging_mixin.py:154} INFO - [2026-07-03T07:15:22.497+0000] {dagbag.py:536} INFO - Filling up the DagBag from /opt/airflow/dags/prueba.py
[2026-07-03T07:15:22.510+0000] {processor.py:839} INFO - DAG(s) dict_keys(['demo']) retrieved from /opt/airflow/dags/prueba.py
[2026-07-03T07:15:22.537+0000] {logging_mixin.py:154} INFO - [2026-07-03T07:15:22.537+0000] {dag.py:2941} INFO - Sync 1 DAGs
[2026-07-03T07:15:22.557+0000] {logging_mixin.py:154} INFO - [2026-07-03T07:15:22.557+0000] {dag.py:3722} INFO - Setting next_dagrun for demo to 2024-08-11T00:00:00+00:00, run_after=2024-08-12T00:00:00+00:00
[2026-07-03T07:15:22.573+0000] {processor.py:179} INFO - Processing /opt/airflow/dags/prueba.py took 0.080 seconds
[2026-07-03T07:15:52.794+0000] {processor.py:157} INFO - Started process (PID=261) to work on /opt/airflow/dags/prueba.py
[2026-07-03T07:15:52.794+0000] {processor.py:829} INFO - Processing file /opt/airflow/dags/prueba.py for tasks to queue
[2026-07-03T07:15:52.795+0000] {logging_mixin.py:154} INFO - [2026-07-03T07:15:52.795+0000] {dagbag.py:536} INFO - Filling up the DagBag from /opt/airflow/dags/prueba.py
[2026-07-03T07:15:52.806+0000] {processor.py:839} INFO - DAG(s) dict_keys(['demo']) retrieved from /opt/airflow/dags/prueba.py
[2026-07-03T07:15:52.833+0000] {logging_mixin.py:154} INFO - [2026-07-03T07:15:52.832+0000] {dag.py:2941} INFO - Sync 1 DAGs
[2026-07-03T07:15:52.857+0000] {logging_mixin.py:154} INFO - [2026-07-03T07:15:52.857+0000] {dag.py:3722} INFO - Setting next_dagrun for demo to 2024-08-11T00:00:00+00:00, run_after=2024-08-12T00:00:00+00:00
[2026-07-03T07:15:52.873+0000] {processor.py:179} INFO - Processing /opt/airflow/dags/prueba.py took 0.082 seconds
[2026-07-03T07:16:23.170+0000] {processor.py:157} INFO - Started process (PID=288) to work on /opt/airflow/dags/prueba.py
[2026-07-03T07:16:23.171+0000] {processor.py:829} INFO - Processing file /opt/airflow/dags/prueba.py for tasks to queue
[2026-07-03T07:16:23.172+0000] {logging_mixin.py:154} INFO - [2026-07-03T07:16:23.172+0000] {dagbag.py:536} INFO - Filling up the DagBag from /opt/airflow/dags/prueba.py
[2026-07-03T07:16:23.183+0000] {processor.py:839} INFO - DAG(s) dict_keys(['demo']) retrieved from /opt/airflow/dags/prueba.py
[2026-07-03T07:16:23.208+0000] {logging_mixin.py:154} INFO - [2026-07-03T07:16:23.208+0000] {dag.py:2941} INFO - Sync 1 DAGs
[2026-07-03T07:16:23.228+0000] {logging_mixin.py:154} INFO - [2026-07-03T07:16:23.228+0000] {dag.py:3722} INFO - Setting next_dagrun for demo to 2024-08-11T00:00:00+00:00, run_after=2024-08-12T00:00:00+00:00
[2026-07-03T07:16:23.250+0000] {processor.py:179} INFO - Processing /opt/airflow/dags/prueba.py took 0.083 seconds
[2026-07-03T07:16:53.677+0000] {processor.py:157} INFO - Started process (PID=318) to work on /opt/airflow/dags/prueba.py
[2026-07-03T07:16:53.680+0000] {processor.py:829} INFO - Processing file /opt/airflow/dags/prueba.py for tasks to queue
[2026-07-03T07:16:53.681+0000] {logging_mixin.py:154} INFO - [2026-07-03T07:16:53.681+0000] {dagbag.py:536} INFO - Filling up the DagBag from /opt/airflow/dags/prueba.py
[2026-07-03T07:16:53.691+0000] {processor.py:839} INFO - DAG(s) dict_keys(['demo']) retrieved from /opt/airflow/dags/prueba.py
[2026-07-03T07:16:53.719+0000] {logging_mixin.py:154} INFO - [2026-07-03T07:16:53.719+0000] {dag.py:2941} INFO - Sync 1 DAGs
[2026-07-03T07:16:53.740+0000] {logging_mixin.py:154} INFO - [2026-07-03T07:16:53.739+0000] {dag.py:3722} INFO - Setting next_dagrun for demo to 2024-08-11T00:00:00+00:00, run_after=2024-08-12T00:00:00+00:00
[2026-07-03T07:16:53.756+0000] {processor.py:179} INFO - Processing /opt/airflow/dags/prueba.py took 0.083 seconds
[2026-07-03T07:17:23.987+0000] {processor.py:157} INFO - Started process (PID=343) to work on /opt/airflow/dags/prueba.py
[2026-07-03T07:17:23.988+0000] {processor.py:829} INFO - Processing file /opt/airflow/dags/prueba.py for tasks to queue
[2026-07-03T07:17:23.989+0000] {logging_mixin.py:154} INFO - [2026-07-03T07:17:23.989+0000] {dagbag.py:536} INFO - Filling up the DagBag from /opt/airflow/dags/prueba.py
[2026-07-03T07:17:23.999+0000] {processor.py:839} INFO - DAG(s) dict_keys(['demo']) retrieved from /opt/airflow/dags/prueba.py
[2026-07-03T07:17:24.025+0000] {logging_mixin.py:154} INFO - [2026-07-03T07:17:24.025+0000] {dag.py:2941} INFO - Sync 1 DAGs
[2026-07-03T07:17:24.046+0000] {logging_mixin.py:154} INFO - [2026-07-03T07:17:24.046+0000] {dag.py:3722} INFO - Setting next_dagrun for demo to 2024-08-11T00:00:00+00:00, run_after=2024-08-12T00:00:00+00:00
[2026-07-03T07:17:24.065+0000] {processor.py:179} INFO - Processing /opt/airflow/dags/prueba.py took 0.083 seconds
[2026-07-03T07:17:54.262+0000] {processor.py:157} INFO - Started process (PID=370) to work on /opt/airflow/dags/prueba.py
[2026-07-03T07:17:54.264+0000] {processor.py:829} INFO - Processing file /opt/airflow/dags/prueba.py for tasks to queue
[2026-07-03T07:17:54.265+0000] {logging_mixin.py:154} INFO - [2026-07-03T07:17:54.264+0000] {dagbag.py:536} INFO - Filling up the DagBag from /opt/airflow/dags/prueba.py
[2026-07-03T07:17:54.277+0000] {processor.py:839} INFO - DAG(s) dict_keys(['demo']) retrieved from /opt/airflow/dags/prueba.py
[2026-07-03T07:17:54.307+0000] {logging_mixin.py:154} INFO - [2026-07-03T07:17:54.307+0000] {dag.py:2941} INFO - Sync 1 DAGs
[2026-07-03T07:17:54.336+0000] {logging_mixin.py:154} INFO - [2026-07-03T07:17:54.336+0000] {dag.py:3722} INFO - Setting next_dagrun for demo to 2024-08-11T00:00:00+00:00, run_after=2024-08-12T00:00:00+00:00
[2026-07-03T07:17:54.361+0000] {processor.py:179} INFO - Processing /opt/airflow/dags/prueba.py took 0.102 seconds
[2026-07-03T07:18:24.653+0000] {processor.py:157} INFO - Started process (PID=397) to work on /opt/airflow/dags/prueba.py
[2026-07-03T07:18:24.654+0000] {processor.py:829} INFO - Processing file /opt/airflow/dags/prueba.py for tasks to queue
[2026-07-03T07:18:24.655+0000] {logging_mixin.py:154} INFO - [2026-07-03T07:18:24.655+0000] {dagbag.py:536} INFO - Filling up the DagBag from /opt/airflow/dags/prueba.py
[2026-07-03T07:18:24.665+0000] {processor.py:839} INFO - DAG(s) dict_keys(['demo']) retrieved from /opt/airflow/dags/prueba.py
[2026-07-03T07:18:24.691+0000] {logging_mixin.py:154} INFO - [2026-07-03T07:18:24.691+0000] {dag.py:2941} INFO - Sync 1 DAGs
[2026-07-03T07:18:24.711+0000] {logging_mixin.py:154} INFO - [2026-07-03T07:18:24.710+0000] {dag.py:3722} INFO - Setting next_dagrun for demo to 2024-08-11T00:00:00+00:00, run_after=2024-08-12T00:00:00+00:00
[2026-07-03T07:18:24.735+0000] {processor.py:179} INFO - Processing /opt/airflow/dags/prueba.py took 0.085 seconds
[2026-07-03T07:18:55.043+0000] {processor.py:157} INFO - Started process (PID=426) to work on /opt/airflow/dags/prueba.py
[2026-07-03T07:18:55.045+0000] {processor.py:829} INFO - Processing file /opt/airflow/dags/prueba.py for tasks to queue
[2026-07-03T07:18:55.045+0000] {logging_mixin.py:154} INFO - [2026-07-03T07:18:55.045+0000] {dagbag.py:536} INFO - Filling up the DagBag from /opt/airflow/dags/prueba.py
[2026-07-03T07:18:55.057+0000] {processor.py:839} INFO - DAG(s) dict_keys(['demo']) retrieved from /opt/airflow/dags/prueba.py
[2026-07-03T07:18:55.083+0000] {logging_mixin.py:154} INFO - [2026-07-03T07:18:55.083+0000] {dag.py:2941} INFO - Sync 1 DAGs
[2026-07-03T07:18:55.105+0000] {logging_mixin.py:154} INFO - [2026-07-03T07:18:55.105+0000] {dag.py:3722} INFO - Setting next_dagrun for demo to 2024-08-11T00:00:00+00:00, run_after=2024-08-12T00:00:00+00:00
[2026-07-03T07:18:55.124+0000] {processor.py:179} INFO - Processing /opt/airflow/dags/prueba.py took 0.084 seconds
[2026-07-03T07:19:25.810+0000] {processor.py:157} INFO - Started process (PID=456) to work on /opt/airflow/dags/prueba.py
[2026-07-03T07:19:25.813+0000] {processor.py:829} INFO - Processing file /opt/airflow/dags/prueba.py for tasks to queue
[2026-07-03T07:19:25.816+0000] {logging_mixin.py:154} INFO - [2026-07-03T07:19:25.815+0000] {dagbag.py:536} INFO - Filling up the DagBag from /opt/airflow/dags/prueba.py
[2026-07-03T07:19:25.870+0000] {processor.py:839} INFO - DAG(s) dict_keys(['demo']) retrieved from /opt/airflow/dags/prueba.py
[2026-07-03T07:19:25.947+0000] {logging_mixin.py:154} INFO - [2026-07-03T07:19:25.946+0000] {dag.py:2941} INFO - Sync 1 DAGs
[2026-07-03T07:19:26.045+0000] {logging_mixin.py:154} INFO - [2026-07-03T07:19:26.045+0000] {dag.py:3722} INFO - Setting next_dagrun for demo to 2024-08-11T00:00:00+00:00, run_after=2024-08-12T00:00:00+00:00
[2026-07-03T07:19:26.136+0000] {processor.py:179} INFO - Processing /opt/airflow/dags/prueba.py took 0.339 seconds
[2026-07-03T07:19:56.885+0000] {processor.py:157} INFO - Started process (PID=487) to work on /opt/airflow/dags/prueba.py
[2026-07-03T07:19:56.887+0000] {processor.py:829} INFO - Processing file /opt/airflow/dags/prueba.py for tasks to queue
[2026-07-03T07:19:56.890+0000] {logging_mixin.py:154} INFO - [2026-07-03T07:19:56.889+0000] {dagbag.py:536} INFO - Filling up the DagBag from /opt/airflow/dags/prueba.py
[2026-07-03T07:19:56.912+0000] {processor.py:839} INFO - DAG(s) dict_keys(['demo']) retrieved from /opt/airflow/dags/prueba.py
[2026-07-03T07:19:56.972+0000] {logging_mixin.py:154} INFO - [2026-07-03T07:19:56.971+0000] {dag.py:2941} INFO - Sync 1 DAGs
[2026-07-03T07:19:57.018+0000] {logging_mixin.py:154} INFO - [2026-07-03T07:19:57.018+0000] {dag.py:3722} INFO - Setting next_dagrun for demo to 2024-08-11T00:00:00+00:00, run_after=2024-08-12T00:00:00+00:00
[2026-07-03T07:19:57.066+0000] {processor.py:179} INFO - Processing /opt/airflow/dags/prueba.py took 0.191 seconds
[2026-07-03T07:20:27.161+0000] {processor.py:157} INFO - Started process (PID=514) to work on /opt/airflow/dags/prueba.py
[2026-07-03T07:20:27.162+0000] {processor.py:829} INFO - Processing file /opt/airflow/dags/prueba.py for tasks to queue
[2026-07-03T07:20:27.163+0000] {logging_mixin.py:154} INFO - [2026-07-03T07:20:27.163+0000] {dagbag.py:536} INFO - Filling up the DagBag from /opt/airflow/dags/prueba.py
[2026-07-03T07:20:27.174+0000] {processor.py:839} INFO - DAG(s) dict_keys(['demo']) retrieved from /opt/airflow/dags/prueba.py
[2026-07-03T07:20:27.202+0000] {logging_mixin.py:154} INFO - [2026-07-03T07:20:27.201+0000] {dag.py:2941} INFO - Sync 1 DAGs
[2026-07-03T07:20:27.221+0000] {logging_mixin.py:154} INFO - [2026-07-03T07:20:27.221+0000] {dag.py:3722} INFO - Setting next_dagrun for demo to 2024-08-11T00:00:00+00:00, run_after=2024-08-12T00:00:00+00:00
[2026-07-03T07:20:27.238+0000] {processor.py:179} INFO - Processing /opt/airflow/dags/prueba.py took 0.081 seconds
[2026-07-03T07:20:57.527+0000] {processor.py:157} INFO - Started process (PID=539) to work on /opt/airflow/dags/prueba.py
[2026-07-03T07:20:57.528+0000] {processor.py:829} INFO - Processing file /opt/airflow/dags/prueba.py for tasks to queue
[2026-07-03T07:20:57.529+0000] {logging_mixin.py:154} INFO - [2026-07-03T07:20:57.528+0000] {dagbag.py:536} INFO - Filling up the DagBag from /opt/airflow/dags/prueba.py
[2026-07-03T07:20:57.540+0000] {processor.py:839} INFO - DAG(s) dict_keys(['demo']) retrieved from /opt/airflow/dags/prueba.py
[2026-07-03T07:20:57.570+0000] {logging_mixin.py:154} INFO - [2026-07-03T07:20:57.570+0000] {dag.py:2941} INFO - Sync 1 DAGs
[2026-07-03T07:20:57.593+0000] {logging_mixin.py:154} INFO - [2026-07-03T07:20:57.593+0000] {dag.py:3722} INFO - Setting next_dagrun for demo to 2024-08-11T00:00:00+00:00, run_after=2024-08-12T00:00:00+00:00
[2026-07-03T07:20:57.611+0000] {processor.py:179} INFO - Processing /opt/airflow/dags/prueba.py took 0.088 seconds
[2026-07-03T07:21:27.886+0000] {processor.py:157} INFO - Started process (PID=568) to work on /opt/airflow/dags/prueba.py
[2026-07-03T07:21:27.887+0000] {processor.py:829} INFO - Processing file /opt/airflow/dags/prueba.py for tasks to queue
[2026-07-03T07:21:27.888+0000] {logging_mixin.py:154} INFO - [2026-07-03T07:21:27.888+0000] {dagbag.py:536} INFO - Filling up the DagBag from /opt/airflow/dags/prueba.py
[2026-07-03T07:21:27.898+0000] {processor.py:839} INFO - DAG(s) dict_keys(['demo']) retrieved from /opt/airflow/dags/prueba.py
[2026-07-03T07:21:27.926+0000] {logging_mixin.py:154} INFO - [2026-07-03T07:21:27.926+0000] {dag.py:2941} INFO - Sync 1 DAGs
[2026-07-03T07:21:27.949+0000] {logging_mixin.py:154} INFO - [2026-07-03T07:21:27.949+0000] {dag.py:3722} INFO - Setting next_dagrun for demo to 2024-08-11T00:00:00+00:00, run_after=2024-08-12T00:00:00+00:00
[2026-07-03T07:21:27.981+0000] {processor.py:179} INFO - Processing /opt/airflow/dags/prueba.py took 0.097 seconds
[2026-07-03T07:21:58.484+0000] {processor.py:157} INFO - Started process (PID=595) to work on /opt/airflow/dags/prueba.py
[2026-07-03T07:21:58.496+0000] {processor.py:829} INFO - Processing file /opt/airflow/dags/prueba.py for tasks to queue
[2026-07-03T07:21:58.498+0000] {logging_mixin.py:154} INFO - [2026-07-03T07:21:58.497+0000] {dagbag.py:536} INFO - Filling up the DagBag from /opt/airflow/dags/prueba.py
[2026-07-03T07:21:58.534+0000] {processor.py:839} INFO - DAG(s) dict_keys(['demo']) retrieved from /opt/airflow/dags/prueba.py
[2026-07-03T07:21:58.600+0000] {logging_mixin.py:154} INFO - [2026-07-03T07:21:58.599+0000] {dag.py:2941} INFO - Sync 1 DAGs
[2026-07-03T07:21:58.647+0000] {logging_mixin.py:154} INFO - [2026-07-03T07:21:58.647+0000] {dag.py:3722} INFO - Setting next_dagrun for demo to 2024-08-11T00:00:00+00:00, run_after=2024-08-12T00:00:00+00:00
[2026-07-03T07:21:58.690+0000] {processor.py:179} INFO - Processing /opt/airflow/dags/prueba.py took 0.217 seconds
[2026-07-03T07:22:28.800+0000] {processor.py:157} INFO - Started process (PID=624) to work on /opt/airflow/dags/prueba.py
[2026-07-03T07:22:28.801+0000] {processor.py:829} INFO - Processing file /opt/airflow/dags/prueba.py for tasks to queue
[2026-07-03T07:22:28.802+0000] {logging_mixin.py:154} INFO - [2026-07-03T07:22:28.801+0000] {dagbag.py:536} INFO - Filling up the DagBag from /opt/airflow/dags/prueba.py
[2026-07-03T07:22:28.811+0000] {processor.py:839} INFO - DAG(s) dict_keys(['demo']) retrieved from /opt/airflow/dags/prueba.py
[2026-07-03T07:22:28.838+0000] {logging_mixin.py:154} INFO - [2026-07-03T07:22:28.838+0000] {dag.py:2941} INFO - Sync 1 DAGs
[2026-07-03T07:22:28.858+0000] {logging_mixin.py:154} INFO - [2026-07-03T07:22:28.858+0000] {dag.py:3722} INFO - Setting next_dagrun for demo to 2024-08-11T00:00:00+00:00, run_after=2024-08-12T00:00:00+00:00
[2026-07-03T07:22:28.875+0000] {processor.py:179} INFO - Processing /opt/airflow/dags/prueba.py took 0.078 seconds
[2026-07-03T07:22:59.189+0000] {processor.py:157} INFO - Started process (PID=651) to work on /opt/airflow/dags/prueba.py
[2026-07-03T07:22:59.190+0000] {processor.py:829} INFO - Processing file /opt/airflow/dags/prueba.py for tasks to queue
[2026-07-03T07:22:59.191+0000] {logging_mixin.py:154} INFO - [2026-07-03T07:22:59.191+0000] {dagbag.py:536} INFO - Filling up the DagBag from /opt/airflow/dags/prueba.py
[2026-07-03T07:22:59.201+0000] {processor.py:839} INFO - DAG(s) dict_keys(['demo']) retrieved from /opt/airflow/dags/prueba.py
[2026-07-03T07:22:59.226+0000] {logging_mixin.py:154} INFO - [2026-07-03T07:22:59.226+0000] {dag.py:2941} INFO - Sync 1 DAGs
[2026-07-03T07:22:59.246+0000] {logging_mixin.py:154} INFO - [2026-07-03T07:22:59.246+0000] {dag.py:3722} INFO - Setting next_dagrun for demo to 2024-08-11T00:00:00+00:00, run_after=2024-08-12T00:00:00+00:00
[2026-07-03T07:22:59.263+0000] {processor.py:179} INFO - Processing /opt/airflow/dags/prueba.py took 0.079 seconds
[2026-07-03T07:23:30.083+0000] {processor.py:157} INFO - Started process (PID=684) to work on /opt/airflow/dags/prueba.py
[2026-07-03T07:23:30.085+0000] {processor.py:829} INFO - Processing file /opt/airflow/dags/prueba.py for tasks to queue
[2026-07-03T07:23:30.086+0000] {logging_mixin.py:154} INFO - [2026-07-03T07:23:30.085+0000] {dagbag.py:536} INFO - Filling up the DagBag from /opt/airflow/dags/prueba.py
[2026-07-03T07:23:30.110+0000] {processor.py:839} INFO - DAG(s) dict_keys(['demo']) retrieved from /opt/airflow/dags/prueba.py
[2026-07-03T07:23:30.168+0000] {logging_mixin.py:154} INFO - [2026-07-03T07:23:30.168+0000] {dag.py:2941} INFO - Sync 1 DAGs
[2026-07-03T07:23:30.213+0000] {logging_mixin.py:154} INFO - [2026-07-03T07:23:30.213+0000] {dag.py:3722} INFO - Setting next_dagrun for demo to 2024-08-11T00:00:00+00:00, run_after=2024-08-12T00:00:00+00:00
[2026-07-03T07:23:30.255+0000] {processor.py:179} INFO - Processing /opt/airflow/dags/prueba.py took 0.178 seconds
[2026-07-03T07:24:00.369+0000] {processor.py:157} INFO - Started process (PID=705) to work on /opt/airflow/dags/prueba.py
[2026-07-03T07:24:00.370+0000] {processor.py:829} INFO - Processing file /opt/airflow/dags/prueba.py for tasks to queue
[2026-07-03T07:24:00.371+0000] {logging_mixin.py:154} INFO - [2026-07-03T07:24:00.371+0000] {dagbag.py:536} INFO - Filling up the DagBag from /opt/airflow/dags/prueba.py
[2026-07-03T07:24:00.381+0000] {processor.py:839} INFO - DAG(s) dict_keys(['demo']) retrieved from /opt/airflow/dags/prueba.py
[2026-07-03T07:24:00.408+0000] {logging_mixin.py:154} INFO - [2026-07-03T07:24:00.407+0000] {dag.py:2941} INFO - Sync 1 DAGs
[2026-07-03T07:24:00.428+0000] {logging_mixin.py:154} INFO - [2026-07-03T07:24:00.428+0000] {dag.py:3722} INFO - Setting next_dagrun for demo to 2024-08-11T00:00:00+00:00, run_after=2024-08-12T00:00:00+00:00
[2026-07-03T07:24:00.444+0000] {processor.py:179} INFO - Processing /opt/airflow/dags/prueba.py took 0.079 seconds
[2026-07-03T07:24:30.803+0000] {processor.py:157} INFO - Started process (PID=732) to work on /opt/airflow/dags/prueba.py
[2026-07-03T07:24:30.804+0000] {processor.py:829} INFO - Processing file /opt/airflow/dags/prueba.py for tasks to queue
[2026-07-03T07:24:30.805+0000] {logging_mixin.py:154} INFO - [2026-07-03T07:24:30.805+0000] {dagbag.py:536} INFO - Filling up the DagBag from /opt/airflow/dags/prueba.py
[2026-07-03T07:24:30.826+0000] {processor.py:839} INFO - DAG(s) dict_keys(['demo']) retrieved from /opt/airflow/dags/prueba.py
[2026-07-03T07:24:30.874+0000] {logging_mixin.py:154} INFO - [2026-07-03T07:24:30.874+0000] {dag.py:2941} INFO - Sync 1 DAGs
[2026-07-03T07:24:30.914+0000] {logging_mixin.py:154} INFO - [2026-07-03T07:24:30.914+0000] {dag.py:3722} INFO - Setting next_dagrun for demo to 2024-08-11T00:00:00+00:00, run_after=2024-08-12T00:00:00+00:00
[2026-07-03T07:24:30.954+0000] {processor.py:179} INFO - Processing /opt/airflow/dags/prueba.py took 0.156 seconds
[2026-07-03T07:25:01.163+0000] {processor.py:157} INFO - Started process (PID=759) to work on /opt/airflow/dags/prueba.py
[2026-07-03T07:25:01.164+0000] {processor.py:829} INFO - Processing file /opt/airflow/dags/prueba.py for tasks to queue
[2026-07-03T07:25:01.165+0000] {logging_mixin.py:154} INFO - [2026-07-03T07:25:01.165+0000] {dagbag.py:536} INFO - Filling up the DagBag from /opt/airflow/dags/prueba.py
[2026-07-03T07:25:01.185+0000] {processor.py:839} INFO - DAG(s) dict_keys(['demo']) retrieved from /opt/airflow/dags/prueba.py
[2026-07-03T07:25:01.220+0000] {logging_mixin.py:154} INFO - [2026-07-03T07:25:01.219+0000] {dag.py:2941} INFO - Sync 1 DAGs
[2026-07-03T07:25:01.248+0000] {logging_mixin.py:154} INFO - [2026-07-03T07:25:01.248+0000] {dag.py:3722} INFO - Setting next_dagrun for demo to 2024-08-11T00:00:00+00:00, run_after=2024-08-12T00:00:00+00:00
[2026-07-03T07:25:01.272+0000] {processor.py:179} INFO - Processing /opt/airflow/dags/prueba.py took 0.115 seconds
[2026-07-03T07:25:31.461+0000] {processor.py:157} INFO - Started process (PID=786) to work on /opt/airflow/dags/prueba.py
[2026-07-03T07:25:31.462+0000] {processor.py:829} INFO - Processing file /opt/airflow/dags/prueba.py for tasks to queue
[2026-07-03T07:25:31.463+0000] {logging_mixin.py:154} INFO - [2026-07-03T07:25:31.462+0000] {dagbag.py:536} INFO - Filling up the DagBag from /opt/airflow/dags/prueba.py
[2026-07-03T07:25:31.472+0000] {processor.py:839} INFO - DAG(s) dict_keys(['demo']) retrieved from /opt/airflow/dags/prueba.py
[2026-07-03T07:25:31.498+0000] {logging_mixin.py:154} INFO - [2026-07-03T07:25:31.497+0000] {dag.py:2941} INFO - Sync 1 DAGs
[2026-07-03T07:25:31.517+0000] {logging_mixin.py:154} INFO - [2026-07-03T07:25:31.517+0000] {dag.py:3722} INFO - Setting next_dagrun for demo to 2024-08-11T00:00:00+00:00, run_after=2024-08-12T00:00:00+00:00
[2026-07-03T07:25:31.533+0000] {processor.py:179} INFO - Processing /opt/airflow/dags/prueba.py took 0.075 seconds
[2026-07-03T07:26:01.820+0000] {processor.py:157} INFO - Started process (PID=813) to work on /opt/airflow/dags/prueba.py
[2026-07-03T07:26:01.822+0000] {processor.py:829} INFO - Processing file /opt/airflow/dags/prueba.py for tasks to queue
[2026-07-03T07:26:01.823+0000] {logging_mixin.py:154} INFO - [2026-07-03T07:26:01.822+0000] {dagbag.py:536} INFO - Filling up the DagBag from /opt/airflow/dags/prueba.py
[2026-07-03T07:26:01.833+0000] {processor.py:839} INFO - DAG(s) dict_keys(['demo']) retrieved from /opt/airflow/dags/prueba.py
[2026-07-03T07:26:01.858+0000] {logging_mixin.py:154} INFO - [2026-07-03T07:26:01.858+0000] {dag.py:2941} INFO - Sync 1 DAGs
[2026-07-03T07:26:01.878+0000] {logging_mixin.py:154} INFO - [2026-07-03T07:26:01.878+0000] {dag.py:3722} INFO - Setting next_dagrun for demo to 2024-08-11T00:00:00+00:00, run_after=2024-08-12T00:00:00+00:00
[2026-07-03T07:26:01.899+0000] {processor.py:179} INFO - Processing /opt/airflow/dags/prueba.py took 0.082 seconds
[2026-07-03T07:26:32.204+0000] {processor.py:157} INFO - Started process (PID=840) to work on /opt/airflow/dags/prueba.py
[2026-07-03T07:26:32.204+0000] {processor.py:829} INFO - Processing file /opt/airflow/dags/prueba.py for tasks to queue
[2026-07-03T07:26:32.205+0000] {logging_mixin.py:154} INFO - [2026-07-03T07:26:32.205+0000] {dagbag.py:536} INFO - Filling up the DagBag from /opt/airflow/dags/prueba.py
[2026-07-03T07:26:32.215+0000] {processor.py:839} INFO - DAG(s) dict_keys(['demo']) retrieved from /opt/airflow/dags/prueba.py
[2026-07-03T07:26:32.240+0000] {logging_mixin.py:154} INFO - [2026-07-03T07:26:32.240+0000] {dag.py:2941} INFO - Sync 1 DAGs
[2026-07-03T07:26:32.260+0000] {logging_mixin.py:154} INFO - [2026-07-03T07:26:32.260+0000] {dag.py:3722} INFO - Setting next_dagrun for demo to 2024-08-11T00:00:00+00:00, run_after=2024-08-12T00:00:00+00:00
[2026-07-03T07:26:32.277+0000] {processor.py:179} INFO - Processing /opt/airflow/dags/prueba.py took 0.076 seconds
[2026-07-03T07:27:02.563+0000] {processor.py:157} INFO - Started process (PID=869) to work on /opt/airflow/dags/prueba.py
[2026-07-03T07:27:02.564+0000] {processor.py:829} INFO - Processing file /opt/airflow/dags/prueba.py for tasks to queue
[2026-07-03T07:27:02.565+0000] {logging_mixin.py:154} INFO - [2026-07-03T07:27:02.565+0000] {dagbag.py:536} INFO - Filling up the DagBag from /opt/airflow/dags/prueba.py
[2026-07-03T07:27:02.575+0000] {processor.py:839} INFO - DAG(s) dict_keys(['demo']) retrieved from /opt/airflow/dags/prueba.py
[2026-07-03T07:27:02.609+0000] {logging_mixin.py:154} INFO - [2026-07-03T07:27:02.609+0000] {dag.py:2941} INFO - Sync 1 DAGs
[2026-07-03T07:27:02.628+0000] {logging_mixin.py:154} INFO - [2026-07-03T07:27:02.628+0000] {dag.py:3722} INFO - Setting next_dagrun for demo to 2024-08-11T00:00:00+00:00, run_after=2024-08-12T00:00:00+00:00
[2026-07-03T07:27:02.647+0000] {processor.py:179} INFO - Processing /opt/airflow/dags/prueba.py took 0.087 seconds
[2026-07-03T07:27:32.943+0000] {processor.py:157} INFO - Started process (PID=896) to work on /opt/airflow/dags/prueba.py
[2026-07-03T07:27:32.943+0000] {processor.py:829} INFO - Processing file /opt/airflow/dags/prueba.py for tasks to queue
[2026-07-03T07:27:32.944+0000] {logging_mixin.py:154} INFO - [2026-07-03T07:27:32.944+0000] {dagbag.py:536} INFO - Filling up the DagBag from /opt/airflow/dags/prueba.py
[2026-07-03T07:27:32.953+0000] {processor.py:839} INFO - DAG(s) dict_keys(['demo']) retrieved from /opt/airflow/dags/prueba.py
[2026-07-03T07:27:32.979+0000] {logging_mixin.py:154} INFO - [2026-07-03T07:27:32.979+0000] {dag.py:2941} INFO - Sync 1 DAGs
[2026-07-03T07:27:33.000+0000] {logging_mixin.py:154} INFO - [2026-07-03T07:27:33.000+0000] {dag.py:3722} INFO - Setting next_dagrun for demo to 2024-08-11T00:00:00+00:00, run_after=2024-08-12T00:00:00+00:00
[2026-07-03T07:27:33.018+0000] {processor.py:179} INFO - Processing /opt/airflow/dags/prueba.py took 0.078 seconds
[2026-07-03T07:28:03.274+0000] {processor.py:157} INFO - Started process (PID=926) to work on /opt/airflow/dags/prueba.py
[2026-07-03T07:28:03.275+0000] {processor.py:829} INFO - Processing file /opt/airflow/dags/prueba.py for tasks to queue
[2026-07-03T07:28:03.277+0000] {logging_mixin.py:154} INFO - [2026-07-03T07:28:03.276+0000] {dagbag.py:536} INFO - Filling up the DagBag from /opt/airflow/dags/prueba.py
[2026-07-03T07:28:03.290+0000] {processor.py:839} INFO - DAG(s) dict_keys(['demo']) retrieved from /opt/airflow/dags/prueba.py
[2026-07-03T07:28:03.322+0000] {logging_mixin.py:154} INFO - [2026-07-03T07:28:03.322+0000] {dag.py:2941} INFO - Sync 1 DAGs
[2026-07-03T07:28:03.359+0000] {logging_mixin.py:154} INFO - [2026-07-03T07:28:03.359+0000] {dag.py:3722} INFO - Setting next_dagrun for demo to 2024-08-11T00:00:00+00:00, run_after=2024-08-12T00:00:00+00:00
[2026-07-03T07:28:03.399+0000] {processor.py:179} INFO - Processing /opt/airflow/dags/prueba.py took 0.129 seconds
[2026-07-03T07:28:33.724+0000] {processor.py:157} INFO - Started process (PID=955) to work on /opt/airflow/dags/prueba.py
[2026-07-03T07:28:33.725+0000] {processor.py:829} INFO - Processing file /opt/airflow/dags/prueba.py for tasks to queue
[2026-07-03T07:28:33.726+0000] {logging_mixin.py:154} INFO - [2026-07-03T07:28:33.726+0000] {dagbag.py:536} INFO - Filling up the DagBag from /opt/airflow/dags/prueba.py
[2026-07-03T07:28:33.735+0000] {processor.py:839} INFO - DAG(s) dict_keys(['demo']) retrieved from /opt/airflow/dags/prueba.py
[2026-07-03T07:28:33.759+0000] {logging_mixin.py:154} INFO - [2026-07-03T07:28:33.759+0000] {dag.py:2941} INFO - Sync 1 DAGs
[2026-07-03T07:28:33.779+0000] {logging_mixin.py:154} INFO - [2026-07-03T07:28:33.779+0000] {dag.py:3722} INFO - Setting next_dagrun for demo to 2024-08-11T00:00:00+00:00, run_after=2024-08-12T00:00:00+00:00
[2026-07-03T07:28:33.795+0000] {processor.py:179} INFO - Processing /opt/airflow/dags/prueba.py took 0.074 seconds
[2026-07-03T07:29:04.102+0000] {processor.py:157} INFO - Started process (PID=984) to work on /opt/airflow/dags/prueba.py
[2026-07-03T07:29:04.104+0000] {processor.py:829} INFO - Processing file /opt/airflow/dags/prueba.py for tasks to queue
[2026-07-03T07:29:04.104+0000] {logging_mixin.py:154} INFO - [2026-07-03T07:29:04.104+0000] {dagbag.py:536} INFO - Filling up the DagBag from /opt/airflow/dags/prueba.py
[2026-07-03T07:29:04.115+0000] {processor.py:839} INFO - DAG(s) dict_keys(['demo']) retrieved from /opt/airflow/dags/prueba.py
[2026-07-03T07:29:04.140+0000] {logging_mixin.py:154} INFO - [2026-07-03T07:29:04.140+0000] {dag.py:2941} INFO - Sync 1 DAGs
[2026-07-03T07:29:04.160+0000] {logging_mixin.py:154} INFO - [2026-07-03T07:29:04.160+0000] {dag.py:3722} INFO - Setting next_dagrun for demo to 2024-08-11T00:00:00+00:00, run_after=2024-08-12T00:00:00+00:00
[2026-07-03T07:29:04.177+0000] {processor.py:179} INFO - Processing /opt/airflow/dags/prueba.py took 0.078 seconds
[2026-07-03T07:29:34.488+0000] {processor.py:157} INFO - Started process (PID=1012) to work on /opt/airflow/dags/prueba.py
[2026-07-03T07:29:34.489+0000] {processor.py:829} INFO - Processing file /opt/airflow/dags/prueba.py for tasks to queue
[2026-07-03T07:29:34.490+0000] {logging_mixin.py:154} INFO - [2026-07-03T07:29:34.490+0000] {dagbag.py:536} INFO - Filling up the DagBag from /opt/airflow/dags/prueba.py
[2026-07-03T07:29:34.499+0000] {processor.py:839} INFO - DAG(s) dict_keys(['demo']) retrieved from /opt/airflow/dags/prueba.py
[2026-07-03T07:29:34.524+0000] {logging_mixin.py:154} INFO - [2026-07-03T07:29:34.524+0000] {dag.py:2941} INFO - Sync 1 DAGs
[2026-07-03T07:29:34.544+0000] {logging_mixin.py:154} INFO - [2026-07-03T07:29:34.544+0000] {dag.py:3722} INFO - Setting next_dagrun for demo to 2024-08-11T00:00:00+00:00, run_after=2024-08-12T00:00:00+00:00
[2026-07-03T07:29:34.564+0000] {processor.py:179} INFO - Processing /opt/airflow/dags/prueba.py took 0.078 seconds
[2026-07-03T07:30:04.849+0000] {processor.py:157} INFO - Started process (PID=1039) to work on /opt/airflow/dags/prueba.py
[2026-07-03T07:30:04.850+0000] {processor.py:829} INFO - Processing file /opt/airflow/dags/prueba.py for tasks to queue
[2026-07-03T07:30:04.851+0000] {logging_mixin.py:154} INFO - [2026-07-03T07:30:04.851+0000] {dagbag.py:536} INFO - Filling up the DagBag from /opt/airflow/dags/prueba.py
[2026-07-03T07:30:04.860+0000] {processor.py:839} INFO - DAG(s) dict_keys(['demo']) retrieved from /opt/airflow/dags/prueba.py
[2026-07-03T07:30:04.885+0000] {logging_mixin.py:154} INFO - [2026-07-03T07:30:04.885+0000] {dag.py:2941} INFO - Sync 1 DAGs
[2026-07-03T07:30:04.905+0000] {logging_mixin.py:154} INFO - [2026-07-03T07:30:04.905+0000] {dag.py:3722} INFO - Setting next_dagrun for demo to 2024-08-11T00:00:00+00:00, run_after=2024-08-12T00:00:00+00:00
[2026-07-03T07:30:04.921+0000] {processor.py:179} INFO - Processing /opt/airflow/dags/prueba.py took 0.076 seconds
[2026-07-03T07:30:35.233+0000] {processor.py:157} INFO - Started process (PID=1066) to work on /opt/airflow/dags/prueba.py
[2026-07-03T07:30:35.234+0000] {processor.py:829} INFO - Processing file /opt/airflow/dags/prueba.py for tasks to queue
[2026-07-03T07:30:35.234+0000] {logging_mixin.py:154} INFO - [2026-07-03T07:30:35.234+0000] {dagbag.py:536} INFO - Filling up the DagBag from /opt/airflow/dags/prueba.py
[2026-07-03T07:30:35.244+0000] {processor.py:839} INFO - DAG(s) dict_keys(['demo']) retrieved from /opt/airflow/dags/prueba.py
[2026-07-03T07:30:35.271+0000] {logging_mixin.py:154} INFO - [2026-07-03T07:30:35.271+0000] {dag.py:2941} INFO - Sync 1 DAGs
[2026-07-03T07:30:35.294+0000] {logging_mixin.py:154} INFO - [2026-07-03T07:30:35.294+0000] {dag.py:3722} INFO - Setting next_dagrun for demo to 2024-08-11T00:00:00+00:00, run_after=2024-08-12T00:00:00+00:00
[2026-07-03T07:30:35.328+0000] {processor.py:179} INFO - Processing /opt/airflow/dags/prueba.py took 0.099 seconds
[2026-07-03T07:31:05.617+0000] {processor.py:157} INFO - Started process (PID=1093) to work on /opt/airflow/dags/prueba.py
[2026-07-03T07:31:05.618+0000] {processor.py:829} INFO - Processing file /opt/airflow/dags/prueba.py for tasks to queue
[2026-07-03T07:31:05.619+0000] {logging_mixin.py:154} INFO - [2026-07-03T07:31:05.619+0000] {dagbag.py:536} INFO - Filling up the DagBag from /opt/airflow/dags/prueba.py
[2026-07-03T07:31:05.632+0000] {processor.py:839} INFO - DAG(s) dict_keys(['demo']) retrieved from /opt/airflow/dags/prueba.py
[2026-07-03T07:31:05.658+0000] {logging_mixin.py:154} INFO - [2026-07-03T07:31:05.657+0000] {dag.py:2941} INFO - Sync 1 DAGs
[2026-07-03T07:31:05.680+0000] {logging_mixin.py:154} INFO - [2026-07-03T07:31:05.680+0000] {dag.py:3722} INFO - Setting next_dagrun for demo to 2024-08-11T00:00:00+00:00, run_after=2024-08-12T00:00:00+00:00
[2026-07-03T07:31:05.702+0000] {processor.py:179} INFO - Processing /opt/airflow/dags/prueba.py took 0.088 seconds
[2026-07-03T07:31:36.073+0000] {processor.py:157} INFO - Started process (PID=1125) to work on /opt/airflow/dags/prueba.py
[2026-07-03T07:31:36.074+0000] {processor.py:829} INFO - Processing file /opt/airflow/dags/prueba.py for tasks to queue
[2026-07-03T07:31:36.075+0000] {logging_mixin.py:154} INFO - [2026-07-03T07:31:36.075+0000] {dagbag.py:536} INFO - Filling up the DagBag from /opt/airflow/dags/prueba.py
[2026-07-03T07:31:36.084+0000] {processor.py:839} INFO - DAG(s) dict_keys(['demo']) retrieved from /opt/airflow/dags/prueba.py
[2026-07-03T07:31:36.114+0000] {logging_mixin.py:154} INFO - [2026-07-03T07:31:36.114+0000] {dag.py:2941} INFO - Sync 1 DAGs
[2026-07-03T07:31:36.135+0000] {logging_mixin.py:154} INFO - [2026-07-03T07:31:36.135+0000] {dag.py:3722} INFO - Setting next_dagrun for demo to 2024-08-11T00:00:00+00:00, run_after=2024-08-12T00:00:00+00:00
[2026-07-03T07:31:36.152+0000] {processor.py:179} INFO - Processing /opt/airflow/dags/prueba.py took 0.082 seconds
[2026-07-03T07:32:06.464+0000] {processor.py:157} INFO - Started process (PID=1145) to work on /opt/airflow/dags/prueba.py
[2026-07-03T07:32:06.465+0000] {processor.py:829} INFO - Processing file /opt/airflow/dags/prueba.py for tasks to queue
[2026-07-03T07:32:06.466+0000] {logging_mixin.py:154} INFO - [2026-07-03T07:32:06.466+0000] {dagbag.py:536} INFO - Filling up the DagBag from /opt/airflow/dags/prueba.py
[2026-07-03T07:32:06.476+0000] {processor.py:839} INFO - DAG(s) dict_keys(['demo']) retrieved from /opt/airflow/dags/prueba.py
[2026-07-03T07:32:06.501+0000] {logging_mixin.py:154} INFO - [2026-07-03T07:32:06.501+0000] {dag.py:2941} INFO - Sync 1 DAGs
[2026-07-03T07:32:06.520+0000] {logging_mixin.py:154} INFO - [2026-07-03T07:32:06.520+0000] {dag.py:3722} INFO - Setting next_dagrun for demo to 2024-08-11T00:00:00+00:00, run_after=2024-08-12T00:00:00+00:00
[2026-07-03T07:32:06.536+0000] {processor.py:179} INFO - Processing /opt/airflow/dags/prueba.py took 0.076 seconds
[2026-07-03T07:32:36.940+0000] {processor.py:157} INFO - Started process (PID=1172) to work on /opt/airflow/dags/prueba.py
[2026-07-03T07:32:36.941+0000] {processor.py:829} INFO - Processing file /opt/airflow/dags/prueba.py for tasks to queue
[2026-07-03T07:32:36.942+0000] {logging_mixin.py:154} INFO - [2026-07-03T07:32:36.942+0000] {dagbag.py:536} INFO - Filling up the DagBag from /opt/airflow/dags/prueba.py
[2026-07-03T07:32:36.954+0000] {processor.py:839} INFO - DAG(s) dict_keys(['demo']) retrieved from /opt/airflow/dags/prueba.py
[2026-07-03T07:32:36.980+0000] {logging_mixin.py:154} INFO - [2026-07-03T07:32:36.980+0000] {dag.py:2941} INFO - Sync 1 DAGs
[2026-07-03T07:32:37.005+0000] {logging_mixin.py:154} INFO - [2026-07-03T07:32:37.004+0000] {dag.py:3722} INFO - Setting next_dagrun for demo to 2024-08-11T00:00:00+00:00, run_after=2024-08-12T00:00:00+00:00
[2026-07-03T07:32:37.021+0000] {processor.py:179} INFO - Processing /opt/airflow/dags/prueba.py took 0.084 seconds
[2026-07-03T07:33:07.219+0000] {processor.py:157} INFO - Started process (PID=1199) to work on /opt/airflow/dags/prueba.py
[2026-07-03T07:33:07.221+0000] {processor.py:829} INFO - Processing file /opt/airflow/dags/prueba.py for tasks to queue
[2026-07-03T07:33:07.222+0000] {logging_mixin.py:154} INFO - [2026-07-03T07:33:07.221+0000] {dagbag.py:536} INFO - Filling up the DagBag from /opt/airflow/dags/prueba.py
[2026-07-03T07:33:07.231+0000] {processor.py:839} INFO - DAG(s) dict_keys(['demo']) retrieved from /opt/airflow/dags/prueba.py
[2026-07-03T07:33:07.259+0000] {logging_mixin.py:154} INFO - [2026-07-03T07:33:07.258+0000] {dag.py:2941} INFO - Sync 1 DAGs
[2026-07-03T07:33:07.284+0000] {logging_mixin.py:154} INFO - [2026-07-03T07:33:07.283+0000] {dag.py:3722} INFO - Setting next_dagrun for demo to 2024-08-11T00:00:00+00:00, run_after=2024-08-12T00:00:00+00:00
[2026-07-03T07:33:07.313+0000] {processor.py:179} INFO - Processing /opt/airflow/dags/prueba.py took 0.098 seconds
[2026-07-03T07:33:37.622+0000] {processor.py:157} INFO - Started process (PID=1226) to work on /opt/airflow/dags/prueba.py
[2026-07-03T07:33:37.623+0000] {processor.py:829} INFO - Processing file /opt/airflow/dags/prueba.py for tasks to queue
[2026-07-03T07:33:37.623+0000] {logging_mixin.py:154} INFO - [2026-07-03T07:33:37.623+0000] {dagbag.py:536} INFO - Filling up the DagBag from /opt/airflow/dags/prueba.py
[2026-07-03T07:33:37.632+0000] {processor.py:839} INFO - DAG(s) dict_keys(['demo']) retrieved from /opt/airflow/dags/prueba.py
[2026-07-03T07:33:37.657+0000] {logging_mixin.py:154} INFO - [2026-07-03T07:33:37.657+0000] {dag.py:2941} INFO - Sync 1 DAGs
[2026-07-03T07:33:37.679+0000] {logging_mixin.py:154} INFO - [2026-07-03T07:33:37.679+0000] {dag.py:3722} INFO - Setting next_dagrun for demo to 2024-08-11T00:00:00+00:00, run_after=2024-08-12T00:00:00+00:00
[2026-07-03T07:33:37.708+0000] {processor.py:179} INFO - Processing /opt/airflow/dags/prueba.py took 0.090 seconds
[2026-07-03T07:34:07.893+0000] {processor.py:157} INFO - Started process (PID=1253) to work on /opt/airflow/dags/prueba.py
[2026-07-03T07:34:07.895+0000] {processor.py:829} INFO - Processing file /opt/airflow/dags/prueba.py for tasks to queue
[2026-07-03T07:34:07.896+0000] {logging_mixin.py:154} INFO - [2026-07-03T07:34:07.895+0000] {dagbag.py:536} INFO - Filling up the DagBag from /opt/airflow/dags/prueba.py
[2026-07-03T07:34:07.905+0000] {processor.py:839} INFO - DAG(s) dict_keys(['demo']) retrieved from /opt/airflow/dags/prueba.py
[2026-07-03T07:34:07.935+0000] {logging_mixin.py:154} INFO - [2026-07-03T07:34:07.935+0000] {dag.py:2941} INFO - Sync 1 DAGs
[2026-07-03T07:34:07.957+0000] {logging_mixin.py:154} INFO - [2026-07-03T07:34:07.957+0000] {dag.py:3722} INFO - Setting next_dagrun for demo to 2024-08-11T00:00:00+00:00, run_after=2024-08-12T00:00:00+00:00
[2026-07-03T07:34:07.974+0000] {processor.py:179} INFO - Processing /opt/airflow/dags/prueba.py took 0.084 seconds
[2026-07-03T07:34:38.332+0000] {processor.py:157} INFO - Started process (PID=1280) to work on /opt/airflow/dags/prueba.py
[2026-07-03T07:34:38.333+0000] {processor.py:829} INFO - Processing file /opt/airflow/dags/prueba.py for tasks to queue
[2026-07-03T07:34:38.334+0000] {logging_mixin.py:154} INFO - [2026-07-03T07:34:38.333+0000] {dagbag.py:536} INFO - Filling up the DagBag from /opt/airflow/dags/prueba.py
[2026-07-03T07:34:38.344+0000] {processor.py:839} INFO - DAG(s) dict_keys(['demo']) retrieved from /opt/airflow/dags/prueba.py
[2026-07-03T07:34:38.370+0000] {logging_mixin.py:154} INFO - [2026-07-03T07:34:38.369+0000] {dag.py:2941} INFO - Sync 1 DAGs
[2026-07-03T07:34:38.391+0000] {logging_mixin.py:154} INFO - [2026-07-03T07:34:38.391+0000] {dag.py:3722} INFO - Setting next_dagrun for demo to 2024-08-11T00:00:00+00:00, run_after=2024-08-12T00:00:00+00:00
[2026-07-03T07:34:38.410+0000] {processor.py:179} INFO - Processing /opt/airflow/dags/prueba.py took 0.081 seconds
[2026-07-03T07:35:08.735+0000] {processor.py:157} INFO - Started process (PID=1307) to work on /opt/airflow/dags/prueba.py
[2026-07-03T07:35:08.736+0000] {processor.py:829} INFO - Processing file /opt/airflow/dags/prueba.py for tasks to queue
[2026-07-03T07:35:08.737+0000] {logging_mixin.py:154} INFO - [2026-07-03T07:35:08.737+0000] {dagbag.py:536} INFO - Filling up the DagBag from /opt/airflow/dags/prueba.py
[2026-07-03T07:35:08.747+0000] {processor.py:839} INFO - DAG(s) dict_keys(['demo']) retrieved from /opt/airflow/dags/prueba.py
[2026-07-03T07:35:08.772+0000] {logging_mixin.py:154} INFO - [2026-07-03T07:35:08.772+0000] {dag.py:2941} INFO - Sync 1 DAGs
[2026-07-03T07:35:08.791+0000] {logging_mixin.py:154} INFO - [2026-07-03T07:35:08.791+0000] {dag.py:3722} INFO - Setting next_dagrun for demo to 2024-08-11T00:00:00+00:00, run_after=2024-08-12T00:00:00+00:00
[2026-07-03T07:35:08.809+0000] {processor.py:179} INFO - Processing /opt/airflow/dags/prueba.py took 0.077 seconds
