[2026-07-03T06:53:40.389+0000] {processor.py:157} INFO - Started process (PID=475) to work on /opt/airflow/dags/sensores.py
[2026-07-03T06:53:40.392+0000] {processor.py:829} INFO - Processing file /opt/airflow/dags/sensores.py for tasks to queue
[2026-07-03T06:53:40.394+0000] {logging_mixin.py:154} INFO - [2026-07-03T06:53:40.393+0000] {dagbag.py:536} INFO - Filling up the DagBag from /opt/airflow/dags/sensores.py
[2026-07-03T06:53:40.590+0000] {processor.py:839} INFO - DAG(s) dict_keys(['sensor_bash']) retrieved from /opt/airflow/dags/sensores.py
[2026-07-03T06:53:40.973+0000] {logging_mixin.py:154} INFO - [2026-07-03T06:53:40.972+0000] {dag.py:2941} INFO - Sync 1 DAGs
[2026-07-03T06:53:42.112+0000] {logging_mixin.py:154} INFO - [2026-07-03T06:53:42.111+0000] {dag.py:3722} INFO - Setting next_dagrun for sensor_bash to 2026-07-03T00:00:00+00:00, run_after=2026-07-04T00:00:00+00:00
[2026-07-03T06:53:42.350+0000] {processor.py:179} INFO - Processing /opt/airflow/dags/sensores.py took 2.032 seconds
[2026-07-03T06:54:13.286+0000] {processor.py:157} INFO - Started process (PID=514) to work on /opt/airflow/dags/sensores.py
[2026-07-03T06:54:13.455+0000] {processor.py:829} INFO - Processing file /opt/airflow/dags/sensores.py for tasks to queue
[2026-07-03T06:54:13.458+0000] {logging_mixin.py:154} INFO - [2026-07-03T06:54:13.457+0000] {dagbag.py:536} INFO - Filling up the DagBag from /opt/airflow/dags/sensores.py
[2026-07-03T06:54:13.544+0000] {processor.py:839} INFO - DAG(s) dict_keys(['sensor_bash']) retrieved from /opt/airflow/dags/sensores.py
[2026-07-03T06:54:14.059+0000] {logging_mixin.py:154} INFO - [2026-07-03T06:54:14.058+0000] {dag.py:2941} INFO - Sync 1 DAGs
[2026-07-03T06:54:14.587+0000] {logging_mixin.py:154} INFO - [2026-07-03T06:54:14.586+0000] {dag.py:3722} INFO - Setting next_dagrun for sensor_bash to 2026-07-03T00:00:00+00:00, run_after=2026-07-04T00:00:00+00:00
[2026-07-03T06:54:17.494+0000] {processor.py:179} INFO - Processing /opt/airflow/dags/sensores.py took 4.239 seconds
[2026-07-03T06:54:48.222+0000] {processor.py:157} INFO - Started process (PID=543) to work on /opt/airflow/dags/sensores.py
[2026-07-03T06:54:48.240+0000] {processor.py:829} INFO - Processing file /opt/airflow/dags/sensores.py for tasks to queue
[2026-07-03T06:54:48.246+0000] {logging_mixin.py:154} INFO - [2026-07-03T06:54:48.244+0000] {dagbag.py:536} INFO - Filling up the DagBag from /opt/airflow/dags/sensores.py
[2026-07-03T06:54:48.358+0000] {processor.py:839} INFO - DAG(s) dict_keys(['sensor_bash']) retrieved from /opt/airflow/dags/sensores.py
[2026-07-03T06:54:48.642+0000] {logging_mixin.py:154} INFO - [2026-07-03T06:54:48.641+0000] {dag.py:2941} INFO - Sync 1 DAGs
[2026-07-03T06:54:48.805+0000] {logging_mixin.py:154} INFO - [2026-07-03T06:54:48.804+0000] {dag.py:3722} INFO - Setting next_dagrun for sensor_bash to 2026-07-03T00:00:00+00:00, run_after=2026-07-04T00:00:00+00:00
[2026-07-03T06:54:48.966+0000] {processor.py:179} INFO - Processing /opt/airflow/dags/sensores.py took 0.797 seconds
[2026-07-03T06:55:19.252+0000] {processor.py:157} INFO - Started process (PID=570) to work on /opt/airflow/dags/sensores.py
[2026-07-03T06:55:19.272+0000] {processor.py:829} INFO - Processing file /opt/airflow/dags/sensores.py for tasks to queue
[2026-07-03T06:55:19.275+0000] {logging_mixin.py:154} INFO - [2026-07-03T06:55:19.274+0000] {dagbag.py:536} INFO - Filling up the DagBag from /opt/airflow/dags/sensores.py
[2026-07-03T06:55:19.331+0000] {processor.py:839} INFO - DAG(s) dict_keys(['sensor_bash']) retrieved from /opt/airflow/dags/sensores.py
[2026-07-03T06:55:19.591+0000] {logging_mixin.py:154} INFO - [2026-07-03T06:55:19.590+0000] {dag.py:2941} INFO - Sync 1 DAGs
[2026-07-03T06:55:19.750+0000] {logging_mixin.py:154} INFO - [2026-07-03T06:55:19.749+0000] {dag.py:3722} INFO - Setting next_dagrun for sensor_bash to 2026-07-03T00:00:00+00:00, run_after=2026-07-04T00:00:00+00:00
[2026-07-03T06:55:19.868+0000] {processor.py:179} INFO - Processing /opt/airflow/dags/sensores.py took 0.651 seconds
[2026-07-03T06:55:50.465+0000] {processor.py:157} INFO - Started process (PID=595) to work on /opt/airflow/dags/sensores.py
[2026-07-03T06:55:50.468+0000] {processor.py:829} INFO - Processing file /opt/airflow/dags/sensores.py for tasks to queue
[2026-07-03T06:55:50.479+0000] {logging_mixin.py:154} INFO - [2026-07-03T06:55:50.478+0000] {dagbag.py:536} INFO - Filling up the DagBag from /opt/airflow/dags/sensores.py
[2026-07-03T06:55:50.547+0000] {processor.py:839} INFO - DAG(s) dict_keys(['sensor_bash']) retrieved from /opt/airflow/dags/sensores.py
[2026-07-03T06:55:50.759+0000] {logging_mixin.py:154} INFO - [2026-07-03T06:55:50.758+0000] {dag.py:2941} INFO - Sync 1 DAGs
[2026-07-03T06:55:50.962+0000] {logging_mixin.py:154} INFO - [2026-07-03T06:55:50.961+0000] {dag.py:3722} INFO - Setting next_dagrun for sensor_bash to 2026-07-03T00:00:00+00:00, run_after=2026-07-04T00:00:00+00:00
[2026-07-03T06:55:51.100+0000] {processor.py:179} INFO - Processing /opt/airflow/dags/sensores.py took 0.655 seconds
[2026-07-03T06:56:23.041+0000] {processor.py:157} INFO - Started process (PID=622) to work on /opt/airflow/dags/sensores.py
[2026-07-03T06:56:23.060+0000] {processor.py:829} INFO - Processing file /opt/airflow/dags/sensores.py for tasks to queue
[2026-07-03T06:56:23.068+0000] {logging_mixin.py:154} INFO - [2026-07-03T06:56:23.062+0000] {dagbag.py:536} INFO - Filling up the DagBag from /opt/airflow/dags/sensores.py
[2026-07-03T06:56:23.548+0000] {processor.py:839} INFO - DAG(s) dict_keys(['sensor_bash']) retrieved from /opt/airflow/dags/sensores.py
[2026-07-03T06:56:24.610+0000] {logging_mixin.py:154} INFO - [2026-07-03T06:56:24.609+0000] {dag.py:2941} INFO - Sync 1 DAGs
[2026-07-03T06:56:25.588+0000] {logging_mixin.py:154} INFO - [2026-07-03T06:56:25.588+0000] {dag.py:3722} INFO - Setting next_dagrun for sensor_bash to 2026-07-03T00:00:00+00:00, run_after=2026-07-04T00:00:00+00:00
[2026-07-03T06:56:26.120+0000] {processor.py:179} INFO - Processing /opt/airflow/dags/sensores.py took 3.111 seconds
[2026-07-03T06:56:57.231+0000] {processor.py:157} INFO - Started process (PID=645) to work on /opt/airflow/dags/sensores.py
[2026-07-03T06:56:57.244+0000] {processor.py:829} INFO - Processing file /opt/airflow/dags/sensores.py for tasks to queue
[2026-07-03T06:56:57.247+0000] {logging_mixin.py:154} INFO - [2026-07-03T06:56:57.246+0000] {dagbag.py:536} INFO - Filling up the DagBag from /opt/airflow/dags/sensores.py
[2026-07-03T06:56:57.405+0000] {processor.py:839} INFO - DAG(s) dict_keys(['sensor_bash']) retrieved from /opt/airflow/dags/sensores.py
[2026-07-03T06:56:57.631+0000] {logging_mixin.py:154} INFO - [2026-07-03T06:56:57.622+0000] {dag.py:2941} INFO - Sync 1 DAGs
[2026-07-03T06:56:57.973+0000] {logging_mixin.py:154} INFO - [2026-07-03T06:56:57.973+0000] {dag.py:3722} INFO - Setting next_dagrun for sensor_bash to 2026-07-03T00:00:00+00:00, run_after=2026-07-04T00:00:00+00:00
[2026-07-03T06:56:58.221+0000] {processor.py:179} INFO - Processing /opt/airflow/dags/sensores.py took 1.067 seconds
[2026-07-03T06:57:29.120+0000] {processor.py:157} INFO - Started process (PID=666) to work on /opt/airflow/dags/sensores.py
[2026-07-03T06:57:29.140+0000] {processor.py:829} INFO - Processing file /opt/airflow/dags/sensores.py for tasks to queue
[2026-07-03T06:57:29.159+0000] {logging_mixin.py:154} INFO - [2026-07-03T06:57:29.150+0000] {dagbag.py:536} INFO - Filling up the DagBag from /opt/airflow/dags/sensores.py
[2026-07-03T06:57:29.998+0000] {processor.py:839} INFO - DAG(s) dict_keys(['sensor_bash']) retrieved from /opt/airflow/dags/sensores.py
[2026-07-03T06:57:32.266+0000] {logging_mixin.py:154} INFO - [2026-07-03T06:57:32.264+0000] {dag.py:2941} INFO - Sync 1 DAGs
[2026-07-03T06:57:33.143+0000] {logging_mixin.py:154} INFO - [2026-07-03T06:57:33.143+0000] {dag.py:3722} INFO - Setting next_dagrun for sensor_bash to 2026-07-03T00:00:00+00:00, run_after=2026-07-04T00:00:00+00:00
[2026-07-03T06:57:33.521+0000] {processor.py:179} INFO - Processing /opt/airflow/dags/sensores.py took 4.519 seconds
[2026-07-03T06:58:04.336+0000] {processor.py:157} INFO - Started process (PID=693) to work on /opt/airflow/dags/sensores.py
[2026-07-03T06:58:04.338+0000] {processor.py:829} INFO - Processing file /opt/airflow/dags/sensores.py for tasks to queue
[2026-07-03T06:58:04.339+0000] {logging_mixin.py:154} INFO - [2026-07-03T06:58:04.338+0000] {dagbag.py:536} INFO - Filling up the DagBag from /opt/airflow/dags/sensores.py
[2026-07-03T06:58:04.353+0000] {processor.py:839} INFO - DAG(s) dict_keys(['sensor_bash']) retrieved from /opt/airflow/dags/sensores.py
[2026-07-03T06:58:04.397+0000] {logging_mixin.py:154} INFO - [2026-07-03T06:58:04.397+0000] {dag.py:2941} INFO - Sync 1 DAGs
[2026-07-03T06:58:04.433+0000] {logging_mixin.py:154} INFO - [2026-07-03T06:58:04.433+0000] {dag.py:3722} INFO - Setting next_dagrun for sensor_bash to 2026-07-03T00:00:00+00:00, run_after=2026-07-04T00:00:00+00:00
[2026-07-03T06:58:04.470+0000] {processor.py:179} INFO - Processing /opt/airflow/dags/sensores.py took 0.139 seconds
[2026-07-03T06:58:34.654+0000] {processor.py:157} INFO - Started process (PID=720) to work on /opt/airflow/dags/sensores.py
[2026-07-03T06:58:34.657+0000] {processor.py:829} INFO - Processing file /opt/airflow/dags/sensores.py for tasks to queue
[2026-07-03T06:58:34.665+0000] {logging_mixin.py:154} INFO - [2026-07-03T06:58:34.664+0000] {dagbag.py:536} INFO - Filling up the DagBag from /opt/airflow/dags/sensores.py
[2026-07-03T06:58:34.720+0000] {processor.py:839} INFO - DAG(s) dict_keys(['sensor_bash']) retrieved from /opt/airflow/dags/sensores.py
[2026-07-03T06:58:34.793+0000] {logging_mixin.py:154} INFO - [2026-07-03T06:58:34.792+0000] {dag.py:2941} INFO - Sync 1 DAGs
[2026-07-03T06:58:34.858+0000] {logging_mixin.py:154} INFO - [2026-07-03T06:58:34.857+0000] {dag.py:3722} INFO - Setting next_dagrun for sensor_bash to 2026-07-03T00:00:00+00:00, run_after=2026-07-04T00:00:00+00:00
[2026-07-03T06:58:34.907+0000] {processor.py:179} INFO - Processing /opt/airflow/dags/sensores.py took 0.280 seconds
[2026-07-03T06:59:05.330+0000] {processor.py:157} INFO - Started process (PID=747) to work on /opt/airflow/dags/sensores.py
[2026-07-03T06:59:05.331+0000] {processor.py:829} INFO - Processing file /opt/airflow/dags/sensores.py for tasks to queue
[2026-07-03T06:59:05.332+0000] {logging_mixin.py:154} INFO - [2026-07-03T06:59:05.332+0000] {dagbag.py:536} INFO - Filling up the DagBag from /opt/airflow/dags/sensores.py
[2026-07-03T06:59:05.345+0000] {processor.py:839} INFO - DAG(s) dict_keys(['sensor_bash']) retrieved from /opt/airflow/dags/sensores.py
[2026-07-03T06:59:05.382+0000] {logging_mixin.py:154} INFO - [2026-07-03T06:59:05.382+0000] {dag.py:2941} INFO - Sync 1 DAGs
[2026-07-03T06:59:05.409+0000] {logging_mixin.py:154} INFO - [2026-07-03T06:59:05.408+0000] {dag.py:3722} INFO - Setting next_dagrun for sensor_bash to 2026-07-03T00:00:00+00:00, run_after=2026-07-04T00:00:00+00:00
[2026-07-03T06:59:05.451+0000] {processor.py:179} INFO - Processing /opt/airflow/dags/sensores.py took 0.125 seconds
[2026-07-03T06:59:36.084+0000] {processor.py:157} INFO - Started process (PID=774) to work on /opt/airflow/dags/sensores.py
[2026-07-03T06:59:36.087+0000] {processor.py:829} INFO - Processing file /opt/airflow/dags/sensores.py for tasks to queue
[2026-07-03T06:59:36.088+0000] {logging_mixin.py:154} INFO - [2026-07-03T06:59:36.088+0000] {dagbag.py:536} INFO - Filling up the DagBag from /opt/airflow/dags/sensores.py
[2026-07-03T06:59:36.118+0000] {processor.py:839} INFO - DAG(s) dict_keys(['sensor_bash']) retrieved from /opt/airflow/dags/sensores.py
[2026-07-03T06:59:36.180+0000] {logging_mixin.py:154} INFO - [2026-07-03T06:59:36.179+0000] {dag.py:2941} INFO - Sync 1 DAGs
[2026-07-03T06:59:36.256+0000] {logging_mixin.py:154} INFO - [2026-07-03T06:59:36.255+0000] {dag.py:3722} INFO - Setting next_dagrun for sensor_bash to 2026-07-03T00:00:00+00:00, run_after=2026-07-04T00:00:00+00:00
[2026-07-03T06:59:36.343+0000] {processor.py:179} INFO - Processing /opt/airflow/dags/sensores.py took 0.266 seconds
[2026-07-03T07:00:06.567+0000] {processor.py:157} INFO - Started process (PID=801) to work on /opt/airflow/dags/sensores.py
[2026-07-03T07:00:06.568+0000] {processor.py:829} INFO - Processing file /opt/airflow/dags/sensores.py for tasks to queue
[2026-07-03T07:00:06.569+0000] {logging_mixin.py:154} INFO - [2026-07-03T07:00:06.569+0000] {dagbag.py:536} INFO - Filling up the DagBag from /opt/airflow/dags/sensores.py
[2026-07-03T07:00:06.580+0000] {processor.py:839} INFO - DAG(s) dict_keys(['sensor_bash']) retrieved from /opt/airflow/dags/sensores.py
[2026-07-03T07:00:06.618+0000] {logging_mixin.py:154} INFO - [2026-07-03T07:00:06.618+0000] {dag.py:2941} INFO - Sync 1 DAGs
[2026-07-03T07:00:06.647+0000] {logging_mixin.py:154} INFO - [2026-07-03T07:00:06.647+0000] {dag.py:3722} INFO - Setting next_dagrun for sensor_bash to 2026-07-03T00:00:00+00:00, run_after=2026-07-04T00:00:00+00:00
[2026-07-03T07:00:06.670+0000] {processor.py:179} INFO - Processing /opt/airflow/dags/sensores.py took 0.109 seconds
[2026-07-03T07:00:37.192+0000] {processor.py:157} INFO - Started process (PID=828) to work on /opt/airflow/dags/sensores.py
[2026-07-03T07:00:37.199+0000] {processor.py:829} INFO - Processing file /opt/airflow/dags/sensores.py for tasks to queue
[2026-07-03T07:00:37.202+0000] {logging_mixin.py:154} INFO - [2026-07-03T07:00:37.201+0000] {dagbag.py:536} INFO - Filling up the DagBag from /opt/airflow/dags/sensores.py
[2026-07-03T07:00:37.244+0000] {processor.py:839} INFO - DAG(s) dict_keys(['sensor_bash']) retrieved from /opt/airflow/dags/sensores.py
[2026-07-03T07:00:37.374+0000] {logging_mixin.py:154} INFO - [2026-07-03T07:00:37.374+0000] {dag.py:2941} INFO - Sync 1 DAGs
[2026-07-03T07:00:37.489+0000] {logging_mixin.py:154} INFO - [2026-07-03T07:00:37.488+0000] {dag.py:3722} INFO - Setting next_dagrun for sensor_bash to 2026-07-03T00:00:00+00:00, run_after=2026-07-04T00:00:00+00:00
[2026-07-03T07:00:37.556+0000] {processor.py:179} INFO - Processing /opt/airflow/dags/sensores.py took 0.378 seconds
[2026-07-03T07:01:07.845+0000] {processor.py:157} INFO - Started process (PID=848) to work on /opt/airflow/dags/sensores.py
[2026-07-03T07:01:07.846+0000] {processor.py:829} INFO - Processing file /opt/airflow/dags/sensores.py for tasks to queue
[2026-07-03T07:01:07.849+0000] {logging_mixin.py:154} INFO - [2026-07-03T07:01:07.848+0000] {dagbag.py:536} INFO - Filling up the DagBag from /opt/airflow/dags/sensores.py
[2026-07-03T07:01:07.871+0000] {processor.py:839} INFO - DAG(s) dict_keys(['sensor_bash']) retrieved from /opt/airflow/dags/sensores.py
[2026-07-03T07:01:07.917+0000] {logging_mixin.py:154} INFO - [2026-07-03T07:01:07.917+0000] {dag.py:2941} INFO - Sync 1 DAGs
[2026-07-03T07:01:07.941+0000] {logging_mixin.py:154} INFO - [2026-07-03T07:01:07.941+0000] {dag.py:3722} INFO - Setting next_dagrun for sensor_bash to 2026-07-03T00:00:00+00:00, run_after=2026-07-04T00:00:00+00:00
[2026-07-03T07:01:07.965+0000] {processor.py:179} INFO - Processing /opt/airflow/dags/sensores.py took 0.125 seconds
[2026-07-03T07:01:38.142+0000] {processor.py:157} INFO - Started process (PID=875) to work on /opt/airflow/dags/sensores.py
[2026-07-03T07:01:38.143+0000] {processor.py:829} INFO - Processing file /opt/airflow/dags/sensores.py for tasks to queue
[2026-07-03T07:01:38.144+0000] {logging_mixin.py:154} INFO - [2026-07-03T07:01:38.143+0000] {dagbag.py:536} INFO - Filling up the DagBag from /opt/airflow/dags/sensores.py
[2026-07-03T07:01:38.156+0000] {processor.py:839} INFO - DAG(s) dict_keys(['sensor_bash']) retrieved from /opt/airflow/dags/sensores.py
[2026-07-03T07:01:38.186+0000] {logging_mixin.py:154} INFO - [2026-07-03T07:01:38.186+0000] {dag.py:2941} INFO - Sync 1 DAGs
[2026-07-03T07:01:38.207+0000] {logging_mixin.py:154} INFO - [2026-07-03T07:01:38.207+0000] {dag.py:3722} INFO - Setting next_dagrun for sensor_bash to 2026-07-03T00:00:00+00:00, run_after=2026-07-04T00:00:00+00:00
[2026-07-03T07:01:38.226+0000] {processor.py:179} INFO - Processing /opt/airflow/dags/sensores.py took 0.088 seconds
[2026-07-03T07:02:08.532+0000] {processor.py:157} INFO - Started process (PID=902) to work on /opt/airflow/dags/sensores.py
[2026-07-03T07:02:08.534+0000] {processor.py:829} INFO - Processing file /opt/airflow/dags/sensores.py for tasks to queue
[2026-07-03T07:02:08.535+0000] {logging_mixin.py:154} INFO - [2026-07-03T07:02:08.535+0000] {dagbag.py:536} INFO - Filling up the DagBag from /opt/airflow/dags/sensores.py
[2026-07-03T07:02:08.545+0000] {processor.py:839} INFO - DAG(s) dict_keys(['sensor_bash']) retrieved from /opt/airflow/dags/sensores.py
[2026-07-03T07:02:08.579+0000] {logging_mixin.py:154} INFO - [2026-07-03T07:02:08.578+0000] {dag.py:2941} INFO - Sync 1 DAGs
[2026-07-03T07:02:08.612+0000] {logging_mixin.py:154} INFO - [2026-07-03T07:02:08.611+0000] {dag.py:3722} INFO - Setting next_dagrun for sensor_bash to 2026-07-03T00:00:00+00:00, run_after=2026-07-04T00:00:00+00:00
[2026-07-03T07:02:08.637+0000] {processor.py:179} INFO - Processing /opt/airflow/dags/sensores.py took 0.110 seconds
[2026-07-03T07:02:38.835+0000] {processor.py:157} INFO - Started process (PID=929) to work on /opt/airflow/dags/sensores.py
[2026-07-03T07:02:38.837+0000] {processor.py:829} INFO - Processing file /opt/airflow/dags/sensores.py for tasks to queue
[2026-07-03T07:02:38.838+0000] {logging_mixin.py:154} INFO - [2026-07-03T07:02:38.837+0000] {dagbag.py:536} INFO - Filling up the DagBag from /opt/airflow/dags/sensores.py
[2026-07-03T07:02:38.846+0000] {processor.py:839} INFO - DAG(s) dict_keys(['sensor_bash']) retrieved from /opt/airflow/dags/sensores.py
[2026-07-03T07:02:38.874+0000] {logging_mixin.py:154} INFO - [2026-07-03T07:02:38.873+0000] {dag.py:2941} INFO - Sync 1 DAGs
[2026-07-03T07:02:38.898+0000] {logging_mixin.py:154} INFO - [2026-07-03T07:02:38.898+0000] {dag.py:3722} INFO - Setting next_dagrun for sensor_bash to 2026-07-03T00:00:00+00:00, run_after=2026-07-04T00:00:00+00:00
[2026-07-03T07:02:38.932+0000] {processor.py:179} INFO - Processing /opt/airflow/dags/sensores.py took 0.099 seconds
[2026-07-03T07:03:09.140+0000] {processor.py:157} INFO - Started process (PID=956) to work on /opt/airflow/dags/sensores.py
[2026-07-03T07:03:09.141+0000] {processor.py:829} INFO - Processing file /opt/airflow/dags/sensores.py for tasks to queue
[2026-07-03T07:03:09.141+0000] {logging_mixin.py:154} INFO - [2026-07-03T07:03:09.141+0000] {dagbag.py:536} INFO - Filling up the DagBag from /opt/airflow/dags/sensores.py
[2026-07-03T07:03:09.151+0000] {processor.py:839} INFO - DAG(s) dict_keys(['sensor_bash']) retrieved from /opt/airflow/dags/sensores.py
[2026-07-03T07:03:09.175+0000] {logging_mixin.py:154} INFO - [2026-07-03T07:03:09.175+0000] {dag.py:2941} INFO - Sync 1 DAGs
[2026-07-03T07:03:09.196+0000] {logging_mixin.py:154} INFO - [2026-07-03T07:03:09.196+0000] {dag.py:3722} INFO - Setting next_dagrun for sensor_bash to 2026-07-03T00:00:00+00:00, run_after=2026-07-04T00:00:00+00:00
[2026-07-03T07:03:09.213+0000] {processor.py:179} INFO - Processing /opt/airflow/dags/sensores.py took 0.077 seconds
[2026-07-03T07:03:39.433+0000] {processor.py:157} INFO - Started process (PID=983) to work on /opt/airflow/dags/sensores.py
[2026-07-03T07:03:39.434+0000] {processor.py:829} INFO - Processing file /opt/airflow/dags/sensores.py for tasks to queue
[2026-07-03T07:03:39.436+0000] {logging_mixin.py:154} INFO - [2026-07-03T07:03:39.435+0000] {dagbag.py:536} INFO - Filling up the DagBag from /opt/airflow/dags/sensores.py
[2026-07-03T07:03:39.447+0000] {processor.py:839} INFO - DAG(s) dict_keys(['sensor_bash']) retrieved from /opt/airflow/dags/sensores.py
[2026-07-03T07:03:39.481+0000] {logging_mixin.py:154} INFO - [2026-07-03T07:03:39.481+0000] {dag.py:2941} INFO - Sync 1 DAGs
[2026-07-03T07:03:39.507+0000] {logging_mixin.py:154} INFO - [2026-07-03T07:03:39.506+0000] {dag.py:3722} INFO - Setting next_dagrun for sensor_bash to 2026-07-03T00:00:00+00:00, run_after=2026-07-04T00:00:00+00:00
[2026-07-03T07:03:39.534+0000] {processor.py:179} INFO - Processing /opt/airflow/dags/sensores.py took 0.105 seconds
[2026-07-03T07:04:09.795+0000] {processor.py:157} INFO - Started process (PID=1010) to work on /opt/airflow/dags/sensores.py
[2026-07-03T07:04:09.796+0000] {processor.py:829} INFO - Processing file /opt/airflow/dags/sensores.py for tasks to queue
[2026-07-03T07:04:09.797+0000] {logging_mixin.py:154} INFO - [2026-07-03T07:04:09.797+0000] {dagbag.py:536} INFO - Filling up the DagBag from /opt/airflow/dags/sensores.py
[2026-07-03T07:04:09.805+0000] {processor.py:839} INFO - DAG(s) dict_keys(['sensor_bash']) retrieved from /opt/airflow/dags/sensores.py
[2026-07-03T07:04:09.833+0000] {logging_mixin.py:154} INFO - [2026-07-03T07:04:09.832+0000] {dag.py:2941} INFO - Sync 1 DAGs
[2026-07-03T07:04:09.855+0000] {logging_mixin.py:154} INFO - [2026-07-03T07:04:09.855+0000] {dag.py:3722} INFO - Setting next_dagrun for sensor_bash to 2026-07-03T00:00:00+00:00, run_after=2026-07-04T00:00:00+00:00
[2026-07-03T07:04:09.871+0000] {processor.py:179} INFO - Processing /opt/airflow/dags/sensores.py took 0.079 seconds
[2026-07-03T07:04:40.145+0000] {processor.py:157} INFO - Started process (PID=1037) to work on /opt/airflow/dags/sensores.py
[2026-07-03T07:04:40.146+0000] {processor.py:829} INFO - Processing file /opt/airflow/dags/sensores.py for tasks to queue
[2026-07-03T07:04:40.147+0000] {logging_mixin.py:154} INFO - [2026-07-03T07:04:40.147+0000] {dagbag.py:536} INFO - Filling up the DagBag from /opt/airflow/dags/sensores.py
[2026-07-03T07:04:40.158+0000] {processor.py:839} INFO - DAG(s) dict_keys(['sensor_bash']) retrieved from /opt/airflow/dags/sensores.py
[2026-07-03T07:04:40.189+0000] {logging_mixin.py:154} INFO - [2026-07-03T07:04:40.188+0000] {dag.py:2941} INFO - Sync 1 DAGs
[2026-07-03T07:04:40.209+0000] {logging_mixin.py:154} INFO - [2026-07-03T07:04:40.209+0000] {dag.py:3722} INFO - Setting next_dagrun for sensor_bash to 2026-07-03T00:00:00+00:00, run_after=2026-07-04T00:00:00+00:00
[2026-07-03T07:04:40.238+0000] {processor.py:179} INFO - Processing /opt/airflow/dags/sensores.py took 0.097 seconds
[2026-07-03T07:05:10.434+0000] {processor.py:157} INFO - Started process (PID=1064) to work on /opt/airflow/dags/sensores.py
[2026-07-03T07:05:10.435+0000] {processor.py:829} INFO - Processing file /opt/airflow/dags/sensores.py for tasks to queue
[2026-07-03T07:05:10.436+0000] {logging_mixin.py:154} INFO - [2026-07-03T07:05:10.436+0000] {dagbag.py:536} INFO - Filling up the DagBag from /opt/airflow/dags/sensores.py
[2026-07-03T07:05:10.444+0000] {processor.py:839} INFO - DAG(s) dict_keys(['sensor_bash']) retrieved from /opt/airflow/dags/sensores.py
[2026-07-03T07:05:10.472+0000] {logging_mixin.py:154} INFO - [2026-07-03T07:05:10.472+0000] {dag.py:2941} INFO - Sync 1 DAGs
[2026-07-03T07:05:10.493+0000] {logging_mixin.py:154} INFO - [2026-07-03T07:05:10.493+0000] {dag.py:3722} INFO - Setting next_dagrun for sensor_bash to 2026-07-03T00:00:00+00:00, run_after=2026-07-04T00:00:00+00:00
[2026-07-03T07:05:10.513+0000] {processor.py:179} INFO - Processing /opt/airflow/dags/sensores.py took 0.082 seconds
[2026-07-03T07:05:40.830+0000] {processor.py:157} INFO - Started process (PID=1091) to work on /opt/airflow/dags/sensores.py
[2026-07-03T07:05:40.841+0000] {processor.py:829} INFO - Processing file /opt/airflow/dags/sensores.py for tasks to queue
[2026-07-03T07:05:40.842+0000] {logging_mixin.py:154} INFO - [2026-07-03T07:05:40.842+0000] {dagbag.py:536} INFO - Filling up the DagBag from /opt/airflow/dags/sensores.py
[2026-07-03T07:05:40.850+0000] {processor.py:839} INFO - DAG(s) dict_keys(['sensor_bash']) retrieved from /opt/airflow/dags/sensores.py
[2026-07-03T07:05:40.878+0000] {logging_mixin.py:154} INFO - [2026-07-03T07:05:40.878+0000] {dag.py:2941} INFO - Sync 1 DAGs
[2026-07-03T07:05:40.900+0000] {logging_mixin.py:154} INFO - [2026-07-03T07:05:40.899+0000] {dag.py:3722} INFO - Setting next_dagrun for sensor_bash to 2026-07-03T00:00:00+00:00, run_after=2026-07-04T00:00:00+00:00
[2026-07-03T07:05:40.918+0000] {processor.py:179} INFO - Processing /opt/airflow/dags/sensores.py took 0.090 seconds
[2026-07-03T07:06:11.123+0000] {processor.py:157} INFO - Started process (PID=1118) to work on /opt/airflow/dags/sensores.py
[2026-07-03T07:06:11.125+0000] {processor.py:829} INFO - Processing file /opt/airflow/dags/sensores.py for tasks to queue
[2026-07-03T07:06:11.128+0000] {logging_mixin.py:154} INFO - [2026-07-03T07:06:11.126+0000] {dagbag.py:536} INFO - Filling up the DagBag from /opt/airflow/dags/sensores.py
[2026-07-03T07:06:11.142+0000] {processor.py:839} INFO - DAG(s) dict_keys(['sensor_bash']) retrieved from /opt/airflow/dags/sensores.py
[2026-07-03T07:06:11.183+0000] {logging_mixin.py:154} INFO - [2026-07-03T07:06:11.183+0000] {dag.py:2941} INFO - Sync 1 DAGs
[2026-07-03T07:06:11.219+0000] {logging_mixin.py:154} INFO - [2026-07-03T07:06:11.219+0000] {dag.py:3722} INFO - Setting next_dagrun for sensor_bash to 2026-07-03T00:00:00+00:00, run_after=2026-07-04T00:00:00+00:00
[2026-07-03T07:06:11.235+0000] {processor.py:179} INFO - Processing /opt/airflow/dags/sensores.py took 0.117 seconds
[2026-07-03T07:06:41.525+0000] {processor.py:157} INFO - Started process (PID=1145) to work on /opt/airflow/dags/sensores.py
[2026-07-03T07:06:41.536+0000] {processor.py:829} INFO - Processing file /opt/airflow/dags/sensores.py for tasks to queue
[2026-07-03T07:06:41.537+0000] {logging_mixin.py:154} INFO - [2026-07-03T07:06:41.537+0000] {dagbag.py:536} INFO - Filling up the DagBag from /opt/airflow/dags/sensores.py
[2026-07-03T07:06:41.548+0000] {processor.py:839} INFO - DAG(s) dict_keys(['sensor_bash']) retrieved from /opt/airflow/dags/sensores.py
[2026-07-03T07:06:41.574+0000] {logging_mixin.py:154} INFO - [2026-07-03T07:06:41.574+0000] {dag.py:2941} INFO - Sync 1 DAGs
[2026-07-03T07:06:41.594+0000] {logging_mixin.py:154} INFO - [2026-07-03T07:06:41.593+0000] {dag.py:3722} INFO - Setting next_dagrun for sensor_bash to 2026-07-03T00:00:00+00:00, run_after=2026-07-04T00:00:00+00:00
[2026-07-03T07:06:41.611+0000] {processor.py:179} INFO - Processing /opt/airflow/dags/sensores.py took 0.090 seconds
[2026-07-03T07:06:54.848+0000] {processor.py:157} INFO - Started process (PID=1165) to work on /opt/airflow/dags/sensores.py
[2026-07-03T07:06:54.849+0000] {processor.py:829} INFO - Processing file /opt/airflow/dags/sensores.py for tasks to queue
[2026-07-03T07:06:54.850+0000] {logging_mixin.py:154} INFO - [2026-07-03T07:06:54.850+0000] {dagbag.py:536} INFO - Filling up the DagBag from /opt/airflow/dags/sensores.py
[2026-07-03T07:06:54.857+0000] {processor.py:839} INFO - DAG(s) dict_keys(['sensor_bash']) retrieved from /opt/airflow/dags/sensores.py
[2026-07-03T07:06:55.126+0000] {logging_mixin.py:154} INFO - [2026-07-03T07:06:55.125+0000] {dag.py:2941} INFO - Sync 1 DAGs
[2026-07-03T07:06:55.146+0000] {logging_mixin.py:154} INFO - [2026-07-03T07:06:55.145+0000] {dag.py:3722} INFO - Setting next_dagrun for sensor_bash to 2026-07-03T00:00:00+00:00, run_after=2026-07-04T00:00:00+00:00
[2026-07-03T07:06:55.171+0000] {processor.py:179} INFO - Processing /opt/airflow/dags/sensores.py took 0.326 seconds
[2026-07-03T07:07:26.146+0000] {processor.py:157} INFO - Started process (PID=1192) to work on /opt/airflow/dags/sensores.py
[2026-07-03T07:07:26.149+0000] {processor.py:829} INFO - Processing file /opt/airflow/dags/sensores.py for tasks to queue
[2026-07-03T07:07:26.151+0000] {logging_mixin.py:154} INFO - [2026-07-03T07:07:26.150+0000] {dagbag.py:536} INFO - Filling up the DagBag from /opt/airflow/dags/sensores.py
[2026-07-03T07:07:26.184+0000] {processor.py:839} INFO - DAG(s) dict_keys(['sensor_bash']) retrieved from /opt/airflow/dags/sensores.py
[2026-07-03T07:07:26.261+0000] {logging_mixin.py:154} INFO - [2026-07-03T07:07:26.260+0000] {dag.py:2941} INFO - Sync 1 DAGs
[2026-07-03T07:07:26.323+0000] {logging_mixin.py:154} INFO - [2026-07-03T07:07:26.322+0000] {dag.py:3722} INFO - Setting next_dagrun for sensor_bash to 2026-07-03T00:00:00+00:00, run_after=2026-07-04T00:00:00+00:00
[2026-07-03T07:07:26.382+0000] {processor.py:179} INFO - Processing /opt/airflow/dags/sensores.py took 0.248 seconds
[2026-07-03T07:07:56.436+0000] {processor.py:157} INFO - Started process (PID=1219) to work on /opt/airflow/dags/sensores.py
[2026-07-03T07:07:56.437+0000] {processor.py:829} INFO - Processing file /opt/airflow/dags/sensores.py for tasks to queue
[2026-07-03T07:07:56.438+0000] {logging_mixin.py:154} INFO - [2026-07-03T07:07:56.438+0000] {dagbag.py:536} INFO - Filling up the DagBag from /opt/airflow/dags/sensores.py
[2026-07-03T07:07:56.448+0000] {processor.py:839} INFO - DAG(s) dict_keys(['sensor_bash']) retrieved from /opt/airflow/dags/sensores.py
[2026-07-03T07:07:56.475+0000] {logging_mixin.py:154} INFO - [2026-07-03T07:07:56.475+0000] {dag.py:2941} INFO - Sync 1 DAGs
[2026-07-03T07:07:56.498+0000] {logging_mixin.py:154} INFO - [2026-07-03T07:07:56.497+0000] {dag.py:3722} INFO - Setting next_dagrun for sensor_bash to 2026-07-03T00:00:00+00:00, run_after=2026-07-04T00:00:00+00:00
[2026-07-03T07:07:56.516+0000] {processor.py:179} INFO - Processing /opt/airflow/dags/sensores.py took 0.083 seconds
[2026-07-03T07:08:26.810+0000] {processor.py:157} INFO - Started process (PID=1246) to work on /opt/airflow/dags/sensores.py
[2026-07-03T07:08:26.811+0000] {processor.py:829} INFO - Processing file /opt/airflow/dags/sensores.py for tasks to queue
[2026-07-03T07:08:26.812+0000] {logging_mixin.py:154} INFO - [2026-07-03T07:08:26.812+0000] {dagbag.py:536} INFO - Filling up the DagBag from /opt/airflow/dags/sensores.py
[2026-07-03T07:08:26.822+0000] {processor.py:839} INFO - DAG(s) dict_keys(['sensor_bash']) retrieved from /opt/airflow/dags/sensores.py
[2026-07-03T07:08:26.854+0000] {logging_mixin.py:154} INFO - [2026-07-03T07:08:26.854+0000] {dag.py:2941} INFO - Sync 1 DAGs
[2026-07-03T07:08:26.877+0000] {logging_mixin.py:154} INFO - [2026-07-03T07:08:26.877+0000] {dag.py:3722} INFO - Setting next_dagrun for sensor_bash to 2026-07-03T00:00:00+00:00, run_after=2026-07-04T00:00:00+00:00
[2026-07-03T07:08:26.901+0000] {processor.py:179} INFO - Processing /opt/airflow/dags/sensores.py took 0.095 seconds
[2026-07-03T07:08:57.134+0000] {processor.py:157} INFO - Started process (PID=1273) to work on /opt/airflow/dags/sensores.py
[2026-07-03T07:08:57.135+0000] {processor.py:829} INFO - Processing file /opt/airflow/dags/sensores.py for tasks to queue
[2026-07-03T07:08:57.136+0000] {logging_mixin.py:154} INFO - [2026-07-03T07:08:57.136+0000] {dagbag.py:536} INFO - Filling up the DagBag from /opt/airflow/dags/sensores.py
[2026-07-03T07:08:57.146+0000] {processor.py:839} INFO - DAG(s) dict_keys(['sensor_bash']) retrieved from /opt/airflow/dags/sensores.py
[2026-07-03T07:08:57.177+0000] {logging_mixin.py:154} INFO - [2026-07-03T07:08:57.177+0000] {dag.py:2941} INFO - Sync 1 DAGs
[2026-07-03T07:08:57.201+0000] {logging_mixin.py:154} INFO - [2026-07-03T07:08:57.201+0000] {dag.py:3722} INFO - Setting next_dagrun for sensor_bash to 2026-07-03T00:00:00+00:00, run_after=2026-07-04T00:00:00+00:00
[2026-07-03T07:08:57.221+0000] {processor.py:179} INFO - Processing /opt/airflow/dags/sensores.py took 0.093 seconds
[2026-07-03T07:09:27.415+0000] {processor.py:157} INFO - Started process (PID=1300) to work on /opt/airflow/dags/sensores.py
[2026-07-03T07:09:27.425+0000] {processor.py:829} INFO - Processing file /opt/airflow/dags/sensores.py for tasks to queue
[2026-07-03T07:09:27.426+0000] {logging_mixin.py:154} INFO - [2026-07-03T07:09:27.426+0000] {dagbag.py:536} INFO - Filling up the DagBag from /opt/airflow/dags/sensores.py
[2026-07-03T07:09:27.435+0000] {processor.py:839} INFO - DAG(s) dict_keys(['sensor_bash']) retrieved from /opt/airflow/dags/sensores.py
[2026-07-03T07:09:27.464+0000] {logging_mixin.py:154} INFO - [2026-07-03T07:09:27.464+0000] {dag.py:2941} INFO - Sync 1 DAGs
[2026-07-03T07:09:27.483+0000] {logging_mixin.py:154} INFO - [2026-07-03T07:09:27.483+0000] {dag.py:3722} INFO - Setting next_dagrun for sensor_bash to 2026-07-03T00:00:00+00:00, run_after=2026-07-04T00:00:00+00:00
[2026-07-03T07:09:27.500+0000] {processor.py:179} INFO - Processing /opt/airflow/dags/sensores.py took 0.089 seconds
[2026-07-03T07:09:57.780+0000] {processor.py:157} INFO - Started process (PID=1327) to work on /opt/airflow/dags/sensores.py
[2026-07-03T07:09:57.781+0000] {processor.py:829} INFO - Processing file /opt/airflow/dags/sensores.py for tasks to queue
[2026-07-03T07:09:57.782+0000] {logging_mixin.py:154} INFO - [2026-07-03T07:09:57.782+0000] {dagbag.py:536} INFO - Filling up the DagBag from /opt/airflow/dags/sensores.py
[2026-07-03T07:09:57.791+0000] {processor.py:839} INFO - DAG(s) dict_keys(['sensor_bash']) retrieved from /opt/airflow/dags/sensores.py
[2026-07-03T07:09:57.817+0000] {logging_mixin.py:154} INFO - [2026-07-03T07:09:57.816+0000] {dag.py:2941} INFO - Sync 1 DAGs
[2026-07-03T07:09:57.837+0000] {logging_mixin.py:154} INFO - [2026-07-03T07:09:57.837+0000] {dag.py:3722} INFO - Setting next_dagrun for sensor_bash to 2026-07-03T00:00:00+00:00, run_after=2026-07-04T00:00:00+00:00
[2026-07-03T07:09:57.854+0000] {processor.py:179} INFO - Processing /opt/airflow/dags/sensores.py took 0.077 seconds
[2026-07-03T07:10:28.072+0000] {processor.py:157} INFO - Started process (PID=1354) to work on /opt/airflow/dags/sensores.py
[2026-07-03T07:10:28.083+0000] {processor.py:829} INFO - Processing file /opt/airflow/dags/sensores.py for tasks to queue
[2026-07-03T07:10:28.084+0000] {logging_mixin.py:154} INFO - [2026-07-03T07:10:28.083+0000] {dagbag.py:536} INFO - Filling up the DagBag from /opt/airflow/dags/sensores.py
[2026-07-03T07:10:28.093+0000] {processor.py:839} INFO - DAG(s) dict_keys(['sensor_bash']) retrieved from /opt/airflow/dags/sensores.py
[2026-07-03T07:10:28.120+0000] {logging_mixin.py:154} INFO - [2026-07-03T07:10:28.120+0000] {dag.py:2941} INFO - Sync 1 DAGs
[2026-07-03T07:10:28.138+0000] {logging_mixin.py:154} INFO - [2026-07-03T07:10:28.138+0000] {dag.py:3722} INFO - Setting next_dagrun for sensor_bash to 2026-07-03T00:00:00+00:00, run_after=2026-07-04T00:00:00+00:00
[2026-07-03T07:10:28.157+0000] {processor.py:179} INFO - Processing /opt/airflow/dags/sensores.py took 0.088 seconds
[2026-07-03T07:10:58.529+0000] {processor.py:157} INFO - Started process (PID=1381) to work on /opt/airflow/dags/sensores.py
[2026-07-03T07:10:58.530+0000] {processor.py:829} INFO - Processing file /opt/airflow/dags/sensores.py for tasks to queue
[2026-07-03T07:10:58.531+0000] {logging_mixin.py:154} INFO - [2026-07-03T07:10:58.531+0000] {dagbag.py:536} INFO - Filling up the DagBag from /opt/airflow/dags/sensores.py
[2026-07-03T07:10:58.540+0000] {processor.py:839} INFO - DAG(s) dict_keys(['sensor_bash']) retrieved from /opt/airflow/dags/sensores.py
[2026-07-03T07:10:58.567+0000] {logging_mixin.py:154} INFO - [2026-07-03T07:10:58.567+0000] {dag.py:2941} INFO - Sync 1 DAGs
[2026-07-03T07:10:58.587+0000] {logging_mixin.py:154} INFO - [2026-07-03T07:10:58.587+0000] {dag.py:3722} INFO - Setting next_dagrun for sensor_bash to 2026-07-03T00:00:00+00:00, run_after=2026-07-04T00:00:00+00:00
[2026-07-03T07:10:58.611+0000] {processor.py:179} INFO - Processing /opt/airflow/dags/sensores.py took 0.085 seconds
[2026-07-03T07:11:28.812+0000] {processor.py:157} INFO - Started process (PID=1408) to work on /opt/airflow/dags/sensores.py
[2026-07-03T07:11:28.823+0000] {processor.py:829} INFO - Processing file /opt/airflow/dags/sensores.py for tasks to queue
[2026-07-03T07:11:28.824+0000] {logging_mixin.py:154} INFO - [2026-07-03T07:11:28.823+0000] {dagbag.py:536} INFO - Filling up the DagBag from /opt/airflow/dags/sensores.py
[2026-07-03T07:11:28.834+0000] {processor.py:839} INFO - DAG(s) dict_keys(['sensor_bash']) retrieved from /opt/airflow/dags/sensores.py
[2026-07-03T07:11:28.861+0000] {logging_mixin.py:154} INFO - [2026-07-03T07:11:28.861+0000] {dag.py:2941} INFO - Sync 1 DAGs
[2026-07-03T07:11:28.880+0000] {logging_mixin.py:154} INFO - [2026-07-03T07:11:28.880+0000] {dag.py:3722} INFO - Setting next_dagrun for sensor_bash to 2026-07-03T00:00:00+00:00, run_after=2026-07-04T00:00:00+00:00
[2026-07-03T07:11:28.897+0000] {processor.py:179} INFO - Processing /opt/airflow/dags/sensores.py took 0.088 seconds
[2026-07-03T07:11:59.078+0000] {processor.py:157} INFO - Started process (PID=1435) to work on /opt/airflow/dags/sensores.py
[2026-07-03T07:11:59.079+0000] {processor.py:829} INFO - Processing file /opt/airflow/dags/sensores.py for tasks to queue
[2026-07-03T07:11:59.080+0000] {logging_mixin.py:154} INFO - [2026-07-03T07:11:59.079+0000] {dagbag.py:536} INFO - Filling up the DagBag from /opt/airflow/dags/sensores.py
[2026-07-03T07:11:59.089+0000] {processor.py:839} INFO - DAG(s) dict_keys(['sensor_bash']) retrieved from /opt/airflow/dags/sensores.py
[2026-07-03T07:11:59.113+0000] {logging_mixin.py:154} INFO - [2026-07-03T07:11:59.113+0000] {dag.py:2941} INFO - Sync 1 DAGs
[2026-07-03T07:11:59.132+0000] {logging_mixin.py:154} INFO - [2026-07-03T07:11:59.132+0000] {dag.py:3722} INFO - Setting next_dagrun for sensor_bash to 2026-07-03T00:00:00+00:00, run_after=2026-07-04T00:00:00+00:00
[2026-07-03T07:11:59.150+0000] {processor.py:179} INFO - Processing /opt/airflow/dags/sensores.py took 0.076 seconds
[2026-07-03T07:12:29.418+0000] {processor.py:157} INFO - Started process (PID=1462) to work on /opt/airflow/dags/sensores.py
[2026-07-03T07:12:29.428+0000] {processor.py:829} INFO - Processing file /opt/airflow/dags/sensores.py for tasks to queue
[2026-07-03T07:12:29.429+0000] {logging_mixin.py:154} INFO - [2026-07-03T07:12:29.429+0000] {dagbag.py:536} INFO - Filling up the DagBag from /opt/airflow/dags/sensores.py
[2026-07-03T07:12:29.437+0000] {processor.py:839} INFO - DAG(s) dict_keys(['sensor_bash']) retrieved from /opt/airflow/dags/sensores.py
[2026-07-03T07:12:29.461+0000] {logging_mixin.py:154} INFO - [2026-07-03T07:12:29.461+0000] {dag.py:2941} INFO - Sync 1 DAGs
[2026-07-03T07:12:29.479+0000] {logging_mixin.py:154} INFO - [2026-07-03T07:12:29.479+0000] {dag.py:3722} INFO - Setting next_dagrun for sensor_bash to 2026-07-03T00:00:00+00:00, run_after=2026-07-04T00:00:00+00:00
[2026-07-03T07:12:29.495+0000] {processor.py:179} INFO - Processing /opt/airflow/dags/sensores.py took 0.080 seconds
[2026-07-03T07:12:59.772+0000] {processor.py:157} INFO - Started process (PID=1489) to work on /opt/airflow/dags/sensores.py
[2026-07-03T07:12:59.773+0000] {processor.py:829} INFO - Processing file /opt/airflow/dags/sensores.py for tasks to queue
[2026-07-03T07:12:59.773+0000] {logging_mixin.py:154} INFO - [2026-07-03T07:12:59.773+0000] {dagbag.py:536} INFO - Filling up the DagBag from /opt/airflow/dags/sensores.py
[2026-07-03T07:12:59.784+0000] {processor.py:839} INFO - DAG(s) dict_keys(['sensor_bash']) retrieved from /opt/airflow/dags/sensores.py
[2026-07-03T07:12:59.815+0000] {logging_mixin.py:154} INFO - [2026-07-03T07:12:59.815+0000] {dag.py:2941} INFO - Sync 1 DAGs
[2026-07-03T07:12:59.838+0000] {logging_mixin.py:154} INFO - [2026-07-03T07:12:59.838+0000] {dag.py:3722} INFO - Setting next_dagrun for sensor_bash to 2026-07-03T00:00:00+00:00, run_after=2026-07-04T00:00:00+00:00
[2026-07-03T07:12:59.868+0000] {processor.py:179} INFO - Processing /opt/airflow/dags/sensores.py took 0.100 seconds
[2026-07-03T07:14:20.801+0000] {processor.py:157} INFO - Started process (PID=171) to work on /opt/airflow/dags/sensores.py
[2026-07-03T07:14:20.816+0000] {processor.py:829} INFO - Processing file /opt/airflow/dags/sensores.py for tasks to queue
[2026-07-03T07:14:20.821+0000] {logging_mixin.py:154} INFO - [2026-07-03T07:14:20.820+0000] {dagbag.py:536} INFO - Filling up the DagBag from /opt/airflow/dags/sensores.py
[2026-07-03T07:14:20.966+0000] {processor.py:839} INFO - DAG(s) dict_keys(['sensor_bash']) retrieved from /opt/airflow/dags/sensores.py
[2026-07-03T07:14:21.149+0000] {logging_mixin.py:154} INFO - [2026-07-03T07:14:21.149+0000] {dag.py:2941} INFO - Sync 1 DAGs
[2026-07-03T07:14:21.310+0000] {logging_mixin.py:154} INFO - [2026-07-03T07:14:21.309+0000] {dag.py:3722} INFO - Setting next_dagrun for sensor_bash to 2026-07-03T00:00:00+00:00, run_after=2026-07-04T00:00:00+00:00
[2026-07-03T07:14:21.369+0000] {processor.py:179} INFO - Processing /opt/airflow/dags/sensores.py took 0.632 seconds
[2026-07-03T07:14:51.854+0000] {processor.py:157} INFO - Started process (PID=193) to work on /opt/airflow/dags/sensores.py
[2026-07-03T07:14:51.855+0000] {processor.py:829} INFO - Processing file /opt/airflow/dags/sensores.py for tasks to queue
[2026-07-03T07:14:51.872+0000] {logging_mixin.py:154} INFO - [2026-07-03T07:14:51.858+0000] {dagbag.py:536} INFO - Filling up the DagBag from /opt/airflow/dags/sensores.py
[2026-07-03T07:14:51.884+0000] {processor.py:839} INFO - DAG(s) dict_keys(['sensor_bash']) retrieved from /opt/airflow/dags/sensores.py
[2026-07-03T07:14:51.937+0000] {logging_mixin.py:154} INFO - [2026-07-03T07:14:51.937+0000] {dag.py:2941} INFO - Sync 1 DAGs
[2026-07-03T07:14:51.964+0000] {logging_mixin.py:154} INFO - [2026-07-03T07:14:51.964+0000] {dag.py:3722} INFO - Setting next_dagrun for sensor_bash to 2026-07-03T00:00:00+00:00, run_after=2026-07-04T00:00:00+00:00
[2026-07-03T07:14:51.984+0000] {processor.py:179} INFO - Processing /opt/airflow/dags/sensores.py took 0.134 seconds
[2026-07-03T07:15:22.271+0000] {processor.py:157} INFO - Started process (PID=221) to work on /opt/airflow/dags/sensores.py
[2026-07-03T07:15:22.282+0000] {processor.py:829} INFO - Processing file /opt/airflow/dags/sensores.py for tasks to queue
[2026-07-03T07:15:22.283+0000] {logging_mixin.py:154} INFO - [2026-07-03T07:15:22.283+0000] {dagbag.py:536} INFO - Filling up the DagBag from /opt/airflow/dags/sensores.py
[2026-07-03T07:15:22.294+0000] {processor.py:839} INFO - DAG(s) dict_keys(['sensor_bash']) retrieved from /opt/airflow/dags/sensores.py
[2026-07-03T07:15:22.329+0000] {logging_mixin.py:154} INFO - [2026-07-03T07:15:22.328+0000] {dag.py:2941} INFO - Sync 1 DAGs
[2026-07-03T07:15:22.353+0000] {logging_mixin.py:154} INFO - [2026-07-03T07:15:22.352+0000] {dag.py:3722} INFO - Setting next_dagrun for sensor_bash to 2026-07-03T00:00:00+00:00, run_after=2026-07-04T00:00:00+00:00
[2026-07-03T07:15:22.372+0000] {processor.py:179} INFO - Processing /opt/airflow/dags/sensores.py took 0.107 seconds
[2026-07-03T07:15:52.647+0000] {processor.py:157} INFO - Started process (PID=248) to work on /opt/airflow/dags/sensores.py
[2026-07-03T07:15:52.649+0000] {processor.py:829} INFO - Processing file /opt/airflow/dags/sensores.py for tasks to queue
[2026-07-03T07:15:52.649+0000] {logging_mixin.py:154} INFO - [2026-07-03T07:15:52.649+0000] {dagbag.py:536} INFO - Filling up the DagBag from /opt/airflow/dags/sensores.py
[2026-07-03T07:15:52.663+0000] {processor.py:839} INFO - DAG(s) dict_keys(['sensor_bash']) retrieved from /opt/airflow/dags/sensores.py
[2026-07-03T07:15:52.696+0000] {logging_mixin.py:154} INFO - [2026-07-03T07:15:52.695+0000] {dag.py:2941} INFO - Sync 1 DAGs
[2026-07-03T07:15:52.719+0000] {logging_mixin.py:154} INFO - [2026-07-03T07:15:52.719+0000] {dag.py:3722} INFO - Setting next_dagrun for sensor_bash to 2026-07-03T00:00:00+00:00, run_after=2026-07-04T00:00:00+00:00
[2026-07-03T07:15:52.740+0000] {processor.py:179} INFO - Processing /opt/airflow/dags/sensores.py took 0.096 seconds
[2026-07-03T07:16:23.031+0000] {processor.py:157} INFO - Started process (PID=275) to work on /opt/airflow/dags/sensores.py
[2026-07-03T07:16:23.033+0000] {processor.py:829} INFO - Processing file /opt/airflow/dags/sensores.py for tasks to queue
[2026-07-03T07:16:23.034+0000] {logging_mixin.py:154} INFO - [2026-07-03T07:16:23.033+0000] {dagbag.py:536} INFO - Filling up the DagBag from /opt/airflow/dags/sensores.py
[2026-07-03T07:16:23.046+0000] {processor.py:839} INFO - DAG(s) dict_keys(['sensor_bash']) retrieved from /opt/airflow/dags/sensores.py
[2026-07-03T07:16:23.080+0000] {logging_mixin.py:154} INFO - [2026-07-03T07:16:23.080+0000] {dag.py:2941} INFO - Sync 1 DAGs
[2026-07-03T07:16:23.106+0000] {logging_mixin.py:154} INFO - [2026-07-03T07:16:23.105+0000] {dag.py:3722} INFO - Setting next_dagrun for sensor_bash to 2026-07-03T00:00:00+00:00, run_after=2026-07-04T00:00:00+00:00
[2026-07-03T07:16:23.137+0000] {processor.py:179} INFO - Processing /opt/airflow/dags/sensores.py took 0.110 seconds
[2026-07-03T07:16:53.421+0000] {processor.py:157} INFO - Started process (PID=303) to work on /opt/airflow/dags/sensores.py
[2026-07-03T07:16:53.422+0000] {processor.py:829} INFO - Processing file /opt/airflow/dags/sensores.py for tasks to queue
[2026-07-03T07:16:53.423+0000] {logging_mixin.py:154} INFO - [2026-07-03T07:16:53.422+0000] {dagbag.py:536} INFO - Filling up the DagBag from /opt/airflow/dags/sensores.py
[2026-07-03T07:16:53.435+0000] {processor.py:839} INFO - DAG(s) dict_keys(['sensor_bash']) retrieved from /opt/airflow/dags/sensores.py
[2026-07-03T07:16:53.466+0000] {logging_mixin.py:154} INFO - [2026-07-03T07:16:53.466+0000] {dag.py:2941} INFO - Sync 1 DAGs
[2026-07-03T07:16:53.496+0000] {logging_mixin.py:154} INFO - [2026-07-03T07:16:53.496+0000] {dag.py:3722} INFO - Setting next_dagrun for sensor_bash to 2026-07-03T00:00:00+00:00, run_after=2026-07-04T00:00:00+00:00
[2026-07-03T07:16:53.521+0000] {processor.py:179} INFO - Processing /opt/airflow/dags/sensores.py took 0.104 seconds
[2026-07-03T07:17:23.839+0000] {processor.py:157} INFO - Started process (PID=330) to work on /opt/airflow/dags/sensores.py
[2026-07-03T07:17:23.850+0000] {processor.py:829} INFO - Processing file /opt/airflow/dags/sensores.py for tasks to queue
[2026-07-03T07:17:23.851+0000] {logging_mixin.py:154} INFO - [2026-07-03T07:17:23.851+0000] {dagbag.py:536} INFO - Filling up the DagBag from /opt/airflow/dags/sensores.py
[2026-07-03T07:17:23.866+0000] {processor.py:839} INFO - DAG(s) dict_keys(['sensor_bash']) retrieved from /opt/airflow/dags/sensores.py
[2026-07-03T07:17:23.897+0000] {logging_mixin.py:154} INFO - [2026-07-03T07:17:23.897+0000] {dag.py:2941} INFO - Sync 1 DAGs
[2026-07-03T07:17:23.923+0000] {logging_mixin.py:154} INFO - [2026-07-03T07:17:23.923+0000] {dag.py:3722} INFO - Setting next_dagrun for sensor_bash to 2026-07-03T00:00:00+00:00, run_after=2026-07-04T00:00:00+00:00
[2026-07-03T07:17:23.955+0000] {processor.py:179} INFO - Processing /opt/airflow/dags/sensores.py took 0.120 seconds
[2026-07-03T07:17:54.146+0000] {processor.py:157} INFO - Started process (PID=357) to work on /opt/airflow/dags/sensores.py
[2026-07-03T07:17:54.148+0000] {processor.py:829} INFO - Processing file /opt/airflow/dags/sensores.py for tasks to queue
[2026-07-03T07:17:54.148+0000] {logging_mixin.py:154} INFO - [2026-07-03T07:17:54.148+0000] {dagbag.py:536} INFO - Filling up the DagBag from /opt/airflow/dags/sensores.py
[2026-07-03T07:17:54.157+0000] {processor.py:839} INFO - DAG(s) dict_keys(['sensor_bash']) retrieved from /opt/airflow/dags/sensores.py
[2026-07-03T07:17:54.183+0000] {logging_mixin.py:154} INFO - [2026-07-03T07:17:54.183+0000] {dag.py:2941} INFO - Sync 1 DAGs
[2026-07-03T07:17:54.202+0000] {logging_mixin.py:154} INFO - [2026-07-03T07:17:54.202+0000] {dag.py:3722} INFO - Setting next_dagrun for sensor_bash to 2026-07-03T00:00:00+00:00, run_after=2026-07-04T00:00:00+00:00
[2026-07-03T07:17:54.221+0000] {processor.py:179} INFO - Processing /opt/airflow/dags/sensores.py took 0.078 seconds
[2026-07-03T07:18:24.519+0000] {processor.py:157} INFO - Started process (PID=384) to work on /opt/airflow/dags/sensores.py
[2026-07-03T07:18:24.530+0000] {processor.py:829} INFO - Processing file /opt/airflow/dags/sensores.py for tasks to queue
[2026-07-03T07:18:24.531+0000] {logging_mixin.py:154} INFO - [2026-07-03T07:18:24.531+0000] {dagbag.py:536} INFO - Filling up the DagBag from /opt/airflow/dags/sensores.py
[2026-07-03T07:18:24.540+0000] {processor.py:839} INFO - DAG(s) dict_keys(['sensor_bash']) retrieved from /opt/airflow/dags/sensores.py
[2026-07-03T07:18:24.568+0000] {logging_mixin.py:154} INFO - [2026-07-03T07:18:24.568+0000] {dag.py:2941} INFO - Sync 1 DAGs
[2026-07-03T07:18:24.590+0000] {logging_mixin.py:154} INFO - [2026-07-03T07:18:24.590+0000] {dag.py:3722} INFO - Setting next_dagrun for sensor_bash to 2026-07-03T00:00:00+00:00, run_after=2026-07-04T00:00:00+00:00
[2026-07-03T07:18:24.621+0000] {processor.py:179} INFO - Processing /opt/airflow/dags/sensores.py took 0.106 seconds
[2026-07-03T07:18:26.768+0000] {processor.py:157} INFO - Started process (PID=404) to work on /opt/airflow/dags/sensores.py
[2026-07-03T07:18:26.768+0000] {processor.py:829} INFO - Processing file /opt/airflow/dags/sensores.py for tasks to queue
[2026-07-03T07:18:26.769+0000] {logging_mixin.py:154} INFO - [2026-07-03T07:18:26.769+0000] {dagbag.py:536} INFO - Filling up the DagBag from /opt/airflow/dags/sensores.py
[2026-07-03T07:18:26.773+0000] {logging_mixin.py:154} INFO - [2026-07-03T07:18:26.772+0000] {dagbag.py:346} ERROR - Failed to import: /opt/airflow/dags/sensores.py
Traceback (most recent call last):
  File "/home/airflow/.local/lib/python3.8/site-packages/airflow/models/dagbag.py", line 342, in parse
    loader.exec_module(new_module)
  File "<frozen importlib._bootstrap_external>", line 843, in exec_module
  File "<frozen importlib._bootstrap>", line 219, in _call_with_frames_removed
  File "/opt/airflow/dags/sensores.py", line 35, in <module>
    from airflow.sensors import FileSensor
ImportError: cannot import name 'FileSensor' from 'airflow.sensors' (/home/airflow/.local/lib/python3.8/site-packages/airflow/sensors/__init__.py)
[2026-07-03T07:18:26.773+0000] {processor.py:841} WARNING - No viable dags retrieved from /opt/airflow/dags/sensores.py
[2026-07-03T07:18:26.804+0000] {processor.py:179} INFO - Processing /opt/airflow/dags/sensores.py took 0.040 seconds
[2026-07-03T07:18:57.062+0000] {processor.py:157} INFO - Started process (PID=431) to work on /opt/airflow/dags/sensores.py
[2026-07-03T07:18:57.073+0000] {processor.py:829} INFO - Processing file /opt/airflow/dags/sensores.py for tasks to queue
[2026-07-03T07:18:57.074+0000] {logging_mixin.py:154} INFO - [2026-07-03T07:18:57.073+0000] {dagbag.py:536} INFO - Filling up the DagBag from /opt/airflow/dags/sensores.py
[2026-07-03T07:18:57.077+0000] {logging_mixin.py:154} INFO - [2026-07-03T07:18:57.077+0000] {dagbag.py:346} ERROR - Failed to import: /opt/airflow/dags/sensores.py
Traceback (most recent call last):
  File "/home/airflow/.local/lib/python3.8/site-packages/airflow/models/dagbag.py", line 342, in parse
    loader.exec_module(new_module)
  File "<frozen importlib._bootstrap_external>", line 843, in exec_module
  File "<frozen importlib._bootstrap>", line 219, in _call_with_frames_removed
  File "/opt/airflow/dags/sensores.py", line 35, in <module>
    from airflow.sensors import FileSensor
ImportError: cannot import name 'FileSensor' from 'airflow.sensors' (/home/airflow/.local/lib/python3.8/site-packages/airflow/sensors/__init__.py)
[2026-07-03T07:18:57.078+0000] {processor.py:841} WARNING - No viable dags retrieved from /opt/airflow/dags/sensores.py
[2026-07-03T07:18:57.100+0000] {processor.py:179} INFO - Processing /opt/airflow/dags/sensores.py took 0.042 seconds
[2026-07-03T07:19:22.213+0000] {processor.py:157} INFO - Started process (PID=443) to work on /opt/airflow/dags/sensores.py
[2026-07-03T07:19:22.215+0000] {processor.py:829} INFO - Processing file /opt/airflow/dags/sensores.py for tasks to queue
[2026-07-03T07:19:22.215+0000] {logging_mixin.py:154} INFO - [2026-07-03T07:19:22.215+0000] {dagbag.py:536} INFO - Filling up the DagBag from /opt/airflow/dags/sensores.py
[2026-07-03T07:19:22.228+0000] {processor.py:839} INFO - DAG(s) dict_keys(['sensor_bash']) retrieved from /opt/airflow/dags/sensores.py
[2026-07-03T07:19:22.436+0000] {logging_mixin.py:154} INFO - [2026-07-03T07:19:22.436+0000] {dag.py:2941} INFO - Sync 1 DAGs
[2026-07-03T07:19:22.463+0000] {logging_mixin.py:154} INFO - [2026-07-03T07:19:22.463+0000] {dag.py:3722} INFO - Setting next_dagrun for sensor_bash to 2026-07-03T00:00:00+00:00, run_after=2026-07-04T00:00:00+00:00
[2026-07-03T07:19:22.503+0000] {processor.py:179} INFO - Processing /opt/airflow/dags/sensores.py took 0.293 seconds
[2026-07-03T07:19:53.059+0000] {processor.py:157} INFO - Started process (PID=472) to work on /opt/airflow/dags/sensores.py
[2026-07-03T07:19:53.062+0000] {processor.py:829} INFO - Processing file /opt/airflow/dags/sensores.py for tasks to queue
[2026-07-03T07:19:53.064+0000] {logging_mixin.py:154} INFO - [2026-07-03T07:19:53.064+0000] {dagbag.py:536} INFO - Filling up the DagBag from /opt/airflow/dags/sensores.py
[2026-07-03T07:19:53.111+0000] {processor.py:839} INFO - DAG(s) dict_keys(['sensor_bash']) retrieved from /opt/airflow/dags/sensores.py
[2026-07-03T07:19:53.194+0000] {logging_mixin.py:154} INFO - [2026-07-03T07:19:53.194+0000] {dag.py:2941} INFO - Sync 1 DAGs
[2026-07-03T07:19:53.254+0000] {logging_mixin.py:154} INFO - [2026-07-03T07:19:53.253+0000] {dag.py:3722} INFO - Setting next_dagrun for sensor_bash to 2026-07-03T00:00:00+00:00, run_after=2026-07-04T00:00:00+00:00
[2026-07-03T07:19:53.308+0000] {processor.py:179} INFO - Processing /opt/airflow/dags/sensores.py took 0.266 seconds
[2026-07-03T07:20:24.015+0000] {processor.py:157} INFO - Started process (PID=499) to work on /opt/airflow/dags/sensores.py
[2026-07-03T07:20:24.025+0000] {processor.py:829} INFO - Processing file /opt/airflow/dags/sensores.py for tasks to queue
[2026-07-03T07:20:24.026+0000] {logging_mixin.py:154} INFO - [2026-07-03T07:20:24.025+0000] {dagbag.py:536} INFO - Filling up the DagBag from /opt/airflow/dags/sensores.py
[2026-07-03T07:20:24.034+0000] {processor.py:839} INFO - DAG(s) dict_keys(['sensor_bash']) retrieved from /opt/airflow/dags/sensores.py
[2026-07-03T07:20:24.060+0000] {logging_mixin.py:154} INFO - [2026-07-03T07:20:24.060+0000] {dag.py:2941} INFO - Sync 1 DAGs
[2026-07-03T07:20:24.089+0000] {logging_mixin.py:154} INFO - [2026-07-03T07:20:24.088+0000] {dag.py:3722} INFO - Setting next_dagrun for sensor_bash to 2026-07-03T00:00:00+00:00, run_after=2026-07-04T00:00:00+00:00
[2026-07-03T07:20:24.111+0000] {processor.py:179} INFO - Processing /opt/airflow/dags/sensores.py took 0.099 seconds
[2026-07-03T07:20:54.303+0000] {processor.py:157} INFO - Started process (PID=526) to work on /opt/airflow/dags/sensores.py
[2026-07-03T07:20:54.304+0000] {processor.py:829} INFO - Processing file /opt/airflow/dags/sensores.py for tasks to queue
[2026-07-03T07:20:54.305+0000] {logging_mixin.py:154} INFO - [2026-07-03T07:20:54.305+0000] {dagbag.py:536} INFO - Filling up the DagBag from /opt/airflow/dags/sensores.py
[2026-07-03T07:20:54.313+0000] {processor.py:839} INFO - DAG(s) dict_keys(['sensor_bash']) retrieved from /opt/airflow/dags/sensores.py
[2026-07-03T07:20:54.341+0000] {logging_mixin.py:154} INFO - [2026-07-03T07:20:54.340+0000] {dag.py:2941} INFO - Sync 1 DAGs
[2026-07-03T07:20:54.364+0000] {logging_mixin.py:154} INFO - [2026-07-03T07:20:54.364+0000] {dag.py:3722} INFO - Setting next_dagrun for sensor_bash to 2026-07-03T00:00:00+00:00, run_after=2026-07-04T00:00:00+00:00
[2026-07-03T07:20:54.387+0000] {processor.py:179} INFO - Processing /opt/airflow/dags/sensores.py took 0.087 seconds
[2026-07-03T07:21:24.681+0000] {processor.py:157} INFO - Started process (PID=553) to work on /opt/airflow/dags/sensores.py
[2026-07-03T07:21:24.683+0000] {processor.py:829} INFO - Processing file /opt/airflow/dags/sensores.py for tasks to queue
[2026-07-03T07:21:24.684+0000] {logging_mixin.py:154} INFO - [2026-07-03T07:21:24.683+0000] {dagbag.py:536} INFO - Filling up the DagBag from /opt/airflow/dags/sensores.py
[2026-07-03T07:21:24.695+0000] {processor.py:839} INFO - DAG(s) dict_keys(['sensor_bash']) retrieved from /opt/airflow/dags/sensores.py
[2026-07-03T07:21:24.726+0000] {logging_mixin.py:154} INFO - [2026-07-03T07:21:24.726+0000] {dag.py:2941} INFO - Sync 1 DAGs
[2026-07-03T07:21:24.752+0000] {logging_mixin.py:154} INFO - [2026-07-03T07:21:24.751+0000] {dag.py:3722} INFO - Setting next_dagrun for sensor_bash to 2026-07-03T00:00:00+00:00, run_after=2026-07-04T00:00:00+00:00
[2026-07-03T07:21:24.773+0000] {processor.py:179} INFO - Processing /opt/airflow/dags/sensores.py took 0.096 seconds
[2026-07-03T07:21:55.051+0000] {processor.py:157} INFO - Started process (PID=580) to work on /opt/airflow/dags/sensores.py
[2026-07-03T07:21:55.054+0000] {processor.py:829} INFO - Processing file /opt/airflow/dags/sensores.py for tasks to queue
[2026-07-03T07:21:55.058+0000] {logging_mixin.py:154} INFO - [2026-07-03T07:21:55.057+0000] {dagbag.py:536} INFO - Filling up the DagBag from /opt/airflow/dags/sensores.py
[2026-07-03T07:21:55.086+0000] {processor.py:839} INFO - DAG(s) dict_keys(['sensor_bash']) retrieved from /opt/airflow/dags/sensores.py
[2026-07-03T07:21:55.177+0000] {logging_mixin.py:154} INFO - [2026-07-03T07:21:55.176+0000] {dag.py:2941} INFO - Sync 1 DAGs
[2026-07-03T07:21:55.263+0000] {logging_mixin.py:154} INFO - [2026-07-03T07:21:55.263+0000] {dag.py:3722} INFO - Setting next_dagrun for sensor_bash to 2026-07-03T00:00:00+00:00, run_after=2026-07-04T00:00:00+00:00
[2026-07-03T07:21:55.336+0000] {processor.py:179} INFO - Processing /opt/airflow/dags/sensores.py took 0.293 seconds
[2026-07-03T07:22:08.525+0000] {processor.py:157} INFO - Started process (PID=600) to work on /opt/airflow/dags/sensores.py
[2026-07-03T07:22:08.526+0000] {processor.py:829} INFO - Processing file /opt/airflow/dags/sensores.py for tasks to queue
[2026-07-03T07:22:08.527+0000] {logging_mixin.py:154} INFO - [2026-07-03T07:22:08.527+0000] {dagbag.py:536} INFO - Filling up the DagBag from /opt/airflow/dags/sensores.py
[2026-07-03T07:22:08.543+0000] {processor.py:839} INFO - DAG(s) dict_keys(['sensor_bash']) retrieved from /opt/airflow/dags/sensores.py
[2026-07-03T07:22:08.590+0000] {logging_mixin.py:154} INFO - [2026-07-03T07:22:08.590+0000] {dag.py:2941} INFO - Sync 1 DAGs
[2026-07-03T07:22:08.620+0000] {logging_mixin.py:154} INFO - [2026-07-03T07:22:08.620+0000] {dag.py:3722} INFO - Setting next_dagrun for sensor_bash to 2026-07-03T00:00:00+00:00, run_after=2026-07-04T00:00:00+00:00
[2026-07-03T07:22:08.659+0000] {processor.py:179} INFO - Processing /opt/airflow/dags/sensores.py took 0.140 seconds
[2026-07-03T07:22:38.860+0000] {processor.py:157} INFO - Started process (PID=629) to work on /opt/airflow/dags/sensores.py
[2026-07-03T07:22:38.871+0000] {processor.py:829} INFO - Processing file /opt/airflow/dags/sensores.py for tasks to queue
[2026-07-03T07:22:38.872+0000] {logging_mixin.py:154} INFO - [2026-07-03T07:22:38.872+0000] {dagbag.py:536} INFO - Filling up the DagBag from /opt/airflow/dags/sensores.py
[2026-07-03T07:22:38.879+0000] {processor.py:839} INFO - DAG(s) dict_keys(['sensor_bash']) retrieved from /opt/airflow/dags/sensores.py
[2026-07-03T07:22:38.902+0000] {logging_mixin.py:154} INFO - [2026-07-03T07:22:38.902+0000] {dag.py:2941} INFO - Sync 1 DAGs
[2026-07-03T07:22:38.923+0000] {logging_mixin.py:154} INFO - [2026-07-03T07:22:38.922+0000] {dag.py:3722} INFO - Setting next_dagrun for sensor_bash to 2026-07-03T00:00:00+00:00, run_after=2026-07-04T00:00:00+00:00
[2026-07-03T07:22:38.941+0000] {processor.py:179} INFO - Processing /opt/airflow/dags/sensores.py took 0.084 seconds
[2026-07-03T07:23:07.228+0000] {processor.py:157} INFO - Started process (PID=656) to work on /opt/airflow/dags/sensores.py
[2026-07-03T07:23:07.229+0000] {processor.py:829} INFO - Processing file /opt/airflow/dags/sensores.py for tasks to queue
[2026-07-03T07:23:07.230+0000] {logging_mixin.py:154} INFO - [2026-07-03T07:23:07.230+0000] {dagbag.py:536} INFO - Filling up the DagBag from /opt/airflow/dags/sensores.py
[2026-07-03T07:23:07.239+0000] {logging_mixin.py:154} INFO - [2026-07-03T07:23:07.237+0000] {dagbag.py:346} ERROR - Failed to import: /opt/airflow/dags/sensores.py
Traceback (most recent call last):
  File "/home/airflow/.local/lib/python3.8/site-packages/airflow/models/dagbag.py", line 342, in parse
    loader.exec_module(new_module)
  File "<frozen importlib._bootstrap_external>", line 843, in exec_module
  File "<frozen importlib._bootstrap>", line 219, in _call_with_frames_removed
  File "/opt/airflow/dags/sensores.py", line 44, in <module>
    esperar_fichero = FileSensor(
  File "/home/airflow/.local/lib/python3.8/site-packages/airflow/models/baseoperator.py", line 437, in apply_defaults
    result = func(self, **kwargs, default_args=default_args)
  File "/home/airflow/.local/lib/python3.8/site-packages/airflow/sensors/filesystem.py", line 55, in __init__
    super().__init__(**kwargs)
  File "/home/airflow/.local/lib/python3.8/site-packages/airflow/models/baseoperator.py", line 437, in apply_defaults
    result = func(self, **kwargs, default_args=default_args)
  File "/home/airflow/.local/lib/python3.8/site-packages/airflow/sensors/base.py", line 144, in __init__
    super().__init__(**kwargs)
  File "/home/airflow/.local/lib/python3.8/site-packages/airflow/models/baseoperator.py", line 437, in apply_defaults
    result = func(self, **kwargs, default_args=default_args)
  File "/home/airflow/.local/lib/python3.8/site-packages/airflow/models/baseoperator.py", line 794, in __init__
    raise AirflowException(
airflow.exceptions.AirflowException: Invalid arguments were passed to FileSensor (task_id: esperar_fichero). Invalid arguments were:
**kwargs: {'conn_id': 'fs_default'}
[2026-07-03T07:23:07.239+0000] {processor.py:841} WARNING - No viable dags retrieved from /opt/airflow/dags/sensores.py
[2026-07-03T07:23:07.266+0000] {processor.py:179} INFO - Processing /opt/airflow/dags/sensores.py took 0.041 seconds
[2026-07-03T07:23:23.319+0000] {processor.py:157} INFO - Started process (PID=661) to work on /opt/airflow/dags/sensores.py
[2026-07-03T07:23:23.330+0000] {processor.py:829} INFO - Processing file /opt/airflow/dags/sensores.py for tasks to queue
[2026-07-03T07:23:23.331+0000] {logging_mixin.py:154} INFO - [2026-07-03T07:23:23.331+0000] {dagbag.py:536} INFO - Filling up the DagBag from /opt/airflow/dags/sensores.py
[2026-07-03T07:23:23.343+0000] {processor.py:839} INFO - DAG(s) dict_keys(['sensor_bash']) retrieved from /opt/airflow/dags/sensores.py
[2026-07-03T07:23:23.382+0000] {logging_mixin.py:154} INFO - [2026-07-03T07:23:23.382+0000] {dag.py:2941} INFO - Sync 1 DAGs
[2026-07-03T07:23:23.411+0000] {logging_mixin.py:154} INFO - [2026-07-03T07:23:23.411+0000] {dag.py:3722} INFO - Setting next_dagrun for sensor_bash to 2026-07-03T00:00:00+00:00, run_after=2026-07-04T00:00:00+00:00
[2026-07-03T07:23:23.449+0000] {processor.py:179} INFO - Processing /opt/airflow/dags/sensores.py took 0.134 seconds
[2026-07-03T07:23:54.201+0000] {processor.py:157} INFO - Started process (PID=690) to work on /opt/airflow/dags/sensores.py
[2026-07-03T07:23:54.202+0000] {processor.py:829} INFO - Processing file /opt/airflow/dags/sensores.py for tasks to queue
[2026-07-03T07:23:54.203+0000] {logging_mixin.py:154} INFO - [2026-07-03T07:23:54.202+0000] {dagbag.py:536} INFO - Filling up the DagBag from /opt/airflow/dags/sensores.py
[2026-07-03T07:23:54.212+0000] {processor.py:839} INFO - DAG(s) dict_keys(['sensor_bash']) retrieved from /opt/airflow/dags/sensores.py
[2026-07-03T07:23:54.241+0000] {logging_mixin.py:154} INFO - [2026-07-03T07:23:54.241+0000] {dag.py:2941} INFO - Sync 1 DAGs
[2026-07-03T07:23:54.264+0000] {logging_mixin.py:154} INFO - [2026-07-03T07:23:54.264+0000] {dag.py:3722} INFO - Setting next_dagrun for sensor_bash to 2026-07-03T00:00:00+00:00, run_after=2026-07-04T00:00:00+00:00
[2026-07-03T07:23:54.288+0000] {processor.py:179} INFO - Processing /opt/airflow/dags/sensores.py took 0.091 seconds
[2026-07-03T07:24:24.496+0000] {processor.py:157} INFO - Started process (PID=717) to work on /opt/airflow/dags/sensores.py
[2026-07-03T07:24:24.497+0000] {processor.py:829} INFO - Processing file /opt/airflow/dags/sensores.py for tasks to queue
[2026-07-03T07:24:24.498+0000] {logging_mixin.py:154} INFO - [2026-07-03T07:24:24.497+0000] {dagbag.py:536} INFO - Filling up the DagBag from /opt/airflow/dags/sensores.py
[2026-07-03T07:24:24.507+0000] {processor.py:839} INFO - DAG(s) dict_keys(['sensor_bash']) retrieved from /opt/airflow/dags/sensores.py
[2026-07-03T07:24:24.538+0000] {logging_mixin.py:154} INFO - [2026-07-03T07:24:24.538+0000] {dag.py:2941} INFO - Sync 1 DAGs
[2026-07-03T07:24:24.565+0000] {logging_mixin.py:154} INFO - [2026-07-03T07:24:24.565+0000] {dag.py:3722} INFO - Setting next_dagrun for sensor_bash to 2026-07-03T00:00:00+00:00, run_after=2026-07-04T00:00:00+00:00
[2026-07-03T07:24:24.586+0000] {processor.py:179} INFO - Processing /opt/airflow/dags/sensores.py took 0.094 seconds
[2026-07-03T07:24:54.932+0000] {processor.py:157} INFO - Started process (PID=744) to work on /opt/airflow/dags/sensores.py
[2026-07-03T07:24:54.933+0000] {processor.py:829} INFO - Processing file /opt/airflow/dags/sensores.py for tasks to queue
[2026-07-03T07:24:54.934+0000] {logging_mixin.py:154} INFO - [2026-07-03T07:24:54.934+0000] {dagbag.py:536} INFO - Filling up the DagBag from /opt/airflow/dags/sensores.py
[2026-07-03T07:24:54.945+0000] {processor.py:839} INFO - DAG(s) dict_keys(['sensor_bash']) retrieved from /opt/airflow/dags/sensores.py
[2026-07-03T07:24:54.973+0000] {logging_mixin.py:154} INFO - [2026-07-03T07:24:54.973+0000] {dag.py:2941} INFO - Sync 1 DAGs
[2026-07-03T07:24:54.994+0000] {logging_mixin.py:154} INFO - [2026-07-03T07:24:54.994+0000] {dag.py:3722} INFO - Setting next_dagrun for sensor_bash to 2026-07-03T00:00:00+00:00, run_after=2026-07-04T00:00:00+00:00
[2026-07-03T07:24:55.013+0000] {processor.py:179} INFO - Processing /opt/airflow/dags/sensores.py took 0.090 seconds
[2026-07-03T07:25:25.280+0000] {processor.py:157} INFO - Started process (PID=771) to work on /opt/airflow/dags/sensores.py
[2026-07-03T07:25:25.291+0000] {processor.py:829} INFO - Processing file /opt/airflow/dags/sensores.py for tasks to queue
[2026-07-03T07:25:25.292+0000] {logging_mixin.py:154} INFO - [2026-07-03T07:25:25.291+0000] {dagbag.py:536} INFO - Filling up the DagBag from /opt/airflow/dags/sensores.py
[2026-07-03T07:25:25.300+0000] {processor.py:839} INFO - DAG(s) dict_keys(['sensor_bash']) retrieved from /opt/airflow/dags/sensores.py
[2026-07-03T07:25:25.326+0000] {logging_mixin.py:154} INFO - [2026-07-03T07:25:25.326+0000] {dag.py:2941} INFO - Sync 1 DAGs
[2026-07-03T07:25:25.348+0000] {logging_mixin.py:154} INFO - [2026-07-03T07:25:25.348+0000] {dag.py:3722} INFO - Setting next_dagrun for sensor_bash to 2026-07-03T00:00:00+00:00, run_after=2026-07-04T00:00:00+00:00
[2026-07-03T07:25:25.371+0000] {processor.py:179} INFO - Processing /opt/airflow/dags/sensores.py took 0.094 seconds
[2026-07-03T07:25:55.591+0000] {processor.py:157} INFO - Started process (PID=798) to work on /opt/airflow/dags/sensores.py
[2026-07-03T07:25:55.592+0000] {processor.py:829} INFO - Processing file /opt/airflow/dags/sensores.py for tasks to queue
[2026-07-03T07:25:55.593+0000] {logging_mixin.py:154} INFO - [2026-07-03T07:25:55.593+0000] {dagbag.py:536} INFO - Filling up the DagBag from /opt/airflow/dags/sensores.py
[2026-07-03T07:25:55.602+0000] {processor.py:839} INFO - DAG(s) dict_keys(['sensor_bash']) retrieved from /opt/airflow/dags/sensores.py
[2026-07-03T07:25:55.629+0000] {logging_mixin.py:154} INFO - [2026-07-03T07:25:55.629+0000] {dag.py:2941} INFO - Sync 1 DAGs
[2026-07-03T07:25:55.651+0000] {logging_mixin.py:154} INFO - [2026-07-03T07:25:55.651+0000] {dag.py:3722} INFO - Setting next_dagrun for sensor_bash to 2026-07-03T00:00:00+00:00, run_after=2026-07-04T00:00:00+00:00
[2026-07-03T07:25:55.670+0000] {processor.py:179} INFO - Processing /opt/airflow/dags/sensores.py took 0.082 seconds
[2026-07-03T07:26:25.939+0000] {processor.py:157} INFO - Started process (PID=825) to work on /opt/airflow/dags/sensores.py
[2026-07-03T07:26:25.950+0000] {processor.py:829} INFO - Processing file /opt/airflow/dags/sensores.py for tasks to queue
[2026-07-03T07:26:25.951+0000] {logging_mixin.py:154} INFO - [2026-07-03T07:26:25.950+0000] {dagbag.py:536} INFO - Filling up the DagBag from /opt/airflow/dags/sensores.py
[2026-07-03T07:26:25.959+0000] {processor.py:839} INFO - DAG(s) dict_keys(['sensor_bash']) retrieved from /opt/airflow/dags/sensores.py
[2026-07-03T07:26:25.984+0000] {logging_mixin.py:154} INFO - [2026-07-03T07:26:25.983+0000] {dag.py:2941} INFO - Sync 1 DAGs
[2026-07-03T07:26:26.003+0000] {logging_mixin.py:154} INFO - [2026-07-03T07:26:26.003+0000] {dag.py:3722} INFO - Setting next_dagrun for sensor_bash to 2026-07-03T00:00:00+00:00, run_after=2026-07-04T00:00:00+00:00
[2026-07-03T07:26:26.020+0000] {processor.py:179} INFO - Processing /opt/airflow/dags/sensores.py took 0.084 seconds
[2026-07-03T07:26:56.341+0000] {processor.py:157} INFO - Started process (PID=854) to work on /opt/airflow/dags/sensores.py
[2026-07-03T07:26:56.343+0000] {processor.py:829} INFO - Processing file /opt/airflow/dags/sensores.py for tasks to queue
[2026-07-03T07:26:56.345+0000] {logging_mixin.py:154} INFO - [2026-07-03T07:26:56.344+0000] {dagbag.py:536} INFO - Filling up the DagBag from /opt/airflow/dags/sensores.py
[2026-07-03T07:26:56.360+0000] {processor.py:839} INFO - DAG(s) dict_keys(['sensor_bash']) retrieved from /opt/airflow/dags/sensores.py
[2026-07-03T07:26:56.403+0000] {logging_mixin.py:154} INFO - [2026-07-03T07:26:56.403+0000] {dag.py:2941} INFO - Sync 1 DAGs
[2026-07-03T07:26:56.443+0000] {logging_mixin.py:154} INFO - [2026-07-03T07:26:56.443+0000] {dag.py:3722} INFO - Setting next_dagrun for sensor_bash to 2026-07-03T00:00:00+00:00, run_after=2026-07-04T00:00:00+00:00
[2026-07-03T07:26:56.478+0000] {processor.py:179} INFO - Processing /opt/airflow/dags/sensores.py took 0.141 seconds
[2026-07-03T07:27:26.702+0000] {processor.py:157} INFO - Started process (PID=881) to work on /opt/airflow/dags/sensores.py
[2026-07-03T07:27:26.714+0000] {processor.py:829} INFO - Processing file /opt/airflow/dags/sensores.py for tasks to queue
[2026-07-03T07:27:26.715+0000] {logging_mixin.py:154} INFO - [2026-07-03T07:27:26.714+0000] {dagbag.py:536} INFO - Filling up the DagBag from /opt/airflow/dags/sensores.py
[2026-07-03T07:27:26.730+0000] {processor.py:839} INFO - DAG(s) dict_keys(['sensor_bash']) retrieved from /opt/airflow/dags/sensores.py
[2026-07-03T07:27:26.783+0000] {logging_mixin.py:154} INFO - [2026-07-03T07:27:26.782+0000] {dag.py:2941} INFO - Sync 1 DAGs
[2026-07-03T07:27:26.834+0000] {logging_mixin.py:154} INFO - [2026-07-03T07:27:26.833+0000] {dag.py:3722} INFO - Setting next_dagrun for sensor_bash to 2026-07-03T00:00:00+00:00, run_after=2026-07-04T00:00:00+00:00
[2026-07-03T07:27:26.871+0000] {processor.py:179} INFO - Processing /opt/airflow/dags/sensores.py took 0.178 seconds
[2026-07-03T07:27:39.993+0000] {processor.py:157} INFO - Started process (PID=901) to work on /opt/airflow/dags/sensores.py
[2026-07-03T07:27:39.994+0000] {processor.py:829} INFO - Processing file /opt/airflow/dags/sensores.py for tasks to queue
[2026-07-03T07:27:39.996+0000] {logging_mixin.py:154} INFO - [2026-07-03T07:27:39.995+0000] {dagbag.py:536} INFO - Filling up the DagBag from /opt/airflow/dags/sensores.py
[2026-07-03T07:27:40.007+0000] {logging_mixin.py:154} INFO - [2026-07-03T07:27:40.005+0000] {dagbag.py:346} ERROR - Failed to import: /opt/airflow/dags/sensores.py
Traceback (most recent call last):
  File "/home/airflow/.local/lib/python3.8/site-packages/airflow/models/dagbag.py", line 342, in parse
    loader.exec_module(new_module)
  File "<frozen importlib._bootstrap_external>", line 843, in exec_module
  File "<frozen importlib._bootstrap>", line 219, in _call_with_frames_removed
  File "/opt/airflow/dags/sensores.py", line 44, in <module>
    @task()
NameError: name 'task' is not defined
[2026-07-03T07:27:40.007+0000] {processor.py:841} WARNING - No viable dags retrieved from /opt/airflow/dags/sensores.py
[2026-07-03T07:27:40.041+0000] {processor.py:179} INFO - Processing /opt/airflow/dags/sensores.py took 0.056 seconds
[2026-07-03T07:28:03.121+0000] {processor.py:157} INFO - Started process (PID=913) to work on /opt/airflow/dags/sensores.py
[2026-07-03T07:28:03.123+0000] {processor.py:829} INFO - Processing file /opt/airflow/dags/sensores.py for tasks to queue
[2026-07-03T07:28:03.125+0000] {logging_mixin.py:154} INFO - [2026-07-03T07:28:03.124+0000] {dagbag.py:536} INFO - Filling up the DagBag from /opt/airflow/dags/sensores.py
[2026-07-03T07:28:03.131+0000] {logging_mixin.py:154} INFO - [2026-07-03T07:28:03.130+0000] {dagbag.py:346} ERROR - Failed to import: /opt/airflow/dags/sensores.py
Traceback (most recent call last):
  File "/home/airflow/.local/lib/python3.8/site-packages/airflow/models/dagbag.py", line 342, in parse
    loader.exec_module(new_module)
  File "<frozen importlib._bootstrap_external>", line 843, in exec_module
  File "<frozen importlib._bootstrap>", line 219, in _call_with_frames_removed
  File "/opt/airflow/dags/sensores.py", line 36, in <module>
    from airflow.task import task
ImportError: cannot import name 'task' from 'airflow.task' (/home/airflow/.local/lib/python3.8/site-packages/airflow/task/__init__.py)
[2026-07-03T07:28:03.132+0000] {processor.py:841} WARNING - No viable dags retrieved from /opt/airflow/dags/sensores.py
[2026-07-03T07:28:03.159+0000] {processor.py:179} INFO - Processing /opt/airflow/dags/sensores.py took 0.042 seconds
[2026-07-03T07:28:11.385+0000] {processor.py:157} INFO - Started process (PID=933) to work on /opt/airflow/dags/sensores.py
[2026-07-03T07:28:11.386+0000] {processor.py:829} INFO - Processing file /opt/airflow/dags/sensores.py for tasks to queue
[2026-07-03T07:28:11.387+0000] {logging_mixin.py:154} INFO - [2026-07-03T07:28:11.387+0000] {dagbag.py:536} INFO - Filling up the DagBag from /opt/airflow/dags/sensores.py
[2026-07-03T07:28:11.402+0000] {processor.py:839} INFO - DAG(s) dict_keys(['sensor_bash']) retrieved from /opt/airflow/dags/sensores.py
[2026-07-03T07:28:11.440+0000] {logging_mixin.py:154} INFO - [2026-07-03T07:28:11.440+0000] {dag.py:2941} INFO - Sync 1 DAGs
[2026-07-03T07:28:11.471+0000] {logging_mixin.py:154} INFO - [2026-07-03T07:28:11.471+0000] {dag.py:3722} INFO - Setting next_dagrun for sensor_bash to 2026-07-03T00:00:00+00:00, run_after=2026-07-04T00:00:00+00:00
[2026-07-03T07:28:11.509+0000] {processor.py:179} INFO - Processing /opt/airflow/dags/sensores.py took 0.129 seconds
[2026-07-03T07:28:41.785+0000] {processor.py:157} INFO - Started process (PID=962) to work on /opt/airflow/dags/sensores.py
[2026-07-03T07:28:41.785+0000] {processor.py:829} INFO - Processing file /opt/airflow/dags/sensores.py for tasks to queue
[2026-07-03T07:28:41.786+0000] {logging_mixin.py:154} INFO - [2026-07-03T07:28:41.786+0000] {dagbag.py:536} INFO - Filling up the DagBag from /opt/airflow/dags/sensores.py
[2026-07-03T07:28:41.794+0000] {processor.py:839} INFO - DAG(s) dict_keys(['sensor_bash']) retrieved from /opt/airflow/dags/sensores.py
[2026-07-03T07:28:41.817+0000] {logging_mixin.py:154} INFO - [2026-07-03T07:28:41.817+0000] {dag.py:2941} INFO - Sync 1 DAGs
[2026-07-03T07:28:41.836+0000] {logging_mixin.py:154} INFO - [2026-07-03T07:28:41.836+0000] {dag.py:3722} INFO - Setting next_dagrun for sensor_bash to 2026-07-03T00:00:00+00:00, run_after=2026-07-04T00:00:00+00:00
[2026-07-03T07:28:41.853+0000] {processor.py:179} INFO - Processing /opt/airflow/dags/sensores.py took 0.071 seconds
[2026-07-03T07:29:12.146+0000] {processor.py:157} INFO - Started process (PID=989) to work on /opt/airflow/dags/sensores.py
[2026-07-03T07:29:12.157+0000] {processor.py:829} INFO - Processing file /opt/airflow/dags/sensores.py for tasks to queue
[2026-07-03T07:29:12.158+0000] {logging_mixin.py:154} INFO - [2026-07-03T07:29:12.157+0000] {dagbag.py:536} INFO - Filling up the DagBag from /opt/airflow/dags/sensores.py
[2026-07-03T07:29:12.167+0000] {processor.py:839} INFO - DAG(s) dict_keys(['sensor_bash']) retrieved from /opt/airflow/dags/sensores.py
[2026-07-03T07:29:12.191+0000] {logging_mixin.py:154} INFO - [2026-07-03T07:29:12.191+0000] {dag.py:2941} INFO - Sync 1 DAGs
[2026-07-03T07:29:12.211+0000] {logging_mixin.py:154} INFO - [2026-07-03T07:29:12.210+0000] {dag.py:3722} INFO - Setting next_dagrun for sensor_bash to 2026-07-03T00:00:00+00:00, run_after=2026-07-04T00:00:00+00:00
[2026-07-03T07:29:12.232+0000] {processor.py:179} INFO - Processing /opt/airflow/dags/sensores.py took 0.089 seconds
[2026-07-03T07:29:42.540+0000] {processor.py:157} INFO - Started process (PID=1017) to work on /opt/airflow/dags/sensores.py
[2026-07-03T07:29:42.541+0000] {processor.py:829} INFO - Processing file /opt/airflow/dags/sensores.py for tasks to queue
[2026-07-03T07:29:42.542+0000] {logging_mixin.py:154} INFO - [2026-07-03T07:29:42.541+0000] {dagbag.py:536} INFO - Filling up the DagBag from /opt/airflow/dags/sensores.py
[2026-07-03T07:29:42.550+0000] {processor.py:839} INFO - DAG(s) dict_keys(['sensor_bash']) retrieved from /opt/airflow/dags/sensores.py
[2026-07-03T07:29:42.574+0000] {logging_mixin.py:154} INFO - [2026-07-03T07:29:42.573+0000] {dag.py:2941} INFO - Sync 1 DAGs
[2026-07-03T07:29:42.592+0000] {logging_mixin.py:154} INFO - [2026-07-03T07:29:42.591+0000] {dag.py:3722} INFO - Setting next_dagrun for sensor_bash to 2026-07-03T00:00:00+00:00, run_after=2026-07-04T00:00:00+00:00
[2026-07-03T07:29:42.609+0000] {processor.py:179} INFO - Processing /opt/airflow/dags/sensores.py took 0.073 seconds
[2026-07-03T07:30:12.903+0000] {processor.py:157} INFO - Started process (PID=1044) to work on /opt/airflow/dags/sensores.py
[2026-07-03T07:30:12.914+0000] {processor.py:829} INFO - Processing file /opt/airflow/dags/sensores.py for tasks to queue
[2026-07-03T07:30:12.915+0000] {logging_mixin.py:154} INFO - [2026-07-03T07:30:12.914+0000] {dagbag.py:536} INFO - Filling up the DagBag from /opt/airflow/dags/sensores.py
[2026-07-03T07:30:12.923+0000] {processor.py:839} INFO - DAG(s) dict_keys(['sensor_bash']) retrieved from /opt/airflow/dags/sensores.py
[2026-07-03T07:30:12.949+0000] {logging_mixin.py:154} INFO - [2026-07-03T07:30:12.949+0000] {dag.py:2941} INFO - Sync 1 DAGs
[2026-07-03T07:30:12.968+0000] {logging_mixin.py:154} INFO - [2026-07-03T07:30:12.968+0000] {dag.py:3722} INFO - Setting next_dagrun for sensor_bash to 2026-07-03T00:00:00+00:00, run_after=2026-07-04T00:00:00+00:00
[2026-07-03T07:30:12.985+0000] {processor.py:179} INFO - Processing /opt/airflow/dags/sensores.py took 0.086 seconds
[2026-07-03T07:30:43.278+0000] {processor.py:157} INFO - Started process (PID=1071) to work on /opt/airflow/dags/sensores.py
[2026-07-03T07:30:43.279+0000] {processor.py:829} INFO - Processing file /opt/airflow/dags/sensores.py for tasks to queue
[2026-07-03T07:30:43.279+0000] {logging_mixin.py:154} INFO - [2026-07-03T07:30:43.279+0000] {dagbag.py:536} INFO - Filling up the DagBag from /opt/airflow/dags/sensores.py
[2026-07-03T07:30:43.288+0000] {processor.py:839} INFO - DAG(s) dict_keys(['sensor_bash']) retrieved from /opt/airflow/dags/sensores.py
[2026-07-03T07:30:43.316+0000] {logging_mixin.py:154} INFO - [2026-07-03T07:30:43.316+0000] {dag.py:2941} INFO - Sync 1 DAGs
[2026-07-03T07:30:43.341+0000] {logging_mixin.py:154} INFO - [2026-07-03T07:30:43.341+0000] {dag.py:3722} INFO - Setting next_dagrun for sensor_bash to 2026-07-03T00:00:00+00:00, run_after=2026-07-04T00:00:00+00:00
[2026-07-03T07:30:43.376+0000] {processor.py:179} INFO - Processing /opt/airflow/dags/sensores.py took 0.102 seconds
[2026-07-03T07:31:13.667+0000] {processor.py:157} INFO - Started process (PID=1098) to work on /opt/airflow/dags/sensores.py
[2026-07-03T07:31:13.678+0000] {processor.py:829} INFO - Processing file /opt/airflow/dags/sensores.py for tasks to queue
[2026-07-03T07:31:13.679+0000] {logging_mixin.py:154} INFO - [2026-07-03T07:31:13.679+0000] {dagbag.py:536} INFO - Filling up the DagBag from /opt/airflow/dags/sensores.py
[2026-07-03T07:31:13.690+0000] {processor.py:839} INFO - DAG(s) dict_keys(['sensor_bash']) retrieved from /opt/airflow/dags/sensores.py
[2026-07-03T07:31:13.723+0000] {logging_mixin.py:154} INFO - [2026-07-03T07:31:13.723+0000] {dag.py:2941} INFO - Sync 1 DAGs
[2026-07-03T07:31:13.748+0000] {logging_mixin.py:154} INFO - [2026-07-03T07:31:13.748+0000] {dag.py:3722} INFO - Setting next_dagrun for sensor_bash to 2026-07-03T00:00:00+00:00, run_after=2026-07-04T00:00:00+00:00
[2026-07-03T07:31:13.782+0000] {processor.py:179} INFO - Processing /opt/airflow/dags/sensores.py took 0.119 seconds
[2026-07-03T07:31:15.773+0000] {processor.py:157} INFO - Started process (PID=1103) to work on /opt/airflow/dags/sensores.py
[2026-07-03T07:31:15.774+0000] {processor.py:829} INFO - Processing file /opt/airflow/dags/sensores.py for tasks to queue
[2026-07-03T07:31:15.775+0000] {logging_mixin.py:154} INFO - [2026-07-03T07:31:15.774+0000] {dagbag.py:536} INFO - Filling up the DagBag from /opt/airflow/dags/sensores.py
[2026-07-03T07:31:15.784+0000] {processor.py:839} INFO - DAG(s) dict_keys(['sensor_bash']) retrieved from /opt/airflow/dags/sensores.py
[2026-07-03T07:31:15.818+0000] {logging_mixin.py:154} INFO - [2026-07-03T07:31:15.818+0000] {dag.py:2941} INFO - Sync 1 DAGs
[2026-07-03T07:31:15.845+0000] {logging_mixin.py:154} INFO - [2026-07-03T07:31:15.845+0000] {dag.py:3722} INFO - Setting next_dagrun for sensor_bash to 2026-07-03T00:00:00+00:00, run_after=2026-07-04T00:00:00+00:00
[2026-07-03T07:31:15.883+0000] {processor.py:179} INFO - Processing /opt/airflow/dags/sensores.py took 0.113 seconds
[2026-07-03T07:31:46.141+0000] {processor.py:157} INFO - Started process (PID=1130) to work on /opt/airflow/dags/sensores.py
[2026-07-03T07:31:46.142+0000] {processor.py:829} INFO - Processing file /opt/airflow/dags/sensores.py for tasks to queue
[2026-07-03T07:31:46.143+0000] {logging_mixin.py:154} INFO - [2026-07-03T07:31:46.143+0000] {dagbag.py:536} INFO - Filling up the DagBag from /opt/airflow/dags/sensores.py
[2026-07-03T07:31:46.151+0000] {processor.py:839} INFO - DAG(s) dict_keys(['sensor_bash']) retrieved from /opt/airflow/dags/sensores.py
[2026-07-03T07:31:46.180+0000] {logging_mixin.py:154} INFO - [2026-07-03T07:31:46.180+0000] {dag.py:2941} INFO - Sync 1 DAGs
[2026-07-03T07:31:46.201+0000] {logging_mixin.py:154} INFO - [2026-07-03T07:31:46.201+0000] {dag.py:3722} INFO - Setting next_dagrun for sensor_bash to 2026-07-03T00:00:00+00:00, run_after=2026-07-04T00:00:00+00:00
[2026-07-03T07:31:46.233+0000] {processor.py:179} INFO - Processing /opt/airflow/dags/sensores.py took 0.096 seconds
[2026-07-03T07:32:16.514+0000] {processor.py:157} INFO - Started process (PID=1157) to work on /opt/airflow/dags/sensores.py
[2026-07-03T07:32:16.515+0000] {processor.py:829} INFO - Processing file /opt/airflow/dags/sensores.py for tasks to queue
[2026-07-03T07:32:16.516+0000] {logging_mixin.py:154} INFO - [2026-07-03T07:32:16.516+0000] {dagbag.py:536} INFO - Filling up the DagBag from /opt/airflow/dags/sensores.py
[2026-07-03T07:32:16.524+0000] {processor.py:839} INFO - DAG(s) dict_keys(['sensor_bash']) retrieved from /opt/airflow/dags/sensores.py
[2026-07-03T07:32:16.547+0000] {logging_mixin.py:154} INFO - [2026-07-03T07:32:16.547+0000] {dag.py:2941} INFO - Sync 1 DAGs
[2026-07-03T07:32:16.566+0000] {logging_mixin.py:154} INFO - [2026-07-03T07:32:16.566+0000] {dag.py:3722} INFO - Setting next_dagrun for sensor_bash to 2026-07-03T00:00:00+00:00, run_after=2026-07-04T00:00:00+00:00
[2026-07-03T07:32:16.587+0000] {processor.py:179} INFO - Processing /opt/airflow/dags/sensores.py took 0.077 seconds
[2026-07-03T07:32:46.989+0000] {processor.py:157} INFO - Started process (PID=1184) to work on /opt/airflow/dags/sensores.py
[2026-07-03T07:32:46.989+0000] {processor.py:829} INFO - Processing file /opt/airflow/dags/sensores.py for tasks to queue
[2026-07-03T07:32:46.990+0000] {logging_mixin.py:154} INFO - [2026-07-03T07:32:46.990+0000] {dagbag.py:536} INFO - Filling up the DagBag from /opt/airflow/dags/sensores.py
[2026-07-03T07:32:46.998+0000] {processor.py:839} INFO - DAG(s) dict_keys(['sensor_bash']) retrieved from /opt/airflow/dags/sensores.py
[2026-07-03T07:32:47.023+0000] {logging_mixin.py:154} INFO - [2026-07-03T07:32:47.023+0000] {dag.py:2941} INFO - Sync 1 DAGs
[2026-07-03T07:32:47.044+0000] {logging_mixin.py:154} INFO - [2026-07-03T07:32:47.044+0000] {dag.py:3722} INFO - Setting next_dagrun for sensor_bash to 2026-07-03T00:00:00+00:00, run_after=2026-07-04T00:00:00+00:00
[2026-07-03T07:32:47.061+0000] {processor.py:179} INFO - Processing /opt/airflow/dags/sensores.py took 0.076 seconds
[2026-07-03T07:33:17.283+0000] {processor.py:157} INFO - Started process (PID=1211) to work on /opt/airflow/dags/sensores.py
[2026-07-03T07:33:17.284+0000] {processor.py:829} INFO - Processing file /opt/airflow/dags/sensores.py for tasks to queue
[2026-07-03T07:33:17.286+0000] {logging_mixin.py:154} INFO - [2026-07-03T07:33:17.285+0000] {dagbag.py:536} INFO - Filling up the DagBag from /opt/airflow/dags/sensores.py
[2026-07-03T07:33:17.298+0000] {processor.py:839} INFO - DAG(s) dict_keys(['sensor_bash']) retrieved from /opt/airflow/dags/sensores.py
[2026-07-03T07:33:17.326+0000] {logging_mixin.py:154} INFO - [2026-07-03T07:33:17.326+0000] {dag.py:2941} INFO - Sync 1 DAGs
[2026-07-03T07:33:17.347+0000] {logging_mixin.py:154} INFO - [2026-07-03T07:33:17.347+0000] {dag.py:3722} INFO - Setting next_dagrun for sensor_bash to 2026-07-03T00:00:00+00:00, run_after=2026-07-04T00:00:00+00:00
[2026-07-03T07:33:17.367+0000] {processor.py:179} INFO - Processing /opt/airflow/dags/sensores.py took 0.089 seconds
[2026-07-03T07:33:47.675+0000] {processor.py:157} INFO - Started process (PID=1238) to work on /opt/airflow/dags/sensores.py
[2026-07-03T07:33:47.676+0000] {processor.py:829} INFO - Processing file /opt/airflow/dags/sensores.py for tasks to queue
[2026-07-03T07:33:47.677+0000] {logging_mixin.py:154} INFO - [2026-07-03T07:33:47.677+0000] {dagbag.py:536} INFO - Filling up the DagBag from /opt/airflow/dags/sensores.py
[2026-07-03T07:33:47.686+0000] {processor.py:839} INFO - DAG(s) dict_keys(['sensor_bash']) retrieved from /opt/airflow/dags/sensores.py
[2026-07-03T07:33:47.715+0000] {logging_mixin.py:154} INFO - [2026-07-03T07:33:47.714+0000] {dag.py:2941} INFO - Sync 1 DAGs
[2026-07-03T07:33:47.733+0000] {logging_mixin.py:154} INFO - [2026-07-03T07:33:47.733+0000] {dag.py:3722} INFO - Setting next_dagrun for sensor_bash to 2026-07-03T00:00:00+00:00, run_after=2026-07-04T00:00:00+00:00
[2026-07-03T07:33:47.750+0000] {processor.py:179} INFO - Processing /opt/airflow/dags/sensores.py took 0.078 seconds
[2026-07-03T07:34:17.958+0000] {processor.py:157} INFO - Started process (PID=1265) to work on /opt/airflow/dags/sensores.py
[2026-07-03T07:34:17.959+0000] {processor.py:829} INFO - Processing file /opt/airflow/dags/sensores.py for tasks to queue
[2026-07-03T07:34:17.960+0000] {logging_mixin.py:154} INFO - [2026-07-03T07:34:17.960+0000] {dagbag.py:536} INFO - Filling up the DagBag from /opt/airflow/dags/sensores.py
[2026-07-03T07:34:17.974+0000] {processor.py:839} INFO - DAG(s) dict_keys(['sensor_bash']) retrieved from /opt/airflow/dags/sensores.py
[2026-07-03T07:34:18.005+0000] {logging_mixin.py:154} INFO - [2026-07-03T07:34:18.004+0000] {dag.py:2941} INFO - Sync 1 DAGs
[2026-07-03T07:34:18.034+0000] {logging_mixin.py:154} INFO - [2026-07-03T07:34:18.034+0000] {dag.py:3722} INFO - Setting next_dagrun for sensor_bash to 2026-07-03T00:00:00+00:00, run_after=2026-07-04T00:00:00+00:00
[2026-07-03T07:34:18.067+0000] {processor.py:179} INFO - Processing /opt/airflow/dags/sensores.py took 0.114 seconds
[2026-07-03T07:34:48.393+0000] {processor.py:157} INFO - Started process (PID=1292) to work on /opt/airflow/dags/sensores.py
[2026-07-03T07:34:48.395+0000] {processor.py:829} INFO - Processing file /opt/airflow/dags/sensores.py for tasks to queue
[2026-07-03T07:34:48.396+0000] {logging_mixin.py:154} INFO - [2026-07-03T07:34:48.396+0000] {dagbag.py:536} INFO - Filling up the DagBag from /opt/airflow/dags/sensores.py
[2026-07-03T07:34:48.405+0000] {processor.py:839} INFO - DAG(s) dict_keys(['sensor_bash']) retrieved from /opt/airflow/dags/sensores.py
[2026-07-03T07:34:48.434+0000] {logging_mixin.py:154} INFO - [2026-07-03T07:34:48.434+0000] {dag.py:2941} INFO - Sync 1 DAGs
[2026-07-03T07:34:48.457+0000] {logging_mixin.py:154} INFO - [2026-07-03T07:34:48.457+0000] {dag.py:3722} INFO - Setting next_dagrun for sensor_bash to 2026-07-03T00:00:00+00:00, run_after=2026-07-04T00:00:00+00:00
[2026-07-03T07:34:48.479+0000] {processor.py:179} INFO - Processing /opt/airflow/dags/sensores.py took 0.090 seconds
[2026-07-03T07:35:18.796+0000] {processor.py:157} INFO - Started process (PID=1312) to work on /opt/airflow/dags/sensores.py
[2026-07-03T07:35:18.797+0000] {processor.py:829} INFO - Processing file /opt/airflow/dags/sensores.py for tasks to queue
[2026-07-03T07:35:18.798+0000] {logging_mixin.py:154} INFO - [2026-07-03T07:35:18.797+0000] {dagbag.py:536} INFO - Filling up the DagBag from /opt/airflow/dags/sensores.py
[2026-07-03T07:35:18.806+0000] {processor.py:839} INFO - DAG(s) dict_keys(['sensor_bash']) retrieved from /opt/airflow/dags/sensores.py
[2026-07-03T07:35:18.844+0000] {logging_mixin.py:154} INFO - [2026-07-03T07:35:18.844+0000] {dag.py:2941} INFO - Sync 1 DAGs
[2026-07-03T07:35:18.882+0000] {logging_mixin.py:154} INFO - [2026-07-03T07:35:18.882+0000] {dag.py:3722} INFO - Setting next_dagrun for sensor_bash to 2026-07-03T00:00:00+00:00, run_after=2026-07-04T00:00:00+00:00
[2026-07-03T07:35:18.900+0000] {processor.py:179} INFO - Processing /opt/airflow/dags/sensores.py took 0.108 seconds
